[3.311s] Invoking command in '/home/vfran/ros2_ws/src/radio': PYTHONPATH=/home/vfran/ros2_ws/build/radio/prefix_override:/home/vfran/ros2_ws/install/radio/lib/python3.10/site-packages:${PYTHONPATH} /usr/bin/python3 -W ignore:setup.py install is deprecated setup.py egg_info --egg-base ../../build/radio build --build-base /home/vfran/ros2_ws/build/radio/build install --record /home/vfran/ros2_ws/build/radio/install.log --single-version-externally-managed install_data
[3.877s] running egg_info
[3.878s] writing ../../build/radio/radio.egg-info/PKG-INFO
[3.878s] writing dependency_links to ../../build/radio/radio.egg-info/dependency_links.txt
[3.879s] writing entry points to ../../build/radio/radio.egg-info/entry_points.txt
[3.879s] writing requirements to ../../build/radio/radio.egg-info/requires.txt
[3.879s] writing top-level names to ../../build/radio/radio.egg-info/top_level.txt
[3.884s] reading manifest file '../../build/radio/radio.egg-info/SOURCES.txt'
[3.886s] writing manifest file '../../build/radio/radio.egg-info/SOURCES.txt'
[3.886s] running build
[3.886s] running build_py
[3.887s] running install
[3.888s] running install_lib
[3.891s] running install_data
[3.891s] running install_egg_info
[3.894s] removing '/home/vfran/ros2_ws/install/radio/lib/python3.10/site-packages/radio-0.0.0-py3.10.egg-info' (and everything under it)
[3.896s] Copying ../../build/radio/radio.egg-info to /home/vfran/ros2_ws/install/radio/lib/python3.10/site-packages/radio-0.0.0-py3.10.egg-info
[3.898s] running install_scripts
[3.946s] Installing radioreceiver script to /home/vfran/ros2_ws/install/radio/lib/radio
[3.947s] Installing radiostation script to /home/vfran/ros2_ws/install/radio/lib/radio
[3.947s] writing list of installed files to '/home/vfran/ros2_ws/build/radio/install.log'
[4.010s] Invoked command in '/home/vfran/ros2_ws/src/radio' returned '0': PYTHONPATH=/home/vfran/ros2_ws/build/radio/prefix_override:/home/vfran/ros2_ws/install/radio/lib/python3.10/site-packages:${PYTHONPATH} /usr/bin/python3 -W ignore:setup.py install is deprecated setup.py egg_info --egg-base ../../build/radio build --build-base /home/vfran/ros2_ws/build/radio/build install --record /home/vfran/ros2_ws/build/radio/install.log --single-version-externally-managed install_data
