[1.024s] Invoking command in '/home/vfran/ros2_ws/src/radio': PYTHONPATH=/home/vfran/ros2_ws/build/radio/prefix_override:/home/vfran/ros2_ws/install/radio/lib/python3.10/site-packages:${PYTHONPATH} /usr/bin/python3 -W ignore:setup.py install is deprecated setup.py egg_info --egg-base ../../build/radio build --build-base /home/vfran/ros2_ws/build/radio/build install --record /home/vfran/ros2_ws/build/radio/install.log --single-version-externally-managed install_data
[1.220s] running egg_info
[1.220s] writing ../../build/radio/radio.egg-info/PKG-INFO
[1.220s] writing dependency_links to ../../build/radio/radio.egg-info/dependency_links.txt
[1.221s] writing entry points to ../../build/radio/radio.egg-info/entry_points.txt
[1.221s] writing requirements to ../../build/radio/radio.egg-info/requires.txt
[1.221s] writing top-level names to ../../build/radio/radio.egg-info/top_level.txt
[1.222s] reading manifest file '../../build/radio/radio.egg-info/SOURCES.txt'
[1.223s] writing manifest file '../../build/radio/radio.egg-info/SOURCES.txt'
[1.223s] running build
[1.223s] running build_py
[1.223s] running install
[1.223s] running install_lib
[1.225s] running install_data
[1.225s] running install_egg_info
[1.226s] removing '/home/vfran/ros2_ws/install/radio/lib/python3.10/site-packages/radio-0.0.0-py3.10.egg-info' (and everything under it)
[1.226s] Copying ../../build/radio/radio.egg-info to /home/vfran/ros2_ws/install/radio/lib/python3.10/site-packages/radio-0.0.0-py3.10.egg-info
[1.227s] running install_scripts
[1.246s] Installing radioreceiver script to /home/vfran/ros2_ws/install/radio/lib/radio
[1.248s] Installing radiostation script to /home/vfran/ros2_ws/install/radio/lib/radio
[1.248s] writing list of installed files to '/home/vfran/ros2_ws/build/radio/install.log'
[1.286s] Invoked command in '/home/vfran/ros2_ws/src/radio' returned '0': PYTHONPATH=/home/vfran/ros2_ws/build/radio/prefix_override:/home/vfran/ros2_ws/install/radio/lib/python3.10/site-packages:${PYTHONPATH} /usr/bin/python3 -W ignore:setup.py install is deprecated setup.py egg_info --egg-base ../../build/radio build --build-base /home/vfran/ros2_ws/build/radio/build install --record /home/vfran/ros2_ws/build/radio/install.log --single-version-externally-managed install_data
