[3.385s] Invoking command in '/home/vfran/ros2_ws/src/calculator': PYTHONPATH=/home/vfran/ros2_ws/build/calculator/prefix_override:/home/vfran/ros2_ws/install/calculator/lib/python3.10/site-packages:${PYTHONPATH} /usr/bin/python3 -W ignore:setup.py install is deprecated setup.py egg_info --egg-base ../../build/calculator build --build-base /home/vfran/ros2_ws/build/calculator/build install --record /home/vfran/ros2_ws/build/calculator/install.log --single-version-externally-managed install_data
[3.944s] running egg_info
[3.946s] writing ../../build/calculator/calculator.egg-info/PKG-INFO
[3.947s] writing dependency_links to ../../build/calculator/calculator.egg-info/dependency_links.txt
[3.948s] writing entry points to ../../build/calculator/calculator.egg-info/entry_points.txt
[3.948s] writing requirements to ../../build/calculator/calculator.egg-info/requires.txt
[3.949s] writing top-level names to ../../build/calculator/calculator.egg-info/top_level.txt
[3.952s] reading manifest file '../../build/calculator/calculator.egg-info/SOURCES.txt'
[3.955s] writing manifest file '../../build/calculator/calculator.egg-info/SOURCES.txt'
[3.955s] running build
[3.956s] running build_py
[3.957s] running install
[3.957s] running install_lib
[3.960s] running install_data
[3.960s] running install_egg_info
[3.963s] removing '/home/vfran/ros2_ws/install/calculator/lib/python3.10/site-packages/calculator-0.0.0-py3.10.egg-info' (and everything under it)
[3.964s] Copying ../../build/calculator/calculator.egg-info to /home/vfran/ros2_ws/install/calculator/lib/python3.10/site-packages/calculator-0.0.0-py3.10.egg-info
[3.967s] running install_scripts
[4.014s] Installing calculator_client script to /home/vfran/ros2_ws/install/calculator/lib/calculator
[4.014s] Installing calculator_client_param script to /home/vfran/ros2_ws/install/calculator/lib/calculator
[4.015s] Installing calculator_server script to /home/vfran/ros2_ws/install/calculator/lib/calculator
[4.015s] Installing geometric_calculator_server script to /home/vfran/ros2_ws/install/calculator/lib/calculator
[4.016s] writing list of installed files to '/home/vfran/ros2_ws/build/calculator/install.log'
[4.080s] Invoked command in '/home/vfran/ros2_ws/src/calculator' returned '0': PYTHONPATH=/home/vfran/ros2_ws/build/calculator/prefix_override:/home/vfran/ros2_ws/install/calculator/lib/python3.10/site-packages:${PYTHONPATH} /usr/bin/python3 -W ignore:setup.py install is deprecated setup.py egg_info --egg-base ../../build/calculator build --build-base /home/vfran/ros2_ws/build/calculator/build install --record /home/vfran/ros2_ws/build/calculator/install.log --single-version-externally-managed install_data
