[3.356s] Invoking command in '/home/vfran/ros2_ws/src/basic_calculator': PYTHONPATH=/home/vfran/ros2_ws/build/basic_calculator/prefix_override:/home/vfran/ros2_ws/install/basic_calculator/lib/python3.10/site-packages:${PYTHONPATH} /usr/bin/python3 -W ignore:setup.py install is deprecated setup.py egg_info --egg-base ../../build/basic_calculator build --build-base /home/vfran/ros2_ws/build/basic_calculator/build install --record /home/vfran/ros2_ws/build/basic_calculator/install.log --single-version-externally-managed install_data
[3.916s] running egg_info
[3.917s] writing ../../build/basic_calculator/basic_calculator.egg-info/PKG-INFO
[3.917s] writing dependency_links to ../../build/basic_calculator/basic_calculator.egg-info/dependency_links.txt
[3.917s] writing entry points to ../../build/basic_calculator/basic_calculator.egg-info/entry_points.txt
[3.918s] writing requirements to ../../build/basic_calculator/basic_calculator.egg-info/requires.txt
[3.918s] writing top-level names to ../../build/basic_calculator/basic_calculator.egg-info/top_level.txt
[3.922s] reading manifest file '../../build/basic_calculator/basic_calculator.egg-info/SOURCES.txt'
[3.924s] writing manifest file '../../build/basic_calculator/basic_calculator.egg-info/SOURCES.txt'
[3.925s] running build
[3.925s] running build_py
[3.925s] running install
[3.926s] running install_lib
[3.929s] running install_data
[3.929s] running install_egg_info
[3.932s] removing '/home/vfran/ros2_ws/install/basic_calculator/lib/python3.10/site-packages/basic_calculator-0.0.0-py3.10.egg-info' (and everything under it)
[3.933s] Copying ../../build/basic_calculator/basic_calculator.egg-info to /home/vfran/ros2_ws/install/basic_calculator/lib/python3.10/site-packages/basic_calculator-0.0.0-py3.10.egg-info
[3.935s] running install_scripts
[3.982s] Installing calc_basic_client script to /home/vfran/ros2_ws/install/basic_calculator/lib/basic_calculator
[3.983s] Installing calc_basic_server script to /home/vfran/ros2_ws/install/basic_calculator/lib/basic_calculator
[3.983s] writing list of installed files to '/home/vfran/ros2_ws/build/basic_calculator/install.log'
[4.060s] Invoked command in '/home/vfran/ros2_ws/src/basic_calculator' returned '0': PYTHONPATH=/home/vfran/ros2_ws/build/basic_calculator/prefix_override:/home/vfran/ros2_ws/install/basic_calculator/lib/python3.10/site-packages:${PYTHONPATH} /usr/bin/python3 -W ignore:setup.py install is deprecated setup.py egg_info --egg-base ../../build/basic_calculator build --build-base /home/vfran/ros2_ws/build/basic_calculator/build install --record /home/vfran/ros2_ws/build/basic_calculator/install.log --single-version-externally-managed install_data
