[2.117s] Invoking command in '/home/vfran/ros2_ws/src/calculator': PYTHONPATH=/home/vfran/ros2_ws/build/calculator/prefix_override:/home/vfran/ros2_ws/install/calculator/lib/python3.10/site-packages:${PYTHONPATH} /usr/bin/python3 -W ignore:setup.py install is deprecated setup.py egg_info --egg-base ../../build/calculator build --build-base /home/vfran/ros2_ws/build/calculator/build install --record /home/vfran/ros2_ws/build/calculator/install.log --single-version-externally-managed install_data
[2.410s] running egg_info
[2.411s] writing ../../build/calculator/calculator.egg-info/PKG-INFO
[2.412s] writing dependency_links to ../../build/calculator/calculator.egg-info/dependency_links.txt
[2.412s] writing entry points to ../../build/calculator/calculator.egg-info/entry_points.txt
[2.412s] writing requirements to ../../build/calculator/calculator.egg-info/requires.txt
[2.412s] writing top-level names to ../../build/calculator/calculator.egg-info/top_level.txt
[2.414s] reading manifest file '../../build/calculator/calculator.egg-info/SOURCES.txt'
[2.415s] writing manifest file '../../build/calculator/calculator.egg-info/SOURCES.txt'
[2.416s] running build
[2.416s] running build_py
[2.416s] running install
[2.416s] running install_lib
[2.418s] running install_data
[2.419s] running install_egg_info
[2.420s] removing '/home/vfran/ros2_ws/install/calculator/lib/python3.10/site-packages/calculator-0.0.0-py3.10.egg-info' (and everything under it)
[2.421s] Copying ../../build/calculator/calculator.egg-info to /home/vfran/ros2_ws/install/calculator/lib/python3.10/site-packages/calculator-0.0.0-py3.10.egg-info
[2.422s] running install_scripts
[2.450s] Installing calculator_client script to /home/vfran/ros2_ws/install/calculator/lib/calculator
[2.450s] Installing calculator_client_param script to /home/vfran/ros2_ws/install/calculator/lib/calculator
[2.450s] Installing calculator_server script to /home/vfran/ros2_ws/install/calculator/lib/calculator
[2.450s] Installing geometric_calculator_server script to /home/vfran/ros2_ws/install/calculator/lib/calculator
[2.451s] writing list of installed files to '/home/vfran/ros2_ws/build/calculator/install.log'
[2.516s] Invoked command in '/home/vfran/ros2_ws/src/calculator' returned '0': PYTHONPATH=/home/vfran/ros2_ws/build/calculator/prefix_override:/home/vfran/ros2_ws/install/calculator/lib/python3.10/site-packages:${PYTHONPATH} /usr/bin/python3 -W ignore:setup.py install is deprecated setup.py egg_info --egg-base ../../build/calculator build --build-base /home/vfran/ros2_ws/build/calculator/build install --record /home/vfran/ros2_ws/build/calculator/install.log --single-version-externally-managed install_data
