[2.150s] Invoking command in '/home/vfran/ros2_ws/src/predador_and_prey': PYTHONPATH=/home/vfran/ros2_ws/build/predador_and_prey/prefix_override:/home/vfran/ros2_ws/install/predador_and_prey/lib/python3.10/site-packages:${PYTHONPATH} /usr/bin/python3 -W ignore:setup.py install is deprecated setup.py egg_info --egg-base ../../build/predador_and_prey build --build-base /home/vfran/ros2_ws/build/predador_and_prey/build install --record /home/vfran/ros2_ws/build/predador_and_prey/install.log --single-version-externally-managed install_data
[2.459s] running egg_info
[2.460s] creating ../../build/predador_and_prey/predador_and_prey.egg-info
[2.460s] writing ../../build/predador_and_prey/predador_and_prey.egg-info/PKG-INFO
[2.461s] writing dependency_links to ../../build/predador_and_prey/predador_and_prey.egg-info/dependency_links.txt
[2.461s] writing entry points to ../../build/predador_and_prey/predador_and_prey.egg-info/entry_points.txt
[2.461s] writing requirements to ../../build/predador_and_prey/predador_and_prey.egg-info/requires.txt
[2.461s] writing top-level names to ../../build/predador_and_prey/predador_and_prey.egg-info/top_level.txt
[2.461s] writing manifest file '../../build/predador_and_prey/predador_and_prey.egg-info/SOURCES.txt'
[2.464s] reading manifest file '../../build/predador_and_prey/predador_and_prey.egg-info/SOURCES.txt'
[2.464s] writing manifest file '../../build/predador_and_prey/predador_and_prey.egg-info/SOURCES.txt'
[2.464s] running build
[2.465s] running build_py
[2.465s] creating /home/vfran/ros2_ws/build/predador_and_prey/build
[2.465s] creating /home/vfran/ros2_ws/build/predador_and_prey/build/lib
[2.465s] creating /home/vfran/ros2_ws/build/predador_and_prey/build/lib/predador_and_prey
[2.465s] copying predador_and_prey/__init__.py -> /home/vfran/ros2_ws/build/predador_and_prey/build/lib/predador_and_prey
[2.465s] copying predador_and_prey/predador_controller.py -> /home/vfran/ros2_ws/build/predador_and_prey/build/lib/predador_and_prey
[2.465s] running install
[2.466s] running install_lib
[2.467s] creating /home/vfran/ros2_ws/install/predador_and_prey/lib/python3.10/site-packages/predador_and_prey
[2.467s] copying /home/vfran/ros2_ws/build/predador_and_prey/build/lib/predador_and_prey/__init__.py -> /home/vfran/ros2_ws/install/predador_and_prey/lib/python3.10/site-packages/predador_and_prey
[2.467s] copying /home/vfran/ros2_ws/build/predador_and_prey/build/lib/predador_and_prey/predador_controller.py -> /home/vfran/ros2_ws/install/predador_and_prey/lib/python3.10/site-packages/predador_and_prey
[2.468s] byte-compiling /home/vfran/ros2_ws/install/predador_and_prey/lib/python3.10/site-packages/predador_and_prey/__init__.py to __init__.cpython-310.pyc
[2.468s] byte-compiling /home/vfran/ros2_ws/install/predador_and_prey/lib/python3.10/site-packages/predador_and_prey/predador_controller.py to predador_controller.cpython-310.pyc
[2.469s] running install_data
[2.469s] creating /home/vfran/ros2_ws/install/predador_and_prey/share/ament_index
[2.469s] creating /home/vfran/ros2_ws/install/predador_and_prey/share/ament_index/resource_index
[2.469s] creating /home/vfran/ros2_ws/install/predador_and_prey/share/ament_index/resource_index/packages
[2.469s] copying resource/predador_and_prey -> /home/vfran/ros2_ws/install/predador_and_prey/share/ament_index/resource_index/packages
[2.469s] copying package.xml -> /home/vfran/ros2_ws/install/predador_and_prey/share/predador_and_prey
[2.469s] running install_egg_info
[2.472s] Copying ../../build/predador_and_prey/predador_and_prey.egg-info to /home/vfran/ros2_ws/install/predador_and_prey/lib/python3.10/site-packages/predador_and_prey-0.0.0-py3.10.egg-info
[2.473s] running install_scripts
[2.502s] Installing predator_controller script to /home/vfran/ros2_ws/install/predador_and_prey/lib/predador_and_prey
[2.503s] writing list of installed files to '/home/vfran/ros2_ws/build/predador_and_prey/install.log'
[2.580s] Invoked command in '/home/vfran/ros2_ws/src/predador_and_prey' returned '0': PYTHONPATH=/home/vfran/ros2_ws/build/predador_and_prey/prefix_override:/home/vfran/ros2_ws/install/predador_and_prey/lib/python3.10/site-packages:${PYTHONPATH} /usr/bin/python3 -W ignore:setup.py install is deprecated setup.py egg_info --egg-base ../../build/predador_and_prey build --build-base /home/vfran/ros2_ws/build/predador_and_prey/build install --record /home/vfran/ros2_ws/build/predador_and_prey/install.log --single-version-externally-managed install_data
