[3.349s] Invoking command in '/home/vfran/ros2_ws/src/calculator': PYTHONPATH=/home/vfran/ros2_ws/build/calculator/prefix_override:/home/vfran/ros2_ws/install/calculator/lib/python3.10/site-packages:${PYTHONPATH} /usr/bin/python3 -W ignore:setup.py install is deprecated setup.py egg_info --egg-base ../../build/calculator build --build-base /home/vfran/ros2_ws/build/calculator/build install --record /home/vfran/ros2_ws/build/calculator/install.log --single-version-externally-managed install_data
[3.906s] running egg_info
[3.908s] writing ../../build/calculator/calculator.egg-info/PKG-INFO
[3.908s] writing dependency_links to ../../build/calculator/calculator.egg-info/dependency_links.txt
[3.908s] writing entry points to ../../build/calculator/calculator.egg-info/entry_points.txt
[3.909s] writing requirements to ../../build/calculator/calculator.egg-info/requires.txt
[3.909s] writing top-level names to ../../build/calculator/calculator.egg-info/top_level.txt
[3.914s] reading manifest file '../../build/calculator/calculator.egg-info/SOURCES.txt'
[3.916s] writing manifest file '../../build/calculator/calculator.egg-info/SOURCES.txt'
[3.916s] running build
[3.916s] running build_py
[3.916s] copying calculator/calculator_client_param.py -> /home/vfran/ros2_ws/build/calculator/build/lib/calculator
[3.917s] running install
[3.918s] running install_lib
[3.920s] copying /home/vfran/ros2_ws/build/calculator/build/lib/calculator/calculator_client_param.py -> /home/vfran/ros2_ws/install/calculator/lib/python3.10/site-packages/calculator
[3.922s] byte-compiling /home/vfran/ros2_ws/install/calculator/lib/python3.10/site-packages/calculator/calculator_client_param.py to calculator_client_param.cpython-310.pyc
[3.923s] running install_data
[3.924s] running install_egg_info
[3.927s] removing '/home/vfran/ros2_ws/install/calculator/lib/python3.10/site-packages/calculator-0.0.0-py3.10.egg-info' (and everything under it)
[3.928s] Copying ../../build/calculator/calculator.egg-info to /home/vfran/ros2_ws/install/calculator/lib/python3.10/site-packages/calculator-0.0.0-py3.10.egg-info
[3.931s] running install_scripts
[3.978s] Installing calculator_client script to /home/vfran/ros2_ws/install/calculator/lib/calculator
[3.978s] Installing calculator_server script to /home/vfran/ros2_ws/install/calculator/lib/calculator
[3.978s] Installing geometric_calculator_server script to /home/vfran/ros2_ws/install/calculator/lib/calculator
[3.979s] writing list of installed files to '/home/vfran/ros2_ws/build/calculator/install.log'
[4.046s] Invoked command in '/home/vfran/ros2_ws/src/calculator' returned '0': PYTHONPATH=/home/vfran/ros2_ws/build/calculator/prefix_override:/home/vfran/ros2_ws/install/calculator/lib/python3.10/site-packages:${PYTHONPATH} /usr/bin/python3 -W ignore:setup.py install is deprecated setup.py egg_info --egg-base ../../build/calculator build --build-base /home/vfran/ros2_ws/build/calculator/build install --record /home/vfran/ros2_ws/build/calculator/install.log --single-version-externally-managed install_data
