running egg_info
writing ../../build/calculator/calculator.egg-info/PKG-INFO
writing dependency_links to ../../build/calculator/calculator.egg-info/dependency_links.txt
writing entry points to ../../build/calculator/calculator.egg-info/entry_points.txt
writing requirements to ../../build/calculator/calculator.egg-info/requires.txt
writing top-level names to ../../build/calculator/calculator.egg-info/top_level.txt
reading manifest file '../../build/calculator/calculator.egg-info/SOURCES.txt'
writing manifest file '../../build/calculator/calculator.egg-info/SOURCES.txt'
running build
running build_py
copying calculator/calculator_client_param.py -> /home/vfran/ros2_ws/build/calculator/build/lib/calculator
running install
running install_lib
copying /home/vfran/ros2_ws/build/calculator/build/lib/calculator/calculator_client_param.py -> /home/vfran/ros2_ws/install/calculator/lib/python3.10/site-packages/calculator
byte-compiling /home/vfran/ros2_ws/install/calculator/lib/python3.10/site-packages/calculator/calculator_client_param.py to calculator_client_param.cpython-310.pyc
running install_data
running install_egg_info
removing '/home/vfran/ros2_ws/install/calculator/lib/python3.10/site-packages/calculator-0.0.0-py3.10.egg-info' (and everything under it)
Copying ../../build/calculator/calculator.egg-info to /home/vfran/ros2_ws/install/calculator/lib/python3.10/site-packages/calculator-0.0.0-py3.10.egg-info
running install_scripts
Installing calculator_client script to /home/vfran/ros2_ws/install/calculator/lib/calculator
Installing calculator_client_param script to /home/vfran/ros2_ws/install/calculator/lib/calculator
Installing calculator_server script to /home/vfran/ros2_ws/install/calculator/lib/calculator
Installing geometric_calculator_server script to /home/vfran/ros2_ws/install/calculator/lib/calculator
writing list of installed files to '/home/vfran/ros2_ws/build/calculator/install.log'
