running egg_info
writing ../../build/basic_calculator/basic_calculator.egg-info/PKG-INFO
writing dependency_links to ../../build/basic_calculator/basic_calculator.egg-info/dependency_links.txt
writing entry points to ../../build/basic_calculator/basic_calculator.egg-info/entry_points.txt
writing requirements to ../../build/basic_calculator/basic_calculator.egg-info/requires.txt
writing top-level names to ../../build/basic_calculator/basic_calculator.egg-info/top_level.txt
reading manifest file '../../build/basic_calculator/basic_calculator.egg-info/SOURCES.txt'
writing manifest file '../../build/basic_calculator/basic_calculator.egg-info/SOURCES.txt'
running build
running build_py
copying basic_calculator/calculadora_basica_client.py -> /home/vfran/ros2_ws/build/basic_calculator/build/lib/basic_calculator
running install
running install_lib
copying /home/vfran/ros2_ws/build/basic_calculator/build/lib/basic_calculator/calculadora_basica_client.py -> /home/vfran/ros2_ws/install/basic_calculator/lib/python3.10/site-packages/basic_calculator
byte-compiling /home/vfran/ros2_ws/install/basic_calculator/lib/python3.10/site-packages/basic_calculator/calculadora_basica_client.py to calculadora_basica_client.cpython-310.pyc
running install_data
running install_egg_info
removing '/home/vfran/ros2_ws/install/basic_calculator/lib/python3.10/site-packages/basic_calculator-0.0.0-py3.10.egg-info' (and everything under it)
Copying ../../build/basic_calculator/basic_calculator.egg-info to /home/vfran/ros2_ws/install/basic_calculator/lib/python3.10/site-packages/basic_calculator-0.0.0-py3.10.egg-info
running install_scripts
Installing calc_basic_client script to /home/vfran/ros2_ws/install/basic_calculator/lib/basic_calculator
Installing calc_basic_server script to /home/vfran/ros2_ws/install/basic_calculator/lib/basic_calculator
writing list of installed files to '/home/vfran/ros2_ws/build/basic_calculator/install.log'
