[0.796s] Invoking command in '/home/vfran/ros2_ws/src/my_py_pkg': PYTHONPATH=/home/vfran/ros2_ws/build/my_py_pkg/prefix_override:/home/vfran/ros2_ws/install/my_py_pkg/lib/python3.10/site-packages:${PYTHONPATH} /usr/bin/python3 -W ignore:setup.py install is deprecated setup.py egg_info --egg-base ../../build/my_py_pkg build --build-base /home/vfran/ros2_ws/build/my_py_pkg/build install --record /home/vfran/ros2_ws/build/my_py_pkg/install.log --single-version-externally-managed install_data
[1.084s] running egg_info
[1.084s] writing ../../build/my_py_pkg/my_py_pkg.egg-info/PKG-INFO
[1.085s] writing dependency_links to ../../build/my_py_pkg/my_py_pkg.egg-info/dependency_links.txt
[1.085s] writing entry points to ../../build/my_py_pkg/my_py_pkg.egg-info/entry_points.txt
[1.085s] writing requirements to ../../build/my_py_pkg/my_py_pkg.egg-info/requires.txt
[1.086s] writing top-level names to ../../build/my_py_pkg/my_py_pkg.egg-info/top_level.txt
[1.087s] reading manifest file '../../build/my_py_pkg/my_py_pkg.egg-info/SOURCES.txt'
[1.088s] writing manifest file '../../build/my_py_pkg/my_py_pkg.egg-info/SOURCES.txt'
[1.088s] running build
[1.088s] running build_py
[1.089s] running install
[1.090s] running install_lib
[1.091s] running install_data
[1.091s] running install_egg_info
[1.093s] removing '/home/vfran/ros2_ws/install/my_py_pkg/lib/python3.10/site-packages/my_py_pkg-0.0.0-py3.10.egg-info' (and everything under it)
[1.094s] Copying ../../build/my_py_pkg/my_py_pkg.egg-info to /home/vfran/ros2_ws/install/my_py_pkg/lib/python3.10/site-packages/my_py_pkg-0.0.0-py3.10.egg-info
[1.095s] running install_scripts
[1.126s] Installing calculator_client script to /home/vfran/ros2_ws/install/my_py_pkg/lib/my_py_pkg
[1.126s] Installing calculator_server script to /home/vfran/ros2_ws/install/my_py_pkg/lib/my_py_pkg
[1.126s] Installing py_node script to /home/vfran/ros2_ws/install/my_py_pkg/lib/my_py_pkg
[1.127s] Installing radioreceiver script to /home/vfran/ros2_ws/install/my_py_pkg/lib/my_py_pkg
[1.127s] Installing radiostation script to /home/vfran/ros2_ws/install/my_py_pkg/lib/my_py_pkg
[1.127s] writing list of installed files to '/home/vfran/ros2_ws/build/my_py_pkg/install.log'
[1.181s] Invoked command in '/home/vfran/ros2_ws/src/my_py_pkg' returned '0': PYTHONPATH=/home/vfran/ros2_ws/build/my_py_pkg/prefix_override:/home/vfran/ros2_ws/install/my_py_pkg/lib/python3.10/site-packages:${PYTHONPATH} /usr/bin/python3 -W ignore:setup.py install is deprecated setup.py egg_info --egg-base ../../build/my_py_pkg build --build-base /home/vfran/ros2_ws/build/my_py_pkg/build install --record /home/vfran/ros2_ws/build/my_py_pkg/install.log --single-version-externally-managed install_data
