[1.407s] Invoking command in '/home/vfran/ros2_ws/build/my_py_pkg': PYTHONPATH=/home/vfran/ros2_ws/build/my_py_pkg/prefix_override:/home/vfran/ros2_ws/install/my_py_pkg/lib/python3.10/site-packages:${PYTHONPATH} /usr/bin/python3 -W ignore:setup.py install is deprecated setup.py develop --editable --build-directory /home/vfran/ros2_ws/build/my_py_pkg/build --no-deps symlink_data --force
[2.025s] running develop
[2.031s] /usr/lib/python3/dist-packages/setuptools/command/easy_install.py:158: EasyInstallDeprecationWarning: easy_install command is deprecated. Use build and pip and other standards-based tools.
[2.031s]   warnings.warn(
[2.424s] running egg_info
[2.424s] writing my_py_pkg.egg-info/PKG-INFO
[2.424s] writing dependency_links to my_py_pkg.egg-info/dependency_links.txt
[2.425s] writing entry points to my_py_pkg.egg-info/entry_points.txt
[2.425s] writing requirements to my_py_pkg.egg-info/requires.txt
[2.425s] writing top-level names to my_py_pkg.egg-info/top_level.txt
[2.429s] reading manifest file 'my_py_pkg.egg-info/SOURCES.txt'
[2.431s] writing manifest file 'my_py_pkg.egg-info/SOURCES.txt'
[2.434s] running build_ext
[2.434s] Creating /home/vfran/ros2_ws/install/my_py_pkg/lib/python3.10/site-packages/my-py-pkg.egg-link (link to .)
[2.436s] Installing calculator_server script to /home/vfran/ros2_ws/install/my_py_pkg/lib/my_py_pkg
[2.436s] Installing py_node script to /home/vfran/ros2_ws/install/my_py_pkg/lib/my_py_pkg
[2.436s] Installing radioreceiver script to /home/vfran/ros2_ws/install/my_py_pkg/lib/my_py_pkg
[2.437s] Installing radiostation script to /home/vfran/ros2_ws/install/my_py_pkg/lib/my_py_pkg
[2.437s] 
[2.437s] Installed /home/vfran/ros2_ws/build/my_py_pkg
[2.438s] running symlink_data
[2.438s] symbolically linking /home/vfran/ros2_ws/build/my_py_pkg/resource/my_py_pkg -> /home/vfran/ros2_ws/install/my_py_pkg/share/ament_index/resource_index/packages
[2.438s] symbolically linking /home/vfran/ros2_ws/build/my_py_pkg/package.xml -> /home/vfran/ros2_ws/install/my_py_pkg/share/my_py_pkg
[2.498s] Invoked command in '/home/vfran/ros2_ws/build/my_py_pkg' returned '0': PYTHONPATH=/home/vfran/ros2_ws/build/my_py_pkg/prefix_override:/home/vfran/ros2_ws/install/my_py_pkg/lib/python3.10/site-packages:${PYTHONPATH} /usr/bin/python3 -W ignore:setup.py install is deprecated setup.py develop --editable --build-directory /home/vfran/ros2_ws/build/my_py_pkg/build --no-deps symlink_data --force
