running egg_info
creating ../../build/radio/radio.egg-info
writing ../../build/radio/radio.egg-info/PKG-INFO
writing dependency_links to ../../build/radio/radio.egg-info/dependency_links.txt
writing entry points to ../../build/radio/radio.egg-info/entry_points.txt
writing requirements to ../../build/radio/radio.egg-info/requires.txt
writing top-level names to ../../build/radio/radio.egg-info/top_level.txt
writing manifest file '../../build/radio/radio.egg-info/SOURCES.txt'
reading manifest file '../../build/radio/radio.egg-info/SOURCES.txt'
writing manifest file '../../build/radio/radio.egg-info/SOURCES.txt'
running build
running build_py
creating /home/vfran/ros2_ws/build/radio/build
creating /home/vfran/ros2_ws/build/radio/build/lib
creating /home/vfran/ros2_ws/build/radio/build/lib/radio
copying radio/__init__.py -> /home/vfran/ros2_ws/build/radio/build/lib/radio
copying radio/radioreceiver.py -> /home/vfran/ros2_ws/build/radio/build/lib/radio
copying radio/radiostation.py -> /home/vfran/ros2_ws/build/radio/build/lib/radio
running install
running install_lib
creating /home/vfran/ros2_ws/install/radio/lib/python3.10/site-packages/radio
copying /home/vfran/ros2_ws/build/radio/build/lib/radio/__init__.py -> /home/vfran/ros2_ws/install/radio/lib/python3.10/site-packages/radio
copying /home/vfran/ros2_ws/build/radio/build/lib/radio/radioreceiver.py -> /home/vfran/ros2_ws/install/radio/lib/python3.10/site-packages/radio
copying /home/vfran/ros2_ws/build/radio/build/lib/radio/radiostation.py -> /home/vfran/ros2_ws/install/radio/lib/python3.10/site-packages/radio
byte-compiling /home/vfran/ros2_ws/install/radio/lib/python3.10/site-packages/radio/__init__.py to __init__.cpython-310.pyc
byte-compiling /home/vfran/ros2_ws/install/radio/lib/python3.10/site-packages/radio/radioreceiver.py to radioreceiver.cpython-310.pyc
byte-compiling /home/vfran/ros2_ws/install/radio/lib/python3.10/site-packages/radio/radiostation.py to radiostation.cpython-310.pyc
running install_data
creating /home/vfran/ros2_ws/install/radio/share/ament_index
creating /home/vfran/ros2_ws/install/radio/share/ament_index/resource_index
creating /home/vfran/ros2_ws/install/radio/share/ament_index/resource_index/packages
copying resource/radio -> /home/vfran/ros2_ws/install/radio/share/ament_index/resource_index/packages
copying package.xml -> /home/vfran/ros2_ws/install/radio/share/radio
running install_egg_info
Copying ../../build/radio/radio.egg-info to /home/vfran/ros2_ws/install/radio/lib/python3.10/site-packages/radio-0.0.0-py3.10.egg-info
running install_scripts
Installing radioreceiver script to /home/vfran/ros2_ws/install/radio/lib/radio
Installing radiostation script to /home/vfran/ros2_ws/install/radio/lib/radio
writing list of installed files to '/home/vfran/ros2_ws/build/radio/install.log'
