[1.427s] Invoking command in '/home/vfran/ros2_ws/src/radio': PYTHONPATH=/home/vfran/ros2_ws/build/radio/prefix_override:/home/vfran/ros2_ws/install/radio/lib/python3.10/site-packages:${PYTHONPATH} /usr/bin/python3 -W ignore:setup.py install is deprecated setup.py egg_info --egg-base ../../build/radio build --build-base /home/vfran/ros2_ws/build/radio/build install --record /home/vfran/ros2_ws/build/radio/install.log --single-version-externally-managed install_data
[1.707s] running egg_info
[1.708s] creating ../../build/radio/radio.egg-info
[1.708s] writing ../../build/radio/radio.egg-info/PKG-INFO
[1.708s] writing dependency_links to ../../build/radio/radio.egg-info/dependency_links.txt
[1.708s] writing entry points to ../../build/radio/radio.egg-info/entry_points.txt
[1.708s] writing requirements to ../../build/radio/radio.egg-info/requires.txt
[1.708s] writing top-level names to ../../build/radio/radio.egg-info/top_level.txt
[1.709s] writing manifest file '../../build/radio/radio.egg-info/SOURCES.txt'
[1.710s] reading manifest file '../../build/radio/radio.egg-info/SOURCES.txt'
[1.711s] writing manifest file '../../build/radio/radio.egg-info/SOURCES.txt'
[1.712s] running build
[1.712s] running build_py
[1.712s] creating /home/vfran/ros2_ws/build/radio/build
[1.712s] creating /home/vfran/ros2_ws/build/radio/build/lib
[1.712s] creating /home/vfran/ros2_ws/build/radio/build/lib/radio
[1.712s] copying radio/__init__.py -> /home/vfran/ros2_ws/build/radio/build/lib/radio
[1.712s] copying radio/radioreceiver.py -> /home/vfran/ros2_ws/build/radio/build/lib/radio
[1.712s] copying radio/radiostation.py -> /home/vfran/ros2_ws/build/radio/build/lib/radio
[1.713s] running install
[1.714s] running install_lib
[1.714s] creating /home/vfran/ros2_ws/install/radio/lib/python3.10/site-packages/radio
[1.714s] copying /home/vfran/ros2_ws/build/radio/build/lib/radio/__init__.py -> /home/vfran/ros2_ws/install/radio/lib/python3.10/site-packages/radio
[1.714s] copying /home/vfran/ros2_ws/build/radio/build/lib/radio/radioreceiver.py -> /home/vfran/ros2_ws/install/radio/lib/python3.10/site-packages/radio
[1.714s] copying /home/vfran/ros2_ws/build/radio/build/lib/radio/radiostation.py -> /home/vfran/ros2_ws/install/radio/lib/python3.10/site-packages/radio
[1.715s] byte-compiling /home/vfran/ros2_ws/install/radio/lib/python3.10/site-packages/radio/__init__.py to __init__.cpython-310.pyc
[1.715s] byte-compiling /home/vfran/ros2_ws/install/radio/lib/python3.10/site-packages/radio/radioreceiver.py to radioreceiver.cpython-310.pyc
[1.716s] byte-compiling /home/vfran/ros2_ws/install/radio/lib/python3.10/site-packages/radio/radiostation.py to radiostation.cpython-310.pyc
[1.716s] running install_data
[1.716s] creating /home/vfran/ros2_ws/install/radio/share/ament_index
[1.716s] creating /home/vfran/ros2_ws/install/radio/share/ament_index/resource_index
[1.717s] creating /home/vfran/ros2_ws/install/radio/share/ament_index/resource_index/packages
[1.717s] copying resource/radio -> /home/vfran/ros2_ws/install/radio/share/ament_index/resource_index/packages
[1.717s] copying package.xml -> /home/vfran/ros2_ws/install/radio/share/radio
[1.717s] running install_egg_info
[1.719s] Copying ../../build/radio/radio.egg-info to /home/vfran/ros2_ws/install/radio/lib/python3.10/site-packages/radio-0.0.0-py3.10.egg-info
[1.720s] running install_scripts
[1.746s] Installing radioreceiver script to /home/vfran/ros2_ws/install/radio/lib/radio
[1.746s] Installing radiostation script to /home/vfran/ros2_ws/install/radio/lib/radio
[1.746s] writing list of installed files to '/home/vfran/ros2_ws/build/radio/install.log'
[1.802s] Invoked command in '/home/vfran/ros2_ws/src/radio' returned '0': PYTHONPATH=/home/vfran/ros2_ws/build/radio/prefix_override:/home/vfran/ros2_ws/install/radio/lib/python3.10/site-packages:${PYTHONPATH} /usr/bin/python3 -W ignore:setup.py install is deprecated setup.py egg_info --egg-base ../../build/radio build --build-base /home/vfran/ros2_ws/build/radio/build install --record /home/vfran/ros2_ws/build/radio/install.log --single-version-externally-managed install_data
