[0.511s] Invoking command in '/home/vfran/ros2_ws/build/my_py_pkg': PYTHONPATH=/home/vfran/ros2_ws/build/my_py_pkg/prefix_override:/home/vfran/ros2_ws/install/my_py_pkg/lib/python3.10/site-packages:${PYTHONPATH} /usr/bin/python3 -W ignore:setup.py install is deprecated setup.py develop --uninstall --editable --build-directory /home/vfran/ros2_ws/build/my_py_pkg/build
[0.713s] running develop
[0.713s] /usr/lib/python3/dist-packages/setuptools/command/easy_install.py:158: EasyInstallDeprecationWarning: easy_install command is deprecated. Use build and pip and other standards-based tools.
[0.713s]   warnings.warn(
[0.841s] Removing /home/vfran/ros2_ws/install/my_py_pkg/lib/python3.10/site-packages/my-py-pkg.egg-link (link to .)
[0.875s] Invoked command in '/home/vfran/ros2_ws/build/my_py_pkg' returned '0': PYTHONPATH=/home/vfran/ros2_ws/build/my_py_pkg/prefix_override:/home/vfran/ros2_ws/install/my_py_pkg/lib/python3.10/site-packages:${PYTHONPATH} /usr/bin/python3 -W ignore:setup.py install is deprecated setup.py develop --uninstall --editable --build-directory /home/vfran/ros2_ws/build/my_py_pkg/build
[0.877s] Invoking command in '/home/vfran/ros2_ws/src/my_py_pkg': PYTHONPATH=/home/vfran/ros2_ws/build/my_py_pkg/prefix_override:/home/vfran/ros2_ws/install/my_py_pkg/lib/python3.10/site-packages:${PYTHONPATH} /usr/bin/python3 -W ignore:setup.py install is deprecated setup.py egg_info --egg-base ../../build/my_py_pkg build --build-base /home/vfran/ros2_ws/build/my_py_pkg/build install --record /home/vfran/ros2_ws/build/my_py_pkg/install.log --single-version-externally-managed install_data --force
[1.059s] running egg_info
[1.060s] writing ../../build/my_py_pkg/my_py_pkg.egg-info/PKG-INFO
[1.060s] writing dependency_links to ../../build/my_py_pkg/my_py_pkg.egg-info/dependency_links.txt
[1.060s] writing entry points to ../../build/my_py_pkg/my_py_pkg.egg-info/entry_points.txt
[1.060s] writing requirements to ../../build/my_py_pkg/my_py_pkg.egg-info/requires.txt
[1.060s] writing top-level names to ../../build/my_py_pkg/my_py_pkg.egg-info/top_level.txt
[1.061s] reading manifest file '../../build/my_py_pkg/my_py_pkg.egg-info/SOURCES.txt'
[1.062s] writing manifest file '../../build/my_py_pkg/my_py_pkg.egg-info/SOURCES.txt'
[1.062s] running build
[1.062s] running build_py
[1.062s] copying my_py_pkg/radiostation.py -> /home/vfran/ros2_ws/build/my_py_pkg/build/lib/my_py_pkg
[1.063s] running install
[1.063s] running install_lib
[1.063s] creating /home/vfran/ros2_ws/install/my_py_pkg/lib/python3.10/site-packages/my_py_pkg
[1.064s] copying /home/vfran/ros2_ws/build/my_py_pkg/build/lib/my_py_pkg/my_first_node.py -> /home/vfran/ros2_ws/install/my_py_pkg/lib/python3.10/site-packages/my_py_pkg
[1.064s] copying /home/vfran/ros2_ws/build/my_py_pkg/build/lib/my_py_pkg/__init__.py -> /home/vfran/ros2_ws/install/my_py_pkg/lib/python3.10/site-packages/my_py_pkg
[1.064s] copying /home/vfran/ros2_ws/build/my_py_pkg/build/lib/my_py_pkg/radiostation.py -> /home/vfran/ros2_ws/install/my_py_pkg/lib/python3.10/site-packages/my_py_pkg
[1.064s] byte-compiling /home/vfran/ros2_ws/install/my_py_pkg/lib/python3.10/site-packages/my_py_pkg/my_first_node.py to my_first_node.cpython-310.pyc
[1.064s] byte-compiling /home/vfran/ros2_ws/install/my_py_pkg/lib/python3.10/site-packages/my_py_pkg/__init__.py to __init__.cpython-310.pyc
[1.065s] byte-compiling /home/vfran/ros2_ws/install/my_py_pkg/lib/python3.10/site-packages/my_py_pkg/radiostation.py to radiostation.cpython-310.pyc
[1.065s] running install_data
[1.065s] copying resource/my_py_pkg -> /home/vfran/ros2_ws/install/my_py_pkg/share/ament_index/resource_index/packages
[1.065s] copying package.xml -> /home/vfran/ros2_ws/install/my_py_pkg/share/my_py_pkg
[1.065s] running install_egg_info
[1.066s] Copying ../../build/my_py_pkg/my_py_pkg.egg-info to /home/vfran/ros2_ws/install/my_py_pkg/lib/python3.10/site-packages/my_py_pkg-0.0.0-py3.10.egg-info
[1.067s] running install_scripts
[1.084s] Installing py_node script to /home/vfran/ros2_ws/install/my_py_pkg/lib/my_py_pkg
[1.084s] Installing radiostation script to /home/vfran/ros2_ws/install/my_py_pkg/lib/my_py_pkg
[1.085s] writing list of installed files to '/home/vfran/ros2_ws/build/my_py_pkg/install.log'
[1.115s] Invoked command in '/home/vfran/ros2_ws/src/my_py_pkg' returned '0': PYTHONPATH=/home/vfran/ros2_ws/build/my_py_pkg/prefix_override:/home/vfran/ros2_ws/install/my_py_pkg/lib/python3.10/site-packages:${PYTHONPATH} /usr/bin/python3 -W ignore:setup.py install is deprecated setup.py egg_info --egg-base ../../build/my_py_pkg build --build-base /home/vfran/ros2_ws/build/my_py_pkg/build install --record /home/vfran/ros2_ws/build/my_py_pkg/install.log --single-version-externally-managed install_data --force
