running egg_info
creating ../../build/calculator/calculator.egg-info
writing ../../build/calculator/calculator.egg-info/PKG-INFO
writing dependency_links to ../../build/calculator/calculator.egg-info/dependency_links.txt
writing entry points to ../../build/calculator/calculator.egg-info/entry_points.txt
writing requirements to ../../build/calculator/calculator.egg-info/requires.txt
writing top-level names to ../../build/calculator/calculator.egg-info/top_level.txt
writing manifest file '../../build/calculator/calculator.egg-info/SOURCES.txt'
reading manifest file '../../build/calculator/calculator.egg-info/SOURCES.txt'
writing manifest file '../../build/calculator/calculator.egg-info/SOURCES.txt'
running build
running build_py
creating /home/vfran/ros2_ws/build/calculator/build
creating /home/vfran/ros2_ws/build/calculator/build/lib
creating /home/vfran/ros2_ws/build/calculator/build/lib/calculator
copying calculator/__init__.py -> /home/vfran/ros2_ws/build/calculator/build/lib/calculator
copying calculator/calculator_client.py -> /home/vfran/ros2_ws/build/calculator/build/lib/calculator
copying calculator/calculator_server.py -> /home/vfran/ros2_ws/build/calculator/build/lib/calculator
running install
running install_lib
creating /home/vfran/ros2_ws/install/calculator/lib/python3.10/site-packages/calculator
copying /home/vfran/ros2_ws/build/calculator/build/lib/calculator/__init__.py -> /home/vfran/ros2_ws/install/calculator/lib/python3.10/site-packages/calculator
copying /home/vfran/ros2_ws/build/calculator/build/lib/calculator/calculator_client.py -> /home/vfran/ros2_ws/install/calculator/lib/python3.10/site-packages/calculator
copying /home/vfran/ros2_ws/build/calculator/build/lib/calculator/calculator_server.py -> /home/vfran/ros2_ws/install/calculator/lib/python3.10/site-packages/calculator
byte-compiling /home/vfran/ros2_ws/install/calculator/lib/python3.10/site-packages/calculator/__init__.py to __init__.cpython-310.pyc
byte-compiling /home/vfran/ros2_ws/install/calculator/lib/python3.10/site-packages/calculator/calculator_client.py to calculator_client.cpython-310.pyc
byte-compiling /home/vfran/ros2_ws/install/calculator/lib/python3.10/site-packages/calculator/calculator_server.py to calculator_server.cpython-310.pyc
running install_data
creating /home/vfran/ros2_ws/install/calculator/share/ament_index
creating /home/vfran/ros2_ws/install/calculator/share/ament_index/resource_index
creating /home/vfran/ros2_ws/install/calculator/share/ament_index/resource_index/packages
copying resource/calculator -> /home/vfran/ros2_ws/install/calculator/share/ament_index/resource_index/packages
copying package.xml -> /home/vfran/ros2_ws/install/calculator/share/calculator
running install_egg_info
Copying ../../build/calculator/calculator.egg-info to /home/vfran/ros2_ws/install/calculator/lib/python3.10/site-packages/calculator-0.0.0-py3.10.egg-info
running install_scripts
Installing calculator_client script to /home/vfran/ros2_ws/install/calculator/lib/calculator
Installing calculator_server script to /home/vfran/ros2_ws/install/calculator/lib/calculator
writing list of installed files to '/home/vfran/ros2_ws/build/calculator/install.log'
