[1.439s] Invoking command in '/home/vfran/ros2_ws/src/calculator': PYTHONPATH=/home/vfran/ros2_ws/build/calculator/prefix_override:/home/vfran/ros2_ws/install/calculator/lib/python3.10/site-packages:${PYTHONPATH} /usr/bin/python3 -W ignore:setup.py install is deprecated setup.py egg_info --egg-base ../../build/calculator build --build-base /home/vfran/ros2_ws/build/calculator/build install --record /home/vfran/ros2_ws/build/calculator/install.log --single-version-externally-managed install_data
[1.709s] running egg_info
[1.709s] creating ../../build/calculator/calculator.egg-info
[1.710s] writing ../../build/calculator/calculator.egg-info/PKG-INFO
[1.710s] writing dependency_links to ../../build/calculator/calculator.egg-info/dependency_links.txt
[1.710s] writing entry points to ../../build/calculator/calculator.egg-info/entry_points.txt
[1.710s] writing requirements to ../../build/calculator/calculator.egg-info/requires.txt
[1.710s] writing top-level names to ../../build/calculator/calculator.egg-info/top_level.txt
[1.710s] writing manifest file '../../build/calculator/calculator.egg-info/SOURCES.txt'
[1.712s] reading manifest file '../../build/calculator/calculator.egg-info/SOURCES.txt'
[1.713s] writing manifest file '../../build/calculator/calculator.egg-info/SOURCES.txt'
[1.713s] running build
[1.713s] running build_py
[1.714s] creating /home/vfran/ros2_ws/build/calculator/build
[1.714s] creating /home/vfran/ros2_ws/build/calculator/build/lib
[1.714s] creating /home/vfran/ros2_ws/build/calculator/build/lib/calculator
[1.714s] copying calculator/__init__.py -> /home/vfran/ros2_ws/build/calculator/build/lib/calculator
[1.714s] copying calculator/calculator_client.py -> /home/vfran/ros2_ws/build/calculator/build/lib/calculator
[1.714s] copying calculator/calculator_server.py -> /home/vfran/ros2_ws/build/calculator/build/lib/calculator
[1.714s] running install
[1.714s] running install_lib
[1.715s] creating /home/vfran/ros2_ws/install/calculator/lib/python3.10/site-packages/calculator
[1.715s] copying /home/vfran/ros2_ws/build/calculator/build/lib/calculator/__init__.py -> /home/vfran/ros2_ws/install/calculator/lib/python3.10/site-packages/calculator
[1.715s] copying /home/vfran/ros2_ws/build/calculator/build/lib/calculator/calculator_client.py -> /home/vfran/ros2_ws/install/calculator/lib/python3.10/site-packages/calculator
[1.715s] copying /home/vfran/ros2_ws/build/calculator/build/lib/calculator/calculator_server.py -> /home/vfran/ros2_ws/install/calculator/lib/python3.10/site-packages/calculator
[1.716s] byte-compiling /home/vfran/ros2_ws/install/calculator/lib/python3.10/site-packages/calculator/__init__.py to __init__.cpython-310.pyc
[1.716s] byte-compiling /home/vfran/ros2_ws/install/calculator/lib/python3.10/site-packages/calculator/calculator_client.py to calculator_client.cpython-310.pyc
[1.717s] byte-compiling /home/vfran/ros2_ws/install/calculator/lib/python3.10/site-packages/calculator/calculator_server.py to calculator_server.cpython-310.pyc
[1.717s] running install_data
[1.717s] creating /home/vfran/ros2_ws/install/calculator/share/ament_index
[1.717s] creating /home/vfran/ros2_ws/install/calculator/share/ament_index/resource_index
[1.718s] creating /home/vfran/ros2_ws/install/calculator/share/ament_index/resource_index/packages
[1.718s] copying resource/calculator -> /home/vfran/ros2_ws/install/calculator/share/ament_index/resource_index/packages
[1.718s] copying package.xml -> /home/vfran/ros2_ws/install/calculator/share/calculator
[1.718s] running install_egg_info
[1.720s] Copying ../../build/calculator/calculator.egg-info to /home/vfran/ros2_ws/install/calculator/lib/python3.10/site-packages/calculator-0.0.0-py3.10.egg-info
[1.721s] running install_scripts
[1.745s] Installing calculator_client script to /home/vfran/ros2_ws/install/calculator/lib/calculator
[1.745s] Installing calculator_server script to /home/vfran/ros2_ws/install/calculator/lib/calculator
[1.745s] writing list of installed files to '/home/vfran/ros2_ws/build/calculator/install.log'
[1.781s] Invoked command in '/home/vfran/ros2_ws/src/calculator' returned '0': PYTHONPATH=/home/vfran/ros2_ws/build/calculator/prefix_override:/home/vfran/ros2_ws/install/calculator/lib/python3.10/site-packages:${PYTHONPATH} /usr/bin/python3 -W ignore:setup.py install is deprecated setup.py egg_info --egg-base ../../build/calculator build --build-base /home/vfran/ros2_ws/build/calculator/build install --record /home/vfran/ros2_ws/build/calculator/install.log --single-version-externally-managed install_data
