[1.967s] Invoking command in '/home/vfran/ros2_ws/src/predator_and_prey': PYTHONPATH=/home/vfran/ros2_ws/build/predator_and_prey/prefix_override:/home/vfran/ros2_ws/install/predator_and_prey/lib/python3.10/site-packages:${PYTHONPATH} /usr/bin/python3 -W ignore:setup.py install is deprecated setup.py egg_info --egg-base ../../build/predator_and_prey build --build-base /home/vfran/ros2_ws/build/predator_and_prey/build install --record /home/vfran/ros2_ws/build/predator_and_prey/install.log --single-version-externally-managed install_data
[2.266s] running egg_info
[2.267s] creating ../../build/predator_and_prey/predator_and_prey.egg-info
[2.267s] writing ../../build/predator_and_prey/predator_and_prey.egg-info/PKG-INFO
[2.268s] writing dependency_links to ../../build/predator_and_prey/predator_and_prey.egg-info/dependency_links.txt
[2.268s] writing entry points to ../../build/predator_and_prey/predator_and_prey.egg-info/entry_points.txt
[2.268s] writing requirements to ../../build/predator_and_prey/predator_and_prey.egg-info/requires.txt
[2.268s] writing top-level names to ../../build/predator_and_prey/predator_and_prey.egg-info/top_level.txt
[2.268s] writing manifest file '../../build/predator_and_prey/predator_and_prey.egg-info/SOURCES.txt'
[2.270s] reading manifest file '../../build/predator_and_prey/predator_and_prey.egg-info/SOURCES.txt'
[2.271s] writing manifest file '../../build/predator_and_prey/predator_and_prey.egg-info/SOURCES.txt'
[2.272s] running build
[2.272s] running build_py
[2.272s] creating /home/vfran/ros2_ws/build/predator_and_prey/build
[2.272s] creating /home/vfran/ros2_ws/build/predator_and_prey/build/lib
[2.272s] creating /home/vfran/ros2_ws/build/predator_and_prey/build/lib/predator_and_prey
[2.273s] copying predator_and_prey/__init__.py -> /home/vfran/ros2_ws/build/predator_and_prey/build/lib/predator_and_prey
[2.273s] copying predator_and_prey/predator_controller.py -> /home/vfran/ros2_ws/build/predator_and_prey/build/lib/predator_and_prey
[2.273s] running install
[2.273s] running install_lib
[2.274s] creating /home/vfran/ros2_ws/install/predator_and_prey/lib/python3.10/site-packages/predator_and_prey
[2.274s] copying /home/vfran/ros2_ws/build/predator_and_prey/build/lib/predator_and_prey/__init__.py -> /home/vfran/ros2_ws/install/predator_and_prey/lib/python3.10/site-packages/predator_and_prey
[2.274s] copying /home/vfran/ros2_ws/build/predator_and_prey/build/lib/predator_and_prey/predator_controller.py -> /home/vfran/ros2_ws/install/predator_and_prey/lib/python3.10/site-packages/predator_and_prey
[2.274s] byte-compiling /home/vfran/ros2_ws/install/predator_and_prey/lib/python3.10/site-packages/predator_and_prey/__init__.py to __init__.cpython-310.pyc
[2.275s] byte-compiling /home/vfran/ros2_ws/install/predator_and_prey/lib/python3.10/site-packages/predator_and_prey/predator_controller.py to predator_controller.cpython-310.pyc
[2.275s] running install_data
[2.275s] creating /home/vfran/ros2_ws/install/predator_and_prey/share/ament_index
[2.275s] creating /home/vfran/ros2_ws/install/predator_and_prey/share/ament_index/resource_index
[2.276s] creating /home/vfran/ros2_ws/install/predator_and_prey/share/ament_index/resource_index/packages
[2.276s] copying resource/predator_and_prey -> /home/vfran/ros2_ws/install/predator_and_prey/share/ament_index/resource_index/packages
[2.276s] copying package.xml -> /home/vfran/ros2_ws/install/predator_and_prey/share/predator_and_prey
[2.276s] running install_egg_info
[2.278s] Copying ../../build/predator_and_prey/predator_and_prey.egg-info to /home/vfran/ros2_ws/install/predator_and_prey/lib/python3.10/site-packages/predator_and_prey-0.0.0-py3.10.egg-info
[2.279s] running install_scripts
[2.307s] Installing predator_controller script to /home/vfran/ros2_ws/install/predator_and_prey/lib/predator_and_prey
[2.307s] writing list of installed files to '/home/vfran/ros2_ws/build/predator_and_prey/install.log'
[2.386s] Invoked command in '/home/vfran/ros2_ws/src/predator_and_prey' returned '0': PYTHONPATH=/home/vfran/ros2_ws/build/predator_and_prey/prefix_override:/home/vfran/ros2_ws/install/predator_and_prey/lib/python3.10/site-packages:${PYTHONPATH} /usr/bin/python3 -W ignore:setup.py install is deprecated setup.py egg_info --egg-base ../../build/predator_and_prey build --build-base /home/vfran/ros2_ws/build/predator_and_prey/build install --record /home/vfran/ros2_ws/build/predator_and_prey/install.log --single-version-externally-managed install_data
