[1.449s] Invoking command in '/home/vfran/ros2_ws/src/my_py_pkg': PYTHONPATH=/home/vfran/ros2_ws/build/my_py_pkg/prefix_override:/home/vfran/ros2_ws/install/my_py_pkg/lib/python3.10/site-packages:${PYTHONPATH} /usr/bin/python3 -W ignore:setup.py install is deprecated setup.py egg_info --egg-base ../../build/my_py_pkg build --build-base /home/vfran/ros2_ws/build/my_py_pkg/build install --record /home/vfran/ros2_ws/build/my_py_pkg/install.log --single-version-externally-managed install_data
[2.023s] running egg_info
[2.024s] writing ../../build/my_py_pkg/my_py_pkg.egg-info/PKG-INFO
[2.024s] writing dependency_links to ../../build/my_py_pkg/my_py_pkg.egg-info/dependency_links.txt
[2.024s] writing entry points to ../../build/my_py_pkg/my_py_pkg.egg-info/entry_points.txt
[2.025s] writing requirements to ../../build/my_py_pkg/my_py_pkg.egg-info/requires.txt
[2.025s] writing top-level names to ../../build/my_py_pkg/my_py_pkg.egg-info/top_level.txt
[2.029s] reading manifest file '../../build/my_py_pkg/my_py_pkg.egg-info/SOURCES.txt'
[2.030s] writing manifest file '../../build/my_py_pkg/my_py_pkg.egg-info/SOURCES.txt'
[2.031s] running build
[2.031s] running build_py
[2.031s] running install
[2.032s] running install_lib
[2.036s] running install_data
[2.036s] running install_egg_info
[2.040s] removing '/home/vfran/ros2_ws/install/my_py_pkg/lib/python3.10/site-packages/my_py_pkg-0.0.0-py3.10.egg-info' (and everything under it)
[2.041s] Copying ../../build/my_py_pkg/my_py_pkg.egg-info to /home/vfran/ros2_ws/install/my_py_pkg/lib/python3.10/site-packages/my_py_pkg-0.0.0-py3.10.egg-info
[2.043s] running install_scripts
[2.089s] Installing hw_status_publisher script to /home/vfran/ros2_ws/install/my_py_pkg/lib/my_py_pkg
[2.090s] Installing py_node script to /home/vfran/ros2_ws/install/my_py_pkg/lib/my_py_pkg
[2.090s] writing list of installed files to '/home/vfran/ros2_ws/build/my_py_pkg/install.log'
[2.142s] Invoked command in '/home/vfran/ros2_ws/src/my_py_pkg' returned '0': PYTHONPATH=/home/vfran/ros2_ws/build/my_py_pkg/prefix_override:/home/vfran/ros2_ws/install/my_py_pkg/lib/python3.10/site-packages:${PYTHONPATH} /usr/bin/python3 -W ignore:setup.py install is deprecated setup.py egg_info --egg-base ../../build/my_py_pkg build --build-base /home/vfran/ros2_ws/build/my_py_pkg/build install --record /home/vfran/ros2_ws/build/my_py_pkg/install.log --single-version-externally-managed install_data
