[0.073s] Invoking command in '/home/vfran/ros2_ws/build/my_interfaces': CMAKE_PREFIX_PATH=${CMAKE_PREFIX_PATH}:/home/vfran/ros2_ws/install/radio:/home/vfran/ros2_ws/install/my_py_pkg:/home/vfran/ros2_ws/install/calculator:/home/vfran/ros2_ws/install/basic_calculator:/opt/ros/humble /usr/local/bin/cmake --build /home/vfran/ros2_ws/build/my_interfaces -- -j16 -l16
[1.369s] [  2%] Built target my_interfaces__cpp
[1.370s] [ 12%] Built target my_interfaces__rosidl_generator_c
[1.370s] [ 12%] Built target ament_cmake_python_copy_my_interfaces
[1.370s] [ 23%] Built target my_interfaces__rosidl_typesupport_introspection_cpp
[1.370s] [ 40%] Built target my_interfaces__rosidl_typesupport_cpp
[1.371s] [ 44%] Built target my_interfaces__rosidl_typesupport_fastrtps_cpp
[1.371s] [ 55%] Built target my_interfaces__rosidl_typesupport_c
[1.371s] [ 65%] Built target my_interfaces__rosidl_typesupport_introspection_c
[1.371s] [ 76%] Built target my_interfaces__rosidl_typesupport_fastrtps_c
[1.371s] [ 76%] Built target my_interfaces
[1.372s] [ 78%] Built target my_interfaces__py
[1.372s] [ 87%] Built target my_interfaces__rosidl_generator_py
[1.372s] [ 91%] Built target my_interfaces__rosidl_typesupport_fastrtps_c__pyext
[1.373s] [100%] Built target my_interfaces__rosidl_typesupport_c__pyext
[1.373s] [100%] Built target my_interfaces__rosidl_typesupport_introspection_c__pyext
[1.374s] running egg_info
[1.374s] writing my_interfaces.egg-info/PKG-INFO
[1.374s] writing dependency_links to my_interfaces.egg-info/dependency_links.txt
[1.374s] writing top-level names to my_interfaces.egg-info/top_level.txt
[1.375s] reading manifest file 'my_interfaces.egg-info/SOURCES.txt'
[1.375s] writing manifest file 'my_interfaces.egg-info/SOURCES.txt'
[1.375s] [100%] Built target ament_cmake_python_build_my_interfaces_egg
[1.990s] Invoked command in '/home/vfran/ros2_ws/build/my_interfaces' returned '0': CMAKE_PREFIX_PATH=${CMAKE_PREFIX_PATH}:/home/vfran/ros2_ws/install/radio:/home/vfran/ros2_ws/install/my_py_pkg:/home/vfran/ros2_ws/install/calculator:/home/vfran/ros2_ws/install/basic_calculator:/opt/ros/humble /usr/local/bin/cmake --build /home/vfran/ros2_ws/build/my_interfaces -- -j16 -l16
[2.273s] Invoking command in '/home/vfran/ros2_ws/build/my_interfaces': CMAKE_PREFIX_PATH=${CMAKE_PREFIX_PATH}:/home/vfran/ros2_ws/install/radio:/home/vfran/ros2_ws/install/my_py_pkg:/home/vfran/ros2_ws/install/calculator:/home/vfran/ros2_ws/install/basic_calculator:/opt/ros/humble /usr/local/bin/cmake --install /home/vfran/ros2_ws/build/my_interfaces
[2.285s] -- Install configuration: ""
[2.286s] -- Up-to-date: /home/vfran/ros2_ws/install/my_interfaces/share/ament_index/resource_index/rosidl_interfaces/my_interfaces
[2.286s] -- Up-to-date: /home/vfran/ros2_ws/install/my_interfaces/include/my_interfaces/my_interfaces
[2.286s] -- Up-to-date: /home/vfran/ros2_ws/install/my_interfaces/include/my_interfaces/my_interfaces/srv
[2.287s] -- Up-to-date: /home/vfran/ros2_ws/install/my_interfaces/include/my_interfaces/my_interfaces/srv/compute_rectangle_area.h
[2.287s] -- Up-to-date: /home/vfran/ros2_ws/install/my_interfaces/include/my_interfaces/my_interfaces/srv/detail
[2.287s] -- Up-to-date: /home/vfran/ros2_ws/install/my_interfaces/include/my_interfaces/my_interfaces/srv/detail/calc__functions.h
[2.287s] -- Up-to-date: /home/vfran/ros2_ws/install/my_interfaces/include/my_interfaces/my_interfaces/srv/detail/compute_rectangle_area__functions.h
[2.288s] -- Up-to-date: /home/vfran/ros2_ws/install/my_interfaces/include/my_interfaces/my_interfaces/srv/detail/calc__type_support.h
[2.288s] -- Up-to-date: /home/vfran/ros2_ws/install/my_interfaces/include/my_interfaces/my_interfaces/srv/detail/compute_rectangle_area__functions.c
[2.288s] -- Up-to-date: /home/vfran/ros2_ws/install/my_interfaces/include/my_interfaces/my_interfaces/srv/detail/calc__struct.h
[2.288s] -- Up-to-date: /home/vfran/ros2_ws/install/my_interfaces/include/my_interfaces/my_interfaces/srv/detail/calc__functions.c
[2.288s] -- Up-to-date: /home/vfran/ros2_ws/install/my_interfaces/include/my_interfaces/my_interfaces/srv/detail/compute_rectangle_area__type_support.h
[2.289s] -- Up-to-date: /home/vfran/ros2_ws/install/my_interfaces/include/my_interfaces/my_interfaces/srv/detail/compute_rectangle_area__struct.h
[2.289s] -- Up-to-date: /home/vfran/ros2_ws/install/my_interfaces/include/my_interfaces/my_interfaces/srv/calc.h
[2.289s] -- Up-to-date: /home/vfran/ros2_ws/install/my_interfaces/include/my_interfaces/my_interfaces/msg
[2.289s] -- Up-to-date: /home/vfran/ros2_ws/install/my_interfaces/include/my_interfaces/my_interfaces/msg/hardware_status.h
[2.289s] -- Up-to-date: /home/vfran/ros2_ws/install/my_interfaces/include/my_interfaces/my_interfaces/msg/detail
[2.290s] -- Up-to-date: /home/vfran/ros2_ws/install/my_interfaces/include/my_interfaces/my_interfaces/msg/detail/hardware_status__type_support.h
[2.290s] -- Up-to-date: /home/vfran/ros2_ws/install/my_interfaces/include/my_interfaces/my_interfaces/msg/detail/hardware_status__struct.h
[2.290s] -- Up-to-date: /home/vfran/ros2_ws/install/my_interfaces/include/my_interfaces/my_interfaces/msg/detail/hardware_status__functions.c
[2.290s] -- Up-to-date: /home/vfran/ros2_ws/install/my_interfaces/include/my_interfaces/my_interfaces/msg/detail/hardware_status__functions.h
[2.290s] -- Up-to-date: /home/vfran/ros2_ws/install/my_interfaces/include/my_interfaces/my_interfaces/msg/rosidl_generator_c__visibility_control.h
[2.291s] -- Up-to-date: /home/vfran/ros2_ws/install/my_interfaces/share/my_interfaces/environment/library_path.sh
[2.291s] -- Up-to-date: /home/vfran/ros2_ws/install/my_interfaces/share/my_interfaces/environment/library_path.dsv
[2.291s] -- Up-to-date: /home/vfran/ros2_ws/install/my_interfaces/lib/libmy_interfaces__rosidl_generator_c.so
[2.291s] -- Up-to-date: /home/vfran/ros2_ws/install/my_interfaces/include/my_interfaces/my_interfaces
[2.292s] -- Up-to-date: /home/vfran/ros2_ws/install/my_interfaces/include/my_interfaces/my_interfaces/srv
[2.292s] -- Up-to-date: /home/vfran/ros2_ws/install/my_interfaces/include/my_interfaces/my_interfaces/srv/detail
[2.292s] -- Up-to-date: /home/vfran/ros2_ws/install/my_interfaces/include/my_interfaces/my_interfaces/srv/detail/calc__rosidl_typesupport_fastrtps_c.h
[2.292s] -- Up-to-date: /home/vfran/ros2_ws/install/my_interfaces/include/my_interfaces/my_interfaces/srv/detail/compute_rectangle_area__rosidl_typesupport_fastrtps_c.h
[2.292s] -- Up-to-date: /home/vfran/ros2_ws/install/my_interfaces/include/my_interfaces/my_interfaces/msg
[2.293s] -- Up-to-date: /home/vfran/ros2_ws/install/my_interfaces/include/my_interfaces/my_interfaces/msg/rosidl_typesupport_fastrtps_c__visibility_control.h
[2.293s] -- Up-to-date: /home/vfran/ros2_ws/install/my_interfaces/include/my_interfaces/my_interfaces/msg/detail
[2.293s] -- Up-to-date: /home/vfran/ros2_ws/install/my_interfaces/include/my_interfaces/my_interfaces/msg/detail/hardware_status__rosidl_typesupport_fastrtps_c.h
[2.293s] -- Up-to-date: /home/vfran/ros2_ws/install/my_interfaces/lib/libmy_interfaces__rosidl_typesupport_fastrtps_c.so
[2.293s] -- Up-to-date: /home/vfran/ros2_ws/install/my_interfaces/include/my_interfaces/my_interfaces
[2.294s] -- Up-to-date: /home/vfran/ros2_ws/install/my_interfaces/include/my_interfaces/my_interfaces/srv
[2.294s] -- Up-to-date: /home/vfran/ros2_ws/install/my_interfaces/include/my_interfaces/my_interfaces/srv/detail
[2.294s] -- Up-to-date: /home/vfran/ros2_ws/install/my_interfaces/include/my_interfaces/my_interfaces/srv/detail/calc__rosidl_typesupport_introspection_c.h
[2.294s] -- Up-to-date: /home/vfran/ros2_ws/install/my_interfaces/include/my_interfaces/my_interfaces/srv/detail/compute_rectangle_area__rosidl_typesupport_introspection_c.h
[2.294s] -- Up-to-date: /home/vfran/ros2_ws/install/my_interfaces/include/my_interfaces/my_interfaces/srv/detail/calc__type_support.c
[2.295s] -- Up-to-date: /home/vfran/ros2_ws/install/my_interfaces/include/my_interfaces/my_interfaces/srv/detail/compute_rectangle_area__type_support.c
[2.295s] -- Up-to-date: /home/vfran/ros2_ws/install/my_interfaces/include/my_interfaces/my_interfaces/msg
[2.295s] -- Up-to-date: /home/vfran/ros2_ws/install/my_interfaces/include/my_interfaces/my_interfaces/msg/rosidl_typesupport_introspection_c__visibility_control.h
[2.295s] -- Up-to-date: /home/vfran/ros2_ws/install/my_interfaces/include/my_interfaces/my_interfaces/msg/detail
[2.295s] -- Up-to-date: /home/vfran/ros2_ws/install/my_interfaces/include/my_interfaces/my_interfaces/msg/detail/hardware_status__rosidl_typesupport_introspection_c.h
[2.296s] -- Up-to-date: /home/vfran/ros2_ws/install/my_interfaces/include/my_interfaces/my_interfaces/msg/detail/hardware_status__type_support.c
[2.296s] -- Up-to-date: /home/vfran/ros2_ws/install/my_interfaces/lib/libmy_interfaces__rosidl_typesupport_introspection_c.so
[2.296s] -- Up-to-date: /home/vfran/ros2_ws/install/my_interfaces/lib/libmy_interfaces__rosidl_typesupport_c.so
[2.296s] -- Up-to-date: /home/vfran/ros2_ws/install/my_interfaces/include/my_interfaces/my_interfaces
[2.296s] -- Up-to-date: /home/vfran/ros2_ws/install/my_interfaces/include/my_interfaces/my_interfaces/srv
[2.297s] -- Up-to-date: /home/vfran/ros2_ws/install/my_interfaces/include/my_interfaces/my_interfaces/srv/compute_rectangle_area.hpp
[2.297s] -- Up-to-date: /home/vfran/ros2_ws/install/my_interfaces/include/my_interfaces/my_interfaces/srv/calc.hpp
[2.298s] -- Up-to-date: /home/vfran/ros2_ws/install/my_interfaces/include/my_interfaces/my_interfaces/srv/detail
[2.298s] -- Up-to-date: /home/vfran/ros2_ws/install/my_interfaces/include/my_interfaces/my_interfaces/srv/detail/compute_rectangle_area__struct.hpp
[2.298s] -- Up-to-date: /home/vfran/ros2_ws/install/my_interfaces/include/my_interfaces/my_interfaces/srv/detail/compute_rectangle_area__builder.hpp
[2.298s] -- Up-to-date: /home/vfran/ros2_ws/install/my_interfaces/include/my_interfaces/my_interfaces/srv/detail/calc__struct.hpp
[2.298s] -- Up-to-date: /home/vfran/ros2_ws/install/my_interfaces/include/my_interfaces/my_interfaces/srv/detail/compute_rectangle_area__traits.hpp
[2.299s] -- Up-to-date: /home/vfran/ros2_ws/install/my_interfaces/include/my_interfaces/my_interfaces/srv/detail/calc__builder.hpp
[2.299s] -- Up-to-date: /home/vfran/ros2_ws/install/my_interfaces/include/my_interfaces/my_interfaces/srv/detail/calc__traits.hpp
[2.299s] -- Up-to-date: /home/vfran/ros2_ws/install/my_interfaces/include/my_interfaces/my_interfaces/msg
[2.299s] -- Up-to-date: /home/vfran/ros2_ws/install/my_interfaces/include/my_interfaces/my_interfaces/msg/hardware_status.hpp
[2.299s] -- Up-to-date: /home/vfran/ros2_ws/install/my_interfaces/include/my_interfaces/my_interfaces/msg/detail
[2.299s] -- Up-to-date: /home/vfran/ros2_ws/install/my_interfaces/include/my_interfaces/my_interfaces/msg/detail/hardware_status__traits.hpp
[2.300s] -- Up-to-date: /home/vfran/ros2_ws/install/my_interfaces/include/my_interfaces/my_interfaces/msg/detail/hardware_status__builder.hpp
[2.300s] -- Up-to-date: /home/vfran/ros2_ws/install/my_interfaces/include/my_interfaces/my_interfaces/msg/detail/hardware_status__struct.hpp
[2.300s] -- Up-to-date: /home/vfran/ros2_ws/install/my_interfaces/include/my_interfaces/my_interfaces
[2.300s] -- Up-to-date: /home/vfran/ros2_ws/install/my_interfaces/include/my_interfaces/my_interfaces/srv
[2.300s] -- Up-to-date: /home/vfran/ros2_ws/install/my_interfaces/include/my_interfaces/my_interfaces/srv/detail
[2.300s] -- Up-to-date: /home/vfran/ros2_ws/install/my_interfaces/include/my_interfaces/my_interfaces/srv/detail/dds_fastrtps
[2.301s] -- Up-to-date: /home/vfran/ros2_ws/install/my_interfaces/include/my_interfaces/my_interfaces/srv/detail/calc__rosidl_typesupport_fastrtps_cpp.hpp
[2.301s] -- Up-to-date: /home/vfran/ros2_ws/install/my_interfaces/include/my_interfaces/my_interfaces/srv/detail/compute_rectangle_area__rosidl_typesupport_fastrtps_cpp.hpp
[2.301s] -- Up-to-date: /home/vfran/ros2_ws/install/my_interfaces/include/my_interfaces/my_interfaces/msg
[2.302s] -- Up-to-date: /home/vfran/ros2_ws/install/my_interfaces/include/my_interfaces/my_interfaces/msg/detail
[2.302s] -- Up-to-date: /home/vfran/ros2_ws/install/my_interfaces/include/my_interfaces/my_interfaces/msg/detail/dds_fastrtps
[2.302s] -- Up-to-date: /home/vfran/ros2_ws/install/my_interfaces/include/my_interfaces/my_interfaces/msg/detail/hardware_status__rosidl_typesupport_fastrtps_cpp.hpp
[2.302s] -- Up-to-date: /home/vfran/ros2_ws/install/my_interfaces/include/my_interfaces/my_interfaces/msg/rosidl_typesupport_fastrtps_cpp__visibility_control.h
[2.303s] -- Up-to-date: /home/vfran/ros2_ws/install/my_interfaces/lib/libmy_interfaces__rosidl_typesupport_fastrtps_cpp.so
[2.303s] -- Up-to-date: /home/vfran/ros2_ws/install/my_interfaces/include/my_interfaces/my_interfaces
[2.303s] -- Up-to-date: /home/vfran/ros2_ws/install/my_interfaces/include/my_interfaces/my_interfaces/srv
[2.303s] -- Up-to-date: /home/vfran/ros2_ws/install/my_interfaces/include/my_interfaces/my_interfaces/srv/detail
[2.303s] -- Up-to-date: /home/vfran/ros2_ws/install/my_interfaces/include/my_interfaces/my_interfaces/srv/detail/compute_rectangle_area__rosidl_typesupport_introspection_cpp.hpp
[2.303s] -- Up-to-date: /home/vfran/ros2_ws/install/my_interfaces/include/my_interfaces/my_interfaces/srv/detail/calc__type_support.cpp
[2.304s] -- Up-to-date: /home/vfran/ros2_ws/install/my_interfaces/include/my_interfaces/my_interfaces/srv/detail/compute_rectangle_area__type_support.cpp
[2.304s] -- Up-to-date: /home/vfran/ros2_ws/install/my_interfaces/include/my_interfaces/my_interfaces/srv/detail/calc__rosidl_typesupport_introspection_cpp.hpp
[2.304s] -- Up-to-date: /home/vfran/ros2_ws/install/my_interfaces/include/my_interfaces/my_interfaces/msg
[2.304s] -- Up-to-date: /home/vfran/ros2_ws/install/my_interfaces/include/my_interfaces/my_interfaces/msg/detail
[2.304s] -- Up-to-date: /home/vfran/ros2_ws/install/my_interfaces/include/my_interfaces/my_interfaces/msg/detail/hardware_status__rosidl_typesupport_introspection_cpp.hpp
[2.304s] -- Up-to-date: /home/vfran/ros2_ws/install/my_interfaces/include/my_interfaces/my_interfaces/msg/detail/hardware_status__type_support.cpp
[2.305s] -- Up-to-date: /home/vfran/ros2_ws/install/my_interfaces/lib/libmy_interfaces__rosidl_typesupport_introspection_cpp.so
[2.305s] -- Up-to-date: /home/vfran/ros2_ws/install/my_interfaces/lib/libmy_interfaces__rosidl_typesupport_cpp.so
[2.305s] -- Up-to-date: /home/vfran/ros2_ws/install/my_interfaces/share/my_interfaces/environment/pythonpath.sh
[2.305s] -- Up-to-date: /home/vfran/ros2_ws/install/my_interfaces/share/my_interfaces/environment/pythonpath.dsv
[2.306s] -- Up-to-date: /home/vfran/ros2_ws/install/my_interfaces/local/lib/python3.10/dist-packages/my_interfaces-0.0.0-py3.10.egg-info
[2.306s] -- Installing: /home/vfran/ros2_ws/install/my_interfaces/local/lib/python3.10/dist-packages/my_interfaces-0.0.0-py3.10.egg-info/top_level.txt
[2.306s] -- Installing: /home/vfran/ros2_ws/install/my_interfaces/local/lib/python3.10/dist-packages/my_interfaces-0.0.0-py3.10.egg-info/PKG-INFO
[2.306s] -- Installing: /home/vfran/ros2_ws/install/my_interfaces/local/lib/python3.10/dist-packages/my_interfaces-0.0.0-py3.10.egg-info/dependency_links.txt
[2.306s] -- Installing: /home/vfran/ros2_ws/install/my_interfaces/local/lib/python3.10/dist-packages/my_interfaces-0.0.0-py3.10.egg-info/SOURCES.txt
[2.306s] -- Up-to-date: /home/vfran/ros2_ws/install/my_interfaces/local/lib/python3.10/dist-packages/my_interfaces
[2.307s] -- Up-to-date: /home/vfran/ros2_ws/install/my_interfaces/local/lib/python3.10/dist-packages/my_interfaces/srv
[2.307s] -- Up-to-date: /home/vfran/ros2_ws/install/my_interfaces/local/lib/python3.10/dist-packages/my_interfaces/srv/_compute_rectangle_area_s.c
[2.307s] -- Up-to-date: /home/vfran/ros2_ws/install/my_interfaces/local/lib/python3.10/dist-packages/my_interfaces/srv/__init__.py
[2.307s] -- Up-to-date: /home/vfran/ros2_ws/install/my_interfaces/local/lib/python3.10/dist-packages/my_interfaces/srv/_calc_s.c
[2.307s] -- Up-to-date: /home/vfran/ros2_ws/install/my_interfaces/local/lib/python3.10/dist-packages/my_interfaces/srv/_compute_rectangle_area.py
[2.307s] -- Up-to-date: /home/vfran/ros2_ws/install/my_interfaces/local/lib/python3.10/dist-packages/my_interfaces/srv/_calc.py
[2.308s] -- Up-to-date: /home/vfran/ros2_ws/install/my_interfaces/local/lib/python3.10/dist-packages/my_interfaces/libmy_interfaces__rosidl_generator_py.so
[2.308s] -- Up-to-date: /home/vfran/ros2_ws/install/my_interfaces/local/lib/python3.10/dist-packages/my_interfaces/__init__.py
[2.308s] -- Up-to-date: /home/vfran/ros2_ws/install/my_interfaces/local/lib/python3.10/dist-packages/my_interfaces/my_interfaces_s__rosidl_typesupport_introspection_c.cpython-310-x86_64-linux-gnu.so
[2.308s] -- Up-to-date: /home/vfran/ros2_ws/install/my_interfaces/local/lib/python3.10/dist-packages/my_interfaces/msg
[2.308s] -- Up-to-date: /home/vfran/ros2_ws/install/my_interfaces/local/lib/python3.10/dist-packages/my_interfaces/msg/_hardware_status_s.c
[2.308s] -- Up-to-date: /home/vfran/ros2_ws/install/my_interfaces/local/lib/python3.10/dist-packages/my_interfaces/msg/__init__.py
[2.309s] -- Up-to-date: /home/vfran/ros2_ws/install/my_interfaces/local/lib/python3.10/dist-packages/my_interfaces/msg/_hardware_status.py
[2.309s] -- Up-to-date: /home/vfran/ros2_ws/install/my_interfaces/local/lib/python3.10/dist-packages/my_interfaces/_my_interfaces_s.ep.rosidl_typesupport_c.c
[2.309s] -- Up-to-date: /home/vfran/ros2_ws/install/my_interfaces/local/lib/python3.10/dist-packages/my_interfaces/my_interfaces_s__rosidl_typesupport_fastrtps_c.cpython-310-x86_64-linux-gnu.so
[2.309s] -- Up-to-date: /home/vfran/ros2_ws/install/my_interfaces/local/lib/python3.10/dist-packages/my_interfaces/my_interfaces_s__rosidl_typesupport_c.cpython-310-x86_64-linux-gnu.so
[2.310s] -- Up-to-date: /home/vfran/ros2_ws/install/my_interfaces/local/lib/python3.10/dist-packages/my_interfaces/_my_interfaces_s.ep.rosidl_typesupport_fastrtps_c.c
[2.310s] -- Up-to-date: /home/vfran/ros2_ws/install/my_interfaces/local/lib/python3.10/dist-packages/my_interfaces/_my_interfaces_s.ep.rosidl_typesupport_introspection_c.c
[2.382s] Listing '/home/vfran/ros2_ws/install/my_interfaces/local/lib/python3.10/dist-packages/my_interfaces'...
[2.383s] Listing '/home/vfran/ros2_ws/install/my_interfaces/local/lib/python3.10/dist-packages/my_interfaces/msg'...
[2.383s] Listing '/home/vfran/ros2_ws/install/my_interfaces/local/lib/python3.10/dist-packages/my_interfaces/srv'...
[2.393s] -- Up-to-date: /home/vfran/ros2_ws/install/my_interfaces/local/lib/python3.10/dist-packages/my_interfaces/my_interfaces_s__rosidl_typesupport_fastrtps_c.cpython-310-x86_64-linux-gnu.so
[2.394s] -- Up-to-date: /home/vfran/ros2_ws/install/my_interfaces/local/lib/python3.10/dist-packages/my_interfaces/my_interfaces_s__rosidl_typesupport_introspection_c.cpython-310-x86_64-linux-gnu.so
[2.394s] -- Up-to-date: /home/vfran/ros2_ws/install/my_interfaces/local/lib/python3.10/dist-packages/my_interfaces/my_interfaces_s__rosidl_typesupport_c.cpython-310-x86_64-linux-gnu.so
[2.395s] -- Up-to-date: /home/vfran/ros2_ws/install/my_interfaces/lib/libmy_interfaces__rosidl_generator_py.so
[2.396s] -- Up-to-date: /home/vfran/ros2_ws/install/my_interfaces/share/my_interfaces/msg/HardwareStatus.idl
[2.396s] -- Up-to-date: /home/vfran/ros2_ws/install/my_interfaces/share/my_interfaces/srv/ComputeRectangleArea.idl
[2.396s] -- Up-to-date: /home/vfran/ros2_ws/install/my_interfaces/share/my_interfaces/srv/Calc.idl
[2.397s] -- Up-to-date: /home/vfran/ros2_ws/install/my_interfaces/share/my_interfaces/msg/HardwareStatus.msg
[2.397s] -- Up-to-date: /home/vfran/ros2_ws/install/my_interfaces/share/my_interfaces/srv/ComputeRectangleArea.srv
[2.397s] -- Up-to-date: /home/vfran/ros2_ws/install/my_interfaces/share/my_interfaces/srv/ComputeRectangleArea_Request.msg
[2.397s] -- Up-to-date: /home/vfran/ros2_ws/install/my_interfaces/share/my_interfaces/srv/ComputeRectangleArea_Response.msg
[2.398s] -- Up-to-date: /home/vfran/ros2_ws/install/my_interfaces/share/my_interfaces/srv/Calc.srv
[2.398s] -- Up-to-date: /home/vfran/ros2_ws/install/my_interfaces/share/my_interfaces/srv/Calc_Request.msg
[2.398s] -- Up-to-date: /home/vfran/ros2_ws/install/my_interfaces/share/my_interfaces/srv/Calc_Response.msg
[2.398s] -- Up-to-date: /home/vfran/ros2_ws/install/my_interfaces/share/ament_index/resource_index/package_run_dependencies/my_interfaces
[2.399s] -- Up-to-date: /home/vfran/ros2_ws/install/my_interfaces/share/ament_index/resource_index/parent_prefix_path/my_interfaces
[2.399s] -- Up-to-date: /home/vfran/ros2_ws/install/my_interfaces/share/my_interfaces/environment/ament_prefix_path.sh
[2.399s] -- Up-to-date: /home/vfran/ros2_ws/install/my_interfaces/share/my_interfaces/environment/ament_prefix_path.dsv
[2.399s] -- Up-to-date: /home/vfran/ros2_ws/install/my_interfaces/share/my_interfaces/environment/path.sh
[2.399s] -- Up-to-date: /home/vfran/ros2_ws/install/my_interfaces/share/my_interfaces/environment/path.dsv
[2.399s] -- Up-to-date: /home/vfran/ros2_ws/install/my_interfaces/share/my_interfaces/local_setup.bash
[2.400s] -- Up-to-date: /home/vfran/ros2_ws/install/my_interfaces/share/my_interfaces/local_setup.sh
[2.400s] -- Up-to-date: /home/vfran/ros2_ws/install/my_interfaces/share/my_interfaces/local_setup.zsh
[2.400s] -- Up-to-date: /home/vfran/ros2_ws/install/my_interfaces/share/my_interfaces/local_setup.dsv
[2.400s] -- Installing: /home/vfran/ros2_ws/install/my_interfaces/share/my_interfaces/package.dsv
[2.400s] -- Up-to-date: /home/vfran/ros2_ws/install/my_interfaces/share/ament_index/resource_index/packages/my_interfaces
[2.401s] -- Up-to-date: /home/vfran/ros2_ws/install/my_interfaces/share/my_interfaces/cmake/export_my_interfaces__rosidl_generator_cExport.cmake
[2.401s] -- Up-to-date: /home/vfran/ros2_ws/install/my_interfaces/share/my_interfaces/cmake/export_my_interfaces__rosidl_generator_cExport-noconfig.cmake
[2.401s] -- Up-to-date: /home/vfran/ros2_ws/install/my_interfaces/share/my_interfaces/cmake/export_my_interfaces__rosidl_typesupport_fastrtps_cExport.cmake
[2.401s] -- Up-to-date: /home/vfran/ros2_ws/install/my_interfaces/share/my_interfaces/cmake/export_my_interfaces__rosidl_typesupport_fastrtps_cExport-noconfig.cmake
[2.402s] -- Up-to-date: /home/vfran/ros2_ws/install/my_interfaces/share/my_interfaces/cmake/my_interfaces__rosidl_typesupport_introspection_cExport.cmake
[2.402s] -- Up-to-date: /home/vfran/ros2_ws/install/my_interfaces/share/my_interfaces/cmake/my_interfaces__rosidl_typesupport_introspection_cExport-noconfig.cmake
[2.402s] -- Up-to-date: /home/vfran/ros2_ws/install/my_interfaces/share/my_interfaces/cmake/my_interfaces__rosidl_typesupport_cExport.cmake
[2.402s] -- Up-to-date: /home/vfran/ros2_ws/install/my_interfaces/share/my_interfaces/cmake/my_interfaces__rosidl_typesupport_cExport-noconfig.cmake
[2.402s] -- Up-to-date: /home/vfran/ros2_ws/install/my_interfaces/share/my_interfaces/cmake/export_my_interfaces__rosidl_generator_cppExport.cmake
[2.403s] -- Up-to-date: /home/vfran/ros2_ws/install/my_interfaces/share/my_interfaces/cmake/export_my_interfaces__rosidl_typesupport_fastrtps_cppExport.cmake
[2.403s] -- Up-to-date: /home/vfran/ros2_ws/install/my_interfaces/share/my_interfaces/cmake/export_my_interfaces__rosidl_typesupport_fastrtps_cppExport-noconfig.cmake
[2.403s] -- Up-to-date: /home/vfran/ros2_ws/install/my_interfaces/share/my_interfaces/cmake/my_interfaces__rosidl_typesupport_introspection_cppExport.cmake
[2.403s] -- Up-to-date: /home/vfran/ros2_ws/install/my_interfaces/share/my_interfaces/cmake/my_interfaces__rosidl_typesupport_introspection_cppExport-noconfig.cmake
[2.404s] -- Up-to-date: /home/vfran/ros2_ws/install/my_interfaces/share/my_interfaces/cmake/my_interfaces__rosidl_typesupport_cppExport.cmake
[2.404s] -- Up-to-date: /home/vfran/ros2_ws/install/my_interfaces/share/my_interfaces/cmake/my_interfaces__rosidl_typesupport_cppExport-noconfig.cmake
[2.404s] -- Up-to-date: /home/vfran/ros2_ws/install/my_interfaces/share/my_interfaces/cmake/export_my_interfaces__rosidl_generator_pyExport.cmake
[2.404s] -- Up-to-date: /home/vfran/ros2_ws/install/my_interfaces/share/my_interfaces/cmake/export_my_interfaces__rosidl_generator_pyExport-noconfig.cmake
[2.405s] -- Up-to-date: /home/vfran/ros2_ws/install/my_interfaces/share/my_interfaces/cmake/rosidl_cmake-extras.cmake
[2.405s] -- Up-to-date: /home/vfran/ros2_ws/install/my_interfaces/share/my_interfaces/cmake/ament_cmake_export_include_directories-extras.cmake
[2.406s] -- Up-to-date: /home/vfran/ros2_ws/install/my_interfaces/share/my_interfaces/cmake/ament_cmake_export_libraries-extras.cmake
[2.406s] -- Up-to-date: /home/vfran/ros2_ws/install/my_interfaces/share/my_interfaces/cmake/ament_cmake_export_targets-extras.cmake
[2.406s] -- Up-to-date: /home/vfran/ros2_ws/install/my_interfaces/share/my_interfaces/cmake/rosidl_cmake_export_typesupport_targets-extras.cmake
[2.406s] -- Up-to-date: /home/vfran/ros2_ws/install/my_interfaces/share/my_interfaces/cmake/ament_cmake_export_dependencies-extras.cmake
[2.406s] -- Up-to-date: /home/vfran/ros2_ws/install/my_interfaces/share/my_interfaces/cmake/rosidl_cmake_export_typesupport_libraries-extras.cmake
[2.406s] -- Up-to-date: /home/vfran/ros2_ws/install/my_interfaces/share/my_interfaces/cmake/my_interfacesConfig.cmake
[2.407s] -- Up-to-date: /home/vfran/ros2_ws/install/my_interfaces/share/my_interfaces/cmake/my_interfacesConfig-version.cmake
[2.407s] -- Up-to-date: /home/vfran/ros2_ws/install/my_interfaces/share/my_interfaces/package.xml
[2.411s] Invoked command in '/home/vfran/ros2_ws/build/my_interfaces' returned '0': CMAKE_PREFIX_PATH=${CMAKE_PREFIX_PATH}:/home/vfran/ros2_ws/install/radio:/home/vfran/ros2_ws/install/my_py_pkg:/home/vfran/ros2_ws/install/calculator:/home/vfran/ros2_ws/install/basic_calculator:/opt/ros/humble /usr/local/bin/cmake --install /home/vfran/ros2_ws/build/my_interfaces
