[0.463s] Invoking command in '/home/vfran/ros2_ws/build/my_bringup': CMAKE_PREFIX_PATH=${CMAKE_PREFIX_PATH}:/home/vfran/ros2_ws/install/radio:/home/vfran/ros2_ws/install/my_py_pkg:/home/vfran/ros2_ws/install/calculator:/home/vfran/ros2_ws/install/basic_calculator:/opt/ros/humble /usr/local/bin/cmake --build /home/vfran/ros2_ws/build/my_bringup -- -j16 -l16
[0.475s] -- Found ament_cmake: 1.3.9 (/opt/ros/humble/share/ament_cmake/cmake)
[0.555s] -- Found ament_lint_auto: 0.12.11 (/opt/ros/humble/share/ament_lint_auto/cmake)
[0.613s] -- Added test 'flake8' to check Python code syntax and style conventions
[0.614s] -- Added test 'lint_cmake' to check CMake code style
[0.614s] -- Added test 'pep257' to check Python code against some of the docstring style conventions in PEP 257
[0.614s] -- Added test 'xmllint' to check XML markup files
[0.615s] -- Configuring done
[0.618s] -- Generating done
[0.619s] -- Build files have been written to: /home/vfran/ros2_ws/build/my_bringup
[0.691s] Invoked command in '/home/vfran/ros2_ws/build/my_bringup' returned '0': CMAKE_PREFIX_PATH=${CMAKE_PREFIX_PATH}:/home/vfran/ros2_ws/install/radio:/home/vfran/ros2_ws/install/my_py_pkg:/home/vfran/ros2_ws/install/calculator:/home/vfran/ros2_ws/install/basic_calculator:/opt/ros/humble /usr/local/bin/cmake --build /home/vfran/ros2_ws/build/my_bringup -- -j16 -l16
[0.720s] Invoking command in '/home/vfran/ros2_ws/build/my_bringup': CMAKE_PREFIX_PATH=${CMAKE_PREFIX_PATH}:/home/vfran/ros2_ws/install/radio:/home/vfran/ros2_ws/install/my_py_pkg:/home/vfran/ros2_ws/install/calculator:/home/vfran/ros2_ws/install/basic_calculator:/opt/ros/humble /usr/local/bin/cmake --install /home/vfran/ros2_ws/build/my_bringup
[0.723s] -- Install configuration: ""
[0.723s] -- Installing: /home/vfran/ros2_ws/install/my_bringup/share/my_bringup/launch
[0.723s] -- Installing: /home/vfran/ros2_ws/install/my_bringup/share/my_bringup/launch/calculator_app.launch.py
[0.724s] -- Up-to-date: /home/vfran/ros2_ws/install/my_bringup/share/ament_index/resource_index/package_run_dependencies/my_bringup
[0.724s] -- Installing: /home/vfran/ros2_ws/install/my_bringup/share/ament_index/resource_index/parent_prefix_path/my_bringup
[0.724s] -- Up-to-date: /home/vfran/ros2_ws/install/my_bringup/share/my_bringup/environment/ament_prefix_path.sh
[0.724s] -- Installing: /home/vfran/ros2_ws/install/my_bringup/share/my_bringup/environment/ament_prefix_path.dsv
[0.724s] -- Up-to-date: /home/vfran/ros2_ws/install/my_bringup/share/my_bringup/environment/path.sh
[0.724s] -- Installing: /home/vfran/ros2_ws/install/my_bringup/share/my_bringup/environment/path.dsv
[0.724s] -- Up-to-date: /home/vfran/ros2_ws/install/my_bringup/share/my_bringup/local_setup.bash
[0.724s] -- Up-to-date: /home/vfran/ros2_ws/install/my_bringup/share/my_bringup/local_setup.sh
[0.724s] -- Up-to-date: /home/vfran/ros2_ws/install/my_bringup/share/my_bringup/local_setup.zsh
[0.724s] -- Installing: /home/vfran/ros2_ws/install/my_bringup/share/my_bringup/local_setup.dsv
[0.725s] -- Installing: /home/vfran/ros2_ws/install/my_bringup/share/my_bringup/package.dsv
[0.725s] -- Up-to-date: /home/vfran/ros2_ws/install/my_bringup/share/ament_index/resource_index/packages/my_bringup
[0.725s] -- Up-to-date: /home/vfran/ros2_ws/install/my_bringup/share/my_bringup/cmake/my_bringupConfig.cmake
[0.725s] -- Up-to-date: /home/vfran/ros2_ws/install/my_bringup/share/my_bringup/cmake/my_bringupConfig-version.cmake
[0.725s] -- Up-to-date: /home/vfran/ros2_ws/install/my_bringup/share/my_bringup/package.xml
[0.727s] Invoked command in '/home/vfran/ros2_ws/build/my_bringup' returned '0': CMAKE_PREFIX_PATH=${CMAKE_PREFIX_PATH}:/home/vfran/ros2_ws/install/radio:/home/vfran/ros2_ws/install/my_py_pkg:/home/vfran/ros2_ws/install/calculator:/home/vfran/ros2_ws/install/basic_calculator:/opt/ros/humble /usr/local/bin/cmake --install /home/vfran/ros2_ws/build/my_bringup
