[0.285s] DEBUG:colcon:Command line arguments: ['/usr/bin/colcon', 'build']
[0.286s] DEBUG:colcon:Parsed command line arguments: Namespace(log_base=None, log_level=None, verb_name='build', build_base='build', install_base='install', merge_install=False, symlink_install=False, test_result_base=None, continue_on_error=False, executor='parallel', parallel_workers=16, event_handlers=None, ignore_user_meta=False, metas=['./colcon.meta'], base_paths=['.'], packages_ignore=None, packages_ignore_regex=None, paths=None, packages_up_to=None, packages_up_to_regex=None, packages_above=None, packages_above_and_dependencies=None, packages_above_depth=None, packages_select_by_dep=None, packages_skip_by_dep=None, packages_skip_up_to=None, packages_select_build_failed=False, packages_skip_build_finished=False, packages_select_test_failures=False, packages_skip_test_passed=False, packages_select=None, packages_skip=None, packages_select_regex=None, packages_skip_regex=None, packages_start=None, packages_end=None, allow_overriding=[], cmake_args=None, cmake_target=None, cmake_target_skip_unavailable=False, cmake_clean_cache=False, cmake_clean_first=False, cmake_force_configure=False, ament_cmake_args=None, catkin_cmake_args=None, catkin_skip_building_tests=False, mixin_files=None, mixin=None, verb_parser=<colcon_mixin.mixin.mixin_argument.MixinArgumentDecorator object at 0x79d761b32cb0>, verb_extension=<colcon_core.verb.build.BuildVerb object at 0x79d761c232e0>, main=<bound method BuildVerb.main of <colcon_core.verb.build.BuildVerb object at 0x79d761c232e0>>, mixin_verb=('build',))
[0.734s] Level 1:colcon.colcon_core.package_discovery:discover_packages(colcon_meta) check parameters
[0.734s] Level 1:colcon.colcon_core.package_discovery:discover_packages(recursive) check parameters
[0.734s] Level 1:colcon.colcon_core.package_discovery:discover_packages(ignore) check parameters
[0.734s] Level 1:colcon.colcon_core.package_discovery:discover_packages(path) check parameters
[0.734s] Level 1:colcon.colcon_core.package_discovery:discover_packages(colcon_meta) discover
[0.734s] Level 1:colcon.colcon_core.package_discovery:discover_packages(recursive) discover
[0.734s] INFO:colcon.colcon_core.package_discovery:Crawling recursively for packages in '/home/vfran/ros2_ws'
[0.735s] Level 1:colcon.colcon_core.package_identification:_identify(.) by extensions ['ignore', 'ignore_ament_install']
[0.735s] Level 1:colcon.colcon_core.package_identification:_identify(.) by extension 'ignore'
[0.735s] Level 1:colcon.colcon_core.package_identification:_identify(.) by extension 'ignore_ament_install'
[0.735s] Level 1:colcon.colcon_core.package_identification:_identify(.) by extensions ['colcon_pkg']
[0.735s] Level 1:colcon.colcon_core.package_identification:_identify(.) by extension 'colcon_pkg'
[0.735s] Level 1:colcon.colcon_core.package_identification:_identify(.) by extensions ['colcon_meta']
[0.735s] Level 1:colcon.colcon_core.package_identification:_identify(.) by extension 'colcon_meta'
[0.736s] Level 1:colcon.colcon_core.package_identification:_identify(.) by extensions ['ros']
[0.736s] Level 1:colcon.colcon_core.package_identification:_identify(.) by extension 'ros'
[0.761s] Level 1:colcon.colcon_core.package_identification:_identify(.) by extensions ['cmake', 'python']
[0.761s] Level 1:colcon.colcon_core.package_identification:_identify(.) by extension 'cmake'
[0.761s] Level 1:colcon.colcon_core.package_identification:_identify(.) by extension 'python'
[0.761s] Level 1:colcon.colcon_core.package_identification:_identify(.) by extensions ['python_setup_py']
[0.761s] Level 1:colcon.colcon_core.package_identification:_identify(.) by extension 'python_setup_py'
[0.761s] Level 1:colcon.colcon_core.package_identification:_identify(build) by extensions ['ignore', 'ignore_ament_install']
[0.762s] Level 1:colcon.colcon_core.package_identification:_identify(build) by extension 'ignore'
[0.762s] Level 1:colcon.colcon_core.package_identification:_identify(build) ignored
[0.762s] Level 1:colcon.colcon_core.package_identification:_identify(install) by extensions ['ignore', 'ignore_ament_install']
[0.762s] Level 1:colcon.colcon_core.package_identification:_identify(install) by extension 'ignore'
[0.762s] Level 1:colcon.colcon_core.package_identification:_identify(install) ignored
[0.763s] Level 1:colcon.colcon_core.package_identification:_identify(log) by extensions ['ignore', 'ignore_ament_install']
[0.763s] Level 1:colcon.colcon_core.package_identification:_identify(log) by extension 'ignore'
[0.763s] Level 1:colcon.colcon_core.package_identification:_identify(log) ignored
[0.763s] Level 1:colcon.colcon_core.package_identification:_identify(src) by extensions ['ignore', 'ignore_ament_install']
[0.763s] Level 1:colcon.colcon_core.package_identification:_identify(src) by extension 'ignore'
[0.764s] Level 1:colcon.colcon_core.package_identification:_identify(src) by extension 'ignore_ament_install'
[0.764s] Level 1:colcon.colcon_core.package_identification:_identify(src) by extensions ['colcon_pkg']
[0.764s] Level 1:colcon.colcon_core.package_identification:_identify(src) by extension 'colcon_pkg'
[0.764s] Level 1:colcon.colcon_core.package_identification:_identify(src) by extensions ['colcon_meta']
[0.764s] Level 1:colcon.colcon_core.package_identification:_identify(src) by extension 'colcon_meta'
[0.764s] Level 1:colcon.colcon_core.package_identification:_identify(src) by extensions ['ros']
[0.764s] Level 1:colcon.colcon_core.package_identification:_identify(src) by extension 'ros'
[0.764s] Level 1:colcon.colcon_core.package_identification:_identify(src) by extensions ['cmake', 'python']
[0.765s] Level 1:colcon.colcon_core.package_identification:_identify(src) by extension 'cmake'
[0.765s] Level 1:colcon.colcon_core.package_identification:_identify(src) by extension 'python'
[0.765s] Level 1:colcon.colcon_core.package_identification:_identify(src) by extensions ['python_setup_py']
[0.765s] Level 1:colcon.colcon_core.package_identification:_identify(src) by extension 'python_setup_py'
[0.765s] Level 1:colcon.colcon_core.package_identification:_identify(src/basic_calculator) by extensions ['ignore', 'ignore_ament_install']
[0.765s] Level 1:colcon.colcon_core.package_identification:_identify(src/basic_calculator) by extension 'ignore'
[0.765s] Level 1:colcon.colcon_core.package_identification:_identify(src/basic_calculator) by extension 'ignore_ament_install'
[0.766s] Level 1:colcon.colcon_core.package_identification:_identify(src/basic_calculator) by extensions ['colcon_pkg']
[0.766s] Level 1:colcon.colcon_core.package_identification:_identify(src/basic_calculator) by extension 'colcon_pkg'
[0.766s] Level 1:colcon.colcon_core.package_identification:_identify(src/basic_calculator) by extensions ['colcon_meta']
[0.766s] Level 1:colcon.colcon_core.package_identification:_identify(src/basic_calculator) by extension 'colcon_meta'
[0.766s] Level 1:colcon.colcon_core.package_identification:_identify(src/basic_calculator) by extensions ['ros']
[0.766s] Level 1:colcon.colcon_core.package_identification:_identify(src/basic_calculator) by extension 'ros'
[0.772s] DEBUG:colcon.colcon_core.package_identification:Package 'src/basic_calculator' with type 'ros.ament_python' and name 'basic_calculator'
[0.773s] Level 1:colcon.colcon_core.package_identification:_identify(src/calculator) by extensions ['ignore', 'ignore_ament_install']
[0.773s] Level 1:colcon.colcon_core.package_identification:_identify(src/calculator) by extension 'ignore'
[0.773s] Level 1:colcon.colcon_core.package_identification:_identify(src/calculator) by extension 'ignore_ament_install'
[0.773s] Level 1:colcon.colcon_core.package_identification:_identify(src/calculator) by extensions ['colcon_pkg']
[0.773s] Level 1:colcon.colcon_core.package_identification:_identify(src/calculator) by extension 'colcon_pkg'
[0.773s] Level 1:colcon.colcon_core.package_identification:_identify(src/calculator) by extensions ['colcon_meta']
[0.773s] Level 1:colcon.colcon_core.package_identification:_identify(src/calculator) by extension 'colcon_meta'
[0.774s] Level 1:colcon.colcon_core.package_identification:_identify(src/calculator) by extensions ['ros']
[0.774s] Level 1:colcon.colcon_core.package_identification:_identify(src/calculator) by extension 'ros'
[0.776s] DEBUG:colcon.colcon_core.package_identification:Package 'src/calculator' with type 'ros.ament_python' and name 'calculator'
[0.776s] Level 1:colcon.colcon_core.package_identification:_identify(src/my_interfaces) by extensions ['ignore', 'ignore_ament_install']
[0.776s] Level 1:colcon.colcon_core.package_identification:_identify(src/my_interfaces) by extension 'ignore'
[0.776s] Level 1:colcon.colcon_core.package_identification:_identify(src/my_interfaces) by extension 'ignore_ament_install'
[0.776s] Level 1:colcon.colcon_core.package_identification:_identify(src/my_interfaces) by extensions ['colcon_pkg']
[0.776s] Level 1:colcon.colcon_core.package_identification:_identify(src/my_interfaces) by extension 'colcon_pkg'
[0.777s] Level 1:colcon.colcon_core.package_identification:_identify(src/my_interfaces) by extensions ['colcon_meta']
[0.777s] Level 1:colcon.colcon_core.package_identification:_identify(src/my_interfaces) by extension 'colcon_meta'
[0.777s] Level 1:colcon.colcon_core.package_identification:_identify(src/my_interfaces) by extensions ['ros']
[0.777s] Level 1:colcon.colcon_core.package_identification:_identify(src/my_interfaces) by extension 'ros'
[0.778s] DEBUG:colcon.colcon_core.package_identification:Package 'src/my_interfaces' with type 'ros.ament_cmake' and name 'my_interfaces'
[0.778s] Level 1:colcon.colcon_core.package_identification:_identify(src/my_py_pkg) by extensions ['ignore', 'ignore_ament_install']
[0.779s] Level 1:colcon.colcon_core.package_identification:_identify(src/my_py_pkg) by extension 'ignore'
[0.779s] Level 1:colcon.colcon_core.package_identification:_identify(src/my_py_pkg) by extension 'ignore_ament_install'
[0.779s] Level 1:colcon.colcon_core.package_identification:_identify(src/my_py_pkg) by extensions ['colcon_pkg']
[0.779s] Level 1:colcon.colcon_core.package_identification:_identify(src/my_py_pkg) by extension 'colcon_pkg'
[0.779s] Level 1:colcon.colcon_core.package_identification:_identify(src/my_py_pkg) by extensions ['colcon_meta']
[0.779s] Level 1:colcon.colcon_core.package_identification:_identify(src/my_py_pkg) by extension 'colcon_meta'
[0.779s] Level 1:colcon.colcon_core.package_identification:_identify(src/my_py_pkg) by extensions ['ros']
[0.779s] Level 1:colcon.colcon_core.package_identification:_identify(src/my_py_pkg) by extension 'ros'
[0.781s] DEBUG:colcon.colcon_core.package_identification:Package 'src/my_py_pkg' with type 'ros.ament_python' and name 'my_py_pkg'
[0.781s] Level 1:colcon.colcon_core.package_identification:_identify(src/radio) by extensions ['ignore', 'ignore_ament_install']
[0.781s] Level 1:colcon.colcon_core.package_identification:_identify(src/radio) by extension 'ignore'
[0.782s] Level 1:colcon.colcon_core.package_identification:_identify(src/radio) by extension 'ignore_ament_install'
[0.782s] Level 1:colcon.colcon_core.package_identification:_identify(src/radio) by extensions ['colcon_pkg']
[0.782s] Level 1:colcon.colcon_core.package_identification:_identify(src/radio) by extension 'colcon_pkg'
[0.782s] Level 1:colcon.colcon_core.package_identification:_identify(src/radio) by extensions ['colcon_meta']
[0.782s] Level 1:colcon.colcon_core.package_identification:_identify(src/radio) by extension 'colcon_meta'
[0.782s] Level 1:colcon.colcon_core.package_identification:_identify(src/radio) by extensions ['ros']
[0.782s] Level 1:colcon.colcon_core.package_identification:_identify(src/radio) by extension 'ros'
[0.784s] DEBUG:colcon.colcon_core.package_identification:Package 'src/radio' with type 'ros.ament_python' and name 'radio'
[0.784s] Level 1:colcon.colcon_core.package_discovery:discover_packages(recursive) using defaults
[0.784s] Level 1:colcon.colcon_core.package_discovery:discover_packages(ignore) discover
[0.784s] Level 1:colcon.colcon_core.package_discovery:discover_packages(ignore) using defaults
[0.784s] Level 1:colcon.colcon_core.package_discovery:discover_packages(path) discover
[0.784s] Level 1:colcon.colcon_core.package_discovery:discover_packages(path) using defaults
[0.861s] Level 1:colcon.colcon_core.package_discovery:discover_packages(prefix_path) check parameters
[0.862s] Level 1:colcon.colcon_core.package_discovery:discover_packages(prefix_path) discover
[0.867s] DEBUG:colcon.colcon_installed_package_information.package_discovery:Found 5 installed packages in /home/vfran/ros2_ws/install
[0.871s] DEBUG:colcon.colcon_installed_package_information.package_discovery:Found 294 installed packages in /opt/ros/humble
[0.874s] Level 1:colcon.colcon_core.package_discovery:discover_packages(prefix_path) using defaults
[0.969s] Level 5:colcon.colcon_core.verb:set package 'basic_calculator' build argument 'cmake_args' from command line to 'None'
[0.969s] Level 5:colcon.colcon_core.verb:set package 'basic_calculator' build argument 'cmake_target' from command line to 'None'
[0.969s] Level 5:colcon.colcon_core.verb:set package 'basic_calculator' build argument 'cmake_target_skip_unavailable' from command line to 'False'
[0.969s] Level 5:colcon.colcon_core.verb:set package 'basic_calculator' build argument 'cmake_clean_cache' from command line to 'False'
[0.969s] Level 5:colcon.colcon_core.verb:set package 'basic_calculator' build argument 'cmake_clean_first' from command line to 'False'
[0.969s] Level 5:colcon.colcon_core.verb:set package 'basic_calculator' build argument 'cmake_force_configure' from command line to 'False'
[0.969s] Level 5:colcon.colcon_core.verb:set package 'basic_calculator' build argument 'ament_cmake_args' from command line to 'None'
[0.969s] Level 5:colcon.colcon_core.verb:set package 'basic_calculator' build argument 'catkin_cmake_args' from command line to 'None'
[0.969s] Level 5:colcon.colcon_core.verb:set package 'basic_calculator' build argument 'catkin_skip_building_tests' from command line to 'False'
[0.970s] DEBUG:colcon.colcon_core.verb:Building package 'basic_calculator' with the following arguments: {'ament_cmake_args': None, 'build_base': '/home/vfran/ros2_ws/build/basic_calculator', 'catkin_cmake_args': None, 'catkin_skip_building_tests': False, 'cmake_args': None, 'cmake_clean_cache': False, 'cmake_clean_first': False, 'cmake_force_configure': False, 'cmake_target': None, 'cmake_target_skip_unavailable': False, 'install_base': '/home/vfran/ros2_ws/install/basic_calculator', 'merge_install': False, 'path': '/home/vfran/ros2_ws/src/basic_calculator', 'symlink_install': False, 'test_result_base': None}
[0.970s] Level 5:colcon.colcon_core.verb:set package 'calculator' build argument 'cmake_args' from command line to 'None'
[0.970s] Level 5:colcon.colcon_core.verb:set package 'calculator' build argument 'cmake_target' from command line to 'None'
[0.970s] Level 5:colcon.colcon_core.verb:set package 'calculator' build argument 'cmake_target_skip_unavailable' from command line to 'False'
[0.971s] Level 5:colcon.colcon_core.verb:set package 'calculator' build argument 'cmake_clean_cache' from command line to 'False'
[0.971s] Level 5:colcon.colcon_core.verb:set package 'calculator' build argument 'cmake_clean_first' from command line to 'False'
[0.971s] Level 5:colcon.colcon_core.verb:set package 'calculator' build argument 'cmake_force_configure' from command line to 'False'
[0.971s] Level 5:colcon.colcon_core.verb:set package 'calculator' build argument 'ament_cmake_args' from command line to 'None'
[0.971s] Level 5:colcon.colcon_core.verb:set package 'calculator' build argument 'catkin_cmake_args' from command line to 'None'
[0.971s] Level 5:colcon.colcon_core.verb:set package 'calculator' build argument 'catkin_skip_building_tests' from command line to 'False'
[0.971s] DEBUG:colcon.colcon_core.verb:Building package 'calculator' with the following arguments: {'ament_cmake_args': None, 'build_base': '/home/vfran/ros2_ws/build/calculator', 'catkin_cmake_args': None, 'catkin_skip_building_tests': False, 'cmake_args': None, 'cmake_clean_cache': False, 'cmake_clean_first': False, 'cmake_force_configure': False, 'cmake_target': None, 'cmake_target_skip_unavailable': False, 'install_base': '/home/vfran/ros2_ws/install/calculator', 'merge_install': False, 'path': '/home/vfran/ros2_ws/src/calculator', 'symlink_install': False, 'test_result_base': None}
[0.972s] Level 5:colcon.colcon_core.verb:set package 'my_interfaces' build argument 'cmake_args' from command line to 'None'
[0.972s] Level 5:colcon.colcon_core.verb:set package 'my_interfaces' build argument 'cmake_target' from command line to 'None'
[0.972s] Level 5:colcon.colcon_core.verb:set package 'my_interfaces' build argument 'cmake_target_skip_unavailable' from command line to 'False'
[0.972s] Level 5:colcon.colcon_core.verb:set package 'my_interfaces' build argument 'cmake_clean_cache' from command line to 'False'
[0.972s] Level 5:colcon.colcon_core.verb:set package 'my_interfaces' build argument 'cmake_clean_first' from command line to 'False'
[0.972s] Level 5:colcon.colcon_core.verb:set package 'my_interfaces' build argument 'cmake_force_configure' from command line to 'False'
[0.972s] Level 5:colcon.colcon_core.verb:set package 'my_interfaces' build argument 'ament_cmake_args' from command line to 'None'
[0.972s] Level 5:colcon.colcon_core.verb:set package 'my_interfaces' build argument 'catkin_cmake_args' from command line to 'None'
[0.972s] Level 5:colcon.colcon_core.verb:set package 'my_interfaces' build argument 'catkin_skip_building_tests' from command line to 'False'
[0.972s] DEBUG:colcon.colcon_core.verb:Building package 'my_interfaces' with the following arguments: {'ament_cmake_args': None, 'build_base': '/home/vfran/ros2_ws/build/my_interfaces', 'catkin_cmake_args': None, 'catkin_skip_building_tests': False, 'cmake_args': None, 'cmake_clean_cache': False, 'cmake_clean_first': False, 'cmake_force_configure': False, 'cmake_target': None, 'cmake_target_skip_unavailable': False, 'install_base': '/home/vfran/ros2_ws/install/my_interfaces', 'merge_install': False, 'path': '/home/vfran/ros2_ws/src/my_interfaces', 'symlink_install': False, 'test_result_base': None}
[0.973s] Level 5:colcon.colcon_core.verb:set package 'radio' build argument 'cmake_args' from command line to 'None'
[0.973s] Level 5:colcon.colcon_core.verb:set package 'radio' build argument 'cmake_target' from command line to 'None'
[0.973s] Level 5:colcon.colcon_core.verb:set package 'radio' build argument 'cmake_target_skip_unavailable' from command line to 'False'
[0.973s] Level 5:colcon.colcon_core.verb:set package 'radio' build argument 'cmake_clean_cache' from command line to 'False'
[0.973s] Level 5:colcon.colcon_core.verb:set package 'radio' build argument 'cmake_clean_first' from command line to 'False'
[0.973s] Level 5:colcon.colcon_core.verb:set package 'radio' build argument 'cmake_force_configure' from command line to 'False'
[0.973s] Level 5:colcon.colcon_core.verb:set package 'radio' build argument 'ament_cmake_args' from command line to 'None'
[0.973s] Level 5:colcon.colcon_core.verb:set package 'radio' build argument 'catkin_cmake_args' from command line to 'None'
[0.974s] Level 5:colcon.colcon_core.verb:set package 'radio' build argument 'catkin_skip_building_tests' from command line to 'False'
[0.974s] DEBUG:colcon.colcon_core.verb:Building package 'radio' with the following arguments: {'ament_cmake_args': None, 'build_base': '/home/vfran/ros2_ws/build/radio', 'catkin_cmake_args': None, 'catkin_skip_building_tests': False, 'cmake_args': None, 'cmake_clean_cache': False, 'cmake_clean_first': False, 'cmake_force_configure': False, 'cmake_target': None, 'cmake_target_skip_unavailable': False, 'install_base': '/home/vfran/ros2_ws/install/radio', 'merge_install': False, 'path': '/home/vfran/ros2_ws/src/radio', 'symlink_install': False, 'test_result_base': None}
[0.974s] Level 5:colcon.colcon_core.verb:set package 'my_py_pkg' build argument 'cmake_args' from command line to 'None'
[0.974s] Level 5:colcon.colcon_core.verb:set package 'my_py_pkg' build argument 'cmake_target' from command line to 'None'
[0.974s] Level 5:colcon.colcon_core.verb:set package 'my_py_pkg' build argument 'cmake_target_skip_unavailable' from command line to 'False'
[0.975s] Level 5:colcon.colcon_core.verb:set package 'my_py_pkg' build argument 'cmake_clean_cache' from command line to 'False'
[0.975s] Level 5:colcon.colcon_core.verb:set package 'my_py_pkg' build argument 'cmake_clean_first' from command line to 'False'
[0.975s] Level 5:colcon.colcon_core.verb:set package 'my_py_pkg' build argument 'cmake_force_configure' from command line to 'False'
[0.975s] Level 5:colcon.colcon_core.verb:set package 'my_py_pkg' build argument 'ament_cmake_args' from command line to 'None'
[0.975s] Level 5:colcon.colcon_core.verb:set package 'my_py_pkg' build argument 'catkin_cmake_args' from command line to 'None'
[0.975s] Level 5:colcon.colcon_core.verb:set package 'my_py_pkg' build argument 'catkin_skip_building_tests' from command line to 'False'
[0.975s] DEBUG:colcon.colcon_core.verb:Building package 'my_py_pkg' with the following arguments: {'ament_cmake_args': None, 'build_base': '/home/vfran/ros2_ws/build/my_py_pkg', 'catkin_cmake_args': None, 'catkin_skip_building_tests': False, 'cmake_args': None, 'cmake_clean_cache': False, 'cmake_clean_first': False, 'cmake_force_configure': False, 'cmake_target': None, 'cmake_target_skip_unavailable': False, 'install_base': '/home/vfran/ros2_ws/install/my_py_pkg', 'merge_install': False, 'path': '/home/vfran/ros2_ws/src/my_py_pkg', 'symlink_install': False, 'test_result_base': None}
[0.975s] INFO:colcon.colcon_core.executor:Executing jobs using 'parallel' executor
[0.978s] DEBUG:colcon.colcon_parallel_executor.executor.parallel:run_until_complete
[0.978s] INFO:colcon.colcon_ros.task.ament_cmake.build:Building ROS package in '/home/vfran/ros2_ws/src/my_interfaces' with build type 'ament_cmake'
[0.978s] INFO:colcon.colcon_cmake.task.cmake.build:Building CMake package in '/home/vfran/ros2_ws/src/my_interfaces'
[0.985s] INFO:colcon.colcon_core.plugin_system:Skipping extension 'colcon_core.shell.bat': Not used on non-Windows systems
[0.986s] INFO:colcon.colcon_core.shell:Skip shell extension 'powershell' for command environment: Not usable outside of PowerShell
[0.986s] DEBUG:colcon.colcon_core.shell:Skip shell extension 'dsv' for command environment
[0.996s] INFO:colcon.colcon_ros.task.ament_python.build:Building ROS package in '/home/vfran/ros2_ws/src/basic_calculator' with build type 'ament_python'
[0.996s] Level 1:colcon.colcon_core.shell:create_environment_hook('basic_calculator', 'ament_prefix_path')
[0.997s] INFO:colcon.colcon_core.shell:Creating environment hook '/home/vfran/ros2_ws/install/basic_calculator/share/basic_calculator/hook/ament_prefix_path.ps1'
[0.999s] INFO:colcon.colcon_core.shell:Creating environment descriptor '/home/vfran/ros2_ws/install/basic_calculator/share/basic_calculator/hook/ament_prefix_path.dsv'
[1.000s] INFO:colcon.colcon_core.shell:Creating environment hook '/home/vfran/ros2_ws/install/basic_calculator/share/basic_calculator/hook/ament_prefix_path.sh'
[1.003s] INFO:colcon.colcon_core.shell:Skip shell extension 'powershell' for command environment: Not usable outside of PowerShell
[1.003s] DEBUG:colcon.colcon_core.shell:Skip shell extension 'dsv' for command environment
[1.011s] INFO:colcon.colcon_ros.task.ament_python.build:Building ROS package in '/home/vfran/ros2_ws/src/calculator' with build type 'ament_python'
[1.012s] Level 1:colcon.colcon_core.shell:create_environment_hook('calculator', 'ament_prefix_path')
[1.013s] INFO:colcon.colcon_core.shell:Creating environment hook '/home/vfran/ros2_ws/install/calculator/share/calculator/hook/ament_prefix_path.ps1'
[1.014s] INFO:colcon.colcon_core.shell:Creating environment descriptor '/home/vfran/ros2_ws/install/calculator/share/calculator/hook/ament_prefix_path.dsv'
[1.015s] INFO:colcon.colcon_core.shell:Creating environment hook '/home/vfran/ros2_ws/install/calculator/share/calculator/hook/ament_prefix_path.sh'
[1.016s] INFO:colcon.colcon_core.shell:Skip shell extension 'powershell' for command environment: Not usable outside of PowerShell
[1.017s] DEBUG:colcon.colcon_core.shell:Skip shell extension 'dsv' for command environment
[1.024s] INFO:colcon.colcon_ros.task.ament_python.build:Building ROS package in '/home/vfran/ros2_ws/src/radio' with build type 'ament_python'
[1.025s] Level 1:colcon.colcon_core.shell:create_environment_hook('radio', 'ament_prefix_path')
[1.026s] INFO:colcon.colcon_core.shell:Creating environment hook '/home/vfran/ros2_ws/install/radio/share/radio/hook/ament_prefix_path.ps1'
[1.026s] INFO:colcon.colcon_core.shell:Creating environment descriptor '/home/vfran/ros2_ws/install/radio/share/radio/hook/ament_prefix_path.dsv'
[1.027s] INFO:colcon.colcon_core.shell:Creating environment hook '/home/vfran/ros2_ws/install/radio/share/radio/hook/ament_prefix_path.sh'
[1.028s] INFO:colcon.colcon_core.shell:Skip shell extension 'powershell' for command environment: Not usable outside of PowerShell
[1.029s] DEBUG:colcon.colcon_core.shell:Skip shell extension 'dsv' for command environment
[1.053s] DEBUG:colcon.colcon_core.event_handler.log_command:Invoking command in '/home/vfran/ros2_ws/build/my_interfaces': CMAKE_PREFIX_PATH=${CMAKE_PREFIX_PATH}:/home/vfran/ros2_ws/install/radio:/home/vfran/ros2_ws/install/my_py_pkg:/home/vfran/ros2_ws/install/calculator:/home/vfran/ros2_ws/install/basic_calculator:/opt/ros/humble /usr/local/bin/cmake --build /home/vfran/ros2_ws/build/my_interfaces -- -j16 -l16
[1.698s] INFO:colcon.colcon_core.task.python.build:Building Python package in '/home/vfran/ros2_ws/src/basic_calculator'
[1.699s] INFO:colcon.colcon_core.shell:Skip shell extension 'powershell' for command environment: Not usable outside of PowerShell
[1.699s] DEBUG:colcon.colcon_core.shell:Skip shell extension 'dsv' for command environment
[2.335s] INFO:colcon.colcon_core.task.python.build:Building Python package in '/home/vfran/ros2_ws/src/calculator'
[2.336s] INFO:colcon.colcon_core.shell:Skip shell extension 'powershell' for command environment: Not usable outside of PowerShell
[2.336s] DEBUG:colcon.colcon_core.shell:Skip shell extension 'dsv' for command environment
[2.956s] INFO:colcon.colcon_core.task.python.build:Building Python package in '/home/vfran/ros2_ws/src/radio'
[2.956s] INFO:colcon.colcon_core.shell:Skip shell extension 'powershell' for command environment: Not usable outside of PowerShell
[2.956s] DEBUG:colcon.colcon_core.shell:Skip shell extension 'dsv' for command environment
[2.970s] DEBUG:colcon.colcon_core.event_handler.log_command:Invoked command in '/home/vfran/ros2_ws/build/my_interfaces' returned '0': CMAKE_PREFIX_PATH=${CMAKE_PREFIX_PATH}:/home/vfran/ros2_ws/install/radio:/home/vfran/ros2_ws/install/my_py_pkg:/home/vfran/ros2_ws/install/calculator:/home/vfran/ros2_ws/install/basic_calculator:/opt/ros/humble /usr/local/bin/cmake --build /home/vfran/ros2_ws/build/my_interfaces -- -j16 -l16
[3.253s] DEBUG:colcon.colcon_core.event_handler.log_command:Invoking command in '/home/vfran/ros2_ws/build/my_interfaces': CMAKE_PREFIX_PATH=${CMAKE_PREFIX_PATH}:/home/vfran/ros2_ws/install/radio:/home/vfran/ros2_ws/install/my_py_pkg:/home/vfran/ros2_ws/install/calculator:/home/vfran/ros2_ws/install/basic_calculator:/opt/ros/humble /usr/local/bin/cmake --install /home/vfran/ros2_ws/build/my_interfaces
[3.390s] Level 1:colcon.colcon_core.environment:create_environment_scripts_only(my_interfaces)
[3.391s] DEBUG:colcon.colcon_core.event_handler.log_command:Invoked command in '/home/vfran/ros2_ws/build/my_interfaces' returned '0': CMAKE_PREFIX_PATH=${CMAKE_PREFIX_PATH}:/home/vfran/ros2_ws/install/radio:/home/vfran/ros2_ws/install/my_py_pkg:/home/vfran/ros2_ws/install/calculator:/home/vfran/ros2_ws/install/basic_calculator:/opt/ros/humble /usr/local/bin/cmake --install /home/vfran/ros2_ws/build/my_interfaces
[3.398s] Level 1:colcon.colcon_core.environment:checking '/home/vfran/ros2_ws/install/my_interfaces' for CMake module files
[3.399s] Level 1:colcon.colcon_core.environment:checking '/home/vfran/ros2_ws/install/my_interfaces' for CMake config files
[3.400s] Level 1:colcon.colcon_core.shell:create_environment_hook('my_interfaces', 'cmake_prefix_path')
[3.400s] INFO:colcon.colcon_core.shell:Creating environment hook '/home/vfran/ros2_ws/install/my_interfaces/share/my_interfaces/hook/cmake_prefix_path.ps1'
[3.401s] INFO:colcon.colcon_core.shell:Creating environment descriptor '/home/vfran/ros2_ws/install/my_interfaces/share/my_interfaces/hook/cmake_prefix_path.dsv'
[3.402s] INFO:colcon.colcon_core.shell:Creating environment hook '/home/vfran/ros2_ws/install/my_interfaces/share/my_interfaces/hook/cmake_prefix_path.sh'
[3.403s] Level 1:colcon.colcon_core.environment:checking '/home/vfran/ros2_ws/install/my_interfaces/lib'
[3.404s] Level 1:colcon.colcon_core.shell:create_environment_hook('my_interfaces', 'ld_library_path_lib')
[3.404s] INFO:colcon.colcon_core.shell:Creating environment hook '/home/vfran/ros2_ws/install/my_interfaces/share/my_interfaces/hook/ld_library_path_lib.ps1'
[3.405s] INFO:colcon.colcon_core.shell:Creating environment descriptor '/home/vfran/ros2_ws/install/my_interfaces/share/my_interfaces/hook/ld_library_path_lib.dsv'
[3.406s] INFO:colcon.colcon_core.shell:Creating environment hook '/home/vfran/ros2_ws/install/my_interfaces/share/my_interfaces/hook/ld_library_path_lib.sh'
[3.406s] Level 1:colcon.colcon_core.environment:checking '/home/vfran/ros2_ws/install/my_interfaces/bin'
[3.407s] Level 1:colcon.colcon_core.environment:checking '/home/vfran/ros2_ws/install/my_interfaces/lib/pkgconfig/my_interfaces.pc'
[3.407s] Level 1:colcon.colcon_core.environment:checking '/home/vfran/ros2_ws/install/my_interfaces/lib/python3.10/site-packages'
[3.408s] Level 1:colcon.colcon_core.environment:checking '/home/vfran/ros2_ws/install/my_interfaces/bin'
[3.408s] INFO:colcon.colcon_core.shell:Creating package script '/home/vfran/ros2_ws/install/my_interfaces/share/my_interfaces/package.ps1'
[3.411s] INFO:colcon.colcon_core.shell:Creating package descriptor '/home/vfran/ros2_ws/install/my_interfaces/share/my_interfaces/package.dsv'
[3.412s] INFO:colcon.colcon_core.shell:Creating package script '/home/vfran/ros2_ws/install/my_interfaces/share/my_interfaces/package.sh'
[3.414s] INFO:colcon.colcon_core.shell:Creating package script '/home/vfran/ros2_ws/install/my_interfaces/share/my_interfaces/package.bash'
[3.416s] INFO:colcon.colcon_core.shell:Creating package script '/home/vfran/ros2_ws/install/my_interfaces/share/my_interfaces/package.zsh'
[3.418s] Level 1:colcon.colcon_core.environment:create_file_with_runtime_dependencies(/home/vfran/ros2_ws/install/my_interfaces/share/colcon-core/packages/my_interfaces)
[3.689s] Level 1:colcon.colcon_core.environment:create_environment_scripts_only(my_interfaces)
[3.690s] Level 1:colcon.colcon_core.environment:checking '/home/vfran/ros2_ws/install/my_interfaces' for CMake module files
[3.692s] Level 1:colcon.colcon_core.environment:checking '/home/vfran/ros2_ws/install/my_interfaces' for CMake config files
[3.693s] Level 1:colcon.colcon_core.shell:create_environment_hook('my_interfaces', 'cmake_prefix_path')
[3.693s] INFO:colcon.colcon_core.shell:Creating environment hook '/home/vfran/ros2_ws/install/my_interfaces/share/my_interfaces/hook/cmake_prefix_path.ps1'
[3.694s] INFO:colcon.colcon_core.shell:Creating environment descriptor '/home/vfran/ros2_ws/install/my_interfaces/share/my_interfaces/hook/cmake_prefix_path.dsv'
[3.695s] INFO:colcon.colcon_core.shell:Creating environment hook '/home/vfran/ros2_ws/install/my_interfaces/share/my_interfaces/hook/cmake_prefix_path.sh'
[3.696s] Level 1:colcon.colcon_core.environment:checking '/home/vfran/ros2_ws/install/my_interfaces/lib'
[3.696s] Level 1:colcon.colcon_core.shell:create_environment_hook('my_interfaces', 'ld_library_path_lib')
[3.697s] INFO:colcon.colcon_core.shell:Creating environment hook '/home/vfran/ros2_ws/install/my_interfaces/share/my_interfaces/hook/ld_library_path_lib.ps1'
[3.697s] INFO:colcon.colcon_core.shell:Creating environment descriptor '/home/vfran/ros2_ws/install/my_interfaces/share/my_interfaces/hook/ld_library_path_lib.dsv'
[3.698s] INFO:colcon.colcon_core.shell:Creating environment hook '/home/vfran/ros2_ws/install/my_interfaces/share/my_interfaces/hook/ld_library_path_lib.sh'
[3.699s] Level 1:colcon.colcon_core.environment:checking '/home/vfran/ros2_ws/install/my_interfaces/bin'
[3.699s] Level 1:colcon.colcon_core.environment:checking '/home/vfran/ros2_ws/install/my_interfaces/lib/pkgconfig/my_interfaces.pc'
[3.700s] Level 1:colcon.colcon_core.environment:checking '/home/vfran/ros2_ws/install/my_interfaces/lib/python3.10/site-packages'
[3.700s] Level 1:colcon.colcon_core.environment:checking '/home/vfran/ros2_ws/install/my_interfaces/bin'
[3.701s] INFO:colcon.colcon_core.shell:Creating package script '/home/vfran/ros2_ws/install/my_interfaces/share/my_interfaces/package.ps1'
[3.702s] INFO:colcon.colcon_core.shell:Creating package descriptor '/home/vfran/ros2_ws/install/my_interfaces/share/my_interfaces/package.dsv'
[3.703s] INFO:colcon.colcon_core.shell:Creating package script '/home/vfran/ros2_ws/install/my_interfaces/share/my_interfaces/package.sh'
[3.704s] INFO:colcon.colcon_core.shell:Creating package script '/home/vfran/ros2_ws/install/my_interfaces/share/my_interfaces/package.bash'
[3.704s] INFO:colcon.colcon_core.shell:Creating package script '/home/vfran/ros2_ws/install/my_interfaces/share/my_interfaces/package.zsh'
[3.705s] Level 1:colcon.colcon_core.environment:create_file_with_runtime_dependencies(/home/vfran/ros2_ws/install/my_interfaces/share/colcon-core/packages/my_interfaces)
[3.706s] INFO:colcon.colcon_ros.task.ament_python.build:Building ROS package in '/home/vfran/ros2_ws/src/my_py_pkg' with build type 'ament_python'
[3.706s] Level 1:colcon.colcon_core.shell:create_environment_hook('my_py_pkg', 'ament_prefix_path')
[3.707s] INFO:colcon.colcon_core.shell:Creating environment hook '/home/vfran/ros2_ws/install/my_py_pkg/share/my_py_pkg/hook/ament_prefix_path.ps1'
[3.708s] INFO:colcon.colcon_core.shell:Creating environment descriptor '/home/vfran/ros2_ws/install/my_py_pkg/share/my_py_pkg/hook/ament_prefix_path.dsv'
[3.710s] INFO:colcon.colcon_core.shell:Creating environment hook '/home/vfran/ros2_ws/install/my_py_pkg/share/my_py_pkg/hook/ament_prefix_path.sh'
[3.711s] INFO:colcon.colcon_core.shell:Skip shell extension 'powershell' for command environment: Not usable outside of PowerShell
[3.711s] DEBUG:colcon.colcon_core.shell:Skip shell extension 'dsv' for command environment
[4.334s] INFO:colcon.colcon_core.task.python.build:Building Python package in '/home/vfran/ros2_ws/src/my_py_pkg'
[4.335s] INFO:colcon.colcon_core.shell:Skip shell extension 'powershell' for command environment: Not usable outside of PowerShell
[4.335s] DEBUG:colcon.colcon_core.shell:Skip shell extension 'dsv' for command environment
[4.356s] DEBUG:colcon.colcon_core.event_handler.log_command:Invoking command in '/home/vfran/ros2_ws/src/radio': PYTHONPATH=/home/vfran/ros2_ws/build/radio/prefix_override:/home/vfran/ros2_ws/install/radio/lib/python3.10/site-packages:${PYTHONPATH} /usr/bin/python3 -W ignore:setup.py install is deprecated setup.py egg_info --egg-base ../../build/radio build --build-base /home/vfran/ros2_ws/build/radio/build install --record /home/vfran/ros2_ws/build/radio/install.log --single-version-externally-managed install_data
[4.361s] DEBUG:colcon.colcon_core.event_handler.log_command:Invoking command in '/home/vfran/ros2_ws/src/calculator': PYTHONPATH=/home/vfran/ros2_ws/build/calculator/prefix_override:/home/vfran/ros2_ws/install/calculator/lib/python3.10/site-packages:${PYTHONPATH} /usr/bin/python3 -W ignore:setup.py install is deprecated setup.py egg_info --egg-base ../../build/calculator build --build-base /home/vfran/ros2_ws/build/calculator/build install --record /home/vfran/ros2_ws/build/calculator/install.log --single-version-externally-managed install_data
[4.366s] DEBUG:colcon.colcon_core.event_handler.log_command:Invoking command in '/home/vfran/ros2_ws/src/basic_calculator': PYTHONPATH=/home/vfran/ros2_ws/build/basic_calculator/prefix_override:/home/vfran/ros2_ws/install/basic_calculator/lib/python3.10/site-packages:${PYTHONPATH} /usr/bin/python3 -W ignore:setup.py install is deprecated setup.py egg_info --egg-base ../../build/basic_calculator build --build-base /home/vfran/ros2_ws/build/basic_calculator/build install --record /home/vfran/ros2_ws/build/basic_calculator/install.log --single-version-externally-managed install_data
[5.056s] Level 1:colcon.colcon_core.environment:checking '/home/vfran/ros2_ws/install/calculator' for CMake module files
[5.058s] DEBUG:colcon.colcon_core.event_handler.log_command:Invoked command in '/home/vfran/ros2_ws/src/calculator' returned '0': PYTHONPATH=/home/vfran/ros2_ws/build/calculator/prefix_override:/home/vfran/ros2_ws/install/calculator/lib/python3.10/site-packages:${PYTHONPATH} /usr/bin/python3 -W ignore:setup.py install is deprecated setup.py egg_info --egg-base ../../build/calculator build --build-base /home/vfran/ros2_ws/build/calculator/build install --record /home/vfran/ros2_ws/build/calculator/install.log --single-version-externally-managed install_data
[5.059s] Level 1:colcon.colcon_core.environment:checking '/home/vfran/ros2_ws/install/calculator' for CMake config files
[5.061s] Level 1:colcon.colcon_core.environment:checking '/home/vfran/ros2_ws/install/calculator/lib'
[5.061s] Level 1:colcon.colcon_core.environment:checking '/home/vfran/ros2_ws/install/calculator/bin'
[5.061s] Level 1:colcon.colcon_core.environment:checking '/home/vfran/ros2_ws/install/calculator/lib/pkgconfig/calculator.pc'
[5.062s] Level 1:colcon.colcon_core.environment:checking '/home/vfran/ros2_ws/install/calculator/lib/python3.10/site-packages'
[5.062s] Level 1:colcon.colcon_core.shell:create_environment_hook('calculator', 'pythonpath')
[5.063s] INFO:colcon.colcon_core.shell:Creating environment hook '/home/vfran/ros2_ws/install/calculator/share/calculator/hook/pythonpath.ps1'
[5.064s] INFO:colcon.colcon_core.shell:Creating environment descriptor '/home/vfran/ros2_ws/install/calculator/share/calculator/hook/pythonpath.dsv'
[5.066s] INFO:colcon.colcon_core.shell:Creating environment hook '/home/vfran/ros2_ws/install/calculator/share/calculator/hook/pythonpath.sh'
[5.067s] Level 1:colcon.colcon_core.environment:checking '/home/vfran/ros2_ws/install/calculator/bin'
[5.068s] Level 1:colcon.colcon_core.environment:create_environment_scripts_only(calculator)
[5.069s] INFO:colcon.colcon_core.shell:Creating package script '/home/vfran/ros2_ws/install/calculator/share/calculator/package.ps1'
[5.070s] INFO:colcon.colcon_core.shell:Creating package descriptor '/home/vfran/ros2_ws/install/calculator/share/calculator/package.dsv'
[5.072s] INFO:colcon.colcon_core.shell:Creating package script '/home/vfran/ros2_ws/install/calculator/share/calculator/package.sh'
[5.073s] INFO:colcon.colcon_core.shell:Creating package script '/home/vfran/ros2_ws/install/calculator/share/calculator/package.bash'
[5.074s] INFO:colcon.colcon_core.shell:Creating package script '/home/vfran/ros2_ws/install/calculator/share/calculator/package.zsh'
[5.075s] Level 1:colcon.colcon_core.environment:create_file_with_runtime_dependencies(/home/vfran/ros2_ws/install/calculator/share/colcon-core/packages/calculator)
[5.078s] Level 1:colcon.colcon_core.environment:checking '/home/vfran/ros2_ws/install/basic_calculator' for CMake module files
[5.080s] DEBUG:colcon.colcon_core.event_handler.log_command:Invoked command in '/home/vfran/ros2_ws/src/basic_calculator' returned '0': PYTHONPATH=/home/vfran/ros2_ws/build/basic_calculator/prefix_override:/home/vfran/ros2_ws/install/basic_calculator/lib/python3.10/site-packages:${PYTHONPATH} /usr/bin/python3 -W ignore:setup.py install is deprecated setup.py egg_info --egg-base ../../build/basic_calculator build --build-base /home/vfran/ros2_ws/build/basic_calculator/build install --record /home/vfran/ros2_ws/build/basic_calculator/install.log --single-version-externally-managed install_data
[5.080s] Level 1:colcon.colcon_core.environment:checking '/home/vfran/ros2_ws/install/basic_calculator' for CMake config files
[5.082s] Level 1:colcon.colcon_core.environment:checking '/home/vfran/ros2_ws/install/basic_calculator/lib'
[5.082s] Level 1:colcon.colcon_core.environment:checking '/home/vfran/ros2_ws/install/basic_calculator/bin'
[5.082s] Level 1:colcon.colcon_core.environment:checking '/home/vfran/ros2_ws/install/basic_calculator/lib/pkgconfig/basic_calculator.pc'
[5.082s] Level 1:colcon.colcon_core.environment:checking '/home/vfran/ros2_ws/install/basic_calculator/lib/python3.10/site-packages'
[5.083s] Level 1:colcon.colcon_core.shell:create_environment_hook('basic_calculator', 'pythonpath')
[5.083s] INFO:colcon.colcon_core.shell:Creating environment hook '/home/vfran/ros2_ws/install/basic_calculator/share/basic_calculator/hook/pythonpath.ps1'
[5.084s] INFO:colcon.colcon_core.shell:Creating environment descriptor '/home/vfran/ros2_ws/install/basic_calculator/share/basic_calculator/hook/pythonpath.dsv'
[5.085s] INFO:colcon.colcon_core.shell:Creating environment hook '/home/vfran/ros2_ws/install/basic_calculator/share/basic_calculator/hook/pythonpath.sh'
[5.086s] Level 1:colcon.colcon_core.environment:checking '/home/vfran/ros2_ws/install/basic_calculator/bin'
[5.086s] Level 1:colcon.colcon_core.environment:create_environment_scripts_only(basic_calculator)
[5.087s] INFO:colcon.colcon_core.shell:Creating package script '/home/vfran/ros2_ws/install/basic_calculator/share/basic_calculator/package.ps1'
[5.088s] INFO:colcon.colcon_core.shell:Creating package descriptor '/home/vfran/ros2_ws/install/basic_calculator/share/basic_calculator/package.dsv'
[5.089s] INFO:colcon.colcon_core.shell:Creating package script '/home/vfran/ros2_ws/install/basic_calculator/share/basic_calculator/package.sh'
[5.090s] INFO:colcon.colcon_core.shell:Creating package script '/home/vfran/ros2_ws/install/basic_calculator/share/basic_calculator/package.bash'
[5.090s] INFO:colcon.colcon_core.shell:Creating package script '/home/vfran/ros2_ws/install/basic_calculator/share/basic_calculator/package.zsh'
[5.091s] Level 1:colcon.colcon_core.environment:create_file_with_runtime_dependencies(/home/vfran/ros2_ws/install/basic_calculator/share/colcon-core/packages/basic_calculator)
[5.092s] Level 1:colcon.colcon_core.environment:checking '/home/vfran/ros2_ws/install/radio' for CMake module files
[5.095s] DEBUG:colcon.colcon_core.event_handler.log_command:Invoked command in '/home/vfran/ros2_ws/src/radio' returned '0': PYTHONPATH=/home/vfran/ros2_ws/build/radio/prefix_override:/home/vfran/ros2_ws/install/radio/lib/python3.10/site-packages:${PYTHONPATH} /usr/bin/python3 -W ignore:setup.py install is deprecated setup.py egg_info --egg-base ../../build/radio build --build-base /home/vfran/ros2_ws/build/radio/build install --record /home/vfran/ros2_ws/build/radio/install.log --single-version-externally-managed install_data
[5.095s] Level 1:colcon.colcon_core.environment:checking '/home/vfran/ros2_ws/install/radio' for CMake config files
[5.097s] Level 1:colcon.colcon_core.environment:checking '/home/vfran/ros2_ws/install/radio/lib'
[5.097s] Level 1:colcon.colcon_core.environment:checking '/home/vfran/ros2_ws/install/radio/bin'
[5.097s] Level 1:colcon.colcon_core.environment:checking '/home/vfran/ros2_ws/install/radio/lib/pkgconfig/radio.pc'
[5.098s] Level 1:colcon.colcon_core.environment:checking '/home/vfran/ros2_ws/install/radio/lib/python3.10/site-packages'
[5.098s] Level 1:colcon.colcon_core.shell:create_environment_hook('radio', 'pythonpath')
[5.099s] INFO:colcon.colcon_core.shell:Creating environment hook '/home/vfran/ros2_ws/install/radio/share/radio/hook/pythonpath.ps1'
[5.099s] INFO:colcon.colcon_core.shell:Creating environment descriptor '/home/vfran/ros2_ws/install/radio/share/radio/hook/pythonpath.dsv'
[5.100s] INFO:colcon.colcon_core.shell:Creating environment hook '/home/vfran/ros2_ws/install/radio/share/radio/hook/pythonpath.sh'
[5.102s] Level 1:colcon.colcon_core.environment:checking '/home/vfran/ros2_ws/install/radio/bin'
[5.102s] Level 1:colcon.colcon_core.environment:create_environment_scripts_only(radio)
[5.103s] INFO:colcon.colcon_core.shell:Creating package script '/home/vfran/ros2_ws/install/radio/share/radio/package.ps1'
[5.104s] INFO:colcon.colcon_core.shell:Creating package descriptor '/home/vfran/ros2_ws/install/radio/share/radio/package.dsv'
[5.105s] INFO:colcon.colcon_core.shell:Creating package script '/home/vfran/ros2_ws/install/radio/share/radio/package.sh'
[5.106s] INFO:colcon.colcon_core.shell:Creating package script '/home/vfran/ros2_ws/install/radio/share/radio/package.bash'
[5.107s] INFO:colcon.colcon_core.shell:Creating package script '/home/vfran/ros2_ws/install/radio/share/radio/package.zsh'
[5.108s] Level 1:colcon.colcon_core.environment:create_file_with_runtime_dependencies(/home/vfran/ros2_ws/install/radio/share/colcon-core/packages/radio)
[5.165s] DEBUG:colcon.colcon_core.event_handler.log_command:Invoking command in '/home/vfran/ros2_ws/src/my_py_pkg': PYTHONPATH=/home/vfran/ros2_ws/build/my_py_pkg/prefix_override:/home/vfran/ros2_ws/install/my_py_pkg/lib/python3.10/site-packages:${PYTHONPATH} /usr/bin/python3 -W ignore:setup.py install is deprecated setup.py egg_info --egg-base ../../build/my_py_pkg build --build-base /home/vfran/ros2_ws/build/my_py_pkg/build install --record /home/vfran/ros2_ws/build/my_py_pkg/install.log --single-version-externally-managed install_data
[5.842s] Level 1:colcon.colcon_core.environment:checking '/home/vfran/ros2_ws/install/my_py_pkg' for CMake module files
[5.844s] DEBUG:colcon.colcon_core.event_handler.log_command:Invoked command in '/home/vfran/ros2_ws/src/my_py_pkg' returned '0': PYTHONPATH=/home/vfran/ros2_ws/build/my_py_pkg/prefix_override:/home/vfran/ros2_ws/install/my_py_pkg/lib/python3.10/site-packages:${PYTHONPATH} /usr/bin/python3 -W ignore:setup.py install is deprecated setup.py egg_info --egg-base ../../build/my_py_pkg build --build-base /home/vfran/ros2_ws/build/my_py_pkg/build install --record /home/vfran/ros2_ws/build/my_py_pkg/install.log --single-version-externally-managed install_data
[5.845s] Level 1:colcon.colcon_core.environment:checking '/home/vfran/ros2_ws/install/my_py_pkg' for CMake config files
[5.846s] Level 1:colcon.colcon_core.environment:checking '/home/vfran/ros2_ws/install/my_py_pkg/lib'
[5.846s] Level 1:colcon.colcon_core.environment:checking '/home/vfran/ros2_ws/install/my_py_pkg/bin'
[5.846s] Level 1:colcon.colcon_core.environment:checking '/home/vfran/ros2_ws/install/my_py_pkg/lib/pkgconfig/my_py_pkg.pc'
[5.847s] Level 1:colcon.colcon_core.environment:checking '/home/vfran/ros2_ws/install/my_py_pkg/lib/python3.10/site-packages'
[5.847s] Level 1:colcon.colcon_core.shell:create_environment_hook('my_py_pkg', 'pythonpath')
[5.847s] INFO:colcon.colcon_core.shell:Creating environment hook '/home/vfran/ros2_ws/install/my_py_pkg/share/my_py_pkg/hook/pythonpath.ps1'
[5.848s] INFO:colcon.colcon_core.shell:Creating environment descriptor '/home/vfran/ros2_ws/install/my_py_pkg/share/my_py_pkg/hook/pythonpath.dsv'
[5.849s] INFO:colcon.colcon_core.shell:Creating environment hook '/home/vfran/ros2_ws/install/my_py_pkg/share/my_py_pkg/hook/pythonpath.sh'
[5.850s] Level 1:colcon.colcon_core.environment:checking '/home/vfran/ros2_ws/install/my_py_pkg/bin'
[5.850s] Level 1:colcon.colcon_core.environment:create_environment_scripts_only(my_py_pkg)
[5.851s] INFO:colcon.colcon_core.shell:Creating package script '/home/vfran/ros2_ws/install/my_py_pkg/share/my_py_pkg/package.ps1'
[5.852s] INFO:colcon.colcon_core.shell:Creating package descriptor '/home/vfran/ros2_ws/install/my_py_pkg/share/my_py_pkg/package.dsv'
[5.853s] INFO:colcon.colcon_core.shell:Creating package script '/home/vfran/ros2_ws/install/my_py_pkg/share/my_py_pkg/package.sh'
[5.854s] INFO:colcon.colcon_core.shell:Creating package script '/home/vfran/ros2_ws/install/my_py_pkg/share/my_py_pkg/package.bash'
[5.854s] INFO:colcon.colcon_core.shell:Creating package script '/home/vfran/ros2_ws/install/my_py_pkg/share/my_py_pkg/package.zsh'
[5.855s] Level 1:colcon.colcon_core.environment:create_file_with_runtime_dependencies(/home/vfran/ros2_ws/install/my_py_pkg/share/colcon-core/packages/my_py_pkg)
[5.855s] DEBUG:colcon.colcon_parallel_executor.executor.parallel:closing loop
[5.856s] DEBUG:colcon.colcon_parallel_executor.executor.parallel:loop closed
[5.856s] DEBUG:colcon.colcon_parallel_executor.executor.parallel:run_until_complete finished with '0'
[5.856s] DEBUG:colcon.colcon_core.event_reactor:joining thread
[5.869s] INFO:colcon.colcon_core.plugin_system:Skipping extension 'colcon_notification.desktop_notification.terminal_notifier': Not used on non-Darwin systems
[5.869s] INFO:colcon.colcon_core.plugin_system:Skipping extension 'colcon_notification.desktop_notification.win32': Not used on non-Windows systems
[5.870s] INFO:colcon.colcon_notification.desktop_notification:Sending desktop notification using 'notify2'
[5.898s] DEBUG:colcon.colcon_core.event_reactor:joined thread
[5.899s] INFO:colcon.colcon_core.shell:Creating prefix script '/home/vfran/ros2_ws/install/local_setup.ps1'
[5.901s] INFO:colcon.colcon_core.shell:Creating prefix util module '/home/vfran/ros2_ws/install/_local_setup_util_ps1.py'
[5.905s] INFO:colcon.colcon_core.shell:Creating prefix chain script '/home/vfran/ros2_ws/install/setup.ps1'
[5.908s] INFO:colcon.colcon_core.shell:Creating prefix script '/home/vfran/ros2_ws/install/local_setup.sh'
[5.909s] INFO:colcon.colcon_core.shell:Creating prefix util module '/home/vfran/ros2_ws/install/_local_setup_util_sh.py'
[5.910s] INFO:colcon.colcon_core.shell:Creating prefix chain script '/home/vfran/ros2_ws/install/setup.sh'
[5.913s] INFO:colcon.colcon_core.shell:Creating prefix script '/home/vfran/ros2_ws/install/local_setup.bash'
[5.915s] INFO:colcon.colcon_core.shell:Creating prefix chain script '/home/vfran/ros2_ws/install/setup.bash'
[5.918s] INFO:colcon.colcon_core.shell:Creating prefix script '/home/vfran/ros2_ws/install/local_setup.zsh'
[5.919s] INFO:colcon.colcon_core.shell:Creating prefix chain script '/home/vfran/ros2_ws/install/setup.zsh'
