[1.404s] Invoking command in '/home/vfran/ros2_ws/build/my_py_pkg': PYTHONPATH=/home/vfran/ros2_ws/build/my_py_pkg/prefix_override:/home/vfran/ros2_ws/install/my_py_pkg/lib/python3.10/site-packages:${PYTHONPATH} /usr/bin/python3 -W ignore:setup.py install is deprecated setup.py develop --editable --build-directory /home/vfran/ros2_ws/build/my_py_pkg/build --no-deps symlink_data
[2.007s] running develop
[2.007s] /usr/lib/python3/dist-packages/setuptools/command/easy_install.py:158: EasyInstallDeprecationWarning: easy_install command is deprecated. Use build and pip and other standards-based tools.
[2.008s]   warnings.warn(
[2.393s] running egg_info
[2.394s] writing my_py_pkg.egg-info/PKG-INFO
[2.394s] writing dependency_links to my_py_pkg.egg-info/dependency_links.txt
[2.394s] writing entry points to my_py_pkg.egg-info/entry_points.txt
[2.394s] writing requirements to my_py_pkg.egg-info/requires.txt
[2.395s] writing top-level names to my_py_pkg.egg-info/top_level.txt
[2.398s] reading manifest file 'my_py_pkg.egg-info/SOURCES.txt'
[2.400s] writing manifest file 'my_py_pkg.egg-info/SOURCES.txt'
[2.403s] running build_ext
[2.403s] Creating /home/vfran/ros2_ws/install/my_py_pkg/lib/python3.10/site-packages/my-py-pkg.egg-link (link to .)
[2.405s] Installing calculator_server script to /home/vfran/ros2_ws/install/my_py_pkg/lib/my_py_pkg
[2.405s] Installing py_node script to /home/vfran/ros2_ws/install/my_py_pkg/lib/my_py_pkg
[2.405s] Installing radioreceiver script to /home/vfran/ros2_ws/install/my_py_pkg/lib/my_py_pkg
[2.406s] Installing radiostation script to /home/vfran/ros2_ws/install/my_py_pkg/lib/my_py_pkg
[2.406s] 
[2.407s] Installed /home/vfran/ros2_ws/build/my_py_pkg
[2.407s] running symlink_data
[2.468s] Invoked command in '/home/vfran/ros2_ws/build/my_py_pkg' returned '0': PYTHONPATH=/home/vfran/ros2_ws/build/my_py_pkg/prefix_override:/home/vfran/ros2_ws/install/my_py_pkg/lib/python3.10/site-packages:${PYTHONPATH} /usr/bin/python3 -W ignore:setup.py install is deprecated setup.py develop --editable --build-directory /home/vfran/ros2_ws/build/my_py_pkg/build --no-deps symlink_data
