[1.487s] Invoking command in '/home/vfran/ros2_ws/src/predator_and_prey': PYTHONPATH=/home/vfran/ros2_ws/build/predator_and_prey/prefix_override:/home/vfran/ros2_ws/install/predator_and_prey/lib/python3.10/site-packages:${PYTHONPATH} /usr/bin/python3 -W ignore:setup.py install is deprecated setup.py egg_info --egg-base ../../build/predator_and_prey build --build-base /home/vfran/ros2_ws/build/predator_and_prey/build install --record /home/vfran/ros2_ws/build/predator_and_prey/install.log --single-version-externally-managed install_data
[1.717s] running egg_info
[1.717s] writing ../../build/predator_and_prey/predator_and_prey.egg-info/PKG-INFO
[1.718s] writing dependency_links to ../../build/predator_and_prey/predator_and_prey.egg-info/dependency_links.txt
[1.718s] writing entry points to ../../build/predator_and_prey/predator_and_prey.egg-info/entry_points.txt
[1.718s] writing requirements to ../../build/predator_and_prey/predator_and_prey.egg-info/requires.txt
[1.719s] writing top-level names to ../../build/predator_and_prey/predator_and_prey.egg-info/top_level.txt
[1.720s] reading manifest file '../../build/predator_and_prey/predator_and_prey.egg-info/SOURCES.txt'
[1.721s] writing manifest file '../../build/predator_and_prey/predator_and_prey.egg-info/SOURCES.txt'
[1.721s] running build
[1.721s] running build_py
[1.721s] copying predator_and_prey/predator_controller.py -> /home/vfran/ros2_ws/build/predator_and_prey/build/lib/predator_and_prey
[1.721s] running install
[1.722s] running install_lib
[1.723s] copying /home/vfran/ros2_ws/build/predator_and_prey/build/lib/predator_and_prey/predator_controller.py -> /home/vfran/ros2_ws/install/predator_and_prey/lib/python3.10/site-packages/predator_and_prey
[1.723s] byte-compiling /home/vfran/ros2_ws/install/predator_and_prey/lib/python3.10/site-packages/predator_and_prey/predator_controller.py to predator_controller.cpython-310.pyc
[1.724s] running install_data
[1.724s] running install_egg_info
[1.726s] removing '/home/vfran/ros2_ws/install/predator_and_prey/lib/python3.10/site-packages/predator_and_prey-0.0.0-py3.10.egg-info' (and everything under it)
[1.726s] Copying ../../build/predator_and_prey/predator_and_prey.egg-info to /home/vfran/ros2_ws/install/predator_and_prey/lib/python3.10/site-packages/predator_and_prey-0.0.0-py3.10.egg-info
[1.727s] running install_scripts
[1.747s] Installing predator_controller script to /home/vfran/ros2_ws/install/predator_and_prey/lib/predator_and_prey
[1.748s] writing list of installed files to '/home/vfran/ros2_ws/build/predator_and_prey/install.log'
[1.804s] Invoked command in '/home/vfran/ros2_ws/src/predator_and_prey' returned '0': PYTHONPATH=/home/vfran/ros2_ws/build/predator_and_prey/prefix_override:/home/vfran/ros2_ws/install/predator_and_prey/lib/python3.10/site-packages:${PYTHONPATH} /usr/bin/python3 -W ignore:setup.py install is deprecated setup.py egg_info --egg-base ../../build/predator_and_prey build --build-base /home/vfran/ros2_ws/build/predator_and_prey/build install --record /home/vfran/ros2_ws/build/predator_and_prey/install.log --single-version-externally-managed install_data
