[0.090s] DEBUG:colcon:Command line arguments: ['/usr/bin/colcon', 'build', '--packages-select', 'basic_calculator']
[0.090s] DEBUG:colcon:Parsed command line arguments: Namespace(log_base=None, log_level=None, verb_name='build', build_base='build', install_base='install', merge_install=False, symlink_install=False, test_result_base=None, continue_on_error=False, executor='parallel', parallel_workers=16, event_handlers=None, ignore_user_meta=False, metas=['./colcon.meta'], base_paths=['.'], packages_ignore=None, packages_ignore_regex=None, paths=None, packages_up_to=None, packages_up_to_regex=None, packages_above=None, packages_above_and_dependencies=None, packages_above_depth=None, packages_select_by_dep=None, packages_skip_by_dep=None, packages_skip_up_to=None, packages_select_build_failed=False, packages_skip_build_finished=False, packages_select_test_failures=False, packages_skip_test_passed=False, packages_select=['basic_calculator'], packages_skip=None, packages_select_regex=None, packages_skip_regex=None, packages_start=None, packages_end=None, allow_overriding=[], cmake_args=None, cmake_target=None, cmake_target_skip_unavailable=False, cmake_clean_cache=False, cmake_clean_first=False, cmake_force_configure=False, ament_cmake_args=None, catkin_cmake_args=None, catkin_skip_building_tests=False, mixin_files=None, mixin=None, verb_parser=<colcon_mixin.mixin.mixin_argument.MixinArgumentDecorator object at 0x717910de6d70>, verb_extension=<colcon_core.verb.build.BuildVerb object at 0x717910f1b3a0>, main=<bound method BuildVerb.main of <colcon_core.verb.build.BuildVerb object at 0x717910f1b3a0>>, mixin_verb=('build',))
[0.228s] Level 1:colcon.colcon_core.package_discovery:discover_packages(colcon_meta) check parameters
[0.228s] Level 1:colcon.colcon_core.package_discovery:discover_packages(recursive) check parameters
[0.228s] Level 1:colcon.colcon_core.package_discovery:discover_packages(ignore) check parameters
[0.228s] Level 1:colcon.colcon_core.package_discovery:discover_packages(path) check parameters
[0.228s] Level 1:colcon.colcon_core.package_discovery:discover_packages(colcon_meta) discover
[0.228s] Level 1:colcon.colcon_core.package_discovery:discover_packages(recursive) discover
[0.228s] INFO:colcon.colcon_core.package_discovery:Crawling recursively for packages in '/home/vfran/ros2_ws'
[0.228s] Level 1:colcon.colcon_core.package_identification:_identify(.) by extensions ['ignore', 'ignore_ament_install']
[0.228s] Level 1:colcon.colcon_core.package_identification:_identify(.) by extension 'ignore'
[0.228s] Level 1:colcon.colcon_core.package_identification:_identify(.) by extension 'ignore_ament_install'
[0.228s] Level 1:colcon.colcon_core.package_identification:_identify(.) by extensions ['colcon_pkg']
[0.228s] Level 1:colcon.colcon_core.package_identification:_identify(.) by extension 'colcon_pkg'
[0.228s] Level 1:colcon.colcon_core.package_identification:_identify(.) by extensions ['colcon_meta']
[0.228s] Level 1:colcon.colcon_core.package_identification:_identify(.) by extension 'colcon_meta'
[0.228s] Level 1:colcon.colcon_core.package_identification:_identify(.) by extensions ['ros']
[0.228s] Level 1:colcon.colcon_core.package_identification:_identify(.) by extension 'ros'
[0.237s] Level 1:colcon.colcon_core.package_identification:_identify(.) by extensions ['cmake', 'python']
[0.237s] Level 1:colcon.colcon_core.package_identification:_identify(.) by extension 'cmake'
[0.237s] Level 1:colcon.colcon_core.package_identification:_identify(.) by extension 'python'
[0.237s] Level 1:colcon.colcon_core.package_identification:_identify(.) by extensions ['python_setup_py']
[0.237s] Level 1:colcon.colcon_core.package_identification:_identify(.) by extension 'python_setup_py'
[0.237s] Level 1:colcon.colcon_core.package_identification:_identify(build) by extensions ['ignore', 'ignore_ament_install']
[0.237s] Level 1:colcon.colcon_core.package_identification:_identify(build) by extension 'ignore'
[0.237s] Level 1:colcon.colcon_core.package_identification:_identify(build) ignored
[0.237s] Level 1:colcon.colcon_core.package_identification:_identify(install) by extensions ['ignore', 'ignore_ament_install']
[0.237s] Level 1:colcon.colcon_core.package_identification:_identify(install) by extension 'ignore'
[0.237s] Level 1:colcon.colcon_core.package_identification:_identify(install) ignored
[0.238s] Level 1:colcon.colcon_core.package_identification:_identify(log) by extensions ['ignore', 'ignore_ament_install']
[0.238s] Level 1:colcon.colcon_core.package_identification:_identify(log) by extension 'ignore'
[0.238s] Level 1:colcon.colcon_core.package_identification:_identify(log) ignored
[0.238s] Level 1:colcon.colcon_core.package_identification:_identify(src) by extensions ['ignore', 'ignore_ament_install']
[0.238s] Level 1:colcon.colcon_core.package_identification:_identify(src) by extension 'ignore'
[0.238s] Level 1:colcon.colcon_core.package_identification:_identify(src) by extension 'ignore_ament_install'
[0.238s] Level 1:colcon.colcon_core.package_identification:_identify(src) by extensions ['colcon_pkg']
[0.238s] Level 1:colcon.colcon_core.package_identification:_identify(src) by extension 'colcon_pkg'
[0.238s] Level 1:colcon.colcon_core.package_identification:_identify(src) by extensions ['colcon_meta']
[0.238s] Level 1:colcon.colcon_core.package_identification:_identify(src) by extension 'colcon_meta'
[0.238s] Level 1:colcon.colcon_core.package_identification:_identify(src) by extensions ['ros']
[0.238s] Level 1:colcon.colcon_core.package_identification:_identify(src) by extension 'ros'
[0.238s] Level 1:colcon.colcon_core.package_identification:_identify(src) by extensions ['cmake', 'python']
[0.238s] Level 1:colcon.colcon_core.package_identification:_identify(src) by extension 'cmake'
[0.238s] Level 1:colcon.colcon_core.package_identification:_identify(src) by extension 'python'
[0.238s] Level 1:colcon.colcon_core.package_identification:_identify(src) by extensions ['python_setup_py']
[0.238s] Level 1:colcon.colcon_core.package_identification:_identify(src) by extension 'python_setup_py'
[0.238s] Level 1:colcon.colcon_core.package_identification:_identify(src/basic_calculator) by extensions ['ignore', 'ignore_ament_install']
[0.238s] Level 1:colcon.colcon_core.package_identification:_identify(src/basic_calculator) by extension 'ignore'
[0.238s] Level 1:colcon.colcon_core.package_identification:_identify(src/basic_calculator) by extension 'ignore_ament_install'
[0.238s] Level 1:colcon.colcon_core.package_identification:_identify(src/basic_calculator) by extensions ['colcon_pkg']
[0.238s] Level 1:colcon.colcon_core.package_identification:_identify(src/basic_calculator) by extension 'colcon_pkg'
[0.239s] Level 1:colcon.colcon_core.package_identification:_identify(src/basic_calculator) by extensions ['colcon_meta']
[0.239s] Level 1:colcon.colcon_core.package_identification:_identify(src/basic_calculator) by extension 'colcon_meta'
[0.239s] Level 1:colcon.colcon_core.package_identification:_identify(src/basic_calculator) by extensions ['ros']
[0.239s] Level 1:colcon.colcon_core.package_identification:_identify(src/basic_calculator) by extension 'ros'
[0.240s] DEBUG:colcon.colcon_core.package_identification:Package 'src/basic_calculator' with type 'ros.ament_python' and name 'basic_calculator'
[0.241s] Level 1:colcon.colcon_core.package_identification:_identify(src/calculator) by extensions ['ignore', 'ignore_ament_install']
[0.241s] Level 1:colcon.colcon_core.package_identification:_identify(src/calculator) by extension 'ignore'
[0.241s] Level 1:colcon.colcon_core.package_identification:_identify(src/calculator) by extension 'ignore_ament_install'
[0.241s] Level 1:colcon.colcon_core.package_identification:_identify(src/calculator) by extensions ['colcon_pkg']
[0.241s] Level 1:colcon.colcon_core.package_identification:_identify(src/calculator) by extension 'colcon_pkg'
[0.241s] Level 1:colcon.colcon_core.package_identification:_identify(src/calculator) by extensions ['colcon_meta']
[0.241s] Level 1:colcon.colcon_core.package_identification:_identify(src/calculator) by extension 'colcon_meta'
[0.241s] Level 1:colcon.colcon_core.package_identification:_identify(src/calculator) by extensions ['ros']
[0.241s] Level 1:colcon.colcon_core.package_identification:_identify(src/calculator) by extension 'ros'
[0.241s] DEBUG:colcon.colcon_core.package_identification:Package 'src/calculator' with type 'ros.ament_python' and name 'calculator'
[0.242s] Level 1:colcon.colcon_core.package_identification:_identify(src/my_interfaces) by extensions ['ignore', 'ignore_ament_install']
[0.242s] Level 1:colcon.colcon_core.package_identification:_identify(src/my_interfaces) by extension 'ignore'
[0.242s] Level 1:colcon.colcon_core.package_identification:_identify(src/my_interfaces) by extension 'ignore_ament_install'
[0.242s] Level 1:colcon.colcon_core.package_identification:_identify(src/my_interfaces) by extensions ['colcon_pkg']
[0.242s] Level 1:colcon.colcon_core.package_identification:_identify(src/my_interfaces) by extension 'colcon_pkg'
[0.242s] Level 1:colcon.colcon_core.package_identification:_identify(src/my_interfaces) by extensions ['colcon_meta']
[0.242s] Level 1:colcon.colcon_core.package_identification:_identify(src/my_interfaces) by extension 'colcon_meta'
[0.242s] Level 1:colcon.colcon_core.package_identification:_identify(src/my_interfaces) by extensions ['ros']
[0.242s] Level 1:colcon.colcon_core.package_identification:_identify(src/my_interfaces) by extension 'ros'
[0.242s] DEBUG:colcon.colcon_core.package_identification:Package 'src/my_interfaces' with type 'ros.ament_cmake' and name 'my_interfaces'
[0.242s] Level 1:colcon.colcon_core.package_identification:_identify(src/my_py_pkg) by extensions ['ignore', 'ignore_ament_install']
[0.242s] Level 1:colcon.colcon_core.package_identification:_identify(src/my_py_pkg) by extension 'ignore'
[0.242s] Level 1:colcon.colcon_core.package_identification:_identify(src/my_py_pkg) by extension 'ignore_ament_install'
[0.242s] Level 1:colcon.colcon_core.package_identification:_identify(src/my_py_pkg) by extensions ['colcon_pkg']
[0.242s] Level 1:colcon.colcon_core.package_identification:_identify(src/my_py_pkg) by extension 'colcon_pkg'
[0.243s] Level 1:colcon.colcon_core.package_identification:_identify(src/my_py_pkg) by extensions ['colcon_meta']
[0.243s] Level 1:colcon.colcon_core.package_identification:_identify(src/my_py_pkg) by extension 'colcon_meta'
[0.243s] Level 1:colcon.colcon_core.package_identification:_identify(src/my_py_pkg) by extensions ['ros']
[0.243s] Level 1:colcon.colcon_core.package_identification:_identify(src/my_py_pkg) by extension 'ros'
[0.243s] DEBUG:colcon.colcon_core.package_identification:Package 'src/my_py_pkg' with type 'ros.ament_python' and name 'my_py_pkg'
[0.243s] Level 1:colcon.colcon_core.package_identification:_identify(src/radio) by extensions ['ignore', 'ignore_ament_install']
[0.243s] Level 1:colcon.colcon_core.package_identification:_identify(src/radio) by extension 'ignore'
[0.243s] Level 1:colcon.colcon_core.package_identification:_identify(src/radio) by extension 'ignore_ament_install'
[0.243s] Level 1:colcon.colcon_core.package_identification:_identify(src/radio) by extensions ['colcon_pkg']
[0.243s] Level 1:colcon.colcon_core.package_identification:_identify(src/radio) by extension 'colcon_pkg'
[0.243s] Level 1:colcon.colcon_core.package_identification:_identify(src/radio) by extensions ['colcon_meta']
[0.243s] Level 1:colcon.colcon_core.package_identification:_identify(src/radio) by extension 'colcon_meta'
[0.243s] Level 1:colcon.colcon_core.package_identification:_identify(src/radio) by extensions ['ros']
[0.243s] Level 1:colcon.colcon_core.package_identification:_identify(src/radio) by extension 'ros'
[0.244s] DEBUG:colcon.colcon_core.package_identification:Package 'src/radio' with type 'ros.ament_python' and name 'radio'
[0.244s] Level 1:colcon.colcon_core.package_discovery:discover_packages(recursive) using defaults
[0.244s] Level 1:colcon.colcon_core.package_discovery:discover_packages(ignore) discover
[0.244s] Level 1:colcon.colcon_core.package_discovery:discover_packages(ignore) using defaults
[0.244s] Level 1:colcon.colcon_core.package_discovery:discover_packages(path) discover
[0.244s] Level 1:colcon.colcon_core.package_discovery:discover_packages(path) using defaults
[0.275s] INFO:colcon.colcon_core.package_selection:Skipping not selected package 'calculator' in 'src/calculator'
[0.275s] INFO:colcon.colcon_core.package_selection:Skipping not selected package 'my_interfaces' in 'src/my_interfaces'
[0.275s] INFO:colcon.colcon_core.package_selection:Skipping not selected package 'radio' in 'src/radio'
[0.275s] INFO:colcon.colcon_core.package_selection:Skipping not selected package 'my_py_pkg' in 'src/my_py_pkg'
[0.275s] Level 1:colcon.colcon_core.package_discovery:discover_packages(prefix_path) check parameters
[0.275s] Level 1:colcon.colcon_core.package_discovery:discover_packages(prefix_path) discover
[0.277s] DEBUG:colcon.colcon_installed_package_information.package_discovery:Found 5 installed packages in /home/vfran/ros2_ws/install
[0.278s] DEBUG:colcon.colcon_installed_package_information.package_discovery:Found 294 installed packages in /opt/ros/humble
[0.279s] Level 1:colcon.colcon_core.package_discovery:discover_packages(prefix_path) using defaults
[0.310s] Level 5:colcon.colcon_core.verb:set package 'basic_calculator' build argument 'cmake_args' from command line to 'None'
[0.310s] Level 5:colcon.colcon_core.verb:set package 'basic_calculator' build argument 'cmake_target' from command line to 'None'
[0.310s] Level 5:colcon.colcon_core.verb:set package 'basic_calculator' build argument 'cmake_target_skip_unavailable' from command line to 'False'
[0.310s] Level 5:colcon.colcon_core.verb:set package 'basic_calculator' build argument 'cmake_clean_cache' from command line to 'False'
[0.310s] Level 5:colcon.colcon_core.verb:set package 'basic_calculator' build argument 'cmake_clean_first' from command line to 'False'
[0.310s] Level 5:colcon.colcon_core.verb:set package 'basic_calculator' build argument 'cmake_force_configure' from command line to 'False'
[0.310s] Level 5:colcon.colcon_core.verb:set package 'basic_calculator' build argument 'ament_cmake_args' from command line to 'None'
[0.310s] Level 5:colcon.colcon_core.verb:set package 'basic_calculator' build argument 'catkin_cmake_args' from command line to 'None'
[0.310s] Level 5:colcon.colcon_core.verb:set package 'basic_calculator' build argument 'catkin_skip_building_tests' from command line to 'False'
[0.310s] DEBUG:colcon.colcon_core.verb:Building package 'basic_calculator' with the following arguments: {'ament_cmake_args': None, 'build_base': '/home/vfran/ros2_ws/build/basic_calculator', 'catkin_cmake_args': None, 'catkin_skip_building_tests': False, 'cmake_args': None, 'cmake_clean_cache': False, 'cmake_clean_first': False, 'cmake_force_configure': False, 'cmake_target': None, 'cmake_target_skip_unavailable': False, 'install_base': '/home/vfran/ros2_ws/install/basic_calculator', 'merge_install': False, 'path': '/home/vfran/ros2_ws/src/basic_calculator', 'symlink_install': False, 'test_result_base': None}
[0.310s] INFO:colcon.colcon_core.executor:Executing jobs using 'parallel' executor
[0.311s] DEBUG:colcon.colcon_parallel_executor.executor.parallel:run_until_complete
[0.312s] INFO:colcon.colcon_ros.task.ament_python.build:Building ROS package in '/home/vfran/ros2_ws/src/basic_calculator' with build type 'ament_python'
[0.312s] Level 1:colcon.colcon_core.shell:create_environment_hook('basic_calculator', 'ament_prefix_path')
[0.314s] INFO:colcon.colcon_core.plugin_system:Skipping extension 'colcon_core.shell.bat': Not used on non-Windows systems
[0.314s] INFO:colcon.colcon_core.shell:Creating environment hook '/home/vfran/ros2_ws/install/basic_calculator/share/basic_calculator/hook/ament_prefix_path.ps1'
[0.314s] INFO:colcon.colcon_core.shell:Creating environment descriptor '/home/vfran/ros2_ws/install/basic_calculator/share/basic_calculator/hook/ament_prefix_path.dsv'
[0.315s] INFO:colcon.colcon_core.shell:Creating environment hook '/home/vfran/ros2_ws/install/basic_calculator/share/basic_calculator/hook/ament_prefix_path.sh'
[0.315s] INFO:colcon.colcon_core.shell:Skip shell extension 'powershell' for command environment: Not usable outside of PowerShell
[0.315s] DEBUG:colcon.colcon_core.shell:Skip shell extension 'dsv' for command environment
[0.536s] INFO:colcon.colcon_core.task.python.build:Building Python package in '/home/vfran/ros2_ws/src/basic_calculator'
[0.536s] INFO:colcon.colcon_core.shell:Skip shell extension 'powershell' for command environment: Not usable outside of PowerShell
[0.536s] DEBUG:colcon.colcon_core.shell:Skip shell extension 'dsv' for command environment
[0.827s] DEBUG:colcon.colcon_core.event_handler.log_command:Invoking command in '/home/vfran/ros2_ws/src/basic_calculator': PYTHONPATH=/home/vfran/ros2_ws/build/basic_calculator/prefix_override:/home/vfran/ros2_ws/install/basic_calculator/lib/python3.10/site-packages:${PYTHONPATH} /usr/bin/python3 -W ignore:setup.py install is deprecated setup.py egg_info --egg-base ../../build/basic_calculator build --build-base /home/vfran/ros2_ws/build/basic_calculator/build install --record /home/vfran/ros2_ws/build/basic_calculator/install.log --single-version-externally-managed install_data
[1.084s] DEBUG:colcon.colcon_core.event_handler.log_command:Invoked command in '/home/vfran/ros2_ws/src/basic_calculator' returned '0': PYTHONPATH=/home/vfran/ros2_ws/build/basic_calculator/prefix_override:/home/vfran/ros2_ws/install/basic_calculator/lib/python3.10/site-packages:${PYTHONPATH} /usr/bin/python3 -W ignore:setup.py install is deprecated setup.py egg_info --egg-base ../../build/basic_calculator build --build-base /home/vfran/ros2_ws/build/basic_calculator/build install --record /home/vfran/ros2_ws/build/basic_calculator/install.log --single-version-externally-managed install_data
[1.086s] Level 1:colcon.colcon_core.environment:checking '/home/vfran/ros2_ws/install/basic_calculator' for CMake module files
[1.087s] Level 1:colcon.colcon_core.environment:checking '/home/vfran/ros2_ws/install/basic_calculator' for CMake config files
[1.088s] Level 1:colcon.colcon_core.environment:checking '/home/vfran/ros2_ws/install/basic_calculator/lib'
[1.088s] Level 1:colcon.colcon_core.environment:checking '/home/vfran/ros2_ws/install/basic_calculator/bin'
[1.088s] Level 1:colcon.colcon_core.environment:checking '/home/vfran/ros2_ws/install/basic_calculator/lib/pkgconfig/basic_calculator.pc'
[1.088s] Level 1:colcon.colcon_core.environment:checking '/home/vfran/ros2_ws/install/basic_calculator/lib/python3.10/site-packages'
[1.088s] Level 1:colcon.colcon_core.shell:create_environment_hook('basic_calculator', 'pythonpath')
[1.088s] INFO:colcon.colcon_core.shell:Creating environment hook '/home/vfran/ros2_ws/install/basic_calculator/share/basic_calculator/hook/pythonpath.ps1'
[1.089s] INFO:colcon.colcon_core.shell:Creating environment descriptor '/home/vfran/ros2_ws/install/basic_calculator/share/basic_calculator/hook/pythonpath.dsv'
[1.089s] INFO:colcon.colcon_core.shell:Creating environment hook '/home/vfran/ros2_ws/install/basic_calculator/share/basic_calculator/hook/pythonpath.sh'
[1.090s] Level 1:colcon.colcon_core.environment:checking '/home/vfran/ros2_ws/install/basic_calculator/bin'
[1.090s] Level 1:colcon.colcon_core.environment:create_environment_scripts_only(basic_calculator)
[1.090s] INFO:colcon.colcon_core.shell:Creating package script '/home/vfran/ros2_ws/install/basic_calculator/share/basic_calculator/package.ps1'
[1.091s] INFO:colcon.colcon_core.shell:Creating package descriptor '/home/vfran/ros2_ws/install/basic_calculator/share/basic_calculator/package.dsv'
[1.091s] INFO:colcon.colcon_core.shell:Creating package script '/home/vfran/ros2_ws/install/basic_calculator/share/basic_calculator/package.sh'
[1.092s] INFO:colcon.colcon_core.shell:Creating package script '/home/vfran/ros2_ws/install/basic_calculator/share/basic_calculator/package.bash'
[1.092s] INFO:colcon.colcon_core.shell:Creating package script '/home/vfran/ros2_ws/install/basic_calculator/share/basic_calculator/package.zsh'
[1.093s] Level 1:colcon.colcon_core.environment:create_file_with_runtime_dependencies(/home/vfran/ros2_ws/install/basic_calculator/share/colcon-core/packages/basic_calculator)
[1.093s] DEBUG:colcon.colcon_parallel_executor.executor.parallel:closing loop
[1.093s] DEBUG:colcon.colcon_parallel_executor.executor.parallel:loop closed
[1.093s] DEBUG:colcon.colcon_parallel_executor.executor.parallel:run_until_complete finished with '0'
[1.093s] DEBUG:colcon.colcon_core.event_reactor:joining thread
[1.098s] INFO:colcon.colcon_core.plugin_system:Skipping extension 'colcon_notification.desktop_notification.terminal_notifier': Not used on non-Darwin systems
[1.098s] INFO:colcon.colcon_core.plugin_system:Skipping extension 'colcon_notification.desktop_notification.win32': Not used on non-Windows systems
[1.098s] INFO:colcon.colcon_notification.desktop_notification:Sending desktop notification using 'notify2'
[1.111s] DEBUG:colcon.colcon_core.event_reactor:joined thread
[1.111s] INFO:colcon.colcon_core.shell:Creating prefix script '/home/vfran/ros2_ws/install/local_setup.ps1'
[1.112s] INFO:colcon.colcon_core.shell:Creating prefix util module '/home/vfran/ros2_ws/install/_local_setup_util_ps1.py'
[1.113s] INFO:colcon.colcon_core.shell:Creating prefix chain script '/home/vfran/ros2_ws/install/setup.ps1'
[1.114s] INFO:colcon.colcon_core.shell:Creating prefix script '/home/vfran/ros2_ws/install/local_setup.sh'
[1.115s] INFO:colcon.colcon_core.shell:Creating prefix util module '/home/vfran/ros2_ws/install/_local_setup_util_sh.py'
[1.115s] INFO:colcon.colcon_core.shell:Creating prefix chain script '/home/vfran/ros2_ws/install/setup.sh'
[1.116s] INFO:colcon.colcon_core.shell:Creating prefix script '/home/vfran/ros2_ws/install/local_setup.bash'
[1.116s] INFO:colcon.colcon_core.shell:Creating prefix chain script '/home/vfran/ros2_ws/install/setup.bash'
[1.117s] INFO:colcon.colcon_core.shell:Creating prefix script '/home/vfran/ros2_ws/install/local_setup.zsh'
[1.118s] INFO:colcon.colcon_core.shell:Creating prefix chain script '/home/vfran/ros2_ws/install/setup.zsh'
