[0.494s] Invoking command in '/home/vfran/ros2_ws/src/basic_calculator': PYTHONPATH=/home/vfran/ros2_ws/build/basic_calculator/prefix_override:/home/vfran/ros2_ws/install/basic_calculator/lib/python3.10/site-packages:${PYTHONPATH} /usr/bin/python3 -W ignore:setup.py install is deprecated setup.py egg_info --egg-base ../../build/basic_calculator build --build-base /home/vfran/ros2_ws/build/basic_calculator/build install --record /home/vfran/ros2_ws/build/basic_calculator/install.log --single-version-externally-managed install_data
[0.683s] running egg_info
[0.684s] writing ../../build/basic_calculator/basic_calculator.egg-info/PKG-INFO
[0.684s] writing dependency_links to ../../build/basic_calculator/basic_calculator.egg-info/dependency_links.txt
[0.684s] writing entry points to ../../build/basic_calculator/basic_calculator.egg-info/entry_points.txt
[0.684s] writing requirements to ../../build/basic_calculator/basic_calculator.egg-info/requires.txt
[0.684s] writing top-level names to ../../build/basic_calculator/basic_calculator.egg-info/top_level.txt
[0.685s] reading manifest file '../../build/basic_calculator/basic_calculator.egg-info/SOURCES.txt'
[0.686s] writing manifest file '../../build/basic_calculator/basic_calculator.egg-info/SOURCES.txt'
[0.686s] running build
[0.686s] running build_py
[0.686s] copying basic_calculator/calculadora_basica_server.py -> /home/vfran/ros2_ws/build/basic_calculator/build/lib/basic_calculator
[0.686s] running install
[0.687s] running install_lib
[0.687s] copying /home/vfran/ros2_ws/build/basic_calculator/build/lib/basic_calculator/calculadora_basica_server.py -> /home/vfran/ros2_ws/install/basic_calculator/lib/python3.10/site-packages/basic_calculator
[0.688s] byte-compiling /home/vfran/ros2_ws/install/basic_calculator/lib/python3.10/site-packages/basic_calculator/calculadora_basica_server.py to calculadora_basica_server.cpython-310.pyc
[0.688s] running install_data
[0.688s] running install_egg_info
[0.690s] removing '/home/vfran/ros2_ws/install/basic_calculator/lib/python3.10/site-packages/basic_calculator-0.0.0-py3.10.egg-info' (and everything under it)
[0.690s] Copying ../../build/basic_calculator/basic_calculator.egg-info to /home/vfran/ros2_ws/install/basic_calculator/lib/python3.10/site-packages/basic_calculator-0.0.0-py3.10.egg-info
[0.691s] running install_scripts
[0.708s] Installing calc_basic_client script to /home/vfran/ros2_ws/install/basic_calculator/lib/basic_calculator
[0.708s] Installing calc_basic_server script to /home/vfran/ros2_ws/install/basic_calculator/lib/basic_calculator
[0.708s] writing list of installed files to '/home/vfran/ros2_ws/build/basic_calculator/install.log'
[0.737s] Invoked command in '/home/vfran/ros2_ws/src/basic_calculator' returned '0': PYTHONPATH=/home/vfran/ros2_ws/build/basic_calculator/prefix_override:/home/vfran/ros2_ws/install/basic_calculator/lib/python3.10/site-packages:${PYTHONPATH} /usr/bin/python3 -W ignore:setup.py install is deprecated setup.py egg_info --egg-base ../../build/basic_calculator build --build-base /home/vfran/ros2_ws/build/basic_calculator/build install --record /home/vfran/ros2_ws/build/basic_calculator/install.log --single-version-externally-managed install_data
