[1.017s] Invoking command in '/home/vfran/ros2_ws/src/basic_calculator': PYTHONPATH=/home/vfran/ros2_ws/build/basic_calculator/prefix_override:/home/vfran/ros2_ws/install/basic_calculator/lib/python3.10/site-packages:${PYTHONPATH} /usr/bin/python3 -W ignore:setup.py install is deprecated setup.py egg_info --egg-base ../../build/basic_calculator build --build-base /home/vfran/ros2_ws/build/basic_calculator/build install --record /home/vfran/ros2_ws/build/basic_calculator/install.log --single-version-externally-managed install_data
[1.222s] running egg_info
[1.223s] writing ../../build/basic_calculator/basic_calculator.egg-info/PKG-INFO
[1.223s] writing dependency_links to ../../build/basic_calculator/basic_calculator.egg-info/dependency_links.txt
[1.224s] writing entry points to ../../build/basic_calculator/basic_calculator.egg-info/entry_points.txt
[1.224s] writing requirements to ../../build/basic_calculator/basic_calculator.egg-info/requires.txt
[1.224s] writing top-level names to ../../build/basic_calculator/basic_calculator.egg-info/top_level.txt
[1.226s] reading manifest file '../../build/basic_calculator/basic_calculator.egg-info/SOURCES.txt'
[1.227s] writing manifest file '../../build/basic_calculator/basic_calculator.egg-info/SOURCES.txt'
[1.227s] running build
[1.227s] running build_py
[1.227s] copying basic_calculator/calculadora_basica_server.py -> /home/vfran/ros2_ws/build/basic_calculator/build/lib/basic_calculator
[1.227s] running install
[1.228s] running install_lib
[1.229s] copying /home/vfran/ros2_ws/build/basic_calculator/build/lib/basic_calculator/calculadora_basica_server.py -> /home/vfran/ros2_ws/install/basic_calculator/lib/python3.10/site-packages/basic_calculator
[1.230s] byte-compiling /home/vfran/ros2_ws/install/basic_calculator/lib/python3.10/site-packages/basic_calculator/calculadora_basica_server.py to calculadora_basica_server.cpython-310.pyc
[1.230s] running install_data
[1.230s] running install_egg_info
[1.231s] removing '/home/vfran/ros2_ws/install/basic_calculator/lib/python3.10/site-packages/basic_calculator-0.0.0-py3.10.egg-info' (and everything under it)
[1.232s] Copying ../../build/basic_calculator/basic_calculator.egg-info to /home/vfran/ros2_ws/install/basic_calculator/lib/python3.10/site-packages/basic_calculator-0.0.0-py3.10.egg-info
[1.233s] running install_scripts
[1.253s] Installing calc_basic_client script to /home/vfran/ros2_ws/install/basic_calculator/lib/basic_calculator
[1.253s] Installing calc_basic_server script to /home/vfran/ros2_ws/install/basic_calculator/lib/basic_calculator
[1.253s] writing list of installed files to '/home/vfran/ros2_ws/build/basic_calculator/install.log'
[1.295s] Invoked command in '/home/vfran/ros2_ws/src/basic_calculator' returned '0': PYTHONPATH=/home/vfran/ros2_ws/build/basic_calculator/prefix_override:/home/vfran/ros2_ws/install/basic_calculator/lib/python3.10/site-packages:${PYTHONPATH} /usr/bin/python3 -W ignore:setup.py install is deprecated setup.py egg_info --egg-base ../../build/basic_calculator build --build-base /home/vfran/ros2_ws/build/basic_calculator/build install --record /home/vfran/ros2_ws/build/basic_calculator/install.log --single-version-externally-managed install_data
