[3.321s] Invoking command in '/home/vfran/ros2_ws/src/basic_calculator': PYTHONPATH=/home/vfran/ros2_ws/build/basic_calculator/prefix_override:/home/vfran/ros2_ws/install/basic_calculator/lib/python3.10/site-packages:${PYTHONPATH} /usr/bin/python3 -W ignore:setup.py install is deprecated setup.py egg_info --egg-base ../../build/basic_calculator build --build-base /home/vfran/ros2_ws/build/basic_calculator/build install --record /home/vfran/ros2_ws/build/basic_calculator/install.log --single-version-externally-managed install_data
[3.883s] running egg_info
[3.885s] writing ../../build/basic_calculator/basic_calculator.egg-info/PKG-INFO
[3.885s] writing dependency_links to ../../build/basic_calculator/basic_calculator.egg-info/dependency_links.txt
[3.885s] writing entry points to ../../build/basic_calculator/basic_calculator.egg-info/entry_points.txt
[3.886s] writing requirements to ../../build/basic_calculator/basic_calculator.egg-info/requires.txt
[3.886s] writing top-level names to ../../build/basic_calculator/basic_calculator.egg-info/top_level.txt
[3.890s] reading manifest file '../../build/basic_calculator/basic_calculator.egg-info/SOURCES.txt'
[3.892s] writing manifest file '../../build/basic_calculator/basic_calculator.egg-info/SOURCES.txt'
[3.893s] running build
[3.893s] running build_py
[3.894s] running install
[3.894s] running install_lib
[3.896s] running install_data
[3.897s] running install_egg_info
[3.900s] removing '/home/vfran/ros2_ws/install/basic_calculator/lib/python3.10/site-packages/basic_calculator-0.0.0-py3.10.egg-info' (and everything under it)
[3.901s] Copying ../../build/basic_calculator/basic_calculator.egg-info to /home/vfran/ros2_ws/install/basic_calculator/lib/python3.10/site-packages/basic_calculator-0.0.0-py3.10.egg-info
[3.903s] running install_scripts
[3.951s] Installing calc_basic_client script to /home/vfran/ros2_ws/install/basic_calculator/lib/basic_calculator
[3.951s] Installing calc_basic_server script to /home/vfran/ros2_ws/install/basic_calculator/lib/basic_calculator
[3.952s] writing list of installed files to '/home/vfran/ros2_ws/build/basic_calculator/install.log'
[4.010s] Invoked command in '/home/vfran/ros2_ws/src/basic_calculator' returned '0': PYTHONPATH=/home/vfran/ros2_ws/build/basic_calculator/prefix_override:/home/vfran/ros2_ws/install/basic_calculator/lib/python3.10/site-packages:${PYTHONPATH} /usr/bin/python3 -W ignore:setup.py install is deprecated setup.py egg_info --egg-base ../../build/basic_calculator build --build-base /home/vfran/ros2_ws/build/basic_calculator/build install --record /home/vfran/ros2_ws/build/basic_calculator/install.log --single-version-externally-managed install_data
