[0.014s] Invoking command in '/home/vfran/ros2_ws/build/my_bringup': AMENT_PREFIX_PATH=/home/vfran/ros2_ws/install/calculator:/home/vfran/ros2_ws/install/my_bringup:/home/vfran/ros2_ws/install/radio:/home/vfran/ros2_ws/install/my_py_pkg:/home/vfran/ros2_ws/install/my_interfaces:/home/vfran/ros2_ws/install/basic_calculator:/opt/ros/humble CMAKE_PREFIX_PATH=${CMAKE_PREFIX_PATH}:/home/vfran/ros2_ws/install/radio:/home/vfran/ros2_ws/install/my_py_pkg:/home/vfran/ros2_ws/install/calculator:/home/vfran/ros2_ws/install/basic_calculator:/opt/ros/humble PYTHONPATH=/home/vfran/ros2_ws/install/calculator/lib/python3.10/site-packages:/home/vfran/ros2_ws/install/radio/lib/python3.10/site-packages:/home/vfran/ros2_ws/install/my_py_pkg/lib/python3.10/site-packages:/home/vfran/ros2_ws/install/my_interfaces/local/lib/python3.10/dist-packages:/home/vfran/ros2_ws/install/basic_calculator/lib/python3.10/site-packages:/opt/ros/humble/lib/python3.10/site-packages:/opt/ros/humble/local/lib/python3.10/dist-packages /usr/local/bin/cmake --build /home/vfran/ros2_ws/build/my_bringup -- -j16 -l16
[0.047s] Invoked command in '/home/vfran/ros2_ws/build/my_bringup' returned '0': AMENT_PREFIX_PATH=/home/vfran/ros2_ws/install/calculator:/home/vfran/ros2_ws/install/my_bringup:/home/vfran/ros2_ws/install/radio:/home/vfran/ros2_ws/install/my_py_pkg:/home/vfran/ros2_ws/install/my_interfaces:/home/vfran/ros2_ws/install/basic_calculator:/opt/ros/humble CMAKE_PREFIX_PATH=${CMAKE_PREFIX_PATH}:/home/vfran/ros2_ws/install/radio:/home/vfran/ros2_ws/install/my_py_pkg:/home/vfran/ros2_ws/install/calculator:/home/vfran/ros2_ws/install/basic_calculator:/opt/ros/humble PYTHONPATH=/home/vfran/ros2_ws/install/calculator/lib/python3.10/site-packages:/home/vfran/ros2_ws/install/radio/lib/python3.10/site-packages:/home/vfran/ros2_ws/install/my_py_pkg/lib/python3.10/site-packages:/home/vfran/ros2_ws/install/my_interfaces/local/lib/python3.10/dist-packages:/home/vfran/ros2_ws/install/basic_calculator/lib/python3.10/site-packages:/opt/ros/humble/lib/python3.10/site-packages:/opt/ros/humble/local/lib/python3.10/dist-packages /usr/local/bin/cmake --build /home/vfran/ros2_ws/build/my_bringup -- -j16 -l16
[0.085s] Invoking command in '/home/vfran/ros2_ws/build/my_bringup': AMENT_PREFIX_PATH=/home/vfran/ros2_ws/install/calculator:/home/vfran/ros2_ws/install/my_bringup:/home/vfran/ros2_ws/install/radio:/home/vfran/ros2_ws/install/my_py_pkg:/home/vfran/ros2_ws/install/my_interfaces:/home/vfran/ros2_ws/install/basic_calculator:/opt/ros/humble CMAKE_PREFIX_PATH=${CMAKE_PREFIX_PATH}:/home/vfran/ros2_ws/install/radio:/home/vfran/ros2_ws/install/my_py_pkg:/home/vfran/ros2_ws/install/calculator:/home/vfran/ros2_ws/install/basic_calculator:/opt/ros/humble PYTHONPATH=/home/vfran/ros2_ws/install/calculator/lib/python3.10/site-packages:/home/vfran/ros2_ws/install/radio/lib/python3.10/site-packages:/home/vfran/ros2_ws/install/my_py_pkg/lib/python3.10/site-packages:/home/vfran/ros2_ws/install/my_interfaces/local/lib/python3.10/dist-packages:/home/vfran/ros2_ws/install/basic_calculator/lib/python3.10/site-packages:/opt/ros/humble/lib/python3.10/site-packages:/opt/ros/humble/local/lib/python3.10/dist-packages /usr/local/bin/cmake --install /home/vfran/ros2_ws/build/my_bringup
[0.089s] -- Install configuration: ""
[0.090s] -- Up-to-date: /home/vfran/ros2_ws/install/my_bringup/share/my_bringup/launch
[0.090s] -- Up-to-date: /home/vfran/ros2_ws/install/my_bringup/share/my_bringup/launch/calculator_app.launch.py
[0.090s] -- Installing: /home/vfran/ros2_ws/install/my_bringup/share/my_bringup/launch/radio_app.launch.py
[0.090s] -- Up-to-date: /home/vfran/ros2_ws/install/my_bringup/share/ament_index/resource_index/package_run_dependencies/my_bringup
[0.090s] -- Up-to-date: /home/vfran/ros2_ws/install/my_bringup/share/ament_index/resource_index/parent_prefix_path/my_bringup
[0.090s] -- Up-to-date: /home/vfran/ros2_ws/install/my_bringup/share/my_bringup/environment/ament_prefix_path.sh
[0.090s] -- Up-to-date: /home/vfran/ros2_ws/install/my_bringup/share/my_bringup/environment/ament_prefix_path.dsv
[0.090s] -- Up-to-date: /home/vfran/ros2_ws/install/my_bringup/share/my_bringup/environment/path.sh
[0.090s] -- Up-to-date: /home/vfran/ros2_ws/install/my_bringup/share/my_bringup/environment/path.dsv
[0.090s] -- Up-to-date: /home/vfran/ros2_ws/install/my_bringup/share/my_bringup/local_setup.bash
[0.091s] -- Up-to-date: /home/vfran/ros2_ws/install/my_bringup/share/my_bringup/local_setup.sh
[0.091s] -- Up-to-date: /home/vfran/ros2_ws/install/my_bringup/share/my_bringup/local_setup.zsh
[0.091s] -- Up-to-date: /home/vfran/ros2_ws/install/my_bringup/share/my_bringup/local_setup.dsv
[0.091s] -- Installing: /home/vfran/ros2_ws/install/my_bringup/share/my_bringup/package.dsv
[0.091s] -- Up-to-date: /home/vfran/ros2_ws/install/my_bringup/share/ament_index/resource_index/packages/my_bringup
[0.091s] -- Up-to-date: /home/vfran/ros2_ws/install/my_bringup/share/my_bringup/cmake/my_bringupConfig.cmake
[0.092s] -- Up-to-date: /home/vfran/ros2_ws/install/my_bringup/share/my_bringup/cmake/my_bringupConfig-version.cmake
[0.092s] -- Up-to-date: /home/vfran/ros2_ws/install/my_bringup/share/my_bringup/package.xml
[0.094s] Invoked command in '/home/vfran/ros2_ws/build/my_bringup' returned '0': AMENT_PREFIX_PATH=/home/vfran/ros2_ws/install/calculator:/home/vfran/ros2_ws/install/my_bringup:/home/vfran/ros2_ws/install/radio:/home/vfran/ros2_ws/install/my_py_pkg:/home/vfran/ros2_ws/install/my_interfaces:/home/vfran/ros2_ws/install/basic_calculator:/opt/ros/humble CMAKE_PREFIX_PATH=${CMAKE_PREFIX_PATH}:/home/vfran/ros2_ws/install/radio:/home/vfran/ros2_ws/install/my_py_pkg:/home/vfran/ros2_ws/install/calculator:/home/vfran/ros2_ws/install/basic_calculator:/opt/ros/humble PYTHONPATH=/home/vfran/ros2_ws/install/calculator/lib/python3.10/site-packages:/home/vfran/ros2_ws/install/radio/lib/python3.10/site-packages:/home/vfran/ros2_ws/install/my_py_pkg/lib/python3.10/site-packages:/home/vfran/ros2_ws/install/my_interfaces/local/lib/python3.10/dist-packages:/home/vfran/ros2_ws/install/basic_calculator/lib/python3.10/site-packages:/opt/ros/humble/lib/python3.10/site-packages:/opt/ros/humble/local/lib/python3.10/dist-packages /usr/local/bin/cmake --install /home/vfran/ros2_ws/build/my_bringup
