[0.466s] Invoking command in '/home/vfran/ros2_ws/build/my_bringup': CMAKE_PREFIX_PATH=${CMAKE_PREFIX_PATH}:/home/vfran/ros2_ws/install/radio:/home/vfran/ros2_ws/install/my_py_pkg:/home/vfran/ros2_ws/install/calculator:/home/vfran/ros2_ws/install/basic_calculator:/opt/ros/humble /usr/local/bin/cmake /home/vfran/ros2_ws/src/my_bringup -DCMAKE_INSTALL_PREFIX=/home/vfran/ros2_ws/install/my_bringup
[0.522s] -- The C compiler identification is GNU 11.4.0
[0.579s] -- The CXX compiler identification is GNU 11.4.0
[0.588s] -- Detecting C compiler ABI info
[0.647s] -- Detecting C compiler ABI info - done
[0.653s] -- Check for working C compiler: /usr/bin/cc - skipped
[0.654s] -- Detecting C compile features
[0.654s] -- Detecting C compile features - done
[0.658s] -- Detecting CXX compiler ABI info
[0.736s] -- Detecting CXX compiler ABI info - done
[0.744s] -- Check for working CXX compiler: /usr/bin/c++ - skipped
[0.745s] -- Detecting CXX compile features
[0.745s] -- Detecting CXX compile features - done
[0.754s] -- Found ament_cmake: 1.3.9 (/opt/ros/humble/share/ament_cmake/cmake)
[0.881s] -- Found Python3: /usr/bin/python3 (found version "3.10.12") found components: Interpreter 
[1.001s] -- Found ament_lint_auto: 0.12.11 (/opt/ros/humble/share/ament_lint_auto/cmake)
[1.086s] -- Added test 'flake8' to check Python code syntax and style conventions
[1.087s] -- Added test 'lint_cmake' to check CMake code style
[1.087s] -- Added test 'pep257' to check Python code against some of the docstring style conventions in PEP 257
[1.088s] -- Added test 'xmllint' to check XML markup files
[1.089s] -- Configuring done
[1.092s] -- Generating done
[1.093s] -- Build files have been written to: /home/vfran/ros2_ws/build/my_bringup
[1.175s] Invoked command in '/home/vfran/ros2_ws/build/my_bringup' returned '0': CMAKE_PREFIX_PATH=${CMAKE_PREFIX_PATH}:/home/vfran/ros2_ws/install/radio:/home/vfran/ros2_ws/install/my_py_pkg:/home/vfran/ros2_ws/install/calculator:/home/vfran/ros2_ws/install/basic_calculator:/opt/ros/humble /usr/local/bin/cmake /home/vfran/ros2_ws/src/my_bringup -DCMAKE_INSTALL_PREFIX=/home/vfran/ros2_ws/install/my_bringup
[1.176s] Invoking command in '/home/vfran/ros2_ws/build/my_bringup': CMAKE_PREFIX_PATH=${CMAKE_PREFIX_PATH}:/home/vfran/ros2_ws/install/radio:/home/vfran/ros2_ws/install/my_py_pkg:/home/vfran/ros2_ws/install/calculator:/home/vfran/ros2_ws/install/basic_calculator:/opt/ros/humble /usr/local/bin/cmake --build /home/vfran/ros2_ws/build/my_bringup -- -j16 -l16
[1.196s] Invoked command in '/home/vfran/ros2_ws/build/my_bringup' returned '0': CMAKE_PREFIX_PATH=${CMAKE_PREFIX_PATH}:/home/vfran/ros2_ws/install/radio:/home/vfran/ros2_ws/install/my_py_pkg:/home/vfran/ros2_ws/install/calculator:/home/vfran/ros2_ws/install/basic_calculator:/opt/ros/humble /usr/local/bin/cmake --build /home/vfran/ros2_ws/build/my_bringup -- -j16 -l16
[1.219s] Invoking command in '/home/vfran/ros2_ws/build/my_bringup': CMAKE_PREFIX_PATH=${CMAKE_PREFIX_PATH}:/home/vfran/ros2_ws/install/radio:/home/vfran/ros2_ws/install/my_py_pkg:/home/vfran/ros2_ws/install/calculator:/home/vfran/ros2_ws/install/basic_calculator:/opt/ros/humble /usr/local/bin/cmake --install /home/vfran/ros2_ws/build/my_bringup
[1.225s] -- Install configuration: ""
[1.225s] -- Installing: /home/vfran/ros2_ws/install/my_bringup/share/my_bringup/lauch
[1.225s] -- Installing: /home/vfran/ros2_ws/install/my_bringup/share/my_bringup/lauch/calculator_app.lauch.py
[1.226s] -- Installing: /home/vfran/ros2_ws/install/my_bringup/share/ament_index/resource_index/package_run_dependencies/my_bringup
[1.226s] -- Installing: /home/vfran/ros2_ws/install/my_bringup/share/ament_index/resource_index/parent_prefix_path/my_bringup
[1.226s] -- Installing: /home/vfran/ros2_ws/install/my_bringup/share/my_bringup/environment/ament_prefix_path.sh
[1.226s] -- Installing: /home/vfran/ros2_ws/install/my_bringup/share/my_bringup/environment/ament_prefix_path.dsv
[1.227s] -- Installing: /home/vfran/ros2_ws/install/my_bringup/share/my_bringup/environment/path.sh
[1.227s] -- Installing: /home/vfran/ros2_ws/install/my_bringup/share/my_bringup/environment/path.dsv
[1.227s] -- Installing: /home/vfran/ros2_ws/install/my_bringup/share/my_bringup/local_setup.bash
[1.227s] -- Installing: /home/vfran/ros2_ws/install/my_bringup/share/my_bringup/local_setup.sh
[1.227s] -- Installing: /home/vfran/ros2_ws/install/my_bringup/share/my_bringup/local_setup.zsh
[1.228s] -- Installing: /home/vfran/ros2_ws/install/my_bringup/share/my_bringup/local_setup.dsv
[1.228s] -- Installing: /home/vfran/ros2_ws/install/my_bringup/share/my_bringup/package.dsv
[1.228s] -- Installing: /home/vfran/ros2_ws/install/my_bringup/share/ament_index/resource_index/packages/my_bringup
[1.228s] -- Installing: /home/vfran/ros2_ws/install/my_bringup/share/my_bringup/cmake/my_bringupConfig.cmake
[1.229s] -- Installing: /home/vfran/ros2_ws/install/my_bringup/share/my_bringup/cmake/my_bringupConfig-version.cmake
[1.229s] -- Installing: /home/vfran/ros2_ws/install/my_bringup/share/my_bringup/package.xml
[1.232s] Invoked command in '/home/vfran/ros2_ws/build/my_bringup' returned '0': CMAKE_PREFIX_PATH=${CMAKE_PREFIX_PATH}:/home/vfran/ros2_ws/install/radio:/home/vfran/ros2_ws/install/my_py_pkg:/home/vfran/ros2_ws/install/calculator:/home/vfran/ros2_ws/install/basic_calculator:/opt/ros/humble /usr/local/bin/cmake --install /home/vfran/ros2_ws/build/my_bringup
