/home/vfran/ros2_ws/install/calculator/lib/python3.10/site-packages/calculator/__init__.py
/home/vfran/ros2_ws/install/calculator/lib/python3.10/site-packages/calculator/calculator_client.py
/home/vfran/ros2_ws/install/calculator/lib/python3.10/site-packages/calculator/calculator_server.py
/home/vfran/ros2_ws/install/calculator/lib/python3.10/site-packages/calculator/geometric_calculator_server.py
/home/vfran/ros2_ws/install/calculator/lib/python3.10/site-packages/calculator/__pycache__/__init__.cpython-310.pyc
/home/vfran/ros2_ws/install/calculator/lib/python3.10/site-packages/calculator/__pycache__/calculator_client.cpython-310.pyc
/home/vfran/ros2_ws/install/calculator/lib/python3.10/site-packages/calculator/__pycache__/calculator_server.cpython-310.pyc
/home/vfran/ros2_ws/install/calculator/lib/python3.10/site-packages/calculator/__pycache__/geometric_calculator_server.cpython-310.pyc
/home/vfran/ros2_ws/install/calculator/share/ament_index/resource_index/packages/calculator
/home/vfran/ros2_ws/install/calculator/share/calculator/package.xml
/home/vfran/ros2_ws/install/calculator/lib/python3.10/site-packages/calculator-0.0.0-py3.10.egg-info/top_level.txt
/home/vfran/ros2_ws/install/calculator/lib/python3.10/site-packages/calculator-0.0.0-py3.10.egg-info/entry_points.txt
/home/vfran/ros2_ws/install/calculator/lib/python3.10/site-packages/calculator-0.0.0-py3.10.egg-info/requires.txt
/home/vfran/ros2_ws/install/calculator/lib/python3.10/site-packages/calculator-0.0.0-py3.10.egg-info/zip-safe
/home/vfran/ros2_ws/install/calculator/lib/python3.10/site-packages/calculator-0.0.0-py3.10.egg-info/PKG-INFO
/home/vfran/ros2_ws/install/calculator/lib/python3.10/site-packages/calculator-0.0.0-py3.10.egg-info/dependency_links.txt
/home/vfran/ros2_ws/install/calculator/lib/python3.10/site-packages/calculator-0.0.0-py3.10.egg-info/SOURCES.txt
/home/vfran/ros2_ws/install/calculator/lib/calculator/calculator_client
/home/vfran/ros2_ws/install/calculator/lib/calculator/calculator_server
/home/vfran/ros2_ws/install/calculator/lib/calculator/geometric_calculator_server
