[0.383s] Invoking command in '/home/vfran/ros2_ws/build/my_interfaces': CMAKE_PREFIX_PATH=/home/vfran/ros2_ws/install/radio:/home/vfran/ros2_ws/install/my_py_pkg:/home/vfran/ros2_ws/install/calculator:/opt/ros/humble /usr/local/bin/cmake /home/vfran/ros2_ws/src/my_interfaces -DCMAKE_INSTALL_PREFIX=/home/vfran/ros2_ws/install/my_interfaces
[0.743s] -- The C compiler identification is GNU 11.4.0
[0.743s] -- The CXX compiler identification is GNU 11.4.0
[0.744s] -- Detecting C compiler ABI info
[0.751s] -- Detecting C compiler ABI info - done
[0.761s] -- Check for working C compiler: /usr/bin/cc - skipped
[0.762s] -- Detecting C compile features
[0.763s] -- Detecting C compile features - done
[0.768s] -- Detecting CXX compiler ABI info
[0.873s] -- Detecting CXX compiler ABI info - done
[0.883s] -- Check for working CXX compiler: /usr/bin/c++ - skipped
[0.884s] -- Detecting CXX compile features
[0.884s] -- Detecting CXX compile features - done
[0.895s] -- Found ament_cmake: 1.3.9 (/opt/ros/humble/share/ament_cmake/cmake)
[1.060s] -- Found Python3: /usr/bin/python3 (found version "3.10.12") found components: Interpreter 
[1.218s] -- Found rosidl_default_generators: 1.2.0 (/opt/ros/humble/share/rosidl_default_generators/cmake)
[1.225s] -- Using all available rosidl_typesupport_c: rosidl_typesupport_fastrtps_c;rosidl_typesupport_introspection_c
[1.238s] -- Found rosidl_adapter: 3.1.5 (/opt/ros/humble/share/rosidl_adapter/cmake)
[1.316s] -- Using all available rosidl_typesupport_cpp: rosidl_typesupport_fastrtps_cpp;rosidl_typesupport_introspection_cpp
[1.625s] -- Found ament_cmake_ros: 0.10.0 (/opt/ros/humble/share/ament_cmake_ros/cmake)
[1.747s] -- Using all available rosidl_typesupport_c: rosidl_typesupport_fastrtps_c;rosidl_typesupport_introspection_c
[1.900s] -- Using all available rosidl_typesupport_cpp: rosidl_typesupport_fastrtps_cpp;rosidl_typesupport_introspection_cpp
[1.930s] -- Found PythonInterp: /usr/bin/python3 (found suitable version "3.10.12", minimum required is "3.6") 
[1.933s] -- Found python_cmake_module: 0.10.0 (/opt/ros/humble/share/python_cmake_module/cmake)
[1.969s] -- Found PythonLibs: /usr/lib/x86_64-linux-gnu/libpython3.10.so (found suitable version "3.10.12", minimum required is "3.5") 
[1.969s] -- Using PYTHON_EXECUTABLE: /usr/bin/python3
[1.969s] -- Using PYTHON_INCLUDE_DIRS: /usr/include/python3.10
[1.970s] -- Using PYTHON_LIBRARIES: /usr/lib/x86_64-linux-gnu/libpython3.10.so
[1.995s] -- Found PythonExtra: .so  
[2.050s] -- Configuring done
[2.091s] -- Generating done
[2.094s] -- Build files have been written to: /home/vfran/ros2_ws/build/my_interfaces
[2.102s] Invoked command in '/home/vfran/ros2_ws/build/my_interfaces' returned '0': CMAKE_PREFIX_PATH=/home/vfran/ros2_ws/install/radio:/home/vfran/ros2_ws/install/my_py_pkg:/home/vfran/ros2_ws/install/calculator:/opt/ros/humble /usr/local/bin/cmake /home/vfran/ros2_ws/src/my_interfaces -DCMAKE_INSTALL_PREFIX=/home/vfran/ros2_ws/install/my_interfaces
[2.106s] Invoking command in '/home/vfran/ros2_ws/build/my_interfaces': CMAKE_PREFIX_PATH=/home/vfran/ros2_ws/install/radio:/home/vfran/ros2_ws/install/my_py_pkg:/home/vfran/ros2_ws/install/calculator:/opt/ros/humble /usr/local/bin/cmake --build /home/vfran/ros2_ws/build/my_interfaces -- -j16 -l16
[2.138s] [  3%] [34m[1mGenerating C code for ROS interfaces[0m
[2.147s] [  6%] [34m[1mGenerating C++ code for ROS interfaces[0m
[2.153s] [  6%] Built target ament_cmake_python_copy_my_interfaces
[2.424s] [  6%] Built target my_interfaces__cpp
[2.432s] [  9%] [34m[1mGenerating C++ type support dispatch for ROS interfaces[0m
[2.432s] [ 12%] [34m[1mGenerating C++ introspection for ROS interfaces[0m
[2.432s] [ 16%] [34m[1mGenerating C++ type support for eProsima Fast-RTPS[0m
[2.438s] [ 19%] [32mBuilding C object CMakeFiles/my_interfaces__rosidl_generator_c.dir/rosidl_generator_c/my_interfaces/msg/detail/hardware_status__functions.c.o[0m
[2.454s] running egg_info
[2.455s] creating my_interfaces.egg-info
[2.455s] writing my_interfaces.egg-info/PKG-INFO
[2.456s] writing dependency_links to my_interfaces.egg-info/dependency_links.txt
[2.456s] writing top-level names to my_interfaces.egg-info/top_level.txt
[2.456s] writing manifest file 'my_interfaces.egg-info/SOURCES.txt'
[2.459s] reading manifest file 'my_interfaces.egg-info/SOURCES.txt'
[2.459s] writing manifest file 'my_interfaces.egg-info/SOURCES.txt'
[2.507s] [ 19%] Built target ament_cmake_python_build_my_interfaces_egg
[2.515s] [ 22%] [32m[1mLinking C shared library libmy_interfaces__rosidl_generator_c.so[0m
[2.555s] [ 22%] Built target my_interfaces__rosidl_generator_c
[2.563s] [ 25%] [34m[1mGenerating C type support for eProsima Fast-RTPS[0m
[2.564s] [ 29%] [34m[1mGenerating C type support dispatch for ROS interfaces[0m
[2.566s] [ 32%] [34m[1mGenerating C introspection for ROS interfaces[0m
[2.695s] [ 35%] [32mBuilding CXX object CMakeFiles/my_interfaces__rosidl_typesupport_cpp.dir/rosidl_typesupport_cpp/my_interfaces/msg/hardware_status__type_support.cpp.o[0m
[2.724s] [ 41%] [32mBuilding CXX object CMakeFiles/my_interfaces__rosidl_typesupport_introspection_cpp.dir/rosidl_typesupport_introspection_cpp/my_interfaces/msg/detail/hardware_status__type_support.cpp.o[0m
[2.724s] [ 41%] [32mBuilding CXX object CMakeFiles/my_interfaces__rosidl_typesupport_fastrtps_cpp.dir/rosidl_typesupport_fastrtps_cpp/my_interfaces/msg/detail/dds_fastrtps/hardware_status__type_support.cpp.o[0m
[2.841s] [ 45%] [32mBuilding CXX object CMakeFiles/my_interfaces__rosidl_typesupport_c.dir/rosidl_typesupport_c/my_interfaces/msg/hardware_status__type_support.cpp.o[0m
[2.864s] [ 48%] [32mBuilding C object CMakeFiles/my_interfaces__rosidl_typesupport_introspection_c.dir/rosidl_typesupport_introspection_c/my_interfaces/msg/detail/hardware_status__type_support.c.o[0m
[2.865s] [ 51%] [32mBuilding CXX object CMakeFiles/my_interfaces__rosidl_typesupport_fastrtps_c.dir/rosidl_typesupport_fastrtps_c/my_interfaces/msg/detail/hardware_status__type_support_c.cpp.o[0m
[2.881s] [ 54%] [32m[1mLinking CXX shared library libmy_interfaces__rosidl_typesupport_c.so[0m
[2.907s] [ 58%] [32m[1mLinking C shared library libmy_interfaces__rosidl_typesupport_introspection_c.so[0m
[2.931s] [ 58%] Built target my_interfaces__rosidl_typesupport_c
[2.943s] [ 58%] Built target my_interfaces__rosidl_typesupport_introspection_c
[3.036s] [ 61%] [32m[1mLinking CXX shared library libmy_interfaces__rosidl_typesupport_cpp.so[0m
[3.084s] [ 61%] Built target my_interfaces__rosidl_typesupport_cpp
[3.163s] [ 64%] [32m[1mLinking CXX shared library libmy_interfaces__rosidl_typesupport_introspection_cpp.so[0m
[3.194s] [ 67%] [32m[1mLinking CXX shared library libmy_interfaces__rosidl_typesupport_fastrtps_cpp.so[0m
[3.259s] [ 67%] Built target my_interfaces__rosidl_typesupport_introspection_cpp
[3.259s] [ 70%] [32m[1mLinking CXX shared library libmy_interfaces__rosidl_typesupport_fastrtps_c.so[0m
[3.313s] [ 70%] Built target my_interfaces__rosidl_typesupport_fastrtps_cpp
[3.364s] [ 70%] Built target my_interfaces__rosidl_typesupport_fastrtps_c
[3.384s] [ 70%] Built target my_interfaces
[3.402s] [ 74%] [34m[1mGenerating Python code for ROS interfaces[0m
[3.737s] [ 74%] Built target my_interfaces__py
[3.756s] [ 77%] [32mBuilding C object CMakeFiles/my_interfaces__rosidl_generator_py.dir/rosidl_generator_py/my_interfaces/msg/_hardware_status_s.c.o[0m
[3.897s] [ 80%] [32m[1mLinking C shared library rosidl_generator_py/my_interfaces/libmy_interfaces__rosidl_generator_py.so[0m
[3.945s] [ 80%] Built target my_interfaces__rosidl_generator_py
[3.963s] [ 83%] [32mBuilding C object CMakeFiles/my_interfaces__rosidl_typesupport_introspection_c__pyext.dir/rosidl_generator_py/my_interfaces/_my_interfaces_s.ep.rosidl_typesupport_introspection_c.c.o[0m
[3.965s] [ 90%] [32mBuilding C object CMakeFiles/my_interfaces__rosidl_typesupport_fastrtps_c__pyext.dir/rosidl_generator_py/my_interfaces/_my_interfaces_s.ep.rosidl_typesupport_fastrtps_c.c.o[0m
[3.965s] [ 90%] [32mBuilding C object CMakeFiles/my_interfaces__rosidl_typesupport_c__pyext.dir/rosidl_generator_py/my_interfaces/_my_interfaces_s.ep.rosidl_typesupport_c.c.o[0m
[4.077s] [ 93%] [32m[1mLinking C shared library rosidl_generator_py/my_interfaces/my_interfaces_s__rosidl_typesupport_c.cpython-310-x86_64-linux-gnu.so[0m
[4.078s] [ 96%] [32m[1mLinking C shared library rosidl_generator_py/my_interfaces/my_interfaces_s__rosidl_typesupport_introspection_c.cpython-310-x86_64-linux-gnu.so[0m
[4.086s] [100%] [32m[1mLinking C shared library rosidl_generator_py/my_interfaces/my_interfaces_s__rosidl_typesupport_fastrtps_c.cpython-310-x86_64-linux-gnu.so[0m
[4.112s] [100%] Built target my_interfaces__rosidl_typesupport_introspection_c__pyext
[4.114s] [100%] Built target my_interfaces__rosidl_typesupport_c__pyext
[4.121s] [100%] Built target my_interfaces__rosidl_typesupport_fastrtps_c__pyext
[4.133s] Invoked command in '/home/vfran/ros2_ws/build/my_interfaces' returned '0': CMAKE_PREFIX_PATH=/home/vfran/ros2_ws/install/radio:/home/vfran/ros2_ws/install/my_py_pkg:/home/vfran/ros2_ws/install/calculator:/opt/ros/humble /usr/local/bin/cmake --build /home/vfran/ros2_ws/build/my_interfaces -- -j16 -l16
[4.236s] Invoking command in '/home/vfran/ros2_ws/build/my_interfaces': CMAKE_PREFIX_PATH=/home/vfran/ros2_ws/install/radio:/home/vfran/ros2_ws/install/my_py_pkg:/home/vfran/ros2_ws/install/calculator:/opt/ros/humble /usr/local/bin/cmake --install /home/vfran/ros2_ws/build/my_interfaces
[4.241s] -- Install configuration: ""
[4.241s] -- Installing: /home/vfran/ros2_ws/install/my_interfaces/share/ament_index/resource_index/rosidl_interfaces/my_interfaces
[4.241s] -- Installing: /home/vfran/ros2_ws/install/my_interfaces/include/my_interfaces/my_interfaces
[4.242s] -- Installing: /home/vfran/ros2_ws/install/my_interfaces/include/my_interfaces/my_interfaces/msg
[4.242s] -- Installing: /home/vfran/ros2_ws/install/my_interfaces/include/my_interfaces/my_interfaces/msg/hardware_status.h
[4.242s] -- Installing: /home/vfran/ros2_ws/install/my_interfaces/include/my_interfaces/my_interfaces/msg/detail
[4.242s] -- Installing: /home/vfran/ros2_ws/install/my_interfaces/include/my_interfaces/my_interfaces/msg/detail/hardware_status__type_support.h
[4.242s] -- Installing: /home/vfran/ros2_ws/install/my_interfaces/include/my_interfaces/my_interfaces/msg/detail/hardware_status__struct.h
[4.242s] -- Installing: /home/vfran/ros2_ws/install/my_interfaces/include/my_interfaces/my_interfaces/msg/detail/hardware_status__functions.c
[4.243s] -- Installing: /home/vfran/ros2_ws/install/my_interfaces/include/my_interfaces/my_interfaces/msg/detail/hardware_status__functions.h
[4.243s] -- Installing: /home/vfran/ros2_ws/install/my_interfaces/include/my_interfaces/my_interfaces/msg/rosidl_generator_c__visibility_control.h
[4.243s] -- Installing: /home/vfran/ros2_ws/install/my_interfaces/share/my_interfaces/environment/library_path.sh
[4.243s] -- Installing: /home/vfran/ros2_ws/install/my_interfaces/share/my_interfaces/environment/library_path.dsv
[4.244s] -- Installing: /home/vfran/ros2_ws/install/my_interfaces/lib/libmy_interfaces__rosidl_generator_c.so
[4.244s] -- Set runtime path of "/home/vfran/ros2_ws/install/my_interfaces/lib/libmy_interfaces__rosidl_generator_c.so" to ""
[4.244s] -- Up-to-date: /home/vfran/ros2_ws/install/my_interfaces/include/my_interfaces/my_interfaces
[4.245s] -- Up-to-date: /home/vfran/ros2_ws/install/my_interfaces/include/my_interfaces/my_interfaces/msg
[4.245s] -- Installing: /home/vfran/ros2_ws/install/my_interfaces/include/my_interfaces/my_interfaces/msg/rosidl_typesupport_fastrtps_c__visibility_control.h
[4.245s] -- Up-to-date: /home/vfran/ros2_ws/install/my_interfaces/include/my_interfaces/my_interfaces/msg/detail
[4.245s] -- Installing: /home/vfran/ros2_ws/install/my_interfaces/include/my_interfaces/my_interfaces/msg/detail/hardware_status__rosidl_typesupport_fastrtps_c.h
[4.245s] -- Installing: /home/vfran/ros2_ws/install/my_interfaces/lib/libmy_interfaces__rosidl_typesupport_fastrtps_c.so
[4.245s] -- Set runtime path of "/home/vfran/ros2_ws/install/my_interfaces/lib/libmy_interfaces__rosidl_typesupport_fastrtps_c.so" to ""
[4.246s] -- Up-to-date: /home/vfran/ros2_ws/install/my_interfaces/include/my_interfaces/my_interfaces
[4.246s] -- Up-to-date: /home/vfran/ros2_ws/install/my_interfaces/include/my_interfaces/my_interfaces/msg
[4.246s] -- Installing: /home/vfran/ros2_ws/install/my_interfaces/include/my_interfaces/my_interfaces/msg/rosidl_typesupport_introspection_c__visibility_control.h
[4.246s] -- Up-to-date: /home/vfran/ros2_ws/install/my_interfaces/include/my_interfaces/my_interfaces/msg/detail
[4.246s] -- Installing: /home/vfran/ros2_ws/install/my_interfaces/include/my_interfaces/my_interfaces/msg/detail/hardware_status__rosidl_typesupport_introspection_c.h
[4.246s] -- Installing: /home/vfran/ros2_ws/install/my_interfaces/include/my_interfaces/my_interfaces/msg/detail/hardware_status__type_support.c
[4.247s] -- Installing: /home/vfran/ros2_ws/install/my_interfaces/lib/libmy_interfaces__rosidl_typesupport_introspection_c.so
[4.247s] -- Set runtime path of "/home/vfran/ros2_ws/install/my_interfaces/lib/libmy_interfaces__rosidl_typesupport_introspection_c.so" to ""
[4.247s] -- Installing: /home/vfran/ros2_ws/install/my_interfaces/lib/libmy_interfaces__rosidl_typesupport_c.so
[4.248s] -- Set runtime path of "/home/vfran/ros2_ws/install/my_interfaces/lib/libmy_interfaces__rosidl_typesupport_c.so" to ""
[4.248s] -- Up-to-date: /home/vfran/ros2_ws/install/my_interfaces/include/my_interfaces/my_interfaces
[4.248s] -- Up-to-date: /home/vfran/ros2_ws/install/my_interfaces/include/my_interfaces/my_interfaces/msg
[4.248s] -- Installing: /home/vfran/ros2_ws/install/my_interfaces/include/my_interfaces/my_interfaces/msg/hardware_status.hpp
[4.248s] -- Up-to-date: /home/vfran/ros2_ws/install/my_interfaces/include/my_interfaces/my_interfaces/msg/detail
[4.249s] -- Installing: /home/vfran/ros2_ws/install/my_interfaces/include/my_interfaces/my_interfaces/msg/detail/hardware_status__traits.hpp
[4.249s] -- Installing: /home/vfran/ros2_ws/install/my_interfaces/include/my_interfaces/my_interfaces/msg/detail/hardware_status__builder.hpp
[4.249s] -- Installing: /home/vfran/ros2_ws/install/my_interfaces/include/my_interfaces/my_interfaces/msg/detail/hardware_status__struct.hpp
[4.249s] -- Up-to-date: /home/vfran/ros2_ws/install/my_interfaces/include/my_interfaces/my_interfaces
[4.249s] -- Up-to-date: /home/vfran/ros2_ws/install/my_interfaces/include/my_interfaces/my_interfaces/msg
[4.250s] -- Up-to-date: /home/vfran/ros2_ws/install/my_interfaces/include/my_interfaces/my_interfaces/msg/detail
[4.250s] -- Installing: /home/vfran/ros2_ws/install/my_interfaces/include/my_interfaces/my_interfaces/msg/detail/dds_fastrtps
[4.250s] -- Installing: /home/vfran/ros2_ws/install/my_interfaces/include/my_interfaces/my_interfaces/msg/detail/hardware_status__rosidl_typesupport_fastrtps_cpp.hpp
[4.250s] -- Installing: /home/vfran/ros2_ws/install/my_interfaces/include/my_interfaces/my_interfaces/msg/rosidl_typesupport_fastrtps_cpp__visibility_control.h
[4.250s] -- Installing: /home/vfran/ros2_ws/install/my_interfaces/lib/libmy_interfaces__rosidl_typesupport_fastrtps_cpp.so
[4.250s] -- Set runtime path of "/home/vfran/ros2_ws/install/my_interfaces/lib/libmy_interfaces__rosidl_typesupport_fastrtps_cpp.so" to ""
[4.251s] -- Up-to-date: /home/vfran/ros2_ws/install/my_interfaces/include/my_interfaces/my_interfaces
[4.251s] -- Up-to-date: /home/vfran/ros2_ws/install/my_interfaces/include/my_interfaces/my_interfaces/msg
[4.251s] -- Up-to-date: /home/vfran/ros2_ws/install/my_interfaces/include/my_interfaces/my_interfaces/msg/detail
[4.251s] -- Installing: /home/vfran/ros2_ws/install/my_interfaces/include/my_interfaces/my_interfaces/msg/detail/hardware_status__rosidl_typesupport_introspection_cpp.hpp
[4.251s] -- Installing: /home/vfran/ros2_ws/install/my_interfaces/include/my_interfaces/my_interfaces/msg/detail/hardware_status__type_support.cpp
[4.251s] -- Installing: /home/vfran/ros2_ws/install/my_interfaces/lib/libmy_interfaces__rosidl_typesupport_introspection_cpp.so
[4.252s] -- Set runtime path of "/home/vfran/ros2_ws/install/my_interfaces/lib/libmy_interfaces__rosidl_typesupport_introspection_cpp.so" to ""
[4.252s] -- Installing: /home/vfran/ros2_ws/install/my_interfaces/lib/libmy_interfaces__rosidl_typesupport_cpp.so
[4.252s] -- Set runtime path of "/home/vfran/ros2_ws/install/my_interfaces/lib/libmy_interfaces__rosidl_typesupport_cpp.so" to ""
[4.252s] -- Installing: /home/vfran/ros2_ws/install/my_interfaces/share/my_interfaces/environment/pythonpath.sh
[4.252s] -- Installing: /home/vfran/ros2_ws/install/my_interfaces/share/my_interfaces/environment/pythonpath.dsv
[4.253s] -- Installing: /home/vfran/ros2_ws/install/my_interfaces/local/lib/python3.10/dist-packages/my_interfaces-0.0.0-py3.10.egg-info
[4.253s] -- Installing: /home/vfran/ros2_ws/install/my_interfaces/local/lib/python3.10/dist-packages/my_interfaces-0.0.0-py3.10.egg-info/top_level.txt
[4.253s] -- Installing: /home/vfran/ros2_ws/install/my_interfaces/local/lib/python3.10/dist-packages/my_interfaces-0.0.0-py3.10.egg-info/PKG-INFO
[4.254s] -- Installing: /home/vfran/ros2_ws/install/my_interfaces/local/lib/python3.10/dist-packages/my_interfaces-0.0.0-py3.10.egg-info/dependency_links.txt
[4.254s] -- Installing: /home/vfran/ros2_ws/install/my_interfaces/local/lib/python3.10/dist-packages/my_interfaces-0.0.0-py3.10.egg-info/SOURCES.txt
[4.254s] -- Installing: /home/vfran/ros2_ws/install/my_interfaces/local/lib/python3.10/dist-packages/my_interfaces
[4.254s] -- Installing: /home/vfran/ros2_ws/install/my_interfaces/local/lib/python3.10/dist-packages/my_interfaces/libmy_interfaces__rosidl_generator_py.so
[4.255s] -- Installing: /home/vfran/ros2_ws/install/my_interfaces/local/lib/python3.10/dist-packages/my_interfaces/__init__.py
[4.255s] -- Installing: /home/vfran/ros2_ws/install/my_interfaces/local/lib/python3.10/dist-packages/my_interfaces/my_interfaces_s__rosidl_typesupport_introspection_c.cpython-310-x86_64-linux-gnu.so
[4.255s] -- Installing: /home/vfran/ros2_ws/install/my_interfaces/local/lib/python3.10/dist-packages/my_interfaces/msg
[4.255s] -- Installing: /home/vfran/ros2_ws/install/my_interfaces/local/lib/python3.10/dist-packages/my_interfaces/msg/_hardware_status_s.c
[4.256s] -- Installing: /home/vfran/ros2_ws/install/my_interfaces/local/lib/python3.10/dist-packages/my_interfaces/msg/__init__.py
[4.256s] -- Installing: /home/vfran/ros2_ws/install/my_interfaces/local/lib/python3.10/dist-packages/my_interfaces/msg/_hardware_status.py
[4.256s] -- Installing: /home/vfran/ros2_ws/install/my_interfaces/local/lib/python3.10/dist-packages/my_interfaces/_my_interfaces_s.ep.rosidl_typesupport_c.c
[4.256s] -- Installing: /home/vfran/ros2_ws/install/my_interfaces/local/lib/python3.10/dist-packages/my_interfaces/my_interfaces_s__rosidl_typesupport_fastrtps_c.cpython-310-x86_64-linux-gnu.so
[4.256s] -- Installing: /home/vfran/ros2_ws/install/my_interfaces/local/lib/python3.10/dist-packages/my_interfaces/my_interfaces_s__rosidl_typesupport_c.cpython-310-x86_64-linux-gnu.so
[4.256s] -- Installing: /home/vfran/ros2_ws/install/my_interfaces/local/lib/python3.10/dist-packages/my_interfaces/_my_interfaces_s.ep.rosidl_typesupport_fastrtps_c.c
[4.256s] -- Installing: /home/vfran/ros2_ws/install/my_interfaces/local/lib/python3.10/dist-packages/my_interfaces/_my_interfaces_s.ep.rosidl_typesupport_introspection_c.c
[4.302s] Listing '/home/vfran/ros2_ws/install/my_interfaces/local/lib/python3.10/dist-packages/my_interfaces'...
[4.302s] Compiling '/home/vfran/ros2_ws/install/my_interfaces/local/lib/python3.10/dist-packages/my_interfaces/__init__.py'...
[4.303s] Listing '/home/vfran/ros2_ws/install/my_interfaces/local/lib/python3.10/dist-packages/my_interfaces/msg'...
[4.303s] Compiling '/home/vfran/ros2_ws/install/my_interfaces/local/lib/python3.10/dist-packages/my_interfaces/msg/__init__.py'...
[4.303s] Compiling '/home/vfran/ros2_ws/install/my_interfaces/local/lib/python3.10/dist-packages/my_interfaces/msg/_hardware_status.py'...
[4.309s] -- Installing: /home/vfran/ros2_ws/install/my_interfaces/local/lib/python3.10/dist-packages/my_interfaces/my_interfaces_s__rosidl_typesupport_fastrtps_c.cpython-310-x86_64-linux-gnu.so
[4.310s] -- Set runtime path of "/home/vfran/ros2_ws/install/my_interfaces/local/lib/python3.10/dist-packages/my_interfaces/my_interfaces_s__rosidl_typesupport_fastrtps_c.cpython-310-x86_64-linux-gnu.so" to ""
[4.310s] -- Installing: /home/vfran/ros2_ws/install/my_interfaces/local/lib/python3.10/dist-packages/my_interfaces/my_interfaces_s__rosidl_typesupport_introspection_c.cpython-310-x86_64-linux-gnu.so
[4.311s] -- Set runtime path of "/home/vfran/ros2_ws/install/my_interfaces/local/lib/python3.10/dist-packages/my_interfaces/my_interfaces_s__rosidl_typesupport_introspection_c.cpython-310-x86_64-linux-gnu.so" to ""
[4.311s] -- Installing: /home/vfran/ros2_ws/install/my_interfaces/local/lib/python3.10/dist-packages/my_interfaces/my_interfaces_s__rosidl_typesupport_c.cpython-310-x86_64-linux-gnu.so
[4.312s] -- Set runtime path of "/home/vfran/ros2_ws/install/my_interfaces/local/lib/python3.10/dist-packages/my_interfaces/my_interfaces_s__rosidl_typesupport_c.cpython-310-x86_64-linux-gnu.so" to ""
[4.312s] -- Installing: /home/vfran/ros2_ws/install/my_interfaces/lib/libmy_interfaces__rosidl_generator_py.so
[4.312s] -- Set runtime path of "/home/vfran/ros2_ws/install/my_interfaces/lib/libmy_interfaces__rosidl_generator_py.so" to ""
[4.312s] -- Installing: /home/vfran/ros2_ws/install/my_interfaces/share/my_interfaces/msg/HardwareStatus.idl
[4.312s] -- Installing: /home/vfran/ros2_ws/install/my_interfaces/share/my_interfaces/msg/HardwareStatus.msg
[4.313s] -- Installing: /home/vfran/ros2_ws/install/my_interfaces/share/ament_index/resource_index/package_run_dependencies/my_interfaces
[4.313s] -- Installing: /home/vfran/ros2_ws/install/my_interfaces/share/ament_index/resource_index/parent_prefix_path/my_interfaces
[4.313s] -- Installing: /home/vfran/ros2_ws/install/my_interfaces/share/my_interfaces/environment/ament_prefix_path.sh
[4.314s] -- Installing: /home/vfran/ros2_ws/install/my_interfaces/share/my_interfaces/environment/ament_prefix_path.dsv
[4.314s] -- Installing: /home/vfran/ros2_ws/install/my_interfaces/share/my_interfaces/environment/path.sh
[4.314s] -- Installing: /home/vfran/ros2_ws/install/my_interfaces/share/my_interfaces/environment/path.dsv
[4.314s] -- Installing: /home/vfran/ros2_ws/install/my_interfaces/share/my_interfaces/local_setup.bash
[4.314s] -- Installing: /home/vfran/ros2_ws/install/my_interfaces/share/my_interfaces/local_setup.sh
[4.315s] -- Installing: /home/vfran/ros2_ws/install/my_interfaces/share/my_interfaces/local_setup.zsh
[4.315s] -- Installing: /home/vfran/ros2_ws/install/my_interfaces/share/my_interfaces/local_setup.dsv
[4.315s] -- Installing: /home/vfran/ros2_ws/install/my_interfaces/share/my_interfaces/package.dsv
[4.315s] -- Installing: /home/vfran/ros2_ws/install/my_interfaces/share/ament_index/resource_index/packages/my_interfaces
[4.316s] -- Installing: /home/vfran/ros2_ws/install/my_interfaces/share/my_interfaces/cmake/export_my_interfaces__rosidl_generator_cExport.cmake
[4.316s] -- Installing: /home/vfran/ros2_ws/install/my_interfaces/share/my_interfaces/cmake/export_my_interfaces__rosidl_generator_cExport-noconfig.cmake
[4.316s] -- Installing: /home/vfran/ros2_ws/install/my_interfaces/share/my_interfaces/cmake/export_my_interfaces__rosidl_typesupport_fastrtps_cExport.cmake
[4.316s] -- Installing: /home/vfran/ros2_ws/install/my_interfaces/share/my_interfaces/cmake/export_my_interfaces__rosidl_typesupport_fastrtps_cExport-noconfig.cmake
[4.317s] -- Installing: /home/vfran/ros2_ws/install/my_interfaces/share/my_interfaces/cmake/my_interfaces__rosidl_typesupport_introspection_cExport.cmake
[4.317s] -- Installing: /home/vfran/ros2_ws/install/my_interfaces/share/my_interfaces/cmake/my_interfaces__rosidl_typesupport_introspection_cExport-noconfig.cmake
[4.317s] -- Installing: /home/vfran/ros2_ws/install/my_interfaces/share/my_interfaces/cmake/my_interfaces__rosidl_typesupport_cExport.cmake
[4.317s] -- Installing: /home/vfran/ros2_ws/install/my_interfaces/share/my_interfaces/cmake/my_interfaces__rosidl_typesupport_cExport-noconfig.cmake
[4.318s] -- Installing: /home/vfran/ros2_ws/install/my_interfaces/share/my_interfaces/cmake/export_my_interfaces__rosidl_generator_cppExport.cmake
[4.318s] -- Installing: /home/vfran/ros2_ws/install/my_interfaces/share/my_interfaces/cmake/export_my_interfaces__rosidl_typesupport_fastrtps_cppExport.cmake
[4.318s] -- Installing: /home/vfran/ros2_ws/install/my_interfaces/share/my_interfaces/cmake/export_my_interfaces__rosidl_typesupport_fastrtps_cppExport-noconfig.cmake
[4.318s] -- Installing: /home/vfran/ros2_ws/install/my_interfaces/share/my_interfaces/cmake/my_interfaces__rosidl_typesupport_introspection_cppExport.cmake
[4.318s] -- Installing: /home/vfran/ros2_ws/install/my_interfaces/share/my_interfaces/cmake/my_interfaces__rosidl_typesupport_introspection_cppExport-noconfig.cmake
[4.319s] -- Installing: /home/vfran/ros2_ws/install/my_interfaces/share/my_interfaces/cmake/my_interfaces__rosidl_typesupport_cppExport.cmake
[4.319s] -- Installing: /home/vfran/ros2_ws/install/my_interfaces/share/my_interfaces/cmake/my_interfaces__rosidl_typesupport_cppExport-noconfig.cmake
[4.319s] -- Installing: /home/vfran/ros2_ws/install/my_interfaces/share/my_interfaces/cmake/export_my_interfaces__rosidl_generator_pyExport.cmake
[4.319s] -- Installing: /home/vfran/ros2_ws/install/my_interfaces/share/my_interfaces/cmake/export_my_interfaces__rosidl_generator_pyExport-noconfig.cmake
[4.320s] -- Installing: /home/vfran/ros2_ws/install/my_interfaces/share/my_interfaces/cmake/rosidl_cmake-extras.cmake
[4.320s] -- Installing: /home/vfran/ros2_ws/install/my_interfaces/share/my_interfaces/cmake/ament_cmake_export_include_directories-extras.cmake
[4.320s] -- Installing: /home/vfran/ros2_ws/install/my_interfaces/share/my_interfaces/cmake/ament_cmake_export_libraries-extras.cmake
[4.320s] -- Installing: /home/vfran/ros2_ws/install/my_interfaces/share/my_interfaces/cmake/ament_cmake_export_targets-extras.cmake
[4.321s] -- Installing: /home/vfran/ros2_ws/install/my_interfaces/share/my_interfaces/cmake/rosidl_cmake_export_typesupport_targets-extras.cmake
[4.321s] -- Installing: /home/vfran/ros2_ws/install/my_interfaces/share/my_interfaces/cmake/ament_cmake_export_dependencies-extras.cmake
[4.321s] -- Installing: /home/vfran/ros2_ws/install/my_interfaces/share/my_interfaces/cmake/rosidl_cmake_export_typesupport_libraries-extras.cmake
[4.321s] -- Installing: /home/vfran/ros2_ws/install/my_interfaces/share/my_interfaces/cmake/my_interfacesConfig.cmake
[4.321s] -- Installing: /home/vfran/ros2_ws/install/my_interfaces/share/my_interfaces/cmake/my_interfacesConfig-version.cmake
[4.322s] -- Installing: /home/vfran/ros2_ws/install/my_interfaces/share/my_interfaces/package.xml
[4.325s] Invoked command in '/home/vfran/ros2_ws/build/my_interfaces' returned '0': CMAKE_PREFIX_PATH=/home/vfran/ros2_ws/install/radio:/home/vfran/ros2_ws/install/my_py_pkg:/home/vfran/ros2_ws/install/calculator:/opt/ros/humble /usr/local/bin/cmake --install /home/vfran/ros2_ws/build/my_interfaces
