[3.411s] Invoking command in '/home/vfran/ros2_ws/src/calculator': PYTHONPATH=/home/vfran/ros2_ws/build/calculator/prefix_override:/home/vfran/ros2_ws/install/calculator/lib/python3.10/site-packages:${PYTHONPATH} /usr/bin/python3 -W ignore:setup.py install is deprecated setup.py egg_info --egg-base ../../build/calculator build --build-base /home/vfran/ros2_ws/build/calculator/build install --record /home/vfran/ros2_ws/build/calculator/install.log --single-version-externally-managed install_data
[3.972s] running egg_info
[3.974s] writing ../../build/calculator/calculator.egg-info/PKG-INFO
[3.975s] writing dependency_links to ../../build/calculator/calculator.egg-info/dependency_links.txt
[3.975s] writing entry points to ../../build/calculator/calculator.egg-info/entry_points.txt
[3.976s] writing requirements to ../../build/calculator/calculator.egg-info/requires.txt
[3.976s] writing top-level names to ../../build/calculator/calculator.egg-info/top_level.txt
[3.981s] reading manifest file '../../build/calculator/calculator.egg-info/SOURCES.txt'
[3.985s] writing manifest file '../../build/calculator/calculator.egg-info/SOURCES.txt'
[3.985s] running build
[3.986s] running build_py
[3.987s] running install
[3.987s] running install_lib
[3.992s] running install_data
[3.992s] running install_egg_info
[3.997s] removing '/home/vfran/ros2_ws/install/calculator/lib/python3.10/site-packages/calculator-0.0.0-py3.10.egg-info' (and everything under it)
[3.998s] Copying ../../build/calculator/calculator.egg-info to /home/vfran/ros2_ws/install/calculator/lib/python3.10/site-packages/calculator-0.0.0-py3.10.egg-info
[4.001s] running install_scripts
[4.051s] Installing calculator_client script to /home/vfran/ros2_ws/install/calculator/lib/calculator
[4.051s] Installing calculator_client_param script to /home/vfran/ros2_ws/install/calculator/lib/calculator
[4.052s] Installing calculator_server script to /home/vfran/ros2_ws/install/calculator/lib/calculator
[4.052s] Installing geometric_calculator_server script to /home/vfran/ros2_ws/install/calculator/lib/calculator
[4.053s] writing list of installed files to '/home/vfran/ros2_ws/build/calculator/install.log'
[4.116s] Invoked command in '/home/vfran/ros2_ws/src/calculator' returned '0': PYTHONPATH=/home/vfran/ros2_ws/build/calculator/prefix_override:/home/vfran/ros2_ws/install/calculator/lib/python3.10/site-packages:${PYTHONPATH} /usr/bin/python3 -W ignore:setup.py install is deprecated setup.py egg_info --egg-base ../../build/calculator build --build-base /home/vfran/ros2_ws/build/calculator/build install --record /home/vfran/ros2_ws/build/calculator/install.log --single-version-externally-managed install_data
