[1.059s] Invoking command in '/home/vfran/ros2_ws/src/calculator': PYTHONPATH=/home/vfran/ros2_ws/build/calculator/prefix_override:/home/vfran/ros2_ws/install/calculator/lib/python3.10/site-packages:${PYTHONPATH} /usr/bin/python3 -W ignore:setup.py install is deprecated setup.py egg_info --egg-base ../../build/calculator build --build-base /home/vfran/ros2_ws/build/calculator/build install --record /home/vfran/ros2_ws/build/calculator/install.log --single-version-externally-managed install_data
[1.284s] running egg_info
[1.285s] writing ../../build/calculator/calculator.egg-info/PKG-INFO
[1.285s] writing dependency_links to ../../build/calculator/calculator.egg-info/dependency_links.txt
[1.285s] writing entry points to ../../build/calculator/calculator.egg-info/entry_points.txt
[1.285s] writing requirements to ../../build/calculator/calculator.egg-info/requires.txt
[1.285s] writing top-level names to ../../build/calculator/calculator.egg-info/top_level.txt
[1.288s] reading manifest file '../../build/calculator/calculator.egg-info/SOURCES.txt'
[1.289s] writing manifest file '../../build/calculator/calculator.egg-info/SOURCES.txt'
[1.289s] running build
[1.289s] running build_py
[1.289s] running install
[1.290s] running install_lib
[1.291s] running install_data
[1.292s] running install_egg_info
[1.293s] removing '/home/vfran/ros2_ws/install/calculator/lib/python3.10/site-packages/calculator-0.0.0-py3.10.egg-info' (and everything under it)
[1.293s] Copying ../../build/calculator/calculator.egg-info to /home/vfran/ros2_ws/install/calculator/lib/python3.10/site-packages/calculator-0.0.0-py3.10.egg-info
[1.295s] running install_scripts
[1.315s] Installing calculator_client script to /home/vfran/ros2_ws/install/calculator/lib/calculator
[1.315s] Installing calculator_client_param script to /home/vfran/ros2_ws/install/calculator/lib/calculator
[1.315s] Installing calculator_server script to /home/vfran/ros2_ws/install/calculator/lib/calculator
[1.316s] Installing geometric_calculator_server script to /home/vfran/ros2_ws/install/calculator/lib/calculator
[1.316s] writing list of installed files to '/home/vfran/ros2_ws/build/calculator/install.log'
[1.369s] Invoked command in '/home/vfran/ros2_ws/src/calculator' returned '0': PYTHONPATH=/home/vfran/ros2_ws/build/calculator/prefix_override:/home/vfran/ros2_ws/install/calculator/lib/python3.10/site-packages:${PYTHONPATH} /usr/bin/python3 -W ignore:setup.py install is deprecated setup.py egg_info --egg-base ../../build/calculator build --build-base /home/vfran/ros2_ws/build/calculator/build install --record /home/vfran/ros2_ws/build/calculator/install.log --single-version-externally-managed install_data
