[3.338s] Invoking command in '/home/vfran/ros2_ws/src/radio': PYTHONPATH=/home/vfran/ros2_ws/build/radio/prefix_override:/home/vfran/ros2_ws/install/radio/lib/python3.10/site-packages:${PYTHONPATH} /usr/bin/python3 -W ignore:setup.py install is deprecated setup.py egg_info --egg-base ../../build/radio build --build-base /home/vfran/ros2_ws/build/radio/build install --record /home/vfran/ros2_ws/build/radio/install.log --single-version-externally-managed install_data
[3.917s] running egg_info
[3.919s] writing ../../build/radio/radio.egg-info/PKG-INFO
[3.919s] writing dependency_links to ../../build/radio/radio.egg-info/dependency_links.txt
[3.920s] writing entry points to ../../build/radio/radio.egg-info/entry_points.txt
[3.920s] writing requirements to ../../build/radio/radio.egg-info/requires.txt
[3.920s] writing top-level names to ../../build/radio/radio.egg-info/top_level.txt
[3.924s] reading manifest file '../../build/radio/radio.egg-info/SOURCES.txt'
[3.926s] writing manifest file '../../build/radio/radio.egg-info/SOURCES.txt'
[3.926s] running build
[3.926s] running build_py
[3.928s] running install
[3.928s] running install_lib
[3.931s] running install_data
[3.932s] running install_egg_info
[3.935s] removing '/home/vfran/ros2_ws/install/radio/lib/python3.10/site-packages/radio-0.0.0-py3.10.egg-info' (and everything under it)
[3.936s] Copying ../../build/radio/radio.egg-info to /home/vfran/ros2_ws/install/radio/lib/python3.10/site-packages/radio-0.0.0-py3.10.egg-info
[3.938s] running install_scripts
[3.985s] Installing educadora script to /home/vfran/ros2_ws/install/radio/lib/radio
[3.986s] Installing radioreceiver script to /home/vfran/ros2_ws/install/radio/lib/radio
[3.986s] Installing radiostation script to /home/vfran/ros2_ws/install/radio/lib/radio
[3.986s] Installing receiver_am script to /home/vfran/ros2_ws/install/radio/lib/radio
[3.987s] Installing receiver_fm script to /home/vfran/ros2_ws/install/radio/lib/radio
[3.988s] writing list of installed files to '/home/vfran/ros2_ws/build/radio/install.log'
[4.052s] Invoked command in '/home/vfran/ros2_ws/src/radio' returned '0': PYTHONPATH=/home/vfran/ros2_ws/build/radio/prefix_override:/home/vfran/ros2_ws/install/radio/lib/python3.10/site-packages:${PYTHONPATH} /usr/bin/python3 -W ignore:setup.py install is deprecated setup.py egg_info --egg-base ../../build/radio build --build-base /home/vfran/ros2_ws/build/radio/build install --record /home/vfran/ros2_ws/build/radio/install.log --single-version-externally-managed install_data
