[0.522s] Invoking command in '/home/vfran/ros2_ws/src/basic_calculator': PYTHONPATH=/home/vfran/ros2_ws/build/basic_calculator/prefix_override:/home/vfran/ros2_ws/install/basic_calculator/lib/python3.10/site-packages:${PYTHONPATH} /usr/bin/python3 -W ignore:setup.py install is deprecated setup.py egg_info --egg-base ../../build/basic_calculator build --build-base /home/vfran/ros2_ws/build/basic_calculator/build install --record /home/vfran/ros2_ws/build/basic_calculator/install.log --single-version-externally-managed install_data
[0.735s] running egg_info
[0.736s] writing ../../build/basic_calculator/basic_calculator.egg-info/PKG-INFO
[0.736s] writing dependency_links to ../../build/basic_calculator/basic_calculator.egg-info/dependency_links.txt
[0.736s] writing entry points to ../../build/basic_calculator/basic_calculator.egg-info/entry_points.txt
[0.736s] writing requirements to ../../build/basic_calculator/basic_calculator.egg-info/requires.txt
[0.737s] writing top-level names to ../../build/basic_calculator/basic_calculator.egg-info/top_level.txt
[0.738s] reading manifest file '../../build/basic_calculator/basic_calculator.egg-info/SOURCES.txt'
[0.739s] writing manifest file '../../build/basic_calculator/basic_calculator.egg-info/SOURCES.txt'
[0.739s] running build
[0.739s] running build_py
[0.739s] running install
[0.740s] running install_lib
[0.741s] running install_data
[0.741s] running install_egg_info
[0.743s] removing '/home/vfran/ros2_ws/install/basic_calculator/lib/python3.10/site-packages/basic_calculator-0.0.0-py3.10.egg-info' (and everything under it)
[0.743s] Copying ../../build/basic_calculator/basic_calculator.egg-info to /home/vfran/ros2_ws/install/basic_calculator/lib/python3.10/site-packages/basic_calculator-0.0.0-py3.10.egg-info
[0.744s] running install_scripts
[0.765s] Installing calc_basic_client script to /home/vfran/ros2_ws/install/basic_calculator/lib/basic_calculator
[0.765s] Installing calc_basic_server script to /home/vfran/ros2_ws/install/basic_calculator/lib/basic_calculator
[0.765s] writing list of installed files to '/home/vfran/ros2_ws/build/basic_calculator/install.log'
[0.808s] Invoked command in '/home/vfran/ros2_ws/src/basic_calculator' returned '0': PYTHONPATH=/home/vfran/ros2_ws/build/basic_calculator/prefix_override:/home/vfran/ros2_ws/install/basic_calculator/lib/python3.10/site-packages:${PYTHONPATH} /usr/bin/python3 -W ignore:setup.py install is deprecated setup.py egg_info --egg-base ../../build/basic_calculator build --build-base /home/vfran/ros2_ws/build/basic_calculator/build install --record /home/vfran/ros2_ws/build/basic_calculator/install.log --single-version-externally-managed install_data
