[2.703s] Invoking command in '/home/vfran/ros2_ws/src/calculator': PYTHONPATH=/home/vfran/ros2_ws/build/calculator/prefix_override:/home/vfran/ros2_ws/install/calculator/lib/python3.10/site-packages:${PYTHONPATH} /usr/bin/python3 -W ignore:setup.py install is deprecated setup.py egg_info --egg-base ../../build/calculator build --build-base /home/vfran/ros2_ws/build/calculator/build install --record /home/vfran/ros2_ws/build/calculator/install.log --single-version-externally-managed install_data
[3.285s] running egg_info
[3.287s] writing ../../build/calculator/calculator.egg-info/PKG-INFO
[3.287s] writing dependency_links to ../../build/calculator/calculator.egg-info/dependency_links.txt
[3.288s] writing entry points to ../../build/calculator/calculator.egg-info/entry_points.txt
[3.288s] writing requirements to ../../build/calculator/calculator.egg-info/requires.txt
[3.288s] writing top-level names to ../../build/calculator/calculator.egg-info/top_level.txt
[3.292s] reading manifest file '../../build/calculator/calculator.egg-info/SOURCES.txt'
[3.295s] writing manifest file '../../build/calculator/calculator.egg-info/SOURCES.txt'
[3.296s] running build
[3.296s] running build_py
[3.297s] running install
[3.298s] running install_lib
[3.302s] running install_data
[3.302s] running install_egg_info
[3.306s] removing '/home/vfran/ros2_ws/install/calculator/lib/python3.10/site-packages/calculator-0.0.0-py3.10.egg-info' (and everything under it)
[3.307s] Copying ../../build/calculator/calculator.egg-info to /home/vfran/ros2_ws/install/calculator/lib/python3.10/site-packages/calculator-0.0.0-py3.10.egg-info
[3.311s] running install_scripts
[3.359s] Installing calculator_client script to /home/vfran/ros2_ws/install/calculator/lib/calculator
[3.360s] Installing calculator_server script to /home/vfran/ros2_ws/install/calculator/lib/calculator
[3.360s] Installing geometric_calculator_server script to /home/vfran/ros2_ws/install/calculator/lib/calculator
[3.361s] writing list of installed files to '/home/vfran/ros2_ws/build/calculator/install.log'
[3.456s] Invoked command in '/home/vfran/ros2_ws/src/calculator' returned '0': PYTHONPATH=/home/vfran/ros2_ws/build/calculator/prefix_override:/home/vfran/ros2_ws/install/calculator/lib/python3.10/site-packages:${PYTHONPATH} /usr/bin/python3 -W ignore:setup.py install is deprecated setup.py egg_info --egg-base ../../build/calculator build --build-base /home/vfran/ros2_ws/build/calculator/build install --record /home/vfran/ros2_ws/build/calculator/install.log --single-version-externally-managed install_data
