[0.502s] Invoking command in '/home/vfran/ros2_ws/build/my_py_pkg': PYTHONPATH=/home/vfran/ros2_ws/build/my_py_pkg/prefix_override:/home/vfran/ros2_ws/install/my_py_pkg/lib/python3.10/site-packages:${PYTHONPATH} /usr/bin/python3 -W ignore:setup.py install is deprecated setup.py develop --editable --build-directory /home/vfran/ros2_ws/build/my_py_pkg/build --no-deps symlink_data
[0.710s] running develop
[0.710s] /usr/lib/python3/dist-packages/setuptools/command/easy_install.py:158: EasyInstallDeprecationWarning: easy_install command is deprecated. Use build and pip and other standards-based tools.
[0.710s]   warnings.warn(
[0.839s] running egg_info
[0.839s] writing my_py_pkg.egg-info/PKG-INFO
[0.839s] writing dependency_links to my_py_pkg.egg-info/dependency_links.txt
[0.840s] writing entry points to my_py_pkg.egg-info/entry_points.txt
[0.840s] writing requirements to my_py_pkg.egg-info/requires.txt
[0.840s] writing top-level names to my_py_pkg.egg-info/top_level.txt
[0.841s] reading manifest file 'my_py_pkg.egg-info/SOURCES.txt'
[0.841s] writing manifest file 'my_py_pkg.egg-info/SOURCES.txt'
[0.842s] running build_ext
[0.842s] Creating /home/vfran/ros2_ws/install/my_py_pkg/lib/python3.10/site-packages/my-py-pkg.egg-link (link to .)
[0.843s] Installing py_node script to /home/vfran/ros2_ws/install/my_py_pkg/lib/my_py_pkg
[0.843s] Installing radiostation script to /home/vfran/ros2_ws/install/my_py_pkg/lib/my_py_pkg
[0.844s] 
[0.844s] Installed /home/vfran/ros2_ws/build/my_py_pkg
[0.844s] running symlink_data
[0.877s] Invoked command in '/home/vfran/ros2_ws/build/my_py_pkg' returned '0': PYTHONPATH=/home/vfran/ros2_ws/build/my_py_pkg/prefix_override:/home/vfran/ros2_ws/install/my_py_pkg/lib/python3.10/site-packages:${PYTHONPATH} /usr/bin/python3 -W ignore:setup.py install is deprecated setup.py develop --editable --build-directory /home/vfran/ros2_ws/build/my_py_pkg/build --no-deps symlink_data
