[1.306s] Invoking command in '/home/vfran/ros2_ws/src/calculator': PYTHONPATH=/home/vfran/ros2_ws/build/calculator/prefix_override:/home/vfran/ros2_ws/install/calculator/lib/python3.10/site-packages:${PYTHONPATH} /usr/bin/python3 -W ignore:setup.py install is deprecated setup.py egg_info --egg-base ../../build/calculator build --build-base /home/vfran/ros2_ws/build/calculator/build install --record /home/vfran/ros2_ws/build/calculator/install.log --single-version-externally-managed install_data
[1.517s] running egg_info
[1.517s] writing ../../build/calculator/calculator.egg-info/PKG-INFO
[1.518s] writing dependency_links to ../../build/calculator/calculator.egg-info/dependency_links.txt
[1.518s] writing entry points to ../../build/calculator/calculator.egg-info/entry_points.txt
[1.518s] writing requirements to ../../build/calculator/calculator.egg-info/requires.txt
[1.519s] writing top-level names to ../../build/calculator/calculator.egg-info/top_level.txt
[1.520s] reading manifest file '../../build/calculator/calculator.egg-info/SOURCES.txt'
[1.521s] writing manifest file '../../build/calculator/calculator.egg-info/SOURCES.txt'
[1.522s] running build
[1.522s] running build_py
[1.522s] running install
[1.522s] running install_lib
[1.523s] running install_data
[1.523s] running install_egg_info
[1.526s] removing '/home/vfran/ros2_ws/install/calculator/lib/python3.10/site-packages/calculator-0.0.0-py3.10.egg-info' (and everything under it)
[1.526s] Copying ../../build/calculator/calculator.egg-info to /home/vfran/ros2_ws/install/calculator/lib/python3.10/site-packages/calculator-0.0.0-py3.10.egg-info
[1.526s] running install_scripts
[1.547s] Installing calculator_client script to /home/vfran/ros2_ws/install/calculator/lib/calculator
[1.548s] Installing calculator_client_param script to /home/vfran/ros2_ws/install/calculator/lib/calculator
[1.548s] Installing calculator_server script to /home/vfran/ros2_ws/install/calculator/lib/calculator
[1.548s] Installing geometric_calculator_server script to /home/vfran/ros2_ws/install/calculator/lib/calculator
[1.548s] writing list of installed files to '/home/vfran/ros2_ws/build/calculator/install.log'
[1.607s] Invoked command in '/home/vfran/ros2_ws/src/calculator' returned '0': PYTHONPATH=/home/vfran/ros2_ws/build/calculator/prefix_override:/home/vfran/ros2_ws/install/calculator/lib/python3.10/site-packages:${PYTHONPATH} /usr/bin/python3 -W ignore:setup.py install is deprecated setup.py egg_info --egg-base ../../build/calculator build --build-base /home/vfran/ros2_ws/build/calculator/build install --record /home/vfran/ros2_ws/build/calculator/install.log --single-version-externally-managed install_data
