[0.024s] Invoking command in '/home/vfran/ros2_ws/build/my_interfaces': CMAKE_PREFIX_PATH=${CMAKE_PREFIX_PATH}:/home/vfran/ros2_ws/install/radio:/home/vfran/ros2_ws/install/my_py_pkg:/home/vfran/ros2_ws/install/calculator:/home/vfran/ros2_ws/install/basic_calculator:/opt/ros/humble /usr/local/bin/cmake --build /home/vfran/ros2_ws/build/my_interfaces -- -j16 -l16
[0.459s] -- Found ament_cmake: 1.3.9 (/opt/ros/humble/share/ament_cmake/cmake)
[0.459s] -- Found rosidl_default_generators: 1.2.0 (/opt/ros/humble/share/rosidl_default_generators/cmake)
[0.459s] -- Using all available rosidl_typesupport_c: rosidl_typesupport_fastrtps_c;rosidl_typesupport_introspection_c
[0.459s] -- Found rosidl_adapter: 3.1.5 (/opt/ros/humble/share/rosidl_adapter/cmake)
[0.459s] -- Using all available rosidl_typesupport_cpp: rosidl_typesupport_fastrtps_cpp;rosidl_typesupport_introspection_cpp
[0.459s] -- Found ament_cmake_ros: 0.10.0 (/opt/ros/humble/share/ament_cmake_ros/cmake)
[0.459s] -- Using all available rosidl_typesupport_c: rosidl_typesupport_fastrtps_c;rosidl_typesupport_introspection_c
[0.520s] -- Using all available rosidl_typesupport_cpp: rosidl_typesupport_fastrtps_cpp;rosidl_typesupport_introspection_cpp
[0.541s] -- Found python_cmake_module: 0.10.0 (/opt/ros/humble/share/python_cmake_module/cmake)
[0.561s] -- Using PYTHON_EXECUTABLE: /usr/bin/python3
[0.561s] -- Using PYTHON_INCLUDE_DIRS: /usr/include/python3.10
[0.561s] -- Using PYTHON_LIBRARIES: /usr/lib/x86_64-linux-gnu/libpython3.10.so
[0.575s] -- Configuring done
[0.604s] -- Generating done
[0.607s] -- Build files have been written to: /home/vfran/ros2_ws/build/my_interfaces
[0.622s] [  2%] [34m[1mGenerating C code for ROS interfaces[0m
[0.628s] [  4%] [34m[1mGenerating C++ code for ROS interfaces[0m
[0.637s] [  4%] Built target ament_cmake_python_copy_my_interfaces
[0.891s] running egg_info
[0.891s] writing my_interfaces.egg-info/PKG-INFO
[0.892s] writing dependency_links to my_interfaces.egg-info/dependency_links.txt
[0.892s] writing top-level names to my_interfaces.egg-info/top_level.txt
[0.894s] reading manifest file 'my_interfaces.egg-info/SOURCES.txt'
[0.895s] writing manifest file 'my_interfaces.egg-info/SOURCES.txt'
[0.935s] [  4%] Built target ament_cmake_python_build_my_interfaces_egg
[0.989s] [  4%] Built target my_interfaces__cpp
[0.996s] [ 10%] [34m[1mGenerating C++ introspection for ROS interfaces[0m
[0.996s] [ 10%] [34m[1mGenerating C++ type support dispatch for ROS interfaces[0m
[0.996s] [ 10%] [34m[1mGenerating C++ type support for eProsima Fast-RTPS[0m
[1.017s] [35m[1mConsolidate compiler generated dependencies of target my_interfaces__rosidl_generator_c[0m
[1.028s] [ 17%] [32mBuilding C object CMakeFiles/my_interfaces__rosidl_generator_c.dir/rosidl_generator_c/my_interfaces/srv/detail/compute_rectangle_area__functions.c.o[0m
[1.028s] [ 17%] [32mBuilding C object CMakeFiles/my_interfaces__rosidl_generator_c.dir/rosidl_generator_c/my_interfaces/msg/detail/hardware_status__functions.c.o[0m
[1.028s] [ 17%] [32mBuilding C object CMakeFiles/my_interfaces__rosidl_generator_c.dir/rosidl_generator_c/my_interfaces/srv/detail/calc__functions.c.o[0m
[1.097s] [ 19%] [32m[1mLinking C shared library libmy_interfaces__rosidl_generator_c.so[0m
[1.133s] [ 19%] Built target my_interfaces__rosidl_generator_c
[1.140s] [ 21%] [34m[1mGenerating C type support for eProsima Fast-RTPS[0m
[1.140s] [ 23%] [34m[1mGenerating C type support dispatch for ROS interfaces[0m
[1.141s] [ 25%] [34m[1mGenerating C introspection for ROS interfaces[0m
[1.313s] [35m[1mConsolidate compiler generated dependencies of target my_interfaces__rosidl_typesupport_cpp[0m
[1.328s] [ 29%] [32mBuilding CXX object CMakeFiles/my_interfaces__rosidl_typesupport_cpp.dir/rosidl_typesupport_cpp/my_interfaces/msg/hardware_status__type_support.cpp.o[0m
[1.328s] [ 29%] [32mBuilding CXX object CMakeFiles/my_interfaces__rosidl_typesupport_cpp.dir/rosidl_typesupport_cpp/my_interfaces/srv/compute_rectangle_area__type_support.cpp.o[0m
[1.330s] [ 31%] [32mBuilding CXX object CMakeFiles/my_interfaces__rosidl_typesupport_cpp.dir/rosidl_typesupport_cpp/my_interfaces/srv/calc__type_support.cpp.o[0m
[1.367s] [35m[1mConsolidate compiler generated dependencies of target my_interfaces__rosidl_typesupport_introspection_cpp[0m
[1.384s] [ 36%] [32mBuilding CXX object CMakeFiles/my_interfaces__rosidl_typesupport_introspection_cpp.dir/rosidl_typesupport_introspection_cpp/my_interfaces/srv/detail/calc__type_support.cpp.o[0m
[1.384s] [ 36%] [32mBuilding CXX object CMakeFiles/my_interfaces__rosidl_typesupport_introspection_cpp.dir/rosidl_typesupport_introspection_cpp/my_interfaces/msg/detail/hardware_status__type_support.cpp.o[0m
[1.385s] [ 38%] [32mBuilding CXX object CMakeFiles/my_interfaces__rosidl_typesupport_introspection_cpp.dir/rosidl_typesupport_introspection_cpp/my_interfaces/srv/detail/compute_rectangle_area__type_support.cpp.o[0m
[1.481s] [35m[1mConsolidate compiler generated dependencies of target my_interfaces__rosidl_typesupport_fastrtps_cpp[0m
[1.508s] [ 40%] [32mBuilding CXX object CMakeFiles/my_interfaces__rosidl_typesupport_fastrtps_cpp.dir/rosidl_typesupport_fastrtps_cpp/my_interfaces/msg/detail/dds_fastrtps/hardware_status__type_support.cpp.o[0m
[1.511s] [35m[1mConsolidate compiler generated dependencies of target my_interfaces__rosidl_typesupport_c[0m
[1.513s] [ 42%] [32mBuilding CXX object CMakeFiles/my_interfaces__rosidl_typesupport_fastrtps_cpp.dir/rosidl_typesupport_fastrtps_cpp/my_interfaces/srv/detail/dds_fastrtps/compute_rectangle_area__type_support.cpp.o[0m
[1.520s] [ 44%] [32mBuilding CXX object CMakeFiles/my_interfaces__rosidl_typesupport_fastrtps_cpp.dir/rosidl_typesupport_fastrtps_cpp/my_interfaces/srv/detail/dds_fastrtps/calc__type_support.cpp.o[0m
[1.527s] [ 46%] [32mBuilding CXX object CMakeFiles/my_interfaces__rosidl_typesupport_c.dir/rosidl_typesupport_c/my_interfaces/msg/hardware_status__type_support.cpp.o[0m
[1.530s] [ 48%] [32mBuilding CXX object CMakeFiles/my_interfaces__rosidl_typesupport_c.dir/rosidl_typesupport_c/my_interfaces/srv/calc__type_support.cpp.o[0m
[1.534s] [ 51%] [32mBuilding CXX object CMakeFiles/my_interfaces__rosidl_typesupport_c.dir/rosidl_typesupport_c/my_interfaces/srv/compute_rectangle_area__type_support.cpp.o[0m
[1.612s] [ 53%] [32m[1mLinking CXX shared library libmy_interfaces__rosidl_typesupport_c.so[0m
[1.646s] [35m[1mConsolidate compiler generated dependencies of target my_interfaces__rosidl_typesupport_fastrtps_c[0m
[1.662s] [ 55%] [32mBuilding CXX object CMakeFiles/my_interfaces__rosidl_typesupport_fastrtps_c.dir/rosidl_typesupport_fastrtps_c/my_interfaces/msg/detail/hardware_status__type_support_c.cpp.o[0m
[1.663s] [ 57%] [32mBuilding CXX object CMakeFiles/my_interfaces__rosidl_typesupport_fastrtps_c.dir/rosidl_typesupport_fastrtps_c/my_interfaces/srv/detail/compute_rectangle_area__type_support_c.cpp.o[0m
[1.664s] [ 59%] [32mBuilding CXX object CMakeFiles/my_interfaces__rosidl_typesupport_fastrtps_c.dir/rosidl_typesupport_fastrtps_c/my_interfaces/srv/detail/calc__type_support_c.cpp.o[0m
[1.683s] [ 59%] Built target my_interfaces__rosidl_typesupport_c
[1.748s] [35m[1mConsolidate compiler generated dependencies of target my_interfaces__rosidl_typesupport_introspection_c[0m
[1.759s] [ 61%] [32mBuilding C object CMakeFiles/my_interfaces__rosidl_typesupport_introspection_c.dir/rosidl_typesupport_introspection_c/my_interfaces/msg/detail/hardware_status__type_support.c.o[0m
[1.761s] [ 63%] [32mBuilding C object CMakeFiles/my_interfaces__rosidl_typesupport_introspection_c.dir/rosidl_typesupport_introspection_c/my_interfaces/srv/detail/compute_rectangle_area__type_support.c.o[0m
[1.761s] [ 65%] [32mBuilding C object CMakeFiles/my_interfaces__rosidl_typesupport_introspection_c.dir/rosidl_typesupport_introspection_c/my_interfaces/srv/detail/calc__type_support.c.o[0m
[1.785s] [ 68%] [32m[1mLinking CXX shared library libmy_interfaces__rosidl_typesupport_cpp.so[0m
[1.822s] [ 70%] [32m[1mLinking C shared library libmy_interfaces__rosidl_typesupport_introspection_c.so[0m
[1.849s] [ 70%] Built target my_interfaces__rosidl_typesupport_cpp
[1.864s] [ 70%] Built target my_interfaces__rosidl_typesupport_introspection_c
[2.006s] [ 72%] [32m[1mLinking CXX shared library libmy_interfaces__rosidl_typesupport_introspection_cpp.so[0m
[2.060s] [ 74%] [32m[1mLinking CXX shared library libmy_interfaces__rosidl_typesupport_fastrtps_cpp.so[0m
[2.085s] [ 74%] Built target my_interfaces__rosidl_typesupport_introspection_cpp
[2.086s] [ 76%] [32m[1mLinking CXX shared library libmy_interfaces__rosidl_typesupport_fastrtps_c.so[0m
[2.147s] [ 76%] Built target my_interfaces__rosidl_typesupport_fastrtps_cpp
[2.172s] [ 76%] Built target my_interfaces__rosidl_typesupport_fastrtps_c
[2.185s] [ 76%] Built target my_interfaces
[2.201s] [ 78%] [34m[1mGenerating Python code for ROS interfaces[0m
[2.646s] [ 78%] Built target my_interfaces__py
[2.653s] [35m[1mConsolidate compiler generated dependencies of target my_interfaces__rosidl_generator_py[0m
[2.665s] [ 82%] [32mBuilding C object CMakeFiles/my_interfaces__rosidl_generator_py.dir/rosidl_generator_py/my_interfaces/msg/_hardware_status_s.c.o[0m
[2.665s] [ 82%] [32mBuilding C object CMakeFiles/my_interfaces__rosidl_generator_py.dir/rosidl_generator_py/my_interfaces/srv/_calc_s.c.o[0m
[2.665s] [ 85%] [32mBuilding C object CMakeFiles/my_interfaces__rosidl_generator_py.dir/rosidl_generator_py/my_interfaces/srv/_compute_rectangle_area_s.c.o[0m
[2.753s] [ 87%] [32m[1mLinking C shared library rosidl_generator_py/my_interfaces/libmy_interfaces__rosidl_generator_py.so[0m
[2.787s] [ 87%] Built target my_interfaces__rosidl_generator_py
[2.793s] [35m[1mConsolidate compiler generated dependencies of target my_interfaces__rosidl_typesupport_fastrtps_c__pyext[0m
[2.793s] [35m[1mConsolidate compiler generated dependencies of target my_interfaces__rosidl_typesupport_introspection_c__pyext[0m
[2.794s] [35m[1mConsolidate compiler generated dependencies of target my_interfaces__rosidl_typesupport_c__pyext[0m
[2.804s] [ 91%] [32mBuilding C object CMakeFiles/my_interfaces__rosidl_typesupport_fastrtps_c__pyext.dir/rosidl_generator_py/my_interfaces/_my_interfaces_s.ep.rosidl_typesupport_fastrtps_c.c.o[0m
[2.804s] [ 91%] [32mBuilding C object CMakeFiles/my_interfaces__rosidl_typesupport_introspection_c__pyext.dir/rosidl_generator_py/my_interfaces/_my_interfaces_s.ep.rosidl_typesupport_introspection_c.c.o[0m
[2.805s] [ 93%] [32mBuilding C object CMakeFiles/my_interfaces__rosidl_typesupport_c__pyext.dir/rosidl_generator_py/my_interfaces/_my_interfaces_s.ep.rosidl_typesupport_c.c.o[0m
[2.895s] [ 95%] [32m[1mLinking C shared library rosidl_generator_py/my_interfaces/my_interfaces_s__rosidl_typesupport_c.cpython-310-x86_64-linux-gnu.so[0m
[2.896s] [ 97%] [32m[1mLinking C shared library rosidl_generator_py/my_interfaces/my_interfaces_s__rosidl_typesupport_introspection_c.cpython-310-x86_64-linux-gnu.so[0m
[2.902s] [100%] [32m[1mLinking C shared library rosidl_generator_py/my_interfaces/my_interfaces_s__rosidl_typesupport_fastrtps_c.cpython-310-x86_64-linux-gnu.so[0m
[2.921s] [100%] Built target my_interfaces__rosidl_typesupport_c__pyext
[2.922s] [100%] Built target my_interfaces__rosidl_typesupport_introspection_c__pyext
[2.929s] [100%] Built target my_interfaces__rosidl_typesupport_fastrtps_c__pyext
[2.937s] Invoked command in '/home/vfran/ros2_ws/build/my_interfaces' returned '0': CMAKE_PREFIX_PATH=${CMAKE_PREFIX_PATH}:/home/vfran/ros2_ws/install/radio:/home/vfran/ros2_ws/install/my_py_pkg:/home/vfran/ros2_ws/install/calculator:/home/vfran/ros2_ws/install/basic_calculator:/opt/ros/humble /usr/local/bin/cmake --build /home/vfran/ros2_ws/build/my_interfaces -- -j16 -l16
[3.070s] Invoking command in '/home/vfran/ros2_ws/build/my_interfaces': CMAKE_PREFIX_PATH=${CMAKE_PREFIX_PATH}:/home/vfran/ros2_ws/install/radio:/home/vfran/ros2_ws/install/my_py_pkg:/home/vfran/ros2_ws/install/calculator:/home/vfran/ros2_ws/install/basic_calculator:/opt/ros/humble /usr/local/bin/cmake --install /home/vfran/ros2_ws/build/my_interfaces
[3.074s] -- Install configuration: ""
[3.075s] -- Up-to-date: /home/vfran/ros2_ws/install/my_interfaces/share/ament_index/resource_index/rosidl_interfaces/my_interfaces
[3.075s] -- Up-to-date: /home/vfran/ros2_ws/install/my_interfaces/include/my_interfaces/my_interfaces
[3.075s] -- Up-to-date: /home/vfran/ros2_ws/install/my_interfaces/include/my_interfaces/my_interfaces/srv
[3.075s] -- Installing: /home/vfran/ros2_ws/install/my_interfaces/include/my_interfaces/my_interfaces/srv/compute_rectangle_area.h
[3.075s] -- Up-to-date: /home/vfran/ros2_ws/install/my_interfaces/include/my_interfaces/my_interfaces/srv/detail
[3.075s] -- Installing: /home/vfran/ros2_ws/install/my_interfaces/include/my_interfaces/my_interfaces/srv/detail/calc__functions.h
[3.076s] -- Installing: /home/vfran/ros2_ws/install/my_interfaces/include/my_interfaces/my_interfaces/srv/detail/compute_rectangle_area__functions.h
[3.076s] -- Installing: /home/vfran/ros2_ws/install/my_interfaces/include/my_interfaces/my_interfaces/srv/detail/calc__type_support.h
[3.076s] -- Installing: /home/vfran/ros2_ws/install/my_interfaces/include/my_interfaces/my_interfaces/srv/detail/compute_rectangle_area__functions.c
[3.076s] -- Installing: /home/vfran/ros2_ws/install/my_interfaces/include/my_interfaces/my_interfaces/srv/detail/calc__struct.h
[3.076s] -- Installing: /home/vfran/ros2_ws/install/my_interfaces/include/my_interfaces/my_interfaces/srv/detail/calc__functions.c
[3.076s] -- Installing: /home/vfran/ros2_ws/install/my_interfaces/include/my_interfaces/my_interfaces/srv/detail/compute_rectangle_area__type_support.h
[3.076s] -- Installing: /home/vfran/ros2_ws/install/my_interfaces/include/my_interfaces/my_interfaces/srv/detail/compute_rectangle_area__struct.h
[3.076s] -- Installing: /home/vfran/ros2_ws/install/my_interfaces/include/my_interfaces/my_interfaces/srv/calc.h
[3.076s] -- Up-to-date: /home/vfran/ros2_ws/install/my_interfaces/include/my_interfaces/my_interfaces/msg
[3.076s] -- Installing: /home/vfran/ros2_ws/install/my_interfaces/include/my_interfaces/my_interfaces/msg/hardware_status.h
[3.076s] -- Up-to-date: /home/vfran/ros2_ws/install/my_interfaces/include/my_interfaces/my_interfaces/msg/detail
[3.076s] -- Installing: /home/vfran/ros2_ws/install/my_interfaces/include/my_interfaces/my_interfaces/msg/detail/hardware_status__type_support.h
[3.077s] -- Installing: /home/vfran/ros2_ws/install/my_interfaces/include/my_interfaces/my_interfaces/msg/detail/hardware_status__struct.h
[3.077s] -- Installing: /home/vfran/ros2_ws/install/my_interfaces/include/my_interfaces/my_interfaces/msg/detail/hardware_status__functions.c
[3.077s] -- Installing: /home/vfran/ros2_ws/install/my_interfaces/include/my_interfaces/my_interfaces/msg/detail/hardware_status__functions.h
[3.077s] -- Up-to-date: /home/vfran/ros2_ws/install/my_interfaces/include/my_interfaces/my_interfaces/msg/rosidl_generator_c__visibility_control.h
[3.077s] -- Up-to-date: /home/vfran/ros2_ws/install/my_interfaces/share/my_interfaces/environment/library_path.sh
[3.077s] -- Installing: /home/vfran/ros2_ws/install/my_interfaces/share/my_interfaces/environment/library_path.dsv
[3.077s] -- Installing: /home/vfran/ros2_ws/install/my_interfaces/lib/libmy_interfaces__rosidl_generator_c.so
[3.077s] -- Set runtime path of "/home/vfran/ros2_ws/install/my_interfaces/lib/libmy_interfaces__rosidl_generator_c.so" to ""
[3.078s] -- Up-to-date: /home/vfran/ros2_ws/install/my_interfaces/include/my_interfaces/my_interfaces
[3.078s] -- Up-to-date: /home/vfran/ros2_ws/install/my_interfaces/include/my_interfaces/my_interfaces/srv
[3.078s] -- Up-to-date: /home/vfran/ros2_ws/install/my_interfaces/include/my_interfaces/my_interfaces/srv/detail
[3.078s] -- Installing: /home/vfran/ros2_ws/install/my_interfaces/include/my_interfaces/my_interfaces/srv/detail/calc__rosidl_typesupport_fastrtps_c.h
[3.078s] -- Installing: /home/vfran/ros2_ws/install/my_interfaces/include/my_interfaces/my_interfaces/srv/detail/compute_rectangle_area__rosidl_typesupport_fastrtps_c.h
[3.078s] -- Up-to-date: /home/vfran/ros2_ws/install/my_interfaces/include/my_interfaces/my_interfaces/msg
[3.078s] -- Up-to-date: /home/vfran/ros2_ws/install/my_interfaces/include/my_interfaces/my_interfaces/msg/rosidl_typesupport_fastrtps_c__visibility_control.h
[3.078s] -- Up-to-date: /home/vfran/ros2_ws/install/my_interfaces/include/my_interfaces/my_interfaces/msg/detail
[3.078s] -- Installing: /home/vfran/ros2_ws/install/my_interfaces/include/my_interfaces/my_interfaces/msg/detail/hardware_status__rosidl_typesupport_fastrtps_c.h
[3.078s] -- Installing: /home/vfran/ros2_ws/install/my_interfaces/lib/libmy_interfaces__rosidl_typesupport_fastrtps_c.so
[3.079s] -- Set runtime path of "/home/vfran/ros2_ws/install/my_interfaces/lib/libmy_interfaces__rosidl_typesupport_fastrtps_c.so" to ""
[3.079s] -- Up-to-date: /home/vfran/ros2_ws/install/my_interfaces/include/my_interfaces/my_interfaces
[3.079s] -- Up-to-date: /home/vfran/ros2_ws/install/my_interfaces/include/my_interfaces/my_interfaces/srv
[3.079s] -- Up-to-date: /home/vfran/ros2_ws/install/my_interfaces/include/my_interfaces/my_interfaces/srv/detail
[3.079s] -- Installing: /home/vfran/ros2_ws/install/my_interfaces/include/my_interfaces/my_interfaces/srv/detail/calc__rosidl_typesupport_introspection_c.h
[3.079s] -- Installing: /home/vfran/ros2_ws/install/my_interfaces/include/my_interfaces/my_interfaces/srv/detail/compute_rectangle_area__rosidl_typesupport_introspection_c.h
[3.079s] -- Installing: /home/vfran/ros2_ws/install/my_interfaces/include/my_interfaces/my_interfaces/srv/detail/calc__type_support.c
[3.079s] -- Installing: /home/vfran/ros2_ws/install/my_interfaces/include/my_interfaces/my_interfaces/srv/detail/compute_rectangle_area__type_support.c
[3.080s] -- Up-to-date: /home/vfran/ros2_ws/install/my_interfaces/include/my_interfaces/my_interfaces/msg
[3.080s] -- Up-to-date: /home/vfran/ros2_ws/install/my_interfaces/include/my_interfaces/my_interfaces/msg/rosidl_typesupport_introspection_c__visibility_control.h
[3.080s] -- Up-to-date: /home/vfran/ros2_ws/install/my_interfaces/include/my_interfaces/my_interfaces/msg/detail
[3.080s] -- Installing: /home/vfran/ros2_ws/install/my_interfaces/include/my_interfaces/my_interfaces/msg/detail/hardware_status__rosidl_typesupport_introspection_c.h
[3.080s] -- Installing: /home/vfran/ros2_ws/install/my_interfaces/include/my_interfaces/my_interfaces/msg/detail/hardware_status__type_support.c
[3.080s] -- Installing: /home/vfran/ros2_ws/install/my_interfaces/lib/libmy_interfaces__rosidl_typesupport_introspection_c.so
[3.081s] -- Set runtime path of "/home/vfran/ros2_ws/install/my_interfaces/lib/libmy_interfaces__rosidl_typesupport_introspection_c.so" to ""
[3.081s] -- Installing: /home/vfran/ros2_ws/install/my_interfaces/lib/libmy_interfaces__rosidl_typesupport_c.so
[3.081s] -- Set runtime path of "/home/vfran/ros2_ws/install/my_interfaces/lib/libmy_interfaces__rosidl_typesupport_c.so" to ""
[3.081s] -- Up-to-date: /home/vfran/ros2_ws/install/my_interfaces/include/my_interfaces/my_interfaces
[3.081s] -- Up-to-date: /home/vfran/ros2_ws/install/my_interfaces/include/my_interfaces/my_interfaces/srv
[3.081s] -- Installing: /home/vfran/ros2_ws/install/my_interfaces/include/my_interfaces/my_interfaces/srv/compute_rectangle_area.hpp
[3.081s] -- Installing: /home/vfran/ros2_ws/install/my_interfaces/include/my_interfaces/my_interfaces/srv/calc.hpp
[3.082s] -- Up-to-date: /home/vfran/ros2_ws/install/my_interfaces/include/my_interfaces/my_interfaces/srv/detail
[3.082s] -- Installing: /home/vfran/ros2_ws/install/my_interfaces/include/my_interfaces/my_interfaces/srv/detail/compute_rectangle_area__struct.hpp
[3.082s] -- Installing: /home/vfran/ros2_ws/install/my_interfaces/include/my_interfaces/my_interfaces/srv/detail/compute_rectangle_area__builder.hpp
[3.082s] -- Installing: /home/vfran/ros2_ws/install/my_interfaces/include/my_interfaces/my_interfaces/srv/detail/calc__struct.hpp
[3.082s] -- Installing: /home/vfran/ros2_ws/install/my_interfaces/include/my_interfaces/my_interfaces/srv/detail/compute_rectangle_area__traits.hpp
[3.082s] -- Installing: /home/vfran/ros2_ws/install/my_interfaces/include/my_interfaces/my_interfaces/srv/detail/calc__builder.hpp
[3.082s] -- Installing: /home/vfran/ros2_ws/install/my_interfaces/include/my_interfaces/my_interfaces/srv/detail/calc__traits.hpp
[3.082s] -- Up-to-date: /home/vfran/ros2_ws/install/my_interfaces/include/my_interfaces/my_interfaces/msg
[3.083s] -- Installing: /home/vfran/ros2_ws/install/my_interfaces/include/my_interfaces/my_interfaces/msg/hardware_status.hpp
[3.083s] -- Up-to-date: /home/vfran/ros2_ws/install/my_interfaces/include/my_interfaces/my_interfaces/msg/detail
[3.083s] -- Installing: /home/vfran/ros2_ws/install/my_interfaces/include/my_interfaces/my_interfaces/msg/detail/hardware_status__traits.hpp
[3.083s] -- Installing: /home/vfran/ros2_ws/install/my_interfaces/include/my_interfaces/my_interfaces/msg/detail/hardware_status__builder.hpp
[3.083s] -- Installing: /home/vfran/ros2_ws/install/my_interfaces/include/my_interfaces/my_interfaces/msg/detail/hardware_status__struct.hpp
[3.083s] -- Up-to-date: /home/vfran/ros2_ws/install/my_interfaces/include/my_interfaces/my_interfaces
[3.083s] -- Up-to-date: /home/vfran/ros2_ws/install/my_interfaces/include/my_interfaces/my_interfaces/srv
[3.083s] -- Up-to-date: /home/vfran/ros2_ws/install/my_interfaces/include/my_interfaces/my_interfaces/srv/detail
[3.083s] -- Up-to-date: /home/vfran/ros2_ws/install/my_interfaces/include/my_interfaces/my_interfaces/srv/detail/dds_fastrtps
[3.083s] -- Installing: /home/vfran/ros2_ws/install/my_interfaces/include/my_interfaces/my_interfaces/srv/detail/calc__rosidl_typesupport_fastrtps_cpp.hpp
[3.084s] -- Installing: /home/vfran/ros2_ws/install/my_interfaces/include/my_interfaces/my_interfaces/srv/detail/compute_rectangle_area__rosidl_typesupport_fastrtps_cpp.hpp
[3.084s] -- Up-to-date: /home/vfran/ros2_ws/install/my_interfaces/include/my_interfaces/my_interfaces/msg
[3.084s] -- Up-to-date: /home/vfran/ros2_ws/install/my_interfaces/include/my_interfaces/my_interfaces/msg/detail
[3.084s] -- Up-to-date: /home/vfran/ros2_ws/install/my_interfaces/include/my_interfaces/my_interfaces/msg/detail/dds_fastrtps
[3.084s] -- Installing: /home/vfran/ros2_ws/install/my_interfaces/include/my_interfaces/my_interfaces/msg/detail/hardware_status__rosidl_typesupport_fastrtps_cpp.hpp
[3.084s] -- Up-to-date: /home/vfran/ros2_ws/install/my_interfaces/include/my_interfaces/my_interfaces/msg/rosidl_typesupport_fastrtps_cpp__visibility_control.h
[3.084s] -- Installing: /home/vfran/ros2_ws/install/my_interfaces/lib/libmy_interfaces__rosidl_typesupport_fastrtps_cpp.so
[3.085s] -- Set runtime path of "/home/vfran/ros2_ws/install/my_interfaces/lib/libmy_interfaces__rosidl_typesupport_fastrtps_cpp.so" to ""
[3.085s] -- Up-to-date: /home/vfran/ros2_ws/install/my_interfaces/include/my_interfaces/my_interfaces
[3.085s] -- Up-to-date: /home/vfran/ros2_ws/install/my_interfaces/include/my_interfaces/my_interfaces/srv
[3.085s] -- Up-to-date: /home/vfran/ros2_ws/install/my_interfaces/include/my_interfaces/my_interfaces/srv/detail
[3.085s] -- Installing: /home/vfran/ros2_ws/install/my_interfaces/include/my_interfaces/my_interfaces/srv/detail/compute_rectangle_area__rosidl_typesupport_introspection_cpp.hpp
[3.085s] -- Installing: /home/vfran/ros2_ws/install/my_interfaces/include/my_interfaces/my_interfaces/srv/detail/calc__type_support.cpp
[3.085s] -- Installing: /home/vfran/ros2_ws/install/my_interfaces/include/my_interfaces/my_interfaces/srv/detail/compute_rectangle_area__type_support.cpp
[3.085s] -- Installing: /home/vfran/ros2_ws/install/my_interfaces/include/my_interfaces/my_interfaces/srv/detail/calc__rosidl_typesupport_introspection_cpp.hpp
[3.085s] -- Up-to-date: /home/vfran/ros2_ws/install/my_interfaces/include/my_interfaces/my_interfaces/msg
[3.085s] -- Up-to-date: /home/vfran/ros2_ws/install/my_interfaces/include/my_interfaces/my_interfaces/msg/detail
[3.086s] -- Installing: /home/vfran/ros2_ws/install/my_interfaces/include/my_interfaces/my_interfaces/msg/detail/hardware_status__rosidl_typesupport_introspection_cpp.hpp
[3.086s] -- Installing: /home/vfran/ros2_ws/install/my_interfaces/include/my_interfaces/my_interfaces/msg/detail/hardware_status__type_support.cpp
[3.086s] -- Installing: /home/vfran/ros2_ws/install/my_interfaces/lib/libmy_interfaces__rosidl_typesupport_introspection_cpp.so
[3.086s] -- Set runtime path of "/home/vfran/ros2_ws/install/my_interfaces/lib/libmy_interfaces__rosidl_typesupport_introspection_cpp.so" to ""
[3.086s] -- Installing: /home/vfran/ros2_ws/install/my_interfaces/lib/libmy_interfaces__rosidl_typesupport_cpp.so
[3.087s] -- Set runtime path of "/home/vfran/ros2_ws/install/my_interfaces/lib/libmy_interfaces__rosidl_typesupport_cpp.so" to ""
[3.087s] -- Up-to-date: /home/vfran/ros2_ws/install/my_interfaces/share/my_interfaces/environment/pythonpath.sh
[3.087s] -- Installing: /home/vfran/ros2_ws/install/my_interfaces/share/my_interfaces/environment/pythonpath.dsv
[3.087s] -- Up-to-date: /home/vfran/ros2_ws/install/my_interfaces/local/lib/python3.10/dist-packages/my_interfaces-0.0.0-py3.10.egg-info
[3.087s] -- Installing: /home/vfran/ros2_ws/install/my_interfaces/local/lib/python3.10/dist-packages/my_interfaces-0.0.0-py3.10.egg-info/top_level.txt
[3.087s] -- Installing: /home/vfran/ros2_ws/install/my_interfaces/local/lib/python3.10/dist-packages/my_interfaces-0.0.0-py3.10.egg-info/PKG-INFO
[3.087s] -- Installing: /home/vfran/ros2_ws/install/my_interfaces/local/lib/python3.10/dist-packages/my_interfaces-0.0.0-py3.10.egg-info/dependency_links.txt
[3.088s] -- Installing: /home/vfran/ros2_ws/install/my_interfaces/local/lib/python3.10/dist-packages/my_interfaces-0.0.0-py3.10.egg-info/SOURCES.txt
[3.088s] -- Up-to-date: /home/vfran/ros2_ws/install/my_interfaces/local/lib/python3.10/dist-packages/my_interfaces
[3.088s] -- Up-to-date: /home/vfran/ros2_ws/install/my_interfaces/local/lib/python3.10/dist-packages/my_interfaces/srv
[3.088s] -- Installing: /home/vfran/ros2_ws/install/my_interfaces/local/lib/python3.10/dist-packages/my_interfaces/srv/_compute_rectangle_area_s.c
[3.088s] -- Installing: /home/vfran/ros2_ws/install/my_interfaces/local/lib/python3.10/dist-packages/my_interfaces/srv/__init__.py
[3.088s] -- Installing: /home/vfran/ros2_ws/install/my_interfaces/local/lib/python3.10/dist-packages/my_interfaces/srv/_calc_s.c
[3.088s] -- Installing: /home/vfran/ros2_ws/install/my_interfaces/local/lib/python3.10/dist-packages/my_interfaces/srv/_compute_rectangle_area.py
[3.089s] -- Installing: /home/vfran/ros2_ws/install/my_interfaces/local/lib/python3.10/dist-packages/my_interfaces/srv/_calc.py
[3.089s] -- Installing: /home/vfran/ros2_ws/install/my_interfaces/local/lib/python3.10/dist-packages/my_interfaces/libmy_interfaces__rosidl_generator_py.so
[3.089s] -- Installing: /home/vfran/ros2_ws/install/my_interfaces/local/lib/python3.10/dist-packages/my_interfaces/__init__.py
[3.089s] -- Installing: /home/vfran/ros2_ws/install/my_interfaces/local/lib/python3.10/dist-packages/my_interfaces/my_interfaces_s__rosidl_typesupport_introspection_c.cpython-310-x86_64-linux-gnu.so
[3.089s] -- Up-to-date: /home/vfran/ros2_ws/install/my_interfaces/local/lib/python3.10/dist-packages/my_interfaces/msg
[3.089s] -- Installing: /home/vfran/ros2_ws/install/my_interfaces/local/lib/python3.10/dist-packages/my_interfaces/msg/_hardware_status_s.c
[3.089s] -- Installing: /home/vfran/ros2_ws/install/my_interfaces/local/lib/python3.10/dist-packages/my_interfaces/msg/__init__.py
[3.090s] -- Installing: /home/vfran/ros2_ws/install/my_interfaces/local/lib/python3.10/dist-packages/my_interfaces/msg/_hardware_status.py
[3.090s] -- Installing: /home/vfran/ros2_ws/install/my_interfaces/local/lib/python3.10/dist-packages/my_interfaces/_my_interfaces_s.ep.rosidl_typesupport_c.c
[3.090s] -- Installing: /home/vfran/ros2_ws/install/my_interfaces/local/lib/python3.10/dist-packages/my_interfaces/my_interfaces_s__rosidl_typesupport_fastrtps_c.cpython-310-x86_64-linux-gnu.so
[3.090s] -- Installing: /home/vfran/ros2_ws/install/my_interfaces/local/lib/python3.10/dist-packages/my_interfaces/my_interfaces_s__rosidl_typesupport_c.cpython-310-x86_64-linux-gnu.so
[3.090s] -- Installing: /home/vfran/ros2_ws/install/my_interfaces/local/lib/python3.10/dist-packages/my_interfaces/_my_interfaces_s.ep.rosidl_typesupport_fastrtps_c.c
[3.090s] -- Installing: /home/vfran/ros2_ws/install/my_interfaces/local/lib/python3.10/dist-packages/my_interfaces/_my_interfaces_s.ep.rosidl_typesupport_introspection_c.c
[3.121s] Listing '/home/vfran/ros2_ws/install/my_interfaces/local/lib/python3.10/dist-packages/my_interfaces'...
[3.121s] Compiling '/home/vfran/ros2_ws/install/my_interfaces/local/lib/python3.10/dist-packages/my_interfaces/__init__.py'...
[3.121s] Listing '/home/vfran/ros2_ws/install/my_interfaces/local/lib/python3.10/dist-packages/my_interfaces/msg'...
[3.121s] Compiling '/home/vfran/ros2_ws/install/my_interfaces/local/lib/python3.10/dist-packages/my_interfaces/msg/__init__.py'...
[3.121s] Compiling '/home/vfran/ros2_ws/install/my_interfaces/local/lib/python3.10/dist-packages/my_interfaces/msg/_hardware_status.py'...
[3.122s] Listing '/home/vfran/ros2_ws/install/my_interfaces/local/lib/python3.10/dist-packages/my_interfaces/srv'...
[3.122s] Compiling '/home/vfran/ros2_ws/install/my_interfaces/local/lib/python3.10/dist-packages/my_interfaces/srv/__init__.py'...
[3.122s] Compiling '/home/vfran/ros2_ws/install/my_interfaces/local/lib/python3.10/dist-packages/my_interfaces/srv/_calc.py'...
[3.122s] Compiling '/home/vfran/ros2_ws/install/my_interfaces/local/lib/python3.10/dist-packages/my_interfaces/srv/_compute_rectangle_area.py'...
[3.126s] -- Installing: /home/vfran/ros2_ws/install/my_interfaces/local/lib/python3.10/dist-packages/my_interfaces/my_interfaces_s__rosidl_typesupport_fastrtps_c.cpython-310-x86_64-linux-gnu.so
[3.126s] -- Set runtime path of "/home/vfran/ros2_ws/install/my_interfaces/local/lib/python3.10/dist-packages/my_interfaces/my_interfaces_s__rosidl_typesupport_fastrtps_c.cpython-310-x86_64-linux-gnu.so" to ""
[3.127s] -- Installing: /home/vfran/ros2_ws/install/my_interfaces/local/lib/python3.10/dist-packages/my_interfaces/my_interfaces_s__rosidl_typesupport_introspection_c.cpython-310-x86_64-linux-gnu.so
[3.127s] -- Set runtime path of "/home/vfran/ros2_ws/install/my_interfaces/local/lib/python3.10/dist-packages/my_interfaces/my_interfaces_s__rosidl_typesupport_introspection_c.cpython-310-x86_64-linux-gnu.so" to ""
[3.127s] -- Installing: /home/vfran/ros2_ws/install/my_interfaces/local/lib/python3.10/dist-packages/my_interfaces/my_interfaces_s__rosidl_typesupport_c.cpython-310-x86_64-linux-gnu.so
[3.128s] -- Set runtime path of "/home/vfran/ros2_ws/install/my_interfaces/local/lib/python3.10/dist-packages/my_interfaces/my_interfaces_s__rosidl_typesupport_c.cpython-310-x86_64-linux-gnu.so" to ""
[3.128s] -- Installing: /home/vfran/ros2_ws/install/my_interfaces/lib/libmy_interfaces__rosidl_generator_py.so
[3.128s] -- Set runtime path of "/home/vfran/ros2_ws/install/my_interfaces/lib/libmy_interfaces__rosidl_generator_py.so" to ""
[3.128s] -- Up-to-date: /home/vfran/ros2_ws/install/my_interfaces/share/my_interfaces/msg/HardwareStatus.idl
[3.128s] -- Up-to-date: /home/vfran/ros2_ws/install/my_interfaces/share/my_interfaces/srv/ComputeRectangleArea.idl
[3.128s] -- Installing: /home/vfran/ros2_ws/install/my_interfaces/share/my_interfaces/srv/Calc.idl
[3.128s] -- Up-to-date: /home/vfran/ros2_ws/install/my_interfaces/share/my_interfaces/msg/HardwareStatus.msg
[3.128s] -- Up-to-date: /home/vfran/ros2_ws/install/my_interfaces/share/my_interfaces/srv/ComputeRectangleArea.srv
[3.128s] -- Up-to-date: /home/vfran/ros2_ws/install/my_interfaces/share/my_interfaces/srv/ComputeRectangleArea_Request.msg
[3.129s] -- Up-to-date: /home/vfran/ros2_ws/install/my_interfaces/share/my_interfaces/srv/ComputeRectangleArea_Response.msg
[3.129s] -- Installing: /home/vfran/ros2_ws/install/my_interfaces/share/my_interfaces/srv/Calc.srv
[3.129s] -- Up-to-date: /home/vfran/ros2_ws/install/my_interfaces/share/my_interfaces/srv/Calc_Request.msg
[3.129s] -- Installing: /home/vfran/ros2_ws/install/my_interfaces/share/my_interfaces/srv/Calc_Response.msg
[3.129s] -- Up-to-date: /home/vfran/ros2_ws/install/my_interfaces/share/ament_index/resource_index/package_run_dependencies/my_interfaces
[3.129s] -- Up-to-date: /home/vfran/ros2_ws/install/my_interfaces/share/ament_index/resource_index/parent_prefix_path/my_interfaces
[3.129s] -- Up-to-date: /home/vfran/ros2_ws/install/my_interfaces/share/my_interfaces/environment/ament_prefix_path.sh
[3.129s] -- Installing: /home/vfran/ros2_ws/install/my_interfaces/share/my_interfaces/environment/ament_prefix_path.dsv
[3.129s] -- Up-to-date: /home/vfran/ros2_ws/install/my_interfaces/share/my_interfaces/environment/path.sh
[3.129s] -- Installing: /home/vfran/ros2_ws/install/my_interfaces/share/my_interfaces/environment/path.dsv
[3.129s] -- Up-to-date: /home/vfran/ros2_ws/install/my_interfaces/share/my_interfaces/local_setup.bash
[3.129s] -- Up-to-date: /home/vfran/ros2_ws/install/my_interfaces/share/my_interfaces/local_setup.sh
[3.130s] -- Up-to-date: /home/vfran/ros2_ws/install/my_interfaces/share/my_interfaces/local_setup.zsh
[3.130s] -- Installing: /home/vfran/ros2_ws/install/my_interfaces/share/my_interfaces/local_setup.dsv
[3.130s] -- Installing: /home/vfran/ros2_ws/install/my_interfaces/share/my_interfaces/package.dsv
[3.130s] -- Up-to-date: /home/vfran/ros2_ws/install/my_interfaces/share/ament_index/resource_index/packages/my_interfaces
[3.130s] -- Up-to-date: /home/vfran/ros2_ws/install/my_interfaces/share/my_interfaces/cmake/export_my_interfaces__rosidl_generator_cExport.cmake
[3.130s] -- Up-to-date: /home/vfran/ros2_ws/install/my_interfaces/share/my_interfaces/cmake/export_my_interfaces__rosidl_generator_cExport-noconfig.cmake
[3.130s] -- Up-to-date: /home/vfran/ros2_ws/install/my_interfaces/share/my_interfaces/cmake/export_my_interfaces__rosidl_typesupport_fastrtps_cExport.cmake
[3.130s] -- Up-to-date: /home/vfran/ros2_ws/install/my_interfaces/share/my_interfaces/cmake/export_my_interfaces__rosidl_typesupport_fastrtps_cExport-noconfig.cmake
[3.130s] -- Up-to-date: /home/vfran/ros2_ws/install/my_interfaces/share/my_interfaces/cmake/my_interfaces__rosidl_typesupport_introspection_cExport.cmake
[3.130s] -- Up-to-date: /home/vfran/ros2_ws/install/my_interfaces/share/my_interfaces/cmake/my_interfaces__rosidl_typesupport_introspection_cExport-noconfig.cmake
[3.130s] -- Up-to-date: /home/vfran/ros2_ws/install/my_interfaces/share/my_interfaces/cmake/my_interfaces__rosidl_typesupport_cExport.cmake
[3.131s] -- Up-to-date: /home/vfran/ros2_ws/install/my_interfaces/share/my_interfaces/cmake/my_interfaces__rosidl_typesupport_cExport-noconfig.cmake
[3.131s] -- Up-to-date: /home/vfran/ros2_ws/install/my_interfaces/share/my_interfaces/cmake/export_my_interfaces__rosidl_generator_cppExport.cmake
[3.131s] -- Up-to-date: /home/vfran/ros2_ws/install/my_interfaces/share/my_interfaces/cmake/export_my_interfaces__rosidl_typesupport_fastrtps_cppExport.cmake
[3.131s] -- Up-to-date: /home/vfran/ros2_ws/install/my_interfaces/share/my_interfaces/cmake/export_my_interfaces__rosidl_typesupport_fastrtps_cppExport-noconfig.cmake
[3.131s] -- Up-to-date: /home/vfran/ros2_ws/install/my_interfaces/share/my_interfaces/cmake/my_interfaces__rosidl_typesupport_introspection_cppExport.cmake
[3.131s] -- Up-to-date: /home/vfran/ros2_ws/install/my_interfaces/share/my_interfaces/cmake/my_interfaces__rosidl_typesupport_introspection_cppExport-noconfig.cmake
[3.131s] -- Up-to-date: /home/vfran/ros2_ws/install/my_interfaces/share/my_interfaces/cmake/my_interfaces__rosidl_typesupport_cppExport.cmake
[3.131s] -- Up-to-date: /home/vfran/ros2_ws/install/my_interfaces/share/my_interfaces/cmake/my_interfaces__rosidl_typesupport_cppExport-noconfig.cmake
[3.131s] -- Up-to-date: /home/vfran/ros2_ws/install/my_interfaces/share/my_interfaces/cmake/export_my_interfaces__rosidl_generator_pyExport.cmake
[3.131s] -- Up-to-date: /home/vfran/ros2_ws/install/my_interfaces/share/my_interfaces/cmake/export_my_interfaces__rosidl_generator_pyExport-noconfig.cmake
[3.131s] -- Up-to-date: /home/vfran/ros2_ws/install/my_interfaces/share/my_interfaces/cmake/rosidl_cmake-extras.cmake
[3.132s] -- Up-to-date: /home/vfran/ros2_ws/install/my_interfaces/share/my_interfaces/cmake/ament_cmake_export_include_directories-extras.cmake
[3.132s] -- Up-to-date: /home/vfran/ros2_ws/install/my_interfaces/share/my_interfaces/cmake/ament_cmake_export_libraries-extras.cmake
[3.132s] -- Up-to-date: /home/vfran/ros2_ws/install/my_interfaces/share/my_interfaces/cmake/ament_cmake_export_targets-extras.cmake
[3.132s] -- Up-to-date: /home/vfran/ros2_ws/install/my_interfaces/share/my_interfaces/cmake/rosidl_cmake_export_typesupport_targets-extras.cmake
[3.132s] -- Up-to-date: /home/vfran/ros2_ws/install/my_interfaces/share/my_interfaces/cmake/ament_cmake_export_dependencies-extras.cmake
[3.132s] -- Up-to-date: /home/vfran/ros2_ws/install/my_interfaces/share/my_interfaces/cmake/rosidl_cmake_export_typesupport_libraries-extras.cmake
[3.132s] -- Up-to-date: /home/vfran/ros2_ws/install/my_interfaces/share/my_interfaces/cmake/my_interfacesConfig.cmake
[3.132s] -- Up-to-date: /home/vfran/ros2_ws/install/my_interfaces/share/my_interfaces/cmake/my_interfacesConfig-version.cmake
[3.132s] -- Up-to-date: /home/vfran/ros2_ws/install/my_interfaces/share/my_interfaces/package.xml
[3.133s] Invoked command in '/home/vfran/ros2_ws/build/my_interfaces' returned '0': CMAKE_PREFIX_PATH=${CMAKE_PREFIX_PATH}:/home/vfran/ros2_ws/install/radio:/home/vfran/ros2_ws/install/my_py_pkg:/home/vfran/ros2_ws/install/calculator:/home/vfran/ros2_ws/install/basic_calculator:/opt/ros/humble /usr/local/bin/cmake --install /home/vfran/ros2_ws/build/my_interfaces
