[3.317s] Invoking command in '/home/vfran/ros2_ws/src/calculator': PYTHONPATH=/home/vfran/ros2_ws/build/calculator/prefix_override:/home/vfran/ros2_ws/install/calculator/lib/python3.10/site-packages:${PYTHONPATH} /usr/bin/python3 -W ignore:setup.py install is deprecated setup.py egg_info --egg-base ../../build/calculator build --build-base /home/vfran/ros2_ws/build/calculator/build install --record /home/vfran/ros2_ws/build/calculator/install.log --single-version-externally-managed install_data
[3.878s] running egg_info
[3.881s] writing ../../build/calculator/calculator.egg-info/PKG-INFO
[3.881s] writing dependency_links to ../../build/calculator/calculator.egg-info/dependency_links.txt
[3.881s] writing entry points to ../../build/calculator/calculator.egg-info/entry_points.txt
[3.882s] writing requirements to ../../build/calculator/calculator.egg-info/requires.txt
[3.882s] writing top-level names to ../../build/calculator/calculator.egg-info/top_level.txt
[3.887s] reading manifest file '../../build/calculator/calculator.egg-info/SOURCES.txt'
[3.890s] writing manifest file '../../build/calculator/calculator.egg-info/SOURCES.txt'
[3.891s] running build
[3.891s] running build_py
[3.891s] copying calculator/calculator_client_param.py -> /home/vfran/ros2_ws/build/calculator/build/lib/calculator
[3.892s] running install
[3.893s] running install_lib
[3.895s] copying /home/vfran/ros2_ws/build/calculator/build/lib/calculator/calculator_client_param.py -> /home/vfran/ros2_ws/install/calculator/lib/python3.10/site-packages/calculator
[3.898s] byte-compiling /home/vfran/ros2_ws/install/calculator/lib/python3.10/site-packages/calculator/calculator_client_param.py to calculator_client_param.cpython-310.pyc
[3.900s] running install_data
[3.900s] running install_egg_info
[3.905s] removing '/home/vfran/ros2_ws/install/calculator/lib/python3.10/site-packages/calculator-0.0.0-py3.10.egg-info' (and everything under it)
[3.907s] Copying ../../build/calculator/calculator.egg-info to /home/vfran/ros2_ws/install/calculator/lib/python3.10/site-packages/calculator-0.0.0-py3.10.egg-info
[3.909s] running install_scripts
[3.959s] Installing calculator_client script to /home/vfran/ros2_ws/install/calculator/lib/calculator
[3.960s] Installing calculator_client_param script to /home/vfran/ros2_ws/install/calculator/lib/calculator
[3.960s] Installing calculator_server script to /home/vfran/ros2_ws/install/calculator/lib/calculator
[3.960s] Installing geometric_calculator_server script to /home/vfran/ros2_ws/install/calculator/lib/calculator
[3.961s] writing list of installed files to '/home/vfran/ros2_ws/build/calculator/install.log'
[4.028s] Invoked command in '/home/vfran/ros2_ws/src/calculator' returned '0': PYTHONPATH=/home/vfran/ros2_ws/build/calculator/prefix_override:/home/vfran/ros2_ws/install/calculator/lib/python3.10/site-packages:${PYTHONPATH} /usr/bin/python3 -W ignore:setup.py install is deprecated setup.py egg_info --egg-base ../../build/calculator build --build-base /home/vfran/ros2_ws/build/calculator/build install --record /home/vfran/ros2_ws/build/calculator/install.log --single-version-externally-managed install_data
