[3.332s] Invoking command in '/home/vfran/ros2_ws/src/radio': PYTHONPATH=/home/vfran/ros2_ws/build/radio/prefix_override:/home/vfran/ros2_ws/install/radio/lib/python3.10/site-packages:${PYTHONPATH} /usr/bin/python3 -W ignore:setup.py install is deprecated setup.py egg_info --egg-base ../../build/radio build --build-base /home/vfran/ros2_ws/build/radio/build install --record /home/vfran/ros2_ws/build/radio/install.log --single-version-externally-managed install_data
[3.896s] running egg_info
[3.898s] writing ../../build/radio/radio.egg-info/PKG-INFO
[3.898s] writing dependency_links to ../../build/radio/radio.egg-info/dependency_links.txt
[3.899s] writing entry points to ../../build/radio/radio.egg-info/entry_points.txt
[3.903s] writing requirements to ../../build/radio/radio.egg-info/requires.txt
[3.903s] writing top-level names to ../../build/radio/radio.egg-info/top_level.txt
[3.907s] reading manifest file '../../build/radio/radio.egg-info/SOURCES.txt'
[3.909s] writing manifest file '../../build/radio/radio.egg-info/SOURCES.txt'
[3.909s] running build
[3.910s] running build_py
[3.912s] copying radio/educadora.py -> /home/vfran/ros2_ws/build/radio/build/lib/radio
[3.912s] copying radio/radioreceiver_fm.py -> /home/vfran/ros2_ws/build/radio/build/lib/radio
[3.913s] copying radio/radioreceiver_am.py -> /home/vfran/ros2_ws/build/radio/build/lib/radio
[3.913s] running install
[3.913s] running install_lib
[3.915s] copying /home/vfran/ros2_ws/build/radio/build/lib/radio/educadora.py -> /home/vfran/ros2_ws/install/radio/lib/python3.10/site-packages/radio
[3.916s] copying /home/vfran/ros2_ws/build/radio/build/lib/radio/radioreceiver_fm.py -> /home/vfran/ros2_ws/install/radio/lib/python3.10/site-packages/radio
[3.916s] copying /home/vfran/ros2_ws/build/radio/build/lib/radio/radioreceiver_am.py -> /home/vfran/ros2_ws/install/radio/lib/python3.10/site-packages/radio
[3.917s] byte-compiling /home/vfran/ros2_ws/install/radio/lib/python3.10/site-packages/radio/educadora.py to educadora.cpython-310.pyc
[3.918s] byte-compiling /home/vfran/ros2_ws/install/radio/lib/python3.10/site-packages/radio/radioreceiver_fm.py to radioreceiver_fm.cpython-310.pyc
[3.920s] byte-compiling /home/vfran/ros2_ws/install/radio/lib/python3.10/site-packages/radio/radioreceiver_am.py to radioreceiver_am.cpython-310.pyc
[3.921s] running install_data
[3.921s] running install_egg_info
[3.925s] removing '/home/vfran/ros2_ws/install/radio/lib/python3.10/site-packages/radio-0.0.0-py3.10.egg-info' (and everything under it)
[3.925s] Copying ../../build/radio/radio.egg-info to /home/vfran/ros2_ws/install/radio/lib/python3.10/site-packages/radio-0.0.0-py3.10.egg-info
[3.928s] running install_scripts
[3.976s] Installing educadora script to /home/vfran/ros2_ws/install/radio/lib/radio
[3.976s] Installing radioreceiver script to /home/vfran/ros2_ws/install/radio/lib/radio
[3.977s] Installing radiostation script to /home/vfran/ros2_ws/install/radio/lib/radio
[3.977s] Installing receiver_am script to /home/vfran/ros2_ws/install/radio/lib/radio
[3.977s] Installing receiver_fm script to /home/vfran/ros2_ws/install/radio/lib/radio
[3.978s] writing list of installed files to '/home/vfran/ros2_ws/build/radio/install.log'
[4.085s] Invoked command in '/home/vfran/ros2_ws/src/radio' returned '0': PYTHONPATH=/home/vfran/ros2_ws/build/radio/prefix_override:/home/vfran/ros2_ws/install/radio/lib/python3.10/site-packages:${PYTHONPATH} /usr/bin/python3 -W ignore:setup.py install is deprecated setup.py egg_info --egg-base ../../build/radio build --build-base /home/vfran/ros2_ws/build/radio/build install --record /home/vfran/ros2_ws/build/radio/install.log --single-version-externally-managed install_data
