[1.264s] Invoking command in '/home/vfran/ros2_ws/src/basic_calculator': PYTHONPATH=/home/vfran/ros2_ws/build/basic_calculator/prefix_override:/home/vfran/ros2_ws/install/basic_calculator/lib/python3.10/site-packages:${PYTHONPATH} /usr/bin/python3 -W ignore:setup.py install is deprecated setup.py egg_info --egg-base ../../build/basic_calculator build --build-base /home/vfran/ros2_ws/build/basic_calculator/build install --record /home/vfran/ros2_ws/build/basic_calculator/install.log --single-version-externally-managed install_data
[1.498s] running egg_info
[1.498s] writing ../../build/basic_calculator/basic_calculator.egg-info/PKG-INFO
[1.498s] writing dependency_links to ../../build/basic_calculator/basic_calculator.egg-info/dependency_links.txt
[1.499s] writing entry points to ../../build/basic_calculator/basic_calculator.egg-info/entry_points.txt
[1.499s] writing requirements to ../../build/basic_calculator/basic_calculator.egg-info/requires.txt
[1.499s] writing top-level names to ../../build/basic_calculator/basic_calculator.egg-info/top_level.txt
[1.501s] reading manifest file '../../build/basic_calculator/basic_calculator.egg-info/SOURCES.txt'
[1.502s] writing manifest file '../../build/basic_calculator/basic_calculator.egg-info/SOURCES.txt'
[1.502s] running build
[1.502s] running build_py
[1.502s] running install
[1.503s] running install_lib
[1.504s] running install_data
[1.504s] running install_egg_info
[1.506s] removing '/home/vfran/ros2_ws/install/basic_calculator/lib/python3.10/site-packages/basic_calculator-0.0.0-py3.10.egg-info' (and everything under it)
[1.506s] Copying ../../build/basic_calculator/basic_calculator.egg-info to /home/vfran/ros2_ws/install/basic_calculator/lib/python3.10/site-packages/basic_calculator-0.0.0-py3.10.egg-info
[1.507s] running install_scripts
[1.529s] Installing calc_basic_client script to /home/vfran/ros2_ws/install/basic_calculator/lib/basic_calculator
[1.529s] Installing calc_basic_server script to /home/vfran/ros2_ws/install/basic_calculator/lib/basic_calculator
[1.530s] writing list of installed files to '/home/vfran/ros2_ws/build/basic_calculator/install.log'
[1.581s] Invoked command in '/home/vfran/ros2_ws/src/basic_calculator' returned '0': PYTHONPATH=/home/vfran/ros2_ws/build/basic_calculator/prefix_override:/home/vfran/ros2_ws/install/basic_calculator/lib/python3.10/site-packages:${PYTHONPATH} /usr/bin/python3 -W ignore:setup.py install is deprecated setup.py egg_info --egg-base ../../build/basic_calculator build --build-base /home/vfran/ros2_ws/build/basic_calculator/build install --record /home/vfran/ros2_ws/build/basic_calculator/install.log --single-version-externally-managed install_data
