[0.144s] DEBUG:colcon:Command line arguments: ['/usr/bin/colcon', 'build']
[0.145s] DEBUG:colcon:Parsed command line arguments: Namespace(log_base=None, log_level=None, verb_name='build', build_base='build', install_base='install', merge_install=False, symlink_install=False, test_result_base=None, continue_on_error=False, executor='parallel', parallel_workers=16, event_handlers=None, ignore_user_meta=False, metas=['./colcon.meta'], base_paths=['.'], packages_ignore=None, packages_ignore_regex=None, paths=None, packages_up_to=None, packages_up_to_regex=None, packages_above=None, packages_above_and_dependencies=None, packages_above_depth=None, packages_select_by_dep=None, packages_skip_by_dep=None, packages_skip_up_to=None, packages_select_build_failed=False, packages_skip_build_finished=False, packages_select_test_failures=False, packages_skip_test_passed=False, packages_select=None, packages_skip=None, packages_select_regex=None, packages_skip_regex=None, packages_start=None, packages_end=None, allow_overriding=[], cmake_args=None, cmake_target=None, cmake_target_skip_unavailable=False, cmake_clean_cache=False, cmake_clean_first=False, cmake_force_configure=False, ament_cmake_args=None, catkin_cmake_args=None, catkin_skip_building_tests=False, mixin_files=None, mixin=None, verb_parser=<colcon_mixin.mixin.mixin_argument.MixinArgumentDecorator object at 0x74b6e4d2f3d0>, verb_extension=<colcon_core.verb.build.BuildVerb object at 0x74b6e4e1ba60>, main=<bound method BuildVerb.main of <colcon_core.verb.build.BuildVerb object at 0x74b6e4e1ba60>>, mixin_verb=('build',))
[0.359s] Level 1:colcon.colcon_core.package_discovery:discover_packages(colcon_meta) check parameters
[0.359s] Level 1:colcon.colcon_core.package_discovery:discover_packages(recursive) check parameters
[0.359s] Level 1:colcon.colcon_core.package_discovery:discover_packages(ignore) check parameters
[0.359s] Level 1:colcon.colcon_core.package_discovery:discover_packages(path) check parameters
[0.359s] Level 1:colcon.colcon_core.package_discovery:discover_packages(colcon_meta) discover
[0.359s] Level 1:colcon.colcon_core.package_discovery:discover_packages(recursive) discover
[0.359s] INFO:colcon.colcon_core.package_discovery:Crawling recursively for packages in '/home/vfran/ros2_ws'
[0.359s] Level 1:colcon.colcon_core.package_identification:_identify(.) by extensions ['ignore', 'ignore_ament_install']
[0.360s] Level 1:colcon.colcon_core.package_identification:_identify(.) by extension 'ignore'
[0.360s] Level 1:colcon.colcon_core.package_identification:_identify(.) by extension 'ignore_ament_install'
[0.360s] Level 1:colcon.colcon_core.package_identification:_identify(.) by extensions ['colcon_pkg']
[0.360s] Level 1:colcon.colcon_core.package_identification:_identify(.) by extension 'colcon_pkg'
[0.360s] Level 1:colcon.colcon_core.package_identification:_identify(.) by extensions ['colcon_meta']
[0.360s] Level 1:colcon.colcon_core.package_identification:_identify(.) by extension 'colcon_meta'
[0.360s] Level 1:colcon.colcon_core.package_identification:_identify(.) by extensions ['ros']
[0.360s] Level 1:colcon.colcon_core.package_identification:_identify(.) by extension 'ros'
[0.373s] Level 1:colcon.colcon_core.package_identification:_identify(.) by extensions ['cmake', 'python']
[0.374s] Level 1:colcon.colcon_core.package_identification:_identify(.) by extension 'cmake'
[0.374s] Level 1:colcon.colcon_core.package_identification:_identify(.) by extension 'python'
[0.374s] Level 1:colcon.colcon_core.package_identification:_identify(.) by extensions ['python_setup_py']
[0.374s] Level 1:colcon.colcon_core.package_identification:_identify(.) by extension 'python_setup_py'
[0.374s] Level 1:colcon.colcon_core.package_identification:_identify(build) by extensions ['ignore', 'ignore_ament_install']
[0.374s] Level 1:colcon.colcon_core.package_identification:_identify(build) by extension 'ignore'
[0.374s] Level 1:colcon.colcon_core.package_identification:_identify(build) ignored
[0.374s] Level 1:colcon.colcon_core.package_identification:_identify(install) by extensions ['ignore', 'ignore_ament_install']
[0.374s] Level 1:colcon.colcon_core.package_identification:_identify(install) by extension 'ignore'
[0.374s] Level 1:colcon.colcon_core.package_identification:_identify(install) ignored
[0.375s] Level 1:colcon.colcon_core.package_identification:_identify(log) by extensions ['ignore', 'ignore_ament_install']
[0.375s] Level 1:colcon.colcon_core.package_identification:_identify(log) by extension 'ignore'
[0.375s] Level 1:colcon.colcon_core.package_identification:_identify(log) ignored
[0.375s] Level 1:colcon.colcon_core.package_identification:_identify(src) by extensions ['ignore', 'ignore_ament_install']
[0.375s] Level 1:colcon.colcon_core.package_identification:_identify(src) by extension 'ignore'
[0.375s] Level 1:colcon.colcon_core.package_identification:_identify(src) by extension 'ignore_ament_install'
[0.375s] Level 1:colcon.colcon_core.package_identification:_identify(src) by extensions ['colcon_pkg']
[0.375s] Level 1:colcon.colcon_core.package_identification:_identify(src) by extension 'colcon_pkg'
[0.375s] Level 1:colcon.colcon_core.package_identification:_identify(src) by extensions ['colcon_meta']
[0.375s] Level 1:colcon.colcon_core.package_identification:_identify(src) by extension 'colcon_meta'
[0.375s] Level 1:colcon.colcon_core.package_identification:_identify(src) by extensions ['ros']
[0.375s] Level 1:colcon.colcon_core.package_identification:_identify(src) by extension 'ros'
[0.376s] Level 1:colcon.colcon_core.package_identification:_identify(src) by extensions ['cmake', 'python']
[0.376s] Level 1:colcon.colcon_core.package_identification:_identify(src) by extension 'cmake'
[0.376s] Level 1:colcon.colcon_core.package_identification:_identify(src) by extension 'python'
[0.376s] Level 1:colcon.colcon_core.package_identification:_identify(src) by extensions ['python_setup_py']
[0.376s] Level 1:colcon.colcon_core.package_identification:_identify(src) by extension 'python_setup_py'
[0.376s] Level 1:colcon.colcon_core.package_identification:_identify(src/basic_calculator) by extensions ['ignore', 'ignore_ament_install']
[0.376s] Level 1:colcon.colcon_core.package_identification:_identify(src/basic_calculator) by extension 'ignore'
[0.376s] Level 1:colcon.colcon_core.package_identification:_identify(src/basic_calculator) by extension 'ignore_ament_install'
[0.376s] Level 1:colcon.colcon_core.package_identification:_identify(src/basic_calculator) by extensions ['colcon_pkg']
[0.376s] Level 1:colcon.colcon_core.package_identification:_identify(src/basic_calculator) by extension 'colcon_pkg'
[0.376s] Level 1:colcon.colcon_core.package_identification:_identify(src/basic_calculator) by extensions ['colcon_meta']
[0.376s] Level 1:colcon.colcon_core.package_identification:_identify(src/basic_calculator) by extension 'colcon_meta'
[0.376s] Level 1:colcon.colcon_core.package_identification:_identify(src/basic_calculator) by extensions ['ros']
[0.376s] Level 1:colcon.colcon_core.package_identification:_identify(src/basic_calculator) by extension 'ros'
[0.379s] DEBUG:colcon.colcon_core.package_identification:Package 'src/basic_calculator' with type 'ros.ament_python' and name 'basic_calculator'
[0.379s] Level 1:colcon.colcon_core.package_identification:_identify(src/calculator) by extensions ['ignore', 'ignore_ament_install']
[0.379s] Level 1:colcon.colcon_core.package_identification:_identify(src/calculator) by extension 'ignore'
[0.380s] Level 1:colcon.colcon_core.package_identification:_identify(src/calculator) by extension 'ignore_ament_install'
[0.380s] Level 1:colcon.colcon_core.package_identification:_identify(src/calculator) by extensions ['colcon_pkg']
[0.380s] Level 1:colcon.colcon_core.package_identification:_identify(src/calculator) by extension 'colcon_pkg'
[0.380s] Level 1:colcon.colcon_core.package_identification:_identify(src/calculator) by extensions ['colcon_meta']
[0.380s] Level 1:colcon.colcon_core.package_identification:_identify(src/calculator) by extension 'colcon_meta'
[0.380s] Level 1:colcon.colcon_core.package_identification:_identify(src/calculator) by extensions ['ros']
[0.380s] Level 1:colcon.colcon_core.package_identification:_identify(src/calculator) by extension 'ros'
[0.381s] DEBUG:colcon.colcon_core.package_identification:Package 'src/calculator' with type 'ros.ament_python' and name 'calculator'
[0.381s] Level 1:colcon.colcon_core.package_identification:_identify(src/my_bringup) by extensions ['ignore', 'ignore_ament_install']
[0.381s] Level 1:colcon.colcon_core.package_identification:_identify(src/my_bringup) by extension 'ignore'
[0.381s] Level 1:colcon.colcon_core.package_identification:_identify(src/my_bringup) by extension 'ignore_ament_install'
[0.381s] Level 1:colcon.colcon_core.package_identification:_identify(src/my_bringup) by extensions ['colcon_pkg']
[0.381s] Level 1:colcon.colcon_core.package_identification:_identify(src/my_bringup) by extension 'colcon_pkg'
[0.381s] Level 1:colcon.colcon_core.package_identification:_identify(src/my_bringup) by extensions ['colcon_meta']
[0.381s] Level 1:colcon.colcon_core.package_identification:_identify(src/my_bringup) by extension 'colcon_meta'
[0.381s] Level 1:colcon.colcon_core.package_identification:_identify(src/my_bringup) by extensions ['ros']
[0.381s] Level 1:colcon.colcon_core.package_identification:_identify(src/my_bringup) by extension 'ros'
[0.382s] DEBUG:colcon.colcon_core.package_identification:Package 'src/my_bringup' with type 'ros.ament_cmake' and name 'my_bringup'
[0.382s] Level 1:colcon.colcon_core.package_identification:_identify(src/my_interfaces) by extensions ['ignore', 'ignore_ament_install']
[0.382s] Level 1:colcon.colcon_core.package_identification:_identify(src/my_interfaces) by extension 'ignore'
[0.382s] Level 1:colcon.colcon_core.package_identification:_identify(src/my_interfaces) by extension 'ignore_ament_install'
[0.382s] Level 1:colcon.colcon_core.package_identification:_identify(src/my_interfaces) by extensions ['colcon_pkg']
[0.382s] Level 1:colcon.colcon_core.package_identification:_identify(src/my_interfaces) by extension 'colcon_pkg'
[0.382s] Level 1:colcon.colcon_core.package_identification:_identify(src/my_interfaces) by extensions ['colcon_meta']
[0.382s] Level 1:colcon.colcon_core.package_identification:_identify(src/my_interfaces) by extension 'colcon_meta'
[0.382s] Level 1:colcon.colcon_core.package_identification:_identify(src/my_interfaces) by extensions ['ros']
[0.382s] Level 1:colcon.colcon_core.package_identification:_identify(src/my_interfaces) by extension 'ros'
[0.383s] DEBUG:colcon.colcon_core.package_identification:Package 'src/my_interfaces' with type 'ros.ament_cmake' and name 'my_interfaces'
[0.383s] Level 1:colcon.colcon_core.package_identification:_identify(src/my_py_pkg) by extensions ['ignore', 'ignore_ament_install']
[0.383s] Level 1:colcon.colcon_core.package_identification:_identify(src/my_py_pkg) by extension 'ignore'
[0.383s] Level 1:colcon.colcon_core.package_identification:_identify(src/my_py_pkg) by extension 'ignore_ament_install'
[0.383s] Level 1:colcon.colcon_core.package_identification:_identify(src/my_py_pkg) by extensions ['colcon_pkg']
[0.383s] Level 1:colcon.colcon_core.package_identification:_identify(src/my_py_pkg) by extension 'colcon_pkg'
[0.383s] Level 1:colcon.colcon_core.package_identification:_identify(src/my_py_pkg) by extensions ['colcon_meta']
[0.383s] Level 1:colcon.colcon_core.package_identification:_identify(src/my_py_pkg) by extension 'colcon_meta'
[0.383s] Level 1:colcon.colcon_core.package_identification:_identify(src/my_py_pkg) by extensions ['ros']
[0.383s] Level 1:colcon.colcon_core.package_identification:_identify(src/my_py_pkg) by extension 'ros'
[0.384s] DEBUG:colcon.colcon_core.package_identification:Package 'src/my_py_pkg' with type 'ros.ament_python' and name 'my_py_pkg'
[0.384s] Level 1:colcon.colcon_core.package_identification:_identify(src/predator_and_prey) by extensions ['ignore', 'ignore_ament_install']
[0.384s] Level 1:colcon.colcon_core.package_identification:_identify(src/predator_and_prey) by extension 'ignore'
[0.384s] Level 1:colcon.colcon_core.package_identification:_identify(src/predator_and_prey) by extension 'ignore_ament_install'
[0.384s] Level 1:colcon.colcon_core.package_identification:_identify(src/predator_and_prey) by extensions ['colcon_pkg']
[0.384s] Level 1:colcon.colcon_core.package_identification:_identify(src/predator_and_prey) by extension 'colcon_pkg'
[0.384s] Level 1:colcon.colcon_core.package_identification:_identify(src/predator_and_prey) by extensions ['colcon_meta']
[0.384s] Level 1:colcon.colcon_core.package_identification:_identify(src/predator_and_prey) by extension 'colcon_meta'
[0.385s] Level 1:colcon.colcon_core.package_identification:_identify(src/predator_and_prey) by extensions ['ros']
[0.385s] Level 1:colcon.colcon_core.package_identification:_identify(src/predator_and_prey) by extension 'ros'
[0.385s] DEBUG:colcon.colcon_core.package_identification:Package 'src/predator_and_prey' with type 'ros.ament_python' and name 'predator_and_prey'
[0.385s] Level 1:colcon.colcon_core.package_identification:_identify(src/radio) by extensions ['ignore', 'ignore_ament_install']
[0.385s] Level 1:colcon.colcon_core.package_identification:_identify(src/radio) by extension 'ignore'
[0.385s] Level 1:colcon.colcon_core.package_identification:_identify(src/radio) by extension 'ignore_ament_install'
[0.386s] Level 1:colcon.colcon_core.package_identification:_identify(src/radio) by extensions ['colcon_pkg']
[0.386s] Level 1:colcon.colcon_core.package_identification:_identify(src/radio) by extension 'colcon_pkg'
[0.386s] Level 1:colcon.colcon_core.package_identification:_identify(src/radio) by extensions ['colcon_meta']
[0.386s] Level 1:colcon.colcon_core.package_identification:_identify(src/radio) by extension 'colcon_meta'
[0.386s] Level 1:colcon.colcon_core.package_identification:_identify(src/radio) by extensions ['ros']
[0.386s] Level 1:colcon.colcon_core.package_identification:_identify(src/radio) by extension 'ros'
[0.386s] DEBUG:colcon.colcon_core.package_identification:Package 'src/radio' with type 'ros.ament_python' and name 'radio'
[0.386s] Level 1:colcon.colcon_core.package_discovery:discover_packages(recursive) using defaults
[0.386s] Level 1:colcon.colcon_core.package_discovery:discover_packages(ignore) discover
[0.386s] Level 1:colcon.colcon_core.package_discovery:discover_packages(ignore) using defaults
[0.387s] Level 1:colcon.colcon_core.package_discovery:discover_packages(path) discover
[0.387s] Level 1:colcon.colcon_core.package_discovery:discover_packages(path) using defaults
[0.447s] Level 1:colcon.colcon_core.package_discovery:discover_packages(prefix_path) check parameters
[0.448s] Level 1:colcon.colcon_core.package_discovery:discover_packages(prefix_path) discover
[0.450s] DEBUG:colcon.colcon_installed_package_information.package_discovery:Found 8 installed packages in /home/vfran/ros2_ws/install
[0.452s] DEBUG:colcon.colcon_installed_package_information.package_discovery:Found 294 installed packages in /opt/ros/humble
[0.454s] Level 1:colcon.colcon_core.package_discovery:discover_packages(prefix_path) using defaults
[0.502s] Level 5:colcon.colcon_core.verb:set package 'basic_calculator' build argument 'cmake_args' from command line to 'None'
[0.502s] Level 5:colcon.colcon_core.verb:set package 'basic_calculator' build argument 'cmake_target' from command line to 'None'
[0.502s] Level 5:colcon.colcon_core.verb:set package 'basic_calculator' build argument 'cmake_target_skip_unavailable' from command line to 'False'
[0.502s] Level 5:colcon.colcon_core.verb:set package 'basic_calculator' build argument 'cmake_clean_cache' from command line to 'False'
[0.502s] Level 5:colcon.colcon_core.verb:set package 'basic_calculator' build argument 'cmake_clean_first' from command line to 'False'
[0.502s] Level 5:colcon.colcon_core.verb:set package 'basic_calculator' build argument 'cmake_force_configure' from command line to 'False'
[0.502s] Level 5:colcon.colcon_core.verb:set package 'basic_calculator' build argument 'ament_cmake_args' from command line to 'None'
[0.502s] Level 5:colcon.colcon_core.verb:set package 'basic_calculator' build argument 'catkin_cmake_args' from command line to 'None'
[0.502s] Level 5:colcon.colcon_core.verb:set package 'basic_calculator' build argument 'catkin_skip_building_tests' from command line to 'False'
[0.503s] DEBUG:colcon.colcon_core.verb:Building package 'basic_calculator' with the following arguments: {'ament_cmake_args': None, 'build_base': '/home/vfran/ros2_ws/build/basic_calculator', 'catkin_cmake_args': None, 'catkin_skip_building_tests': False, 'cmake_args': None, 'cmake_clean_cache': False, 'cmake_clean_first': False, 'cmake_force_configure': False, 'cmake_target': None, 'cmake_target_skip_unavailable': False, 'install_base': '/home/vfran/ros2_ws/install/basic_calculator', 'merge_install': False, 'path': '/home/vfran/ros2_ws/src/basic_calculator', 'symlink_install': False, 'test_result_base': None}
[0.503s] Level 5:colcon.colcon_core.verb:set package 'calculator' build argument 'cmake_args' from command line to 'None'
[0.503s] Level 5:colcon.colcon_core.verb:set package 'calculator' build argument 'cmake_target' from command line to 'None'
[0.503s] Level 5:colcon.colcon_core.verb:set package 'calculator' build argument 'cmake_target_skip_unavailable' from command line to 'False'
[0.503s] Level 5:colcon.colcon_core.verb:set package 'calculator' build argument 'cmake_clean_cache' from command line to 'False'
[0.503s] Level 5:colcon.colcon_core.verb:set package 'calculator' build argument 'cmake_clean_first' from command line to 'False'
[0.503s] Level 5:colcon.colcon_core.verb:set package 'calculator' build argument 'cmake_force_configure' from command line to 'False'
[0.503s] Level 5:colcon.colcon_core.verb:set package 'calculator' build argument 'ament_cmake_args' from command line to 'None'
[0.503s] Level 5:colcon.colcon_core.verb:set package 'calculator' build argument 'catkin_cmake_args' from command line to 'None'
[0.503s] Level 5:colcon.colcon_core.verb:set package 'calculator' build argument 'catkin_skip_building_tests' from command line to 'False'
[0.503s] DEBUG:colcon.colcon_core.verb:Building package 'calculator' with the following arguments: {'ament_cmake_args': None, 'build_base': '/home/vfran/ros2_ws/build/calculator', 'catkin_cmake_args': None, 'catkin_skip_building_tests': False, 'cmake_args': None, 'cmake_clean_cache': False, 'cmake_clean_first': False, 'cmake_force_configure': False, 'cmake_target': None, 'cmake_target_skip_unavailable': False, 'install_base': '/home/vfran/ros2_ws/install/calculator', 'merge_install': False, 'path': '/home/vfran/ros2_ws/src/calculator', 'symlink_install': False, 'test_result_base': None}
[0.504s] Level 5:colcon.colcon_core.verb:set package 'my_interfaces' build argument 'cmake_args' from command line to 'None'
[0.504s] Level 5:colcon.colcon_core.verb:set package 'my_interfaces' build argument 'cmake_target' from command line to 'None'
[0.504s] Level 5:colcon.colcon_core.verb:set package 'my_interfaces' build argument 'cmake_target_skip_unavailable' from command line to 'False'
[0.504s] Level 5:colcon.colcon_core.verb:set package 'my_interfaces' build argument 'cmake_clean_cache' from command line to 'False'
[0.504s] Level 5:colcon.colcon_core.verb:set package 'my_interfaces' build argument 'cmake_clean_first' from command line to 'False'
[0.504s] Level 5:colcon.colcon_core.verb:set package 'my_interfaces' build argument 'cmake_force_configure' from command line to 'False'
[0.504s] Level 5:colcon.colcon_core.verb:set package 'my_interfaces' build argument 'ament_cmake_args' from command line to 'None'
[0.504s] Level 5:colcon.colcon_core.verb:set package 'my_interfaces' build argument 'catkin_cmake_args' from command line to 'None'
[0.504s] Level 5:colcon.colcon_core.verb:set package 'my_interfaces' build argument 'catkin_skip_building_tests' from command line to 'False'
[0.504s] DEBUG:colcon.colcon_core.verb:Building package 'my_interfaces' with the following arguments: {'ament_cmake_args': None, 'build_base': '/home/vfran/ros2_ws/build/my_interfaces', 'catkin_cmake_args': None, 'catkin_skip_building_tests': False, 'cmake_args': None, 'cmake_clean_cache': False, 'cmake_clean_first': False, 'cmake_force_configure': False, 'cmake_target': None, 'cmake_target_skip_unavailable': False, 'install_base': '/home/vfran/ros2_ws/install/my_interfaces', 'merge_install': False, 'path': '/home/vfran/ros2_ws/src/my_interfaces', 'symlink_install': False, 'test_result_base': None}
[0.504s] Level 5:colcon.colcon_core.verb:set package 'predator_and_prey' build argument 'cmake_args' from command line to 'None'
[0.504s] Level 5:colcon.colcon_core.verb:set package 'predator_and_prey' build argument 'cmake_target' from command line to 'None'
[0.504s] Level 5:colcon.colcon_core.verb:set package 'predator_and_prey' build argument 'cmake_target_skip_unavailable' from command line to 'False'
[0.504s] Level 5:colcon.colcon_core.verb:set package 'predator_and_prey' build argument 'cmake_clean_cache' from command line to 'False'
[0.504s] Level 5:colcon.colcon_core.verb:set package 'predator_and_prey' build argument 'cmake_clean_first' from command line to 'False'
[0.505s] Level 5:colcon.colcon_core.verb:set package 'predator_and_prey' build argument 'cmake_force_configure' from command line to 'False'
[0.505s] Level 5:colcon.colcon_core.verb:set package 'predator_and_prey' build argument 'ament_cmake_args' from command line to 'None'
[0.505s] Level 5:colcon.colcon_core.verb:set package 'predator_and_prey' build argument 'catkin_cmake_args' from command line to 'None'
[0.505s] Level 5:colcon.colcon_core.verb:set package 'predator_and_prey' build argument 'catkin_skip_building_tests' from command line to 'False'
[0.505s] DEBUG:colcon.colcon_core.verb:Building package 'predator_and_prey' with the following arguments: {'ament_cmake_args': None, 'build_base': '/home/vfran/ros2_ws/build/predator_and_prey', 'catkin_cmake_args': None, 'catkin_skip_building_tests': False, 'cmake_args': None, 'cmake_clean_cache': False, 'cmake_clean_first': False, 'cmake_force_configure': False, 'cmake_target': None, 'cmake_target_skip_unavailable': False, 'install_base': '/home/vfran/ros2_ws/install/predator_and_prey', 'merge_install': False, 'path': '/home/vfran/ros2_ws/src/predator_and_prey', 'symlink_install': False, 'test_result_base': None}
[0.505s] Level 5:colcon.colcon_core.verb:set package 'radio' build argument 'cmake_args' from command line to 'None'
[0.505s] Level 5:colcon.colcon_core.verb:set package 'radio' build argument 'cmake_target' from command line to 'None'
[0.505s] Level 5:colcon.colcon_core.verb:set package 'radio' build argument 'cmake_target_skip_unavailable' from command line to 'False'
[0.505s] Level 5:colcon.colcon_core.verb:set package 'radio' build argument 'cmake_clean_cache' from command line to 'False'
[0.505s] Level 5:colcon.colcon_core.verb:set package 'radio' build argument 'cmake_clean_first' from command line to 'False'
[0.505s] Level 5:colcon.colcon_core.verb:set package 'radio' build argument 'cmake_force_configure' from command line to 'False'
[0.505s] Level 5:colcon.colcon_core.verb:set package 'radio' build argument 'ament_cmake_args' from command line to 'None'
[0.505s] Level 5:colcon.colcon_core.verb:set package 'radio' build argument 'catkin_cmake_args' from command line to 'None'
[0.505s] Level 5:colcon.colcon_core.verb:set package 'radio' build argument 'catkin_skip_building_tests' from command line to 'False'
[0.506s] DEBUG:colcon.colcon_core.verb:Building package 'radio' with the following arguments: {'ament_cmake_args': None, 'build_base': '/home/vfran/ros2_ws/build/radio', 'catkin_cmake_args': None, 'catkin_skip_building_tests': False, 'cmake_args': None, 'cmake_clean_cache': False, 'cmake_clean_first': False, 'cmake_force_configure': False, 'cmake_target': None, 'cmake_target_skip_unavailable': False, 'install_base': '/home/vfran/ros2_ws/install/radio', 'merge_install': False, 'path': '/home/vfran/ros2_ws/src/radio', 'symlink_install': False, 'test_result_base': None}
[0.506s] Level 5:colcon.colcon_core.verb:set package 'my_bringup' build argument 'cmake_args' from command line to 'None'
[0.506s] Level 5:colcon.colcon_core.verb:set package 'my_bringup' build argument 'cmake_target' from command line to 'None'
[0.506s] Level 5:colcon.colcon_core.verb:set package 'my_bringup' build argument 'cmake_target_skip_unavailable' from command line to 'False'
[0.506s] Level 5:colcon.colcon_core.verb:set package 'my_bringup' build argument 'cmake_clean_cache' from command line to 'False'
[0.506s] Level 5:colcon.colcon_core.verb:set package 'my_bringup' build argument 'cmake_clean_first' from command line to 'False'
[0.506s] Level 5:colcon.colcon_core.verb:set package 'my_bringup' build argument 'cmake_force_configure' from command line to 'False'
[0.506s] Level 5:colcon.colcon_core.verb:set package 'my_bringup' build argument 'ament_cmake_args' from command line to 'None'
[0.506s] Level 5:colcon.colcon_core.verb:set package 'my_bringup' build argument 'catkin_cmake_args' from command line to 'None'
[0.506s] Level 5:colcon.colcon_core.verb:set package 'my_bringup' build argument 'catkin_skip_building_tests' from command line to 'False'
[0.506s] DEBUG:colcon.colcon_core.verb:Building package 'my_bringup' with the following arguments: {'ament_cmake_args': None, 'build_base': '/home/vfran/ros2_ws/build/my_bringup', 'catkin_cmake_args': None, 'catkin_skip_building_tests': False, 'cmake_args': None, 'cmake_clean_cache': False, 'cmake_clean_first': False, 'cmake_force_configure': False, 'cmake_target': None, 'cmake_target_skip_unavailable': False, 'install_base': '/home/vfran/ros2_ws/install/my_bringup', 'merge_install': False, 'path': '/home/vfran/ros2_ws/src/my_bringup', 'symlink_install': False, 'test_result_base': None}
[0.507s] Level 5:colcon.colcon_core.verb:set package 'my_py_pkg' build argument 'cmake_args' from command line to 'None'
[0.507s] Level 5:colcon.colcon_core.verb:set package 'my_py_pkg' build argument 'cmake_target' from command line to 'None'
[0.507s] Level 5:colcon.colcon_core.verb:set package 'my_py_pkg' build argument 'cmake_target_skip_unavailable' from command line to 'False'
[0.507s] Level 5:colcon.colcon_core.verb:set package 'my_py_pkg' build argument 'cmake_clean_cache' from command line to 'False'
[0.507s] Level 5:colcon.colcon_core.verb:set package 'my_py_pkg' build argument 'cmake_clean_first' from command line to 'False'
[0.507s] Level 5:colcon.colcon_core.verb:set package 'my_py_pkg' build argument 'cmake_force_configure' from command line to 'False'
[0.507s] Level 5:colcon.colcon_core.verb:set package 'my_py_pkg' build argument 'ament_cmake_args' from command line to 'None'
[0.507s] Level 5:colcon.colcon_core.verb:set package 'my_py_pkg' build argument 'catkin_cmake_args' from command line to 'None'
[0.507s] Level 5:colcon.colcon_core.verb:set package 'my_py_pkg' build argument 'catkin_skip_building_tests' from command line to 'False'
[0.507s] DEBUG:colcon.colcon_core.verb:Building package 'my_py_pkg' with the following arguments: {'ament_cmake_args': None, 'build_base': '/home/vfran/ros2_ws/build/my_py_pkg', 'catkin_cmake_args': None, 'catkin_skip_building_tests': False, 'cmake_args': None, 'cmake_clean_cache': False, 'cmake_clean_first': False, 'cmake_force_configure': False, 'cmake_target': None, 'cmake_target_skip_unavailable': False, 'install_base': '/home/vfran/ros2_ws/install/my_py_pkg', 'merge_install': False, 'path': '/home/vfran/ros2_ws/src/my_py_pkg', 'symlink_install': False, 'test_result_base': None}
[0.507s] INFO:colcon.colcon_core.executor:Executing jobs using 'parallel' executor
[0.509s] DEBUG:colcon.colcon_parallel_executor.executor.parallel:run_until_complete
[0.509s] INFO:colcon.colcon_ros.task.ament_python.build:Building ROS package in '/home/vfran/ros2_ws/src/calculator' with build type 'ament_python'
[0.510s] Level 1:colcon.colcon_core.shell:create_environment_hook('calculator', 'ament_prefix_path')
[0.513s] INFO:colcon.colcon_core.plugin_system:Skipping extension 'colcon_core.shell.bat': Not used on non-Windows systems
[0.513s] INFO:colcon.colcon_core.shell:Creating environment hook '/home/vfran/ros2_ws/install/calculator/share/calculator/hook/ament_prefix_path.ps1'
[0.514s] INFO:colcon.colcon_core.shell:Creating environment descriptor '/home/vfran/ros2_ws/install/calculator/share/calculator/hook/ament_prefix_path.dsv'
[0.515s] INFO:colcon.colcon_core.shell:Creating environment hook '/home/vfran/ros2_ws/install/calculator/share/calculator/hook/ament_prefix_path.sh'
[0.516s] INFO:colcon.colcon_core.shell:Skip shell extension 'powershell' for command environment: Not usable outside of PowerShell
[0.516s] DEBUG:colcon.colcon_core.shell:Skip shell extension 'dsv' for command environment
[0.521s] INFO:colcon.colcon_ros.task.ament_cmake.build:Building ROS package in '/home/vfran/ros2_ws/src/my_interfaces' with build type 'ament_cmake'
[0.521s] INFO:colcon.colcon_cmake.task.cmake.build:Building CMake package in '/home/vfran/ros2_ws/src/my_interfaces'
[0.522s] INFO:colcon.colcon_core.shell:Skip shell extension 'powershell' for command environment: Not usable outside of PowerShell
[0.522s] DEBUG:colcon.colcon_core.shell:Skip shell extension 'dsv' for command environment
[0.527s] INFO:colcon.colcon_ros.task.ament_python.build:Building ROS package in '/home/vfran/ros2_ws/src/basic_calculator' with build type 'ament_python'
[0.527s] Level 1:colcon.colcon_core.shell:create_environment_hook('basic_calculator', 'ament_prefix_path')
[0.528s] INFO:colcon.colcon_core.shell:Creating environment hook '/home/vfran/ros2_ws/install/basic_calculator/share/basic_calculator/hook/ament_prefix_path.ps1'
[0.529s] INFO:colcon.colcon_core.shell:Creating environment descriptor '/home/vfran/ros2_ws/install/basic_calculator/share/basic_calculator/hook/ament_prefix_path.dsv'
[0.529s] INFO:colcon.colcon_core.shell:Creating environment hook '/home/vfran/ros2_ws/install/basic_calculator/share/basic_calculator/hook/ament_prefix_path.sh'
[0.530s] INFO:colcon.colcon_core.shell:Skip shell extension 'powershell' for command environment: Not usable outside of PowerShell
[0.530s] DEBUG:colcon.colcon_core.shell:Skip shell extension 'dsv' for command environment
[0.535s] INFO:colcon.colcon_ros.task.ament_python.build:Building ROS package in '/home/vfran/ros2_ws/src/predator_and_prey' with build type 'ament_python'
[0.535s] Level 1:colcon.colcon_core.shell:create_environment_hook('predator_and_prey', 'ament_prefix_path')
[0.536s] INFO:colcon.colcon_core.shell:Creating environment hook '/home/vfran/ros2_ws/install/predator_and_prey/share/predator_and_prey/hook/ament_prefix_path.ps1'
[0.537s] INFO:colcon.colcon_core.shell:Creating environment descriptor '/home/vfran/ros2_ws/install/predator_and_prey/share/predator_and_prey/hook/ament_prefix_path.dsv'
[0.537s] INFO:colcon.colcon_core.shell:Creating environment hook '/home/vfran/ros2_ws/install/predator_and_prey/share/predator_and_prey/hook/ament_prefix_path.sh'
[0.538s] INFO:colcon.colcon_core.shell:Skip shell extension 'powershell' for command environment: Not usable outside of PowerShell
[0.538s] DEBUG:colcon.colcon_core.shell:Skip shell extension 'dsv' for command environment
[0.543s] INFO:colcon.colcon_ros.task.ament_python.build:Building ROS package in '/home/vfran/ros2_ws/src/radio' with build type 'ament_python'
[0.544s] Level 1:colcon.colcon_core.shell:create_environment_hook('radio', 'ament_prefix_path')
[0.544s] INFO:colcon.colcon_core.shell:Creating environment hook '/home/vfran/ros2_ws/install/radio/share/radio/hook/ament_prefix_path.ps1'
[0.545s] INFO:colcon.colcon_core.shell:Creating environment descriptor '/home/vfran/ros2_ws/install/radio/share/radio/hook/ament_prefix_path.dsv'
[0.546s] INFO:colcon.colcon_core.shell:Creating environment hook '/home/vfran/ros2_ws/install/radio/share/radio/hook/ament_prefix_path.sh'
[0.546s] INFO:colcon.colcon_core.shell:Skip shell extension 'powershell' for command environment: Not usable outside of PowerShell
[0.546s] DEBUG:colcon.colcon_core.shell:Skip shell extension 'dsv' for command environment
[0.909s] INFO:colcon.colcon_core.task.python.build:Building Python package in '/home/vfran/ros2_ws/src/calculator'
[0.909s] INFO:colcon.colcon_core.shell:Skip shell extension 'powershell' for command environment: Not usable outside of PowerShell
[0.909s] DEBUG:colcon.colcon_core.shell:Skip shell extension 'dsv' for command environment
[0.922s] DEBUG:colcon.colcon_core.event_handler.log_command:Invoking command in '/home/vfran/ros2_ws/build/my_interfaces': CMAKE_PREFIX_PATH=${CMAKE_PREFIX_PATH}:/home/vfran/ros2_ws/install/predator_and_prey:/home/vfran/ros2_ws/install/predador_and_prey:/home/vfran/ros2_ws/install/radio:/home/vfran/ros2_ws/install/my_py_pkg:/home/vfran/ros2_ws/install/calculator:/home/vfran/ros2_ws/install/basic_calculator:/opt/ros/humble /usr/local/bin/cmake --build /home/vfran/ros2_ws/build/my_interfaces -- -j16 -l16
[1.296s] INFO:colcon.colcon_core.task.python.build:Building Python package in '/home/vfran/ros2_ws/src/basic_calculator'
[1.296s] INFO:colcon.colcon_core.shell:Skip shell extension 'powershell' for command environment: Not usable outside of PowerShell
[1.296s] DEBUG:colcon.colcon_core.shell:Skip shell extension 'dsv' for command environment
[1.655s] INFO:colcon.colcon_core.task.python.build:Building Python package in '/home/vfran/ros2_ws/src/predator_and_prey'
[1.656s] INFO:colcon.colcon_core.shell:Skip shell extension 'powershell' for command environment: Not usable outside of PowerShell
[1.656s] DEBUG:colcon.colcon_core.shell:Skip shell extension 'dsv' for command environment
[1.668s] DEBUG:colcon.colcon_core.event_handler.log_command:Invoked command in '/home/vfran/ros2_ws/build/my_interfaces' returned '0': CMAKE_PREFIX_PATH=${CMAKE_PREFIX_PATH}:/home/vfran/ros2_ws/install/predator_and_prey:/home/vfran/ros2_ws/install/predador_and_prey:/home/vfran/ros2_ws/install/radio:/home/vfran/ros2_ws/install/my_py_pkg:/home/vfran/ros2_ws/install/calculator:/home/vfran/ros2_ws/install/basic_calculator:/opt/ros/humble /usr/local/bin/cmake --build /home/vfran/ros2_ws/build/my_interfaces -- -j16 -l16
[1.982s] INFO:colcon.colcon_core.task.python.build:Building Python package in '/home/vfran/ros2_ws/src/radio'
[1.982s] INFO:colcon.colcon_core.shell:Skip shell extension 'powershell' for command environment: Not usable outside of PowerShell
[1.982s] DEBUG:colcon.colcon_core.shell:Skip shell extension 'dsv' for command environment
[2.006s] DEBUG:colcon.colcon_core.event_handler.log_command:Invoking command in '/home/vfran/ros2_ws/build/my_interfaces': CMAKE_PREFIX_PATH=${CMAKE_PREFIX_PATH}:/home/vfran/ros2_ws/install/predator_and_prey:/home/vfran/ros2_ws/install/predador_and_prey:/home/vfran/ros2_ws/install/radio:/home/vfran/ros2_ws/install/my_py_pkg:/home/vfran/ros2_ws/install/calculator:/home/vfran/ros2_ws/install/basic_calculator:/opt/ros/humble /usr/local/bin/cmake --install /home/vfran/ros2_ws/build/my_interfaces
[2.076s] Level 1:colcon.colcon_core.environment:create_environment_scripts_only(my_interfaces)
[2.076s] DEBUG:colcon.colcon_core.event_handler.log_command:Invoked command in '/home/vfran/ros2_ws/build/my_interfaces' returned '0': CMAKE_PREFIX_PATH=${CMAKE_PREFIX_PATH}:/home/vfran/ros2_ws/install/predator_and_prey:/home/vfran/ros2_ws/install/predador_and_prey:/home/vfran/ros2_ws/install/radio:/home/vfran/ros2_ws/install/my_py_pkg:/home/vfran/ros2_ws/install/calculator:/home/vfran/ros2_ws/install/basic_calculator:/opt/ros/humble /usr/local/bin/cmake --install /home/vfran/ros2_ws/build/my_interfaces
[2.079s] Level 1:colcon.colcon_core.environment:checking '/home/vfran/ros2_ws/install/my_interfaces' for CMake module files
[2.079s] Level 1:colcon.colcon_core.environment:checking '/home/vfran/ros2_ws/install/my_interfaces' for CMake config files
[2.080s] Level 1:colcon.colcon_core.shell:create_environment_hook('my_interfaces', 'cmake_prefix_path')
[2.080s] INFO:colcon.colcon_core.shell:Creating environment hook '/home/vfran/ros2_ws/install/my_interfaces/share/my_interfaces/hook/cmake_prefix_path.ps1'
[2.081s] INFO:colcon.colcon_core.shell:Creating environment descriptor '/home/vfran/ros2_ws/install/my_interfaces/share/my_interfaces/hook/cmake_prefix_path.dsv'
[2.081s] INFO:colcon.colcon_core.shell:Creating environment hook '/home/vfran/ros2_ws/install/my_interfaces/share/my_interfaces/hook/cmake_prefix_path.sh'
[2.082s] Level 1:colcon.colcon_core.environment:checking '/home/vfran/ros2_ws/install/my_interfaces/lib'
[2.082s] Level 1:colcon.colcon_core.shell:create_environment_hook('my_interfaces', 'ld_library_path_lib')
[2.082s] INFO:colcon.colcon_core.shell:Creating environment hook '/home/vfran/ros2_ws/install/my_interfaces/share/my_interfaces/hook/ld_library_path_lib.ps1'
[2.083s] INFO:colcon.colcon_core.shell:Creating environment descriptor '/home/vfran/ros2_ws/install/my_interfaces/share/my_interfaces/hook/ld_library_path_lib.dsv'
[2.083s] INFO:colcon.colcon_core.shell:Creating environment hook '/home/vfran/ros2_ws/install/my_interfaces/share/my_interfaces/hook/ld_library_path_lib.sh'
[2.083s] Level 1:colcon.colcon_core.environment:checking '/home/vfran/ros2_ws/install/my_interfaces/bin'
[2.083s] Level 1:colcon.colcon_core.environment:checking '/home/vfran/ros2_ws/install/my_interfaces/lib/pkgconfig/my_interfaces.pc'
[2.084s] Level 1:colcon.colcon_core.environment:checking '/home/vfran/ros2_ws/install/my_interfaces/lib/python3.10/site-packages'
[2.084s] Level 1:colcon.colcon_core.environment:checking '/home/vfran/ros2_ws/install/my_interfaces/bin'
[2.084s] INFO:colcon.colcon_core.shell:Creating package script '/home/vfran/ros2_ws/install/my_interfaces/share/my_interfaces/package.ps1'
[2.085s] INFO:colcon.colcon_core.shell:Creating package descriptor '/home/vfran/ros2_ws/install/my_interfaces/share/my_interfaces/package.dsv'
[2.086s] INFO:colcon.colcon_core.shell:Creating package script '/home/vfran/ros2_ws/install/my_interfaces/share/my_interfaces/package.sh'
[2.087s] INFO:colcon.colcon_core.shell:Creating package script '/home/vfran/ros2_ws/install/my_interfaces/share/my_interfaces/package.bash'
[2.088s] INFO:colcon.colcon_core.shell:Creating package script '/home/vfran/ros2_ws/install/my_interfaces/share/my_interfaces/package.zsh'
[2.089s] Level 1:colcon.colcon_core.environment:create_file_with_runtime_dependencies(/home/vfran/ros2_ws/install/my_interfaces/share/colcon-core/packages/my_interfaces)
[2.259s] Level 1:colcon.colcon_core.environment:create_environment_scripts_only(my_interfaces)
[2.259s] Level 1:colcon.colcon_core.environment:checking '/home/vfran/ros2_ws/install/my_interfaces' for CMake module files
[2.260s] Level 1:colcon.colcon_core.environment:checking '/home/vfran/ros2_ws/install/my_interfaces' for CMake config files
[2.260s] Level 1:colcon.colcon_core.shell:create_environment_hook('my_interfaces', 'cmake_prefix_path')
[2.261s] INFO:colcon.colcon_core.shell:Creating environment hook '/home/vfran/ros2_ws/install/my_interfaces/share/my_interfaces/hook/cmake_prefix_path.ps1'
[2.261s] INFO:colcon.colcon_core.shell:Creating environment descriptor '/home/vfran/ros2_ws/install/my_interfaces/share/my_interfaces/hook/cmake_prefix_path.dsv'
[2.262s] INFO:colcon.colcon_core.shell:Creating environment hook '/home/vfran/ros2_ws/install/my_interfaces/share/my_interfaces/hook/cmake_prefix_path.sh'
[2.262s] Level 1:colcon.colcon_core.environment:checking '/home/vfran/ros2_ws/install/my_interfaces/lib'
[2.262s] Level 1:colcon.colcon_core.shell:create_environment_hook('my_interfaces', 'ld_library_path_lib')
[2.263s] INFO:colcon.colcon_core.shell:Creating environment hook '/home/vfran/ros2_ws/install/my_interfaces/share/my_interfaces/hook/ld_library_path_lib.ps1'
[2.263s] INFO:colcon.colcon_core.shell:Creating environment descriptor '/home/vfran/ros2_ws/install/my_interfaces/share/my_interfaces/hook/ld_library_path_lib.dsv'
[2.264s] INFO:colcon.colcon_core.shell:Creating environment hook '/home/vfran/ros2_ws/install/my_interfaces/share/my_interfaces/hook/ld_library_path_lib.sh'
[2.264s] Level 1:colcon.colcon_core.environment:checking '/home/vfran/ros2_ws/install/my_interfaces/bin'
[2.264s] Level 1:colcon.colcon_core.environment:checking '/home/vfran/ros2_ws/install/my_interfaces/lib/pkgconfig/my_interfaces.pc'
[2.264s] Level 1:colcon.colcon_core.environment:checking '/home/vfran/ros2_ws/install/my_interfaces/lib/python3.10/site-packages'
[2.265s] Level 1:colcon.colcon_core.environment:checking '/home/vfran/ros2_ws/install/my_interfaces/bin'
[2.265s] INFO:colcon.colcon_core.shell:Creating package script '/home/vfran/ros2_ws/install/my_interfaces/share/my_interfaces/package.ps1'
[2.266s] INFO:colcon.colcon_core.shell:Creating package descriptor '/home/vfran/ros2_ws/install/my_interfaces/share/my_interfaces/package.dsv'
[2.266s] INFO:colcon.colcon_core.shell:Creating package script '/home/vfran/ros2_ws/install/my_interfaces/share/my_interfaces/package.sh'
[2.267s] INFO:colcon.colcon_core.shell:Creating package script '/home/vfran/ros2_ws/install/my_interfaces/share/my_interfaces/package.bash'
[2.267s] INFO:colcon.colcon_core.shell:Creating package script '/home/vfran/ros2_ws/install/my_interfaces/share/my_interfaces/package.zsh'
[2.268s] Level 1:colcon.colcon_core.environment:create_file_with_runtime_dependencies(/home/vfran/ros2_ws/install/my_interfaces/share/colcon-core/packages/my_interfaces)
[2.268s] INFO:colcon.colcon_ros.task.ament_python.build:Building ROS package in '/home/vfran/ros2_ws/src/my_py_pkg' with build type 'ament_python'
[2.269s] Level 1:colcon.colcon_core.shell:create_environment_hook('my_py_pkg', 'ament_prefix_path')
[2.269s] INFO:colcon.colcon_core.shell:Creating environment hook '/home/vfran/ros2_ws/install/my_py_pkg/share/my_py_pkg/hook/ament_prefix_path.ps1'
[2.270s] INFO:colcon.colcon_core.shell:Creating environment descriptor '/home/vfran/ros2_ws/install/my_py_pkg/share/my_py_pkg/hook/ament_prefix_path.dsv'
[2.271s] INFO:colcon.colcon_core.shell:Creating environment hook '/home/vfran/ros2_ws/install/my_py_pkg/share/my_py_pkg/hook/ament_prefix_path.sh'
[2.272s] INFO:colcon.colcon_core.shell:Skip shell extension 'powershell' for command environment: Not usable outside of PowerShell
[2.272s] DEBUG:colcon.colcon_core.shell:Skip shell extension 'dsv' for command environment
[2.608s] INFO:colcon.colcon_core.task.python.build:Building Python package in '/home/vfran/ros2_ws/src/my_py_pkg'
[2.609s] INFO:colcon.colcon_core.shell:Skip shell extension 'powershell' for command environment: Not usable outside of PowerShell
[2.609s] DEBUG:colcon.colcon_core.shell:Skip shell extension 'dsv' for command environment
[2.624s] DEBUG:colcon.colcon_core.event_handler.log_command:Invoking command in '/home/vfran/ros2_ws/src/predator_and_prey': PYTHONPATH=/home/vfran/ros2_ws/build/predator_and_prey/prefix_override:/home/vfran/ros2_ws/install/predator_and_prey/lib/python3.10/site-packages:${PYTHONPATH} /usr/bin/python3 -W ignore:setup.py install is deprecated setup.py egg_info --egg-base ../../build/predator_and_prey build --build-base /home/vfran/ros2_ws/build/predator_and_prey/build install --record /home/vfran/ros2_ws/build/predator_and_prey/install.log --single-version-externally-managed install_data
[2.628s] DEBUG:colcon.colcon_core.event_handler.log_command:Invoking command in '/home/vfran/ros2_ws/src/calculator': PYTHONPATH=/home/vfran/ros2_ws/build/calculator/prefix_override:/home/vfran/ros2_ws/install/calculator/lib/python3.10/site-packages:${PYTHONPATH} /usr/bin/python3 -W ignore:setup.py install is deprecated setup.py egg_info --egg-base ../../build/calculator build --build-base /home/vfran/ros2_ws/build/calculator/build install --record /home/vfran/ros2_ws/build/calculator/install.log --single-version-externally-managed install_data
[2.632s] DEBUG:colcon.colcon_core.event_handler.log_command:Invoking command in '/home/vfran/ros2_ws/src/basic_calculator': PYTHONPATH=/home/vfran/ros2_ws/build/basic_calculator/prefix_override:/home/vfran/ros2_ws/install/basic_calculator/lib/python3.10/site-packages:${PYTHONPATH} /usr/bin/python3 -W ignore:setup.py install is deprecated setup.py egg_info --egg-base ../../build/basic_calculator build --build-base /home/vfran/ros2_ws/build/basic_calculator/build install --record /home/vfran/ros2_ws/build/basic_calculator/install.log --single-version-externally-managed install_data
[2.634s] DEBUG:colcon.colcon_core.event_handler.log_command:Invoking command in '/home/vfran/ros2_ws/src/radio': PYTHONPATH=/home/vfran/ros2_ws/build/radio/prefix_override:/home/vfran/ros2_ws/install/radio/lib/python3.10/site-packages:${PYTHONPATH} /usr/bin/python3 -W ignore:setup.py install is deprecated setup.py egg_info --egg-base ../../build/radio build --build-base /home/vfran/ros2_ws/build/radio/build install --record /home/vfran/ros2_ws/build/radio/install.log --single-version-externally-managed install_data
[3.006s] Level 1:colcon.colcon_core.environment:checking '/home/vfran/ros2_ws/install/predator_and_prey' for CMake module files
[3.007s] DEBUG:colcon.colcon_core.event_handler.log_command:Invoked command in '/home/vfran/ros2_ws/src/predator_and_prey' returned '0': PYTHONPATH=/home/vfran/ros2_ws/build/predator_and_prey/prefix_override:/home/vfran/ros2_ws/install/predator_and_prey/lib/python3.10/site-packages:${PYTHONPATH} /usr/bin/python3 -W ignore:setup.py install is deprecated setup.py egg_info --egg-base ../../build/predator_and_prey build --build-base /home/vfran/ros2_ws/build/predator_and_prey/build install --record /home/vfran/ros2_ws/build/predator_and_prey/install.log --single-version-externally-managed install_data
[3.008s] Level 1:colcon.colcon_core.environment:checking '/home/vfran/ros2_ws/install/predator_and_prey' for CMake config files
[3.009s] Level 1:colcon.colcon_core.environment:checking '/home/vfran/ros2_ws/install/predator_and_prey/lib'
[3.009s] Level 1:colcon.colcon_core.environment:checking '/home/vfran/ros2_ws/install/predator_and_prey/bin'
[3.009s] Level 1:colcon.colcon_core.environment:checking '/home/vfran/ros2_ws/install/predator_and_prey/lib/pkgconfig/predator_and_prey.pc'
[3.009s] Level 1:colcon.colcon_core.environment:checking '/home/vfran/ros2_ws/install/predator_and_prey/lib/python3.10/site-packages'
[3.009s] Level 1:colcon.colcon_core.shell:create_environment_hook('predator_and_prey', 'pythonpath')
[3.010s] INFO:colcon.colcon_core.shell:Creating environment hook '/home/vfran/ros2_ws/install/predator_and_prey/share/predator_and_prey/hook/pythonpath.ps1'
[3.010s] INFO:colcon.colcon_core.shell:Creating environment descriptor '/home/vfran/ros2_ws/install/predator_and_prey/share/predator_and_prey/hook/pythonpath.dsv'
[3.011s] INFO:colcon.colcon_core.shell:Creating environment hook '/home/vfran/ros2_ws/install/predator_and_prey/share/predator_and_prey/hook/pythonpath.sh'
[3.011s] Level 1:colcon.colcon_core.environment:checking '/home/vfran/ros2_ws/install/predator_and_prey/bin'
[3.012s] Level 1:colcon.colcon_core.environment:create_environment_scripts_only(predator_and_prey)
[3.012s] INFO:colcon.colcon_core.shell:Creating package script '/home/vfran/ros2_ws/install/predator_and_prey/share/predator_and_prey/package.ps1'
[3.013s] INFO:colcon.colcon_core.shell:Creating package descriptor '/home/vfran/ros2_ws/install/predator_and_prey/share/predator_and_prey/package.dsv'
[3.013s] INFO:colcon.colcon_core.shell:Creating package script '/home/vfran/ros2_ws/install/predator_and_prey/share/predator_and_prey/package.sh'
[3.014s] INFO:colcon.colcon_core.shell:Creating package script '/home/vfran/ros2_ws/install/predator_and_prey/share/predator_and_prey/package.bash'
[3.014s] INFO:colcon.colcon_core.shell:Creating package script '/home/vfran/ros2_ws/install/predator_and_prey/share/predator_and_prey/package.zsh'
[3.014s] Level 1:colcon.colcon_core.environment:create_file_with_runtime_dependencies(/home/vfran/ros2_ws/install/predator_and_prey/share/colcon-core/packages/predator_and_prey)
[3.016s] Level 1:colcon.colcon_core.environment:checking '/home/vfran/ros2_ws/install/basic_calculator' for CMake module files
[3.017s] DEBUG:colcon.colcon_core.event_handler.log_command:Invoked command in '/home/vfran/ros2_ws/src/basic_calculator' returned '0': PYTHONPATH=/home/vfran/ros2_ws/build/basic_calculator/prefix_override:/home/vfran/ros2_ws/install/basic_calculator/lib/python3.10/site-packages:${PYTHONPATH} /usr/bin/python3 -W ignore:setup.py install is deprecated setup.py egg_info --egg-base ../../build/basic_calculator build --build-base /home/vfran/ros2_ws/build/basic_calculator/build install --record /home/vfran/ros2_ws/build/basic_calculator/install.log --single-version-externally-managed install_data
[3.017s] Level 1:colcon.colcon_core.environment:checking '/home/vfran/ros2_ws/install/basic_calculator' for CMake config files
[3.018s] Level 1:colcon.colcon_core.environment:checking '/home/vfran/ros2_ws/install/basic_calculator/lib'
[3.018s] Level 1:colcon.colcon_core.environment:checking '/home/vfran/ros2_ws/install/basic_calculator/bin'
[3.018s] Level 1:colcon.colcon_core.environment:checking '/home/vfran/ros2_ws/install/basic_calculator/lib/pkgconfig/basic_calculator.pc'
[3.019s] Level 1:colcon.colcon_core.environment:checking '/home/vfran/ros2_ws/install/basic_calculator/lib/python3.10/site-packages'
[3.019s] Level 1:colcon.colcon_core.shell:create_environment_hook('basic_calculator', 'pythonpath')
[3.019s] INFO:colcon.colcon_core.shell:Creating environment hook '/home/vfran/ros2_ws/install/basic_calculator/share/basic_calculator/hook/pythonpath.ps1'
[3.019s] INFO:colcon.colcon_core.shell:Creating environment descriptor '/home/vfran/ros2_ws/install/basic_calculator/share/basic_calculator/hook/pythonpath.dsv'
[3.020s] INFO:colcon.colcon_core.shell:Creating environment hook '/home/vfran/ros2_ws/install/basic_calculator/share/basic_calculator/hook/pythonpath.sh'
[3.020s] Level 1:colcon.colcon_core.environment:checking '/home/vfran/ros2_ws/install/basic_calculator/bin'
[3.021s] Level 1:colcon.colcon_core.environment:create_environment_scripts_only(basic_calculator)
[3.021s] INFO:colcon.colcon_core.shell:Creating package script '/home/vfran/ros2_ws/install/basic_calculator/share/basic_calculator/package.ps1'
[3.021s] INFO:colcon.colcon_core.shell:Creating package descriptor '/home/vfran/ros2_ws/install/basic_calculator/share/basic_calculator/package.dsv'
[3.022s] INFO:colcon.colcon_core.shell:Creating package script '/home/vfran/ros2_ws/install/basic_calculator/share/basic_calculator/package.sh'
[3.022s] INFO:colcon.colcon_core.shell:Creating package script '/home/vfran/ros2_ws/install/basic_calculator/share/basic_calculator/package.bash'
[3.023s] INFO:colcon.colcon_core.shell:Creating package script '/home/vfran/ros2_ws/install/basic_calculator/share/basic_calculator/package.zsh'
[3.023s] Level 1:colcon.colcon_core.environment:create_file_with_runtime_dependencies(/home/vfran/ros2_ws/install/basic_calculator/share/colcon-core/packages/basic_calculator)
[3.025s] Level 1:colcon.colcon_core.environment:checking '/home/vfran/ros2_ws/install/calculator' for CMake module files
[3.027s] DEBUG:colcon.colcon_core.event_handler.log_command:Invoked command in '/home/vfran/ros2_ws/src/calculator' returned '0': PYTHONPATH=/home/vfran/ros2_ws/build/calculator/prefix_override:/home/vfran/ros2_ws/install/calculator/lib/python3.10/site-packages:${PYTHONPATH} /usr/bin/python3 -W ignore:setup.py install is deprecated setup.py egg_info --egg-base ../../build/calculator build --build-base /home/vfran/ros2_ws/build/calculator/build install --record /home/vfran/ros2_ws/build/calculator/install.log --single-version-externally-managed install_data
[3.027s] Level 1:colcon.colcon_core.environment:checking '/home/vfran/ros2_ws/install/calculator' for CMake config files
[3.028s] Level 1:colcon.colcon_core.environment:checking '/home/vfran/ros2_ws/install/calculator/lib'
[3.028s] Level 1:colcon.colcon_core.environment:checking '/home/vfran/ros2_ws/install/calculator/bin'
[3.028s] Level 1:colcon.colcon_core.environment:checking '/home/vfran/ros2_ws/install/calculator/lib/pkgconfig/calculator.pc'
[3.029s] Level 1:colcon.colcon_core.environment:checking '/home/vfran/ros2_ws/install/calculator/lib/python3.10/site-packages'
[3.029s] Level 1:colcon.colcon_core.shell:create_environment_hook('calculator', 'pythonpath')
[3.029s] INFO:colcon.colcon_core.shell:Creating environment hook '/home/vfran/ros2_ws/install/calculator/share/calculator/hook/pythonpath.ps1'
[3.030s] INFO:colcon.colcon_core.shell:Creating environment descriptor '/home/vfran/ros2_ws/install/calculator/share/calculator/hook/pythonpath.dsv'
[3.031s] INFO:colcon.colcon_core.shell:Creating environment hook '/home/vfran/ros2_ws/install/calculator/share/calculator/hook/pythonpath.sh'
[3.032s] Level 1:colcon.colcon_core.environment:checking '/home/vfran/ros2_ws/install/calculator/bin'
[3.032s] Level 1:colcon.colcon_core.environment:create_environment_scripts_only(calculator)
[3.033s] INFO:colcon.colcon_core.shell:Creating package script '/home/vfran/ros2_ws/install/calculator/share/calculator/package.ps1'
[3.034s] INFO:colcon.colcon_core.shell:Creating package descriptor '/home/vfran/ros2_ws/install/calculator/share/calculator/package.dsv'
[3.034s] INFO:colcon.colcon_core.shell:Creating package script '/home/vfran/ros2_ws/install/calculator/share/calculator/package.sh'
[3.035s] INFO:colcon.colcon_core.shell:Creating package script '/home/vfran/ros2_ws/install/calculator/share/calculator/package.bash'
[3.035s] INFO:colcon.colcon_core.shell:Creating package script '/home/vfran/ros2_ws/install/calculator/share/calculator/package.zsh'
[3.035s] Level 1:colcon.colcon_core.environment:create_file_with_runtime_dependencies(/home/vfran/ros2_ws/install/calculator/share/colcon-core/packages/calculator)
[3.036s] INFO:colcon.colcon_ros.task.ament_cmake.build:Building ROS package in '/home/vfran/ros2_ws/src/my_bringup' with build type 'ament_cmake'
[3.036s] INFO:colcon.colcon_cmake.task.cmake.build:Building CMake package in '/home/vfran/ros2_ws/src/my_bringup'
[3.036s] INFO:colcon.colcon_core.shell:Skip shell extension 'powershell' for command environment: Not usable outside of PowerShell
[3.036s] DEBUG:colcon.colcon_core.shell:Skip shell extension 'dsv' for command environment
[3.043s] Level 1:colcon.colcon_core.environment:checking '/home/vfran/ros2_ws/install/radio' for CMake module files
[3.044s] DEBUG:colcon.colcon_core.event_handler.log_command:Invoked command in '/home/vfran/ros2_ws/src/radio' returned '0': PYTHONPATH=/home/vfran/ros2_ws/build/radio/prefix_override:/home/vfran/ros2_ws/install/radio/lib/python3.10/site-packages:${PYTHONPATH} /usr/bin/python3 -W ignore:setup.py install is deprecated setup.py egg_info --egg-base ../../build/radio build --build-base /home/vfran/ros2_ws/build/radio/build install --record /home/vfran/ros2_ws/build/radio/install.log --single-version-externally-managed install_data
[3.045s] Level 1:colcon.colcon_core.environment:checking '/home/vfran/ros2_ws/install/radio' for CMake config files
[3.046s] Level 1:colcon.colcon_core.environment:checking '/home/vfran/ros2_ws/install/radio/lib'
[3.047s] Level 1:colcon.colcon_core.environment:checking '/home/vfran/ros2_ws/install/radio/bin'
[3.047s] Level 1:colcon.colcon_core.environment:checking '/home/vfran/ros2_ws/install/radio/lib/pkgconfig/radio.pc'
[3.047s] Level 1:colcon.colcon_core.environment:checking '/home/vfran/ros2_ws/install/radio/lib/python3.10/site-packages'
[3.047s] Level 1:colcon.colcon_core.shell:create_environment_hook('radio', 'pythonpath')
[3.048s] INFO:colcon.colcon_core.shell:Creating environment hook '/home/vfran/ros2_ws/install/radio/share/radio/hook/pythonpath.ps1'
[3.048s] INFO:colcon.colcon_core.shell:Creating environment descriptor '/home/vfran/ros2_ws/install/radio/share/radio/hook/pythonpath.dsv'
[3.049s] INFO:colcon.colcon_core.shell:Creating environment hook '/home/vfran/ros2_ws/install/radio/share/radio/hook/pythonpath.sh'
[3.050s] Level 1:colcon.colcon_core.environment:checking '/home/vfran/ros2_ws/install/radio/bin'
[3.050s] Level 1:colcon.colcon_core.environment:create_environment_scripts_only(radio)
[3.050s] INFO:colcon.colcon_core.shell:Creating package script '/home/vfran/ros2_ws/install/radio/share/radio/package.ps1'
[3.051s] INFO:colcon.colcon_core.shell:Creating package descriptor '/home/vfran/ros2_ws/install/radio/share/radio/package.dsv'
[3.051s] INFO:colcon.colcon_core.shell:Creating package script '/home/vfran/ros2_ws/install/radio/share/radio/package.sh'
[3.052s] INFO:colcon.colcon_core.shell:Creating package script '/home/vfran/ros2_ws/install/radio/share/radio/package.bash'
[3.052s] INFO:colcon.colcon_core.shell:Creating package script '/home/vfran/ros2_ws/install/radio/share/radio/package.zsh'
[3.052s] Level 1:colcon.colcon_core.environment:create_file_with_runtime_dependencies(/home/vfran/ros2_ws/install/radio/share/colcon-core/packages/radio)
[3.058s] DEBUG:colcon.colcon_core.event_handler.log_command:Invoking command in '/home/vfran/ros2_ws/build/my_bringup': AMENT_PREFIX_PATH=/home/vfran/ros2_ws/install/calculator:/home/vfran/ros2_ws/install/predator_and_prey:/home/vfran/ros2_ws/install/predador_and_prey:/home/vfran/ros2_ws/install/radio:/home/vfran/ros2_ws/install/my_py_pkg:/home/vfran/ros2_ws/install/my_interfaces:/home/vfran/ros2_ws/install/my_bringup:/home/vfran/ros2_ws/install/basic_calculator:/opt/ros/humble CMAKE_PREFIX_PATH=${CMAKE_PREFIX_PATH}:/home/vfran/ros2_ws/install/predator_and_prey:/home/vfran/ros2_ws/install/predador_and_prey:/home/vfran/ros2_ws/install/radio:/home/vfran/ros2_ws/install/my_py_pkg:/home/vfran/ros2_ws/install/calculator:/home/vfran/ros2_ws/install/basic_calculator:/opt/ros/humble PYTHONPATH=/home/vfran/ros2_ws/install/calculator/lib/python3.10/site-packages:/home/vfran/ros2_ws/install/predator_and_prey/lib/python3.10/site-packages:/home/vfran/ros2_ws/install/predador_and_prey/lib/python3.10/site-packages:/home/vfran/ros2_ws/install/radio/lib/python3.10/site-packages:/home/vfran/ros2_ws/install/my_py_pkg/lib/python3.10/site-packages:/home/vfran/ros2_ws/install/my_interfaces/local/lib/python3.10/dist-packages:/home/vfran/ros2_ws/install/basic_calculator/lib/python3.10/site-packages:/opt/ros/humble/lib/python3.10/site-packages:/opt/ros/humble/local/lib/python3.10/dist-packages /usr/local/bin/cmake --build /home/vfran/ros2_ws/build/my_bringup -- -j16 -l16
[3.069s] DEBUG:colcon.colcon_core.event_handler.log_command:Invoking command in '/home/vfran/ros2_ws/src/my_py_pkg': PYTHONPATH=/home/vfran/ros2_ws/build/my_py_pkg/prefix_override:/home/vfran/ros2_ws/install/my_py_pkg/lib/python3.10/site-packages:${PYTHONPATH} /usr/bin/python3 -W ignore:setup.py install is deprecated setup.py egg_info --egg-base ../../build/my_py_pkg build --build-base /home/vfran/ros2_ws/build/my_py_pkg/build install --record /home/vfran/ros2_ws/build/my_py_pkg/install.log --single-version-externally-managed install_data
[3.087s] DEBUG:colcon.colcon_core.event_handler.log_command:Invoked command in '/home/vfran/ros2_ws/build/my_bringup' returned '0': AMENT_PREFIX_PATH=/home/vfran/ros2_ws/install/calculator:/home/vfran/ros2_ws/install/predator_and_prey:/home/vfran/ros2_ws/install/predador_and_prey:/home/vfran/ros2_ws/install/radio:/home/vfran/ros2_ws/install/my_py_pkg:/home/vfran/ros2_ws/install/my_interfaces:/home/vfran/ros2_ws/install/my_bringup:/home/vfran/ros2_ws/install/basic_calculator:/opt/ros/humble CMAKE_PREFIX_PATH=${CMAKE_PREFIX_PATH}:/home/vfran/ros2_ws/install/predator_and_prey:/home/vfran/ros2_ws/install/predador_and_prey:/home/vfran/ros2_ws/install/radio:/home/vfran/ros2_ws/install/my_py_pkg:/home/vfran/ros2_ws/install/calculator:/home/vfran/ros2_ws/install/basic_calculator:/opt/ros/humble PYTHONPATH=/home/vfran/ros2_ws/install/calculator/lib/python3.10/site-packages:/home/vfran/ros2_ws/install/predator_and_prey/lib/python3.10/site-packages:/home/vfran/ros2_ws/install/predador_and_prey/lib/python3.10/site-packages:/home/vfran/ros2_ws/install/radio/lib/python3.10/site-packages:/home/vfran/ros2_ws/install/my_py_pkg/lib/python3.10/site-packages:/home/vfran/ros2_ws/install/my_interfaces/local/lib/python3.10/dist-packages:/home/vfran/ros2_ws/install/basic_calculator/lib/python3.10/site-packages:/opt/ros/humble/lib/python3.10/site-packages:/opt/ros/humble/local/lib/python3.10/dist-packages /usr/local/bin/cmake --build /home/vfran/ros2_ws/build/my_bringup -- -j16 -l16
[3.119s] DEBUG:colcon.colcon_core.event_handler.log_command:Invoking command in '/home/vfran/ros2_ws/build/my_bringup': AMENT_PREFIX_PATH=/home/vfran/ros2_ws/install/calculator:/home/vfran/ros2_ws/install/predator_and_prey:/home/vfran/ros2_ws/install/predador_and_prey:/home/vfran/ros2_ws/install/radio:/home/vfran/ros2_ws/install/my_py_pkg:/home/vfran/ros2_ws/install/my_interfaces:/home/vfran/ros2_ws/install/my_bringup:/home/vfran/ros2_ws/install/basic_calculator:/opt/ros/humble CMAKE_PREFIX_PATH=${CMAKE_PREFIX_PATH}:/home/vfran/ros2_ws/install/predator_and_prey:/home/vfran/ros2_ws/install/predador_and_prey:/home/vfran/ros2_ws/install/radio:/home/vfran/ros2_ws/install/my_py_pkg:/home/vfran/ros2_ws/install/calculator:/home/vfran/ros2_ws/install/basic_calculator:/opt/ros/humble PYTHONPATH=/home/vfran/ros2_ws/install/calculator/lib/python3.10/site-packages:/home/vfran/ros2_ws/install/predator_and_prey/lib/python3.10/site-packages:/home/vfran/ros2_ws/install/predador_and_prey/lib/python3.10/site-packages:/home/vfran/ros2_ws/install/radio/lib/python3.10/site-packages:/home/vfran/ros2_ws/install/my_py_pkg/lib/python3.10/site-packages:/home/vfran/ros2_ws/install/my_interfaces/local/lib/python3.10/dist-packages:/home/vfran/ros2_ws/install/basic_calculator/lib/python3.10/site-packages:/opt/ros/humble/lib/python3.10/site-packages:/opt/ros/humble/local/lib/python3.10/dist-packages /usr/local/bin/cmake --install /home/vfran/ros2_ws/build/my_bringup
[3.126s] Level 1:colcon.colcon_core.environment:create_environment_scripts_only(my_bringup)
[3.126s] Level 1:colcon.colcon_core.environment:checking '/home/vfran/ros2_ws/install/my_bringup' for CMake module files
[3.127s] DEBUG:colcon.colcon_core.event_handler.log_command:Invoked command in '/home/vfran/ros2_ws/build/my_bringup' returned '0': AMENT_PREFIX_PATH=/home/vfran/ros2_ws/install/calculator:/home/vfran/ros2_ws/install/predator_and_prey:/home/vfran/ros2_ws/install/predador_and_prey:/home/vfran/ros2_ws/install/radio:/home/vfran/ros2_ws/install/my_py_pkg:/home/vfran/ros2_ws/install/my_interfaces:/home/vfran/ros2_ws/install/my_bringup:/home/vfran/ros2_ws/install/basic_calculator:/opt/ros/humble CMAKE_PREFIX_PATH=${CMAKE_PREFIX_PATH}:/home/vfran/ros2_ws/install/predator_and_prey:/home/vfran/ros2_ws/install/predador_and_prey:/home/vfran/ros2_ws/install/radio:/home/vfran/ros2_ws/install/my_py_pkg:/home/vfran/ros2_ws/install/calculator:/home/vfran/ros2_ws/install/basic_calculator:/opt/ros/humble PYTHONPATH=/home/vfran/ros2_ws/install/calculator/lib/python3.10/site-packages:/home/vfran/ros2_ws/install/predator_and_prey/lib/python3.10/site-packages:/home/vfran/ros2_ws/install/predador_and_prey/lib/python3.10/site-packages:/home/vfran/ros2_ws/install/radio/lib/python3.10/site-packages:/home/vfran/ros2_ws/install/my_py_pkg/lib/python3.10/site-packages:/home/vfran/ros2_ws/install/my_interfaces/local/lib/python3.10/dist-packages:/home/vfran/ros2_ws/install/basic_calculator/lib/python3.10/site-packages:/opt/ros/humble/lib/python3.10/site-packages:/opt/ros/humble/local/lib/python3.10/dist-packages /usr/local/bin/cmake --install /home/vfran/ros2_ws/build/my_bringup
[3.127s] Level 1:colcon.colcon_core.environment:checking '/home/vfran/ros2_ws/install/my_bringup' for CMake config files
[3.127s] Level 1:colcon.colcon_core.shell:create_environment_hook('my_bringup', 'cmake_prefix_path')
[3.128s] INFO:colcon.colcon_core.shell:Creating environment hook '/home/vfran/ros2_ws/install/my_bringup/share/my_bringup/hook/cmake_prefix_path.ps1'
[3.128s] INFO:colcon.colcon_core.shell:Creating environment descriptor '/home/vfran/ros2_ws/install/my_bringup/share/my_bringup/hook/cmake_prefix_path.dsv'
[3.129s] INFO:colcon.colcon_core.shell:Creating environment hook '/home/vfran/ros2_ws/install/my_bringup/share/my_bringup/hook/cmake_prefix_path.sh'
[3.129s] Level 1:colcon.colcon_core.environment:checking '/home/vfran/ros2_ws/install/my_bringup/bin'
[3.129s] Level 1:colcon.colcon_core.environment:checking '/home/vfran/ros2_ws/install/my_bringup/lib/pkgconfig/my_bringup.pc'
[3.129s] Level 1:colcon.colcon_core.environment:checking '/home/vfran/ros2_ws/install/my_bringup/lib/python3.10/site-packages'
[3.130s] Level 1:colcon.colcon_core.environment:checking '/home/vfran/ros2_ws/install/my_bringup/bin'
[3.130s] INFO:colcon.colcon_core.shell:Creating package script '/home/vfran/ros2_ws/install/my_bringup/share/my_bringup/package.ps1'
[3.130s] INFO:colcon.colcon_core.shell:Creating package descriptor '/home/vfran/ros2_ws/install/my_bringup/share/my_bringup/package.dsv'
[3.131s] INFO:colcon.colcon_core.shell:Creating package script '/home/vfran/ros2_ws/install/my_bringup/share/my_bringup/package.sh'
[3.131s] INFO:colcon.colcon_core.shell:Creating package script '/home/vfran/ros2_ws/install/my_bringup/share/my_bringup/package.bash'
[3.132s] INFO:colcon.colcon_core.shell:Creating package script '/home/vfran/ros2_ws/install/my_bringup/share/my_bringup/package.zsh'
[3.132s] Level 1:colcon.colcon_core.environment:create_file_with_runtime_dependencies(/home/vfran/ros2_ws/install/my_bringup/share/colcon-core/packages/my_bringup)
[3.162s] Level 1:colcon.colcon_core.environment:create_environment_scripts_only(my_bringup)
[3.163s] Level 1:colcon.colcon_core.environment:checking '/home/vfran/ros2_ws/install/my_bringup' for CMake module files
[3.163s] Level 1:colcon.colcon_core.environment:checking '/home/vfran/ros2_ws/install/my_bringup' for CMake config files
[3.164s] Level 1:colcon.colcon_core.shell:create_environment_hook('my_bringup', 'cmake_prefix_path')
[3.164s] INFO:colcon.colcon_core.shell:Creating environment hook '/home/vfran/ros2_ws/install/my_bringup/share/my_bringup/hook/cmake_prefix_path.ps1'
[3.164s] INFO:colcon.colcon_core.shell:Creating environment descriptor '/home/vfran/ros2_ws/install/my_bringup/share/my_bringup/hook/cmake_prefix_path.dsv'
[3.165s] INFO:colcon.colcon_core.shell:Creating environment hook '/home/vfran/ros2_ws/install/my_bringup/share/my_bringup/hook/cmake_prefix_path.sh'
[3.165s] Level 1:colcon.colcon_core.environment:checking '/home/vfran/ros2_ws/install/my_bringup/bin'
[3.165s] Level 1:colcon.colcon_core.environment:checking '/home/vfran/ros2_ws/install/my_bringup/lib/pkgconfig/my_bringup.pc'
[3.166s] Level 1:colcon.colcon_core.environment:checking '/home/vfran/ros2_ws/install/my_bringup/lib/python3.10/site-packages'
[3.166s] Level 1:colcon.colcon_core.environment:checking '/home/vfran/ros2_ws/install/my_bringup/bin'
[3.166s] INFO:colcon.colcon_core.shell:Creating package script '/home/vfran/ros2_ws/install/my_bringup/share/my_bringup/package.ps1'
[3.167s] INFO:colcon.colcon_core.shell:Creating package descriptor '/home/vfran/ros2_ws/install/my_bringup/share/my_bringup/package.dsv'
[3.167s] INFO:colcon.colcon_core.shell:Creating package script '/home/vfran/ros2_ws/install/my_bringup/share/my_bringup/package.sh'
[3.168s] INFO:colcon.colcon_core.shell:Creating package script '/home/vfran/ros2_ws/install/my_bringup/share/my_bringup/package.bash'
[3.168s] INFO:colcon.colcon_core.shell:Creating package script '/home/vfran/ros2_ws/install/my_bringup/share/my_bringup/package.zsh'
[3.169s] Level 1:colcon.colcon_core.environment:create_file_with_runtime_dependencies(/home/vfran/ros2_ws/install/my_bringup/share/colcon-core/packages/my_bringup)
[3.434s] Level 1:colcon.colcon_core.environment:checking '/home/vfran/ros2_ws/install/my_py_pkg' for CMake module files
[3.435s] DEBUG:colcon.colcon_core.event_handler.log_command:Invoked command in '/home/vfran/ros2_ws/src/my_py_pkg' returned '0': PYTHONPATH=/home/vfran/ros2_ws/build/my_py_pkg/prefix_override:/home/vfran/ros2_ws/install/my_py_pkg/lib/python3.10/site-packages:${PYTHONPATH} /usr/bin/python3 -W ignore:setup.py install is deprecated setup.py egg_info --egg-base ../../build/my_py_pkg build --build-base /home/vfran/ros2_ws/build/my_py_pkg/build install --record /home/vfran/ros2_ws/build/my_py_pkg/install.log --single-version-externally-managed install_data
[3.435s] Level 1:colcon.colcon_core.environment:checking '/home/vfran/ros2_ws/install/my_py_pkg' for CMake config files
[3.436s] Level 1:colcon.colcon_core.environment:checking '/home/vfran/ros2_ws/install/my_py_pkg/lib'
[3.436s] Level 1:colcon.colcon_core.environment:checking '/home/vfran/ros2_ws/install/my_py_pkg/bin'
[3.436s] Level 1:colcon.colcon_core.environment:checking '/home/vfran/ros2_ws/install/my_py_pkg/lib/pkgconfig/my_py_pkg.pc'
[3.436s] Level 1:colcon.colcon_core.environment:checking '/home/vfran/ros2_ws/install/my_py_pkg/lib/python3.10/site-packages'
[3.436s] Level 1:colcon.colcon_core.shell:create_environment_hook('my_py_pkg', 'pythonpath')
[3.437s] INFO:colcon.colcon_core.shell:Creating environment hook '/home/vfran/ros2_ws/install/my_py_pkg/share/my_py_pkg/hook/pythonpath.ps1'
[3.437s] INFO:colcon.colcon_core.shell:Creating environment descriptor '/home/vfran/ros2_ws/install/my_py_pkg/share/my_py_pkg/hook/pythonpath.dsv'
[3.437s] INFO:colcon.colcon_core.shell:Creating environment hook '/home/vfran/ros2_ws/install/my_py_pkg/share/my_py_pkg/hook/pythonpath.sh'
[3.438s] Level 1:colcon.colcon_core.environment:checking '/home/vfran/ros2_ws/install/my_py_pkg/bin'
[3.438s] Level 1:colcon.colcon_core.environment:create_environment_scripts_only(my_py_pkg)
[3.438s] INFO:colcon.colcon_core.shell:Creating package script '/home/vfran/ros2_ws/install/my_py_pkg/share/my_py_pkg/package.ps1'
[3.439s] INFO:colcon.colcon_core.shell:Creating package descriptor '/home/vfran/ros2_ws/install/my_py_pkg/share/my_py_pkg/package.dsv'
[3.440s] INFO:colcon.colcon_core.shell:Creating package script '/home/vfran/ros2_ws/install/my_py_pkg/share/my_py_pkg/package.sh'
[3.440s] INFO:colcon.colcon_core.shell:Creating package script '/home/vfran/ros2_ws/install/my_py_pkg/share/my_py_pkg/package.bash'
[3.440s] INFO:colcon.colcon_core.shell:Creating package script '/home/vfran/ros2_ws/install/my_py_pkg/share/my_py_pkg/package.zsh'
[3.441s] Level 1:colcon.colcon_core.environment:create_file_with_runtime_dependencies(/home/vfran/ros2_ws/install/my_py_pkg/share/colcon-core/packages/my_py_pkg)
[3.441s] DEBUG:colcon.colcon_parallel_executor.executor.parallel:closing loop
[3.442s] DEBUG:colcon.colcon_parallel_executor.executor.parallel:loop closed
[3.442s] DEBUG:colcon.colcon_parallel_executor.executor.parallel:run_until_complete finished with '0'
[3.442s] DEBUG:colcon.colcon_core.event_reactor:joining thread
[3.448s] INFO:colcon.colcon_core.plugin_system:Skipping extension 'colcon_notification.desktop_notification.terminal_notifier': Not used on non-Darwin systems
[3.448s] INFO:colcon.colcon_core.plugin_system:Skipping extension 'colcon_notification.desktop_notification.win32': Not used on non-Windows systems
[3.448s] INFO:colcon.colcon_notification.desktop_notification:Sending desktop notification using 'notify2'
[3.467s] DEBUG:colcon.colcon_core.event_reactor:joined thread
[3.468s] INFO:colcon.colcon_core.shell:Creating prefix script '/home/vfran/ros2_ws/install/local_setup.ps1'
[3.469s] INFO:colcon.colcon_core.shell:Creating prefix util module '/home/vfran/ros2_ws/install/_local_setup_util_ps1.py'
[3.471s] INFO:colcon.colcon_core.shell:Creating prefix chain script '/home/vfran/ros2_ws/install/setup.ps1'
[3.472s] INFO:colcon.colcon_core.shell:Creating prefix script '/home/vfran/ros2_ws/install/local_setup.sh'
[3.473s] INFO:colcon.colcon_core.shell:Creating prefix util module '/home/vfran/ros2_ws/install/_local_setup_util_sh.py'
[3.474s] INFO:colcon.colcon_core.shell:Creating prefix chain script '/home/vfran/ros2_ws/install/setup.sh'
[3.475s] INFO:colcon.colcon_core.shell:Creating prefix script '/home/vfran/ros2_ws/install/local_setup.bash'
[3.476s] INFO:colcon.colcon_core.shell:Creating prefix chain script '/home/vfran/ros2_ws/install/setup.bash'
[3.478s] INFO:colcon.colcon_core.shell:Creating prefix script '/home/vfran/ros2_ws/install/local_setup.zsh'
[3.478s] INFO:colcon.colcon_core.shell:Creating prefix chain script '/home/vfran/ros2_ws/install/setup.zsh'
