[0.031s] Invoking command in '/home/vfran/ros2_ws/build/my_interfaces': CMAKE_PREFIX_PATH=${CMAKE_PREFIX_PATH}:/home/vfran/ros2_ws/install/radio:/home/vfran/ros2_ws/install/my_py_pkg:/home/vfran/ros2_ws/install/calculator:/home/vfran/ros2_ws/install/basic_calculator:/opt/ros/humble /usr/local/bin/cmake --build /home/vfran/ros2_ws/build/my_interfaces -- -j16 -l16
[0.488s] [  2%] Built target my_interfaces__cpp
[0.489s] [ 12%] Built target my_interfaces__rosidl_generator_c
[0.490s] [ 12%] Built target ament_cmake_python_copy_my_interfaces
[0.490s] [ 23%] Built target my_interfaces__rosidl_typesupport_cpp
[0.490s] [ 34%] Built target my_interfaces__rosidl_typesupport_fastrtps_cpp
[0.490s] [ 44%] Built target my_interfaces__rosidl_typesupport_introspection_cpp
[0.490s] [ 57%] Built target my_interfaces__rosidl_typesupport_c
[0.490s] [ 65%] Built target my_interfaces__rosidl_typesupport_introspection_c
[0.491s] [ 76%] Built target my_interfaces__rosidl_typesupport_fastrtps_c
[0.491s] [ 76%] Built target my_interfaces
[0.491s] [ 78%] Built target my_interfaces__py
[0.491s] [ 87%] Built target my_interfaces__rosidl_generator_py
[0.491s] [ 95%] Built target my_interfaces__rosidl_typesupport_introspection_c__pyext
[0.491s] [ 95%] Built target my_interfaces__rosidl_typesupport_fastrtps_c__pyext
[0.491s] [100%] Built target my_interfaces__rosidl_typesupport_c__pyext
[0.492s] running egg_info
[0.492s] writing my_interfaces.egg-info/PKG-INFO
[0.492s] writing dependency_links to my_interfaces.egg-info/dependency_links.txt
[0.492s] writing top-level names to my_interfaces.egg-info/top_level.txt
[0.492s] reading manifest file 'my_interfaces.egg-info/SOURCES.txt'
[0.492s] writing manifest file 'my_interfaces.egg-info/SOURCES.txt'
[0.492s] [100%] Built target ament_cmake_python_build_my_interfaces_egg
[0.709s] Invoked command in '/home/vfran/ros2_ws/build/my_interfaces' returned '0': CMAKE_PREFIX_PATH=${CMAKE_PREFIX_PATH}:/home/vfran/ros2_ws/install/radio:/home/vfran/ros2_ws/install/my_py_pkg:/home/vfran/ros2_ws/install/calculator:/home/vfran/ros2_ws/install/basic_calculator:/opt/ros/humble /usr/local/bin/cmake --build /home/vfran/ros2_ws/build/my_interfaces -- -j16 -l16
