[0.522s] Invoking command in '/home/vfran/ros2_ws/src/my_py_pkg': PYTHONPATH=/home/vfran/ros2_ws/build/my_py_pkg/prefix_override:/home/vfran/ros2_ws/install/my_py_pkg/lib/python3.10/site-packages:${PYTHONPATH} /usr/bin/python3 -W ignore:setup.py install is deprecated setup.py egg_info --egg-base ../../build/my_py_pkg build --build-base /home/vfran/ros2_ws/build/my_py_pkg/build install --record /home/vfran/ros2_ws/build/my_py_pkg/install.log --single-version-externally-managed install_data
[0.714s] running egg_info
[0.714s] creating ../../build/my_py_pkg/my_py_pkg.egg-info
[0.714s] writing ../../build/my_py_pkg/my_py_pkg.egg-info/PKG-INFO
[0.714s] writing dependency_links to ../../build/my_py_pkg/my_py_pkg.egg-info/dependency_links.txt
[0.715s] writing entry points to ../../build/my_py_pkg/my_py_pkg.egg-info/entry_points.txt
[0.715s] writing requirements to ../../build/my_py_pkg/my_py_pkg.egg-info/requires.txt
[0.715s] writing top-level names to ../../build/my_py_pkg/my_py_pkg.egg-info/top_level.txt
[0.715s] writing manifest file '../../build/my_py_pkg/my_py_pkg.egg-info/SOURCES.txt'
[0.716s] reading manifest file '../../build/my_py_pkg/my_py_pkg.egg-info/SOURCES.txt'
[0.716s] writing manifest file '../../build/my_py_pkg/my_py_pkg.egg-info/SOURCES.txt'
[0.717s] running build
[0.717s] running build_py
[0.717s] creating /home/vfran/ros2_ws/build/my_py_pkg/build
[0.717s] creating /home/vfran/ros2_ws/build/my_py_pkg/build/lib
[0.717s] creating /home/vfran/ros2_ws/build/my_py_pkg/build/lib/my_py_pkg
[0.717s] copying my_py_pkg/__init__.py -> /home/vfran/ros2_ws/build/my_py_pkg/build/lib/my_py_pkg
[0.717s] running install
[0.717s] running install_lib
[0.718s] creating /home/vfran/ros2_ws/install/my_py_pkg/lib/python3.10/site-packages/my_py_pkg
[0.718s] copying /home/vfran/ros2_ws/build/my_py_pkg/build/lib/my_py_pkg/__init__.py -> /home/vfran/ros2_ws/install/my_py_pkg/lib/python3.10/site-packages/my_py_pkg
[0.718s] byte-compiling /home/vfran/ros2_ws/install/my_py_pkg/lib/python3.10/site-packages/my_py_pkg/__init__.py to __init__.cpython-310.pyc
[0.719s] running install_data
[0.719s] creating /home/vfran/ros2_ws/install/my_py_pkg/share/ament_index
[0.719s] creating /home/vfran/ros2_ws/install/my_py_pkg/share/ament_index/resource_index
[0.719s] creating /home/vfran/ros2_ws/install/my_py_pkg/share/ament_index/resource_index/packages
[0.719s] copying resource/my_py_pkg -> /home/vfran/ros2_ws/install/my_py_pkg/share/ament_index/resource_index/packages
[0.719s] copying package.xml -> /home/vfran/ros2_ws/install/my_py_pkg/share/my_py_pkg
[0.719s] running install_egg_info
[0.720s] Copying ../../build/my_py_pkg/my_py_pkg.egg-info to /home/vfran/ros2_ws/install/my_py_pkg/lib/python3.10/site-packages/my_py_pkg-0.0.0-py3.10.egg-info
[0.721s] running install_scripts
[0.739s] writing list of installed files to '/home/vfran/ros2_ws/build/my_py_pkg/install.log'
[0.766s] Invoked command in '/home/vfran/ros2_ws/src/my_py_pkg' returned '0': PYTHONPATH=/home/vfran/ros2_ws/build/my_py_pkg/prefix_override:/home/vfran/ros2_ws/install/my_py_pkg/lib/python3.10/site-packages:${PYTHONPATH} /usr/bin/python3 -W ignore:setup.py install is deprecated setup.py egg_info --egg-base ../../build/my_py_pkg build --build-base /home/vfran/ros2_ws/build/my_py_pkg/build install --record /home/vfran/ros2_ws/build/my_py_pkg/install.log --single-version-externally-managed install_data
