[0.515s] Invoking command in '/home/vfran/ros2_ws/src/basic_calculator': PYTHONPATH=/home/vfran/ros2_ws/build/basic_calculator/prefix_override:/home/vfran/ros2_ws/install/basic_calculator/lib/python3.10/site-packages:${PYTHONPATH} /usr/bin/python3 -W ignore:setup.py install is deprecated setup.py egg_info --egg-base ../../build/basic_calculator build --build-base /home/vfran/ros2_ws/build/basic_calculator/build install --record /home/vfran/ros2_ws/build/basic_calculator/install.log --single-version-externally-managed install_data
[0.710s] running egg_info
[0.710s] writing ../../build/basic_calculator/basic_calculator.egg-info/PKG-INFO
[0.711s] writing dependency_links to ../../build/basic_calculator/basic_calculator.egg-info/dependency_links.txt
[0.711s] writing entry points to ../../build/basic_calculator/basic_calculator.egg-info/entry_points.txt
[0.711s] writing requirements to ../../build/basic_calculator/basic_calculator.egg-info/requires.txt
[0.711s] writing top-level names to ../../build/basic_calculator/basic_calculator.egg-info/top_level.txt
[0.712s] reading manifest file '../../build/basic_calculator/basic_calculator.egg-info/SOURCES.txt'
[0.713s] writing manifest file '../../build/basic_calculator/basic_calculator.egg-info/SOURCES.txt'
[0.713s] running build
[0.713s] running build_py
[0.713s] copying basic_calculator/calculadora_basica_client.py -> /home/vfran/ros2_ws/build/basic_calculator/build/lib/basic_calculator
[0.713s] copying basic_calculator/calculadora_basica_server.py -> /home/vfran/ros2_ws/build/basic_calculator/build/lib/basic_calculator
[0.713s] running install
[0.714s] running install_lib
[0.714s] copying /home/vfran/ros2_ws/build/basic_calculator/build/lib/basic_calculator/calculadora_basica_client.py -> /home/vfran/ros2_ws/install/basic_calculator/lib/python3.10/site-packages/basic_calculator
[0.714s] copying /home/vfran/ros2_ws/build/basic_calculator/build/lib/basic_calculator/calculadora_basica_server.py -> /home/vfran/ros2_ws/install/basic_calculator/lib/python3.10/site-packages/basic_calculator
[0.715s] byte-compiling /home/vfran/ros2_ws/install/basic_calculator/lib/python3.10/site-packages/basic_calculator/calculadora_basica_client.py to calculadora_basica_client.cpython-310.pyc
[0.716s] byte-compiling /home/vfran/ros2_ws/install/basic_calculator/lib/python3.10/site-packages/basic_calculator/calculadora_basica_server.py to calculadora_basica_server.cpython-310.pyc
[0.716s] running install_data
[0.716s] running install_egg_info
[0.717s] removing '/home/vfran/ros2_ws/install/basic_calculator/lib/python3.10/site-packages/basic_calculator-0.0.0-py3.10.egg-info' (and everything under it)
[0.718s] Copying ../../build/basic_calculator/basic_calculator.egg-info to /home/vfran/ros2_ws/install/basic_calculator/lib/python3.10/site-packages/basic_calculator-0.0.0-py3.10.egg-info
[0.718s] running install_scripts
[0.737s] Installing calc_basic_client script to /home/vfran/ros2_ws/install/basic_calculator/lib/basic_calculator
[0.737s] Installing calc_basic_server script to /home/vfran/ros2_ws/install/basic_calculator/lib/basic_calculator
[0.737s] writing list of installed files to '/home/vfran/ros2_ws/build/basic_calculator/install.log'
[0.771s] Invoked command in '/home/vfran/ros2_ws/src/basic_calculator' returned '0': PYTHONPATH=/home/vfran/ros2_ws/build/basic_calculator/prefix_override:/home/vfran/ros2_ws/install/basic_calculator/lib/python3.10/site-packages:${PYTHONPATH} /usr/bin/python3 -W ignore:setup.py install is deprecated setup.py egg_info --egg-base ../../build/basic_calculator build --build-base /home/vfran/ros2_ws/build/basic_calculator/build install --record /home/vfran/ros2_ws/build/basic_calculator/install.log --single-version-externally-managed install_data
