running egg_info
writing ../../build/predator_and_prey/predator_and_prey.egg-info/PKG-INFO
writing dependency_links to ../../build/predator_and_prey/predator_and_prey.egg-info/dependency_links.txt
writing entry points to ../../build/predator_and_prey/predator_and_prey.egg-info/entry_points.txt
writing requirements to ../../build/predator_and_prey/predator_and_prey.egg-info/requires.txt
writing top-level names to ../../build/predator_and_prey/predator_and_prey.egg-info/top_level.txt
reading manifest file '../../build/predator_and_prey/predator_and_prey.egg-info/SOURCES.txt'
writing manifest file '../../build/predator_and_prey/predator_and_prey.egg-info/SOURCES.txt'
running build
running build_py
copying predator_and_prey/predator_controller.py -> /home/vfran/ros2_ws/build/predator_and_prey/build/lib/predator_and_prey
running install
running install_lib
copying /home/vfran/ros2_ws/build/predator_and_prey/build/lib/predator_and_prey/predator_controller.py -> /home/vfran/ros2_ws/install/predator_and_prey/lib/python3.10/site-packages/predator_and_prey
byte-compiling /home/vfran/ros2_ws/install/predator_and_prey/lib/python3.10/site-packages/predator_and_prey/predator_controller.py to predator_controller.cpython-310.pyc
running install_data
copying package.xml -> /home/vfran/ros2_ws/install/predator_and_prey/share/predator_and_prey
running install_egg_info
removing '/home/vfran/ros2_ws/install/predator_and_prey/lib/python3.10/site-packages/predator_and_prey-0.0.0-py3.10.egg-info' (and everything under it)
Copying ../../build/predator_and_prey/predator_and_prey.egg-info to /home/vfran/ros2_ws/install/predator_and_prey/lib/python3.10/site-packages/predator_and_prey-0.0.0-py3.10.egg-info
running install_scripts
Installing predator_controller script to /home/vfran/ros2_ws/install/predator_and_prey/lib/predator_and_prey
writing list of installed files to '/home/vfran/ros2_ws/build/predator_and_prey/install.log'
