running egg_info
creating ../../build/basic_calculator/basic_calculator.egg-info
writing ../../build/basic_calculator/basic_calculator.egg-info/PKG-INFO
writing dependency_links to ../../build/basic_calculator/basic_calculator.egg-info/dependency_links.txt
writing entry points to ../../build/basic_calculator/basic_calculator.egg-info/entry_points.txt
writing requirements to ../../build/basic_calculator/basic_calculator.egg-info/requires.txt
writing top-level names to ../../build/basic_calculator/basic_calculator.egg-info/top_level.txt
writing manifest file '../../build/basic_calculator/basic_calculator.egg-info/SOURCES.txt'
reading manifest file '../../build/basic_calculator/basic_calculator.egg-info/SOURCES.txt'
writing manifest file '../../build/basic_calculator/basic_calculator.egg-info/SOURCES.txt'
running build
running build_py
creating /home/vfran/ros2_ws/build/basic_calculator/build
creating /home/vfran/ros2_ws/build/basic_calculator/build/lib
creating /home/vfran/ros2_ws/build/basic_calculator/build/lib/basic_calculator
copying basic_calculator/calculadora_basica_client.py -> /home/vfran/ros2_ws/build/basic_calculator/build/lib/basic_calculator
copying basic_calculator/__init__.py -> /home/vfran/ros2_ws/build/basic_calculator/build/lib/basic_calculator
copying basic_calculator/calculadora_basica_server.py -> /home/vfran/ros2_ws/build/basic_calculator/build/lib/basic_calculator
running install
running install_lib
creating /home/vfran/ros2_ws/install/basic_calculator/lib/python3.10/site-packages/basic_calculator
copying /home/vfran/ros2_ws/build/basic_calculator/build/lib/basic_calculator/calculadora_basica_client.py -> /home/vfran/ros2_ws/install/basic_calculator/lib/python3.10/site-packages/basic_calculator
copying /home/vfran/ros2_ws/build/basic_calculator/build/lib/basic_calculator/__init__.py -> /home/vfran/ros2_ws/install/basic_calculator/lib/python3.10/site-packages/basic_calculator
copying /home/vfran/ros2_ws/build/basic_calculator/build/lib/basic_calculator/calculadora_basica_server.py -> /home/vfran/ros2_ws/install/basic_calculator/lib/python3.10/site-packages/basic_calculator
byte-compiling /home/vfran/ros2_ws/install/basic_calculator/lib/python3.10/site-packages/basic_calculator/calculadora_basica_client.py to calculadora_basica_client.cpython-310.pyc
byte-compiling /home/vfran/ros2_ws/install/basic_calculator/lib/python3.10/site-packages/basic_calculator/__init__.py to __init__.cpython-310.pyc
byte-compiling /home/vfran/ros2_ws/install/basic_calculator/lib/python3.10/site-packages/basic_calculator/calculadora_basica_server.py to calculadora_basica_server.cpython-310.pyc
running install_data
creating /home/vfran/ros2_ws/install/basic_calculator/share/ament_index
creating /home/vfran/ros2_ws/install/basic_calculator/share/ament_index/resource_index
creating /home/vfran/ros2_ws/install/basic_calculator/share/ament_index/resource_index/packages
copying resource/basic_calculator -> /home/vfran/ros2_ws/install/basic_calculator/share/ament_index/resource_index/packages
copying package.xml -> /home/vfran/ros2_ws/install/basic_calculator/share/basic_calculator
running install_egg_info
Copying ../../build/basic_calculator/basic_calculator.egg-info to /home/vfran/ros2_ws/install/basic_calculator/lib/python3.10/site-packages/basic_calculator-0.0.0-py3.10.egg-info
running install_scripts
writing list of installed files to '/home/vfran/ros2_ws/build/basic_calculator/install.log'
