[2.758s] Invoking command in '/home/vfran/ros2_ws/src/calculator': PYTHONPATH=/home/vfran/ros2_ws/build/calculator/prefix_override:/home/vfran/ros2_ws/install/calculator/lib/python3.10/site-packages:${PYTHONPATH} /usr/bin/python3 -W ignore:setup.py install is deprecated setup.py egg_info --egg-base ../../build/calculator build --build-base /home/vfran/ros2_ws/build/calculator/build install --record /home/vfran/ros2_ws/build/calculator/install.log --single-version-externally-managed install_data
[3.347s] running egg_info
[3.349s] writing ../../build/calculator/calculator.egg-info/PKG-INFO
[3.350s] writing dependency_links to ../../build/calculator/calculator.egg-info/dependency_links.txt
[3.350s] writing entry points to ../../build/calculator/calculator.egg-info/entry_points.txt
[3.351s] writing requirements to ../../build/calculator/calculator.egg-info/requires.txt
[3.351s] writing top-level names to ../../build/calculator/calculator.egg-info/top_level.txt
[3.358s] reading manifest file '../../build/calculator/calculator.egg-info/SOURCES.txt'
[3.359s] writing manifest file '../../build/calculator/calculator.egg-info/SOURCES.txt'
[3.360s] running build
[3.360s] running build_py
[3.361s] running install
[3.362s] running install_lib
[3.366s] running install_data
[3.367s] running install_egg_info
[3.371s] removing '/home/vfran/ros2_ws/install/calculator/lib/python3.10/site-packages/calculator-0.0.0-py3.10.egg-info' (and everything under it)
[3.375s] Copying ../../build/calculator/calculator.egg-info to /home/vfran/ros2_ws/install/calculator/lib/python3.10/site-packages/calculator-0.0.0-py3.10.egg-info
[3.382s] running install_scripts
[3.421s] Installing calculator_client script to /home/vfran/ros2_ws/install/calculator/lib/calculator
[3.422s] Installing calculator_client_param script to /home/vfran/ros2_ws/install/calculator/lib/calculator
[3.422s] Installing calculator_server script to /home/vfran/ros2_ws/install/calculator/lib/calculator
[3.422s] Installing geometric_calculator_server script to /home/vfran/ros2_ws/install/calculator/lib/calculator
[3.423s] writing list of installed files to '/home/vfran/ros2_ws/build/calculator/install.log'
[3.487s] Invoked command in '/home/vfran/ros2_ws/src/calculator' returned '0': PYTHONPATH=/home/vfran/ros2_ws/build/calculator/prefix_override:/home/vfran/ros2_ws/install/calculator/lib/python3.10/site-packages:${PYTHONPATH} /usr/bin/python3 -W ignore:setup.py install is deprecated setup.py egg_info --egg-base ../../build/calculator build --build-base /home/vfran/ros2_ws/build/calculator/build install --record /home/vfran/ros2_ws/build/calculator/install.log --single-version-externally-managed install_data
