[3.390s] Invoking command in '/home/vfran/ros2_ws/src/radio': PYTHONPATH=/home/vfran/ros2_ws/build/radio/prefix_override:/home/vfran/ros2_ws/install/radio/lib/python3.10/site-packages:${PYTHONPATH} /usr/bin/python3 -W ignore:setup.py install is deprecated setup.py egg_info --egg-base ../../build/radio build --build-base /home/vfran/ros2_ws/build/radio/build install --record /home/vfran/ros2_ws/build/radio/install.log --single-version-externally-managed install_data
[3.969s] running egg_info
[3.970s] writing ../../build/radio/radio.egg-info/PKG-INFO
[3.971s] writing dependency_links to ../../build/radio/radio.egg-info/dependency_links.txt
[3.971s] writing entry points to ../../build/radio/radio.egg-info/entry_points.txt
[3.971s] writing requirements to ../../build/radio/radio.egg-info/requires.txt
[3.972s] writing top-level names to ../../build/radio/radio.egg-info/top_level.txt
[3.976s] reading manifest file '../../build/radio/radio.egg-info/SOURCES.txt'
[3.978s] writing manifest file '../../build/radio/radio.egg-info/SOURCES.txt'
[3.979s] running build
[3.979s] running build_py
[3.980s] running install
[3.980s] running install_lib
[3.983s] running install_data
[3.983s] running install_egg_info
[3.987s] removing '/home/vfran/ros2_ws/install/radio/lib/python3.10/site-packages/radio-0.0.0-py3.10.egg-info' (and everything under it)
[3.988s] Copying ../../build/radio/radio.egg-info to /home/vfran/ros2_ws/install/radio/lib/python3.10/site-packages/radio-0.0.0-py3.10.egg-info
[3.991s] running install_scripts
[4.039s] Installing educadora script to /home/vfran/ros2_ws/install/radio/lib/radio
[4.039s] Installing radioreceiver script to /home/vfran/ros2_ws/install/radio/lib/radio
[4.039s] Installing radiostation script to /home/vfran/ros2_ws/install/radio/lib/radio
[4.040s] Installing receiver_am script to /home/vfran/ros2_ws/install/radio/lib/radio
[4.040s] Installing receiver_fm script to /home/vfran/ros2_ws/install/radio/lib/radio
[4.041s] writing list of installed files to '/home/vfran/ros2_ws/build/radio/install.log'
[4.097s] Invoked command in '/home/vfran/ros2_ws/src/radio' returned '0': PYTHONPATH=/home/vfran/ros2_ws/build/radio/prefix_override:/home/vfran/ros2_ws/install/radio/lib/python3.10/site-packages:${PYTHONPATH} /usr/bin/python3 -W ignore:setup.py install is deprecated setup.py egg_info --egg-base ../../build/radio build --build-base /home/vfran/ros2_ws/build/radio/build install --record /home/vfran/ros2_ws/build/radio/install.log --single-version-externally-managed install_data
