[1.409s] Invoking command in '/home/vfran/ros2_ws/src/my_py_pkg': PYTHONPATH=/home/vfran/ros2_ws/build/my_py_pkg/prefix_override:/home/vfran/ros2_ws/install/my_py_pkg/lib/python3.10/site-packages:${PYTHONPATH} /usr/bin/python3 -W ignore:setup.py install is deprecated setup.py egg_info --egg-base ../../build/my_py_pkg build --build-base /home/vfran/ros2_ws/build/my_py_pkg/build install --record /home/vfran/ros2_ws/build/my_py_pkg/install.log --single-version-externally-managed install_data
[1.953s] running egg_info
[1.954s] writing ../../build/my_py_pkg/my_py_pkg.egg-info/PKG-INFO
[1.955s] writing dependency_links to ../../build/my_py_pkg/my_py_pkg.egg-info/dependency_links.txt
[1.955s] writing entry points to ../../build/my_py_pkg/my_py_pkg.egg-info/entry_points.txt
[1.955s] writing requirements to ../../build/my_py_pkg/my_py_pkg.egg-info/requires.txt
[1.955s] writing top-level names to ../../build/my_py_pkg/my_py_pkg.egg-info/top_level.txt
[1.960s] reading manifest file '../../build/my_py_pkg/my_py_pkg.egg-info/SOURCES.txt'
[1.962s] writing manifest file '../../build/my_py_pkg/my_py_pkg.egg-info/SOURCES.txt'
[1.962s] running build
[1.962s] running build_py
[1.963s] copying my_py_pkg/calculator_server.py -> /home/vfran/ros2_ws/build/my_py_pkg/build/lib/my_py_pkg
[1.963s] running install
[1.964s] running install_lib
[1.966s] copying /home/vfran/ros2_ws/build/my_py_pkg/build/lib/my_py_pkg/calculator_server.py -> /home/vfran/ros2_ws/install/my_py_pkg/lib/python3.10/site-packages/my_py_pkg
[1.967s] byte-compiling /home/vfran/ros2_ws/install/my_py_pkg/lib/python3.10/site-packages/my_py_pkg/calculator_server.py to calculator_server.cpython-310.pyc
[1.968s] running install_data
[1.969s] running install_egg_info
[1.972s] removing '/home/vfran/ros2_ws/install/my_py_pkg/lib/python3.10/site-packages/my_py_pkg-0.0.0-py3.10.egg-info' (and everything under it)
[1.973s] Copying ../../build/my_py_pkg/my_py_pkg.egg-info to /home/vfran/ros2_ws/install/my_py_pkg/lib/python3.10/site-packages/my_py_pkg-0.0.0-py3.10.egg-info
[1.976s] running install_scripts
[2.020s] Installing calculator_server script to /home/vfran/ros2_ws/install/my_py_pkg/lib/my_py_pkg
[2.020s] Installing py_node script to /home/vfran/ros2_ws/install/my_py_pkg/lib/my_py_pkg
[2.020s] Installing radioreceiver script to /home/vfran/ros2_ws/install/my_py_pkg/lib/my_py_pkg
[2.021s] Installing radiostation script to /home/vfran/ros2_ws/install/my_py_pkg/lib/my_py_pkg
[2.022s] writing list of installed files to '/home/vfran/ros2_ws/build/my_py_pkg/install.log'
[2.074s] Invoked command in '/home/vfran/ros2_ws/src/my_py_pkg' returned '0': PYTHONPATH=/home/vfran/ros2_ws/build/my_py_pkg/prefix_override:/home/vfran/ros2_ws/install/my_py_pkg/lib/python3.10/site-packages:${PYTHONPATH} /usr/bin/python3 -W ignore:setup.py install is deprecated setup.py egg_info --egg-base ../../build/my_py_pkg build --build-base /home/vfran/ros2_ws/build/my_py_pkg/build install --record /home/vfran/ros2_ws/build/my_py_pkg/install.log --single-version-externally-managed install_data
