running develop
/usr/lib/python3/dist-packages/setuptools/command/easy_install.py:158: EasyInstallDeprecationWarning: easy_install command is deprecated. Use build and pip and other standards-based tools.
  warnings.warn(
Removing /home/vfran/ros2_ws/install/my_py_pkg/lib/python3.10/site-packages/my-py-pkg.egg-link (link to .)
running egg_info
writing ../../build/my_py_pkg/my_py_pkg.egg-info/PKG-INFO
writing dependency_links to ../../build/my_py_pkg/my_py_pkg.egg-info/dependency_links.txt
writing entry points to ../../build/my_py_pkg/my_py_pkg.egg-info/entry_points.txt
writing requirements to ../../build/my_py_pkg/my_py_pkg.egg-info/requires.txt
writing top-level names to ../../build/my_py_pkg/my_py_pkg.egg-info/top_level.txt
reading manifest file '../../build/my_py_pkg/my_py_pkg.egg-info/SOURCES.txt'
writing manifest file '../../build/my_py_pkg/my_py_pkg.egg-info/SOURCES.txt'
running build
running build_py
copying my_py_pkg/radioreceiver.py -> /home/vfran/ros2_ws/build/my_py_pkg/build/lib/my_py_pkg
copying my_py_pkg/radiostation.py -> /home/vfran/ros2_ws/build/my_py_pkg/build/lib/my_py_pkg
running install
running install_lib
creating /home/vfran/ros2_ws/install/my_py_pkg/lib/python3.10/site-packages/my_py_pkg
copying /home/vfran/ros2_ws/build/my_py_pkg/build/lib/my_py_pkg/my_first_node.py -> /home/vfran/ros2_ws/install/my_py_pkg/lib/python3.10/site-packages/my_py_pkg
copying /home/vfran/ros2_ws/build/my_py_pkg/build/lib/my_py_pkg/__init__.py -> /home/vfran/ros2_ws/install/my_py_pkg/lib/python3.10/site-packages/my_py_pkg
copying /home/vfran/ros2_ws/build/my_py_pkg/build/lib/my_py_pkg/radioreceiver.py -> /home/vfran/ros2_ws/install/my_py_pkg/lib/python3.10/site-packages/my_py_pkg
copying /home/vfran/ros2_ws/build/my_py_pkg/build/lib/my_py_pkg/radiostation.py -> /home/vfran/ros2_ws/install/my_py_pkg/lib/python3.10/site-packages/my_py_pkg
byte-compiling /home/vfran/ros2_ws/install/my_py_pkg/lib/python3.10/site-packages/my_py_pkg/my_first_node.py to my_first_node.cpython-310.pyc
byte-compiling /home/vfran/ros2_ws/install/my_py_pkg/lib/python3.10/site-packages/my_py_pkg/__init__.py to __init__.cpython-310.pyc
byte-compiling /home/vfran/ros2_ws/install/my_py_pkg/lib/python3.10/site-packages/my_py_pkg/radioreceiver.py to radioreceiver.cpython-310.pyc
byte-compiling /home/vfran/ros2_ws/install/my_py_pkg/lib/python3.10/site-packages/my_py_pkg/radiostation.py to radiostation.cpython-310.pyc
running install_data
copying resource/my_py_pkg -> /home/vfran/ros2_ws/install/my_py_pkg/share/ament_index/resource_index/packages
copying package.xml -> /home/vfran/ros2_ws/install/my_py_pkg/share/my_py_pkg
running install_egg_info
Copying ../../build/my_py_pkg/my_py_pkg.egg-info to /home/vfran/ros2_ws/install/my_py_pkg/lib/python3.10/site-packages/my_py_pkg-0.0.0-py3.10.egg-info
running install_scripts
Installing py_node script to /home/vfran/ros2_ws/install/my_py_pkg/lib/my_py_pkg
Installing radioreceiver script to /home/vfran/ros2_ws/install/my_py_pkg/lib/my_py_pkg
Installing radiostation script to /home/vfran/ros2_ws/install/my_py_pkg/lib/my_py_pkg
writing list of installed files to '/home/vfran/ros2_ws/build/my_py_pkg/install.log'
