[0.813s] Invoking command in '/home/vfran/ros2_ws/src/my_py_pkg': PYTHONPATH=/home/vfran/ros2_ws/build/my_py_pkg/prefix_override:/home/vfran/ros2_ws/install/my_py_pkg/lib/python3.10/site-packages:${PYTHONPATH} /usr/bin/python3 -W ignore:setup.py install is deprecated setup.py egg_info --egg-base ../../build/my_py_pkg build --build-base /home/vfran/ros2_ws/build/my_py_pkg/build install --record /home/vfran/ros2_ws/build/my_py_pkg/install.log --single-version-externally-managed install_data
[1.132s] running egg_info
[1.132s] writing ../../build/my_py_pkg/my_py_pkg.egg-info/PKG-INFO
[1.133s] writing dependency_links to ../../build/my_py_pkg/my_py_pkg.egg-info/dependency_links.txt
[1.133s] writing entry points to ../../build/my_py_pkg/my_py_pkg.egg-info/entry_points.txt
[1.133s] writing requirements to ../../build/my_py_pkg/my_py_pkg.egg-info/requires.txt
[1.133s] writing top-level names to ../../build/my_py_pkg/my_py_pkg.egg-info/top_level.txt
[1.135s] reading manifest file '../../build/my_py_pkg/my_py_pkg.egg-info/SOURCES.txt'
[1.138s] writing manifest file '../../build/my_py_pkg/my_py_pkg.egg-info/SOURCES.txt'
[1.138s] running build
[1.139s] running build_py
[1.139s] running install
[1.139s] running install_lib
[1.141s] running install_data
[1.141s] running install_egg_info
[1.143s] removing '/home/vfran/ros2_ws/install/my_py_pkg/lib/python3.10/site-packages/my_py_pkg-0.0.0-py3.10.egg-info' (and everything under it)
[1.143s] Copying ../../build/my_py_pkg/my_py_pkg.egg-info to /home/vfran/ros2_ws/install/my_py_pkg/lib/python3.10/site-packages/my_py_pkg-0.0.0-py3.10.egg-info
[1.145s] running install_scripts
[1.171s] Installing py_node script to /home/vfran/ros2_ws/install/my_py_pkg/lib/my_py_pkg
[1.171s] Installing radioreceiver script to /home/vfran/ros2_ws/install/my_py_pkg/lib/my_py_pkg
[1.171s] Installing radiostation script to /home/vfran/ros2_ws/install/my_py_pkg/lib/my_py_pkg
[1.171s] writing list of installed files to '/home/vfran/ros2_ws/build/my_py_pkg/install.log'
[1.206s] Invoked command in '/home/vfran/ros2_ws/src/my_py_pkg' returned '0': PYTHONPATH=/home/vfran/ros2_ws/build/my_py_pkg/prefix_override:/home/vfran/ros2_ws/install/my_py_pkg/lib/python3.10/site-packages:${PYTHONPATH} /usr/bin/python3 -W ignore:setup.py install is deprecated setup.py egg_info --egg-base ../../build/my_py_pkg build --build-base /home/vfran/ros2_ws/build/my_py_pkg/build install --record /home/vfran/ros2_ws/build/my_py_pkg/install.log --single-version-externally-managed install_data
